Log file open, 01/06/22 19:55:08
LogWindows: Failed to load 'aqProf.dll' (GetLastError=126)
LogWindows: File 'aqProf.dll' does not exist
LogWindows: Failed to load 'VtuneApi.dll' (GetLastError=126)
LogWindows: File 'VtuneApi.dll' does not exist
LogWindows: Failed to load 'VtuneApi32e.dll' (GetLastError=126)
LogWindows: File 'VtuneApi32e.dll' does not exist
LogConsoleResponse: Display: Failed to find resolution value strings in scalability ini. Falling back to default.
LogInit: Display: Running engine for game: Asistivna
LogPlatformFile: Not using cached read wrapper
LogTaskGraph: Started task graph with 5 named threads and 35 total threads with 3 sets of task threads.
LogStats: Stats thread started at 0.561502
LogD3D11RHI: Loaded GFSDK_Aftermath_Lib.x64.dll
LogICUInternationalization: ICU TimeZone Detection - Raw Offset: +1:00, Platform Override: ''
LogPluginManager: Mounting plugin Paper2D
LogPluginManager: Mounting plugin AISupport
LogPluginManager: Mounting plugin LightPropagationVolume
LogPluginManager: Mounting plugin ActorLayerUtilities
LogPluginManager: Mounting plugin AnimationSharing
LogPluginManager: Mounting plugin CLionSourceCodeAccess
LogPluginManager: Mounting plugin CodeLiteSourceCodeAccess
LogPluginManager: Mounting plugin GitSourceControl
LogPluginManager: Mounting plugin KDevelopSourceCodeAccess
LogPluginManager: Mounting plugin NullSourceCodeAccess
LogPluginManager: Mounting plugin PerforceSourceControl
LogPluginManager: Mounting plugin PlasticSourceControl
LogPluginManager: Mounting plugin SubversionSourceControl
LogPluginManager: Mounting plugin UObjectPlugin
LogPluginManager: Mounting plugin VisualStudioCodeSourceCodeAccess
LogPluginManager: Mounting plugin VisualStudioSourceCodeAccess
LogPluginManager: Mounting plugin XCodeSourceCodeAccess
LogPluginManager: Mounting plugin AssetManagerEditor
LogPluginManager: Mounting plugin CryptoKeys
LogPluginManager: Mounting plugin CurveEditorTools
LogPluginManager: Mounting plugin DataValidation
LogPluginManager: Mounting plugin FacialAnimation
LogPluginManager: Mounting plugin GameplayTagsEditor
LogPluginManager: Mounting plugin MacGraphicsSwitching
LogPluginManager: Mounting plugin MaterialAnalyzer
LogPluginManager: Mounting plugin MobileLauncherProfileWizard
LogPluginManager: Mounting plugin PluginBrowser
LogPluginManager: Mounting plugin SpeedTreeImporter
LogPluginManager: Mounting plugin DatasmithContent
LogPluginManager: Mounting plugin VariantManagerContent
LogPluginManager: Mounting plugin AlembicImporter
LogPluginManager: Mounting plugin AutomationUtils
LogPluginManager: Mounting plugin BackChannel
LogPluginManager: Mounting plugin CharacterAI
LogPluginManager: Mounting plugin GeometryCache
LogPluginManager: Mounting plugin PlatformCrypto
LogPluginManager: Mounting plugin ProxyLODPlugin
LogPluginManager: Mounting plugin SkeletalReduction
LogPluginManager: Mounting plugin MagicLeap
LogPluginManager: Mounting plugin MagicLeapMedia
LogPluginManager: Mounting plugin MLSDK
LogPluginManager: Mounting plugin AndroidMedia
LogPluginManager: Mounting plugin AvfMedia
LogPluginManager: Mounting plugin ImgMedia
LogPluginManager: Mounting plugin MediaCompositing
LogPluginManager: Mounting plugin MediaPlayerEditor
LogPluginManager: Mounting plugin WebMMedia
LogPluginManager: Mounting plugin WmfMedia
LogPluginManager: Mounting plugin TcpMessaging
LogPluginManager: Mounting plugin UdpMessaging
LogPluginManager: Mounting plugin ActorSequence
LogPluginManager: Mounting plugin LevelSequenceEditor
LogPluginManager: Mounting plugin MatineeToLevelSequence
LogPluginManager: Mounting plugin NetcodeUnitTest
LogPluginManager: Mounting plugin NUTUnrealEngine4
LogPluginManager: Mounting plugin OnlineSubsystemGooglePlay
LogPluginManager: Mounting plugin OnlineSubsystemIOS
LogPluginManager: Mounting plugin OnlineSubsystem
LogPluginManager: Mounting plugin OnlineSubsystemNull
LogPluginManager: Mounting plugin OnlineSubsystemUtils
LogPluginManager: Mounting plugin LauncherChunkInstaller
LogPluginManager: Mounting plugin AndroidDeviceProfileSelector
LogPluginManager: Mounting plugin AndroidMoviePlayer
LogPluginManager: Mounting plugin AndroidPermission
LogPluginManager: Mounting plugin AppleImageUtils
LogPluginManager: Mounting plugin AppleMoviePlayer
LogPluginManager: Mounting plugin ArchVisCharacter
LogPluginManager: Mounting plugin AssetTags
LogPluginManager: Mounting plugin AudioCapture
LogPluginManager: Mounting plugin CableComponent
LogPluginManager: Mounting plugin CustomMeshComponent
LogPluginManager: Mounting plugin EditableMesh
LogPluginManager: Mounting plugin ExampleDeviceProfileSelector
LogPluginManager: Mounting plugin GoogleCloudMessaging
LogPluginManager: Mounting plugin IOSDeviceProfileSelector
LogPluginManager: Mounting plugin LinuxDeviceProfileSelector
LogPluginManager: Mounting plugin LocationServicesBPLibrary
LogPluginManager: Mounting plugin MobilePatchingUtils
LogPluginManager: Mounting plugin OculusVR
LogPluginManager: Mounting plugin PhysXVehicles
LogPluginManager: Mounting plugin PostSplashScreen
LogPluginManager: Mounting plugin ProceduralMeshComponent
LogPluginManager: Mounting plugin RuntimePhysXCooking
LogPluginManager: Mounting plugin SignificanceManager
LogPluginManager: Mounting plugin SteamVR
LogPluginManager: Mounting plugin WebMMoviePlayer
LogPluginManager: Mounting plugin WindowsMoviePlayer
LogPluginManager: Mounting plugin ScreenshotTools
LogInit: Using libcurl 7.55.1-DEV
LogInit:  - built for x86_64-pc-win32
LogInit:  - supports SSL with OpenSSL/1.1.1
LogInit:  - supports HTTP deflate (compression) using libz 1.2.8
LogInit:  - other features:
LogInit:      CURL_VERSION_SSL
LogInit:      CURL_VERSION_LIBZ
LogInit:      CURL_VERSION_IPV6
LogInit:      CURL_VERSION_ASYNCHDNS
LogInit:      CURL_VERSION_LARGEFILE
LogInit:      CURL_VERSION_IDN
LogInit:  CurlRequestOptions (configurable via config and command line):
LogInit:  - bVerifyPeer = true  - Libcurl will verify peer certificate
LogInit:  - bUseHttpProxy = false  - Libcurl will NOT use HTTP proxy
LogInit:  - bDontReuseConnections = false  - Libcurl will reuse connections
LogInit:  - MaxHostConnections = 16  - Libcurl will limit the number of connections to a host
LogInit:  - LocalHostAddr = Default
LogInit:  - BufferSize = 65536
LogOnline: OSS: Creating online subsystem instance for: NULL
LogInit: WinSock: version 1.1 (2.2), MaxSocks=32767, MaxUdp=65467
LogOnline: OSS: TryLoadSubsystemAndSetDefault: Loaded subsystem for module [NULL]
LogInit: Build: ++UE4+Release-4.24-CL-11590370
LogInit: Engine Version: 4.24.3-11590370+++UE4+Release-4.24
LogInit: Compatible Engine Version: 4.24.0-10570792+++UE4+Release-4.24
LogInit: Net CL: 10570792
LogInit: OS: Windows 10 (Release 2009) (), CPU: AMD Ryzen 5 5600X 6-Core Processor             , GPU: NVIDIA GeForce GTX 1660 Ti
LogInit: Compiled (64-bit): Feb 24 2020 15:39:18
LogInit: Compiled with Visual C++: 19.16.27032.01
LogInit: Build Configuration: Development
LogInit: Branch Name: ++UE4+Release-4.24
LogInit: Command Line:  -skipcompile
LogInit: Base Directory: C:/Program Files/Epic Games/UE_4.24/Engine/Binaries/Win64/
LogInit: Installed Engine Build: 1
LogDevObjectVersion: Number of dev versions registered: 25
LogDevObjectVersion:   Dev-Blueprints (B0D832E4-1F89-4F0D-ACCF-7EB736FD4AA2): 10
LogDevObjectVersion:   Dev-Build (E1C64328-A22C-4D53-A36C-8E866417BD8C): 0
LogDevObjectVersion:   Dev-Core (375EC13C-06E4-48FB-B500-84F0262A717E): 3
LogDevObjectVersion:   Dev-Editor (E4B068ED-F494-42E9-A231-DA0B2E46BB41): 37
LogDevObjectVersion:   Dev-Framework (CFFC743F-43B0-4480-9391-14DF171D2073): 36
LogDevObjectVersion:   Dev-Mobile (B02B49B5-BB20-44E9-A304-32B752E40360): 2
LogDevObjectVersion:   Dev-Networking (A4E4105C-59A1-49B5-A7C5-40C4547EDFEE): 0
LogDevObjectVersion:   Dev-Online (39C831C9-5AE6-47DC-9A44-9C173E1C8E7C): 0
LogDevObjectVersion:   Dev-Physics (78F01B33-EBEA-4F98-B9B4-84EACCB95AA2): 2
LogDevObjectVersion:   Dev-Platform (6631380F-2D4D-43E0-8009-CF276956A95A): 0
LogDevObjectVersion:   Dev-Rendering (12F88B9F-8875-4AFC-A67C-D90C383ABD29): 36
LogDevObjectVersion:   Dev-Sequencer (7B5AE74C-D270-4C10-A958-57980B212A5A): 11
LogDevObjectVersion:   Dev-VR (D7296918-1DD6-4BDD-9DE2-64A83CC13884): 2
LogDevObjectVersion:   Dev-LoadTimes (C2A15278-BFE7-4AFE-6C17-90FF531DF755): 1
LogDevObjectVersion:   Private-Geometry (6EACA3D4-40EC-4CC1-B786-8BED09428FC5): 3
LogDevObjectVersion:   Dev-AnimPhys (29E575DD-E0A3-4627-9D10-D276232CDCEA): 17
LogDevObjectVersion:   Dev-Anim (AF43A65D-7FD3-4947-9873-3E8ED9C1BB05): 2
LogDevObjectVersion:   Dev-ReflectionCapture (6B266CEC-1EC7-4B8F-A30B-E4D90942FC07): 1
LogDevObjectVersion:   Dev-Automation (0DF73D61-A23F-47EA-B727-89E90C41499A): 1
LogDevObjectVersion:   FortniteMain (601D1886-AC64-4F84-AA16-D3DE0DEAC7D6): 31
LogDevObjectVersion:   Dev-Enterprise (9DFFBCD6-494F-0158-E221-12823C92A888): 8
LogDevObjectVersion:   Dev-Niagara (F2AED0AC-9AFE-416F-8664-AA7FFA26D6FC): 1
LogDevObjectVersion:   Dev-Destruction (174F1F0B-B4C6-45A5-B13F-2EE8D0FB917D): 9
LogDevObjectVersion:   Dev-Physics-Ext (35F94A83-E258-406C-A318-09F59610247C): 8
LogDevObjectVersion:   Dev-CineCamera (B2E18506-4273-CFC2-A54E-F4BB758BBA07): 1
LogInit: Presizing for max 25165824 objects, including 0 objects not considered by GC, pre-allocating 0 bytes for permanent pool.
LogInit: Object subsystem initialized
LogConfig: Setting CVar [[con.DebugEarlyDefault:1]]
LogConfig: Setting CVar [[r.setres:1280x720]]
[2022.01.06-18.55.09:134][  0]LogConfig: Setting CVar [[r.VSync:0]]
[2022.01.06-18.55.09:134][  0]LogConfig: Setting CVar [[r.RHICmdBypass:0]]
[2022.01.06-18.55.09:135][  0]LogConfig: Applying CVar settings from Section [/Script/Engine.RendererSettings] File [E:/Epic Games/asistivna/Asistivna/Saved/Config/Windows/Engine.ini]
[2022.01.06-18.55.09:135][  0]LogConfig: Setting CVar [[r.GPUCrashDebugging:0]]
[2022.01.06-18.55.09:135][  0]LogConfig: Applying CVar settings from Section [/Script/Engine.RendererOverrideSettings] File [E:/Epic Games/asistivna/Asistivna/Saved/Config/Windows/Engine.ini]
[2022.01.06-18.55.09:135][  0]LogConfig: Applying CVar settings from Section [/Script/Engine.StreamingSettings] File [E:/Epic Games/asistivna/Asistivna/Saved/Config/Windows/Engine.ini]
[2022.01.06-18.55.09:135][  0]LogConfig: Setting CVar [[s.MinBulkDataSizeForAsyncLoading:131072]]
[2022.01.06-18.55.09:135][  0]LogConfig: Setting CVar [[s.AsyncLoadingThreadEnabled:0]]
[2022.01.06-18.55.09:135][  0]LogConfig: Setting CVar [[s.EventDrivenLoaderEnabled:1]]
[2022.01.06-18.55.09:135][  0]LogConfig: Setting CVar [[s.WarnIfTimeLimitExceeded:0]]
[2022.01.06-18.55.09:135][  0]LogConfig: Setting CVar [[s.TimeLimitExceededMultiplier:1.5]]
[2022.01.06-18.55.09:135][  0]LogConfig: Setting CVar [[s.TimeLimitExceededMinTime:0.005]]
[2022.01.06-18.55.09:135][  0]LogConfig: Setting CVar [[s.UseBackgroundLevelStreaming:1]]
[2022.01.06-18.55.09:135][  0]LogConfig: Setting CVar [[s.PriorityAsyncLoadingExtraTime:15.0]]
[2022.01.06-18.55.09:135][  0]LogConfig: Setting CVar [[s.LevelStreamingActorsUpdateTimeLimit:5.0]]
[2022.01.06-18.55.09:135][  0]LogConfig: Setting CVar [[s.PriorityLevelStreamingActorsUpdateExtraTime:5.0]]
[2022.01.06-18.55.09:135][  0]LogConfig: Setting CVar [[s.LevelStreamingComponentsRegistrationGranularity:10]]
[2022.01.06-18.55.09:135][  0]LogConfig: Setting CVar [[s.UnregisterComponentsTimeLimit:1.0]]
[2022.01.06-18.55.09:135][  0]LogConfig: Setting CVar [[s.LevelStreamingComponentsUnregistrationGranularity:5]]
[2022.01.06-18.55.09:135][  0]LogConfig: Setting CVar [[s.FlushStreamingOnExit:1]]
[2022.01.06-18.55.09:136][  0]LogConfig: Applying CVar settings from Section [/Script/Engine.GarbageCollectionSettings] File [E:/Epic Games/asistivna/Asistivna/Saved/Config/Windows/Engine.ini]
[2022.01.06-18.55.09:136][  0]LogConfig: Setting CVar [[gc.MaxObjectsNotConsideredByGC:1]]
[2022.01.06-18.55.09:136][  0]LogConfig: Setting CVar [[gc.SizeOfPermanentObjectPool:0]]
[2022.01.06-18.55.09:136][  0]LogConfig: Setting CVar [[gc.FlushStreamingOnGC:0]]
[2022.01.06-18.55.09:136][  0]LogConfig: Setting CVar [[gc.NumRetriesBeforeForcingGC:10]]
[2022.01.06-18.55.09:136][  0]LogConfig: Setting CVar [[gc.AllowParallelGC:1]]
[2022.01.06-18.55.09:136][  0]LogConfig: Setting CVar [[gc.TimeBetweenPurgingPendingKillObjects:61.1]]
[2022.01.06-18.55.09:136][  0]LogConfig: Setting CVar [[gc.MaxObjectsInEditor:25165824]]
[2022.01.06-18.55.09:136][  0]LogConfig: Setting CVar [[gc.IncrementalBeginDestroyEnabled:1]]
[2022.01.06-18.55.09:136][  0]LogConfig: Setting CVar [[gc.CreateGCClusters:1]]
[2022.01.06-18.55.09:136][  0]LogConfig: Setting CVar [[gc.MinGCClusterSize:5]]
[2022.01.06-18.55.09:136][  0]LogConfig: Setting CVar [[gc.ActorClusteringEnabled:0]]
[2022.01.06-18.55.09:136][  0]LogConfig: Setting CVar [[gc.BlueprintClusteringEnabled:0]]
[2022.01.06-18.55.09:136][  0]LogConfig: Setting CVar [[gc.UseDisregardForGCOnDedicatedServers:0]]
[2022.01.06-18.55.09:136][  0]LogConfig: Applying CVar settings from Section [/Script/Engine.NetworkSettings] File [E:/Epic Games/asistivna/Asistivna/Saved/Config/Windows/Engine.ini]
[2022.01.06-18.55.09:136][  0]LogConfig: Applying CVar settings from Section [/Script/UnrealEd.CookerSettings] File [E:/Epic Games/asistivna/Asistivna/Saved/Config/Windows/Engine.ini]
[2022.01.06-18.55.09:144][  0]LogConfig: Applying CVar settings from Section [ViewDistanceQuality@3] File [E:/Epic Games/asistivna/Asistivna/Saved/Config/Windows/Scalability.ini]
[2022.01.06-18.55.09:144][  0]LogConfig: Setting CVar [[r.SkeletalMeshLODBias:0]]
[2022.01.06-18.55.09:144][  0]LogConfig: Setting CVar [[r.ViewDistanceScale:1.0]]
[2022.01.06-18.55.09:144][  0]LogConfig: Applying CVar settings from Section [AntiAliasingQuality@3] File [E:/Epic Games/asistivna/Asistivna/Saved/Config/Windows/Scalability.ini]
[2022.01.06-18.55.09:144][  0]LogConfig: Setting CVar [[r.PostProcessAAQuality:4]]
[2022.01.06-18.55.09:144][  0]LogConfig: Applying CVar settings from Section [ShadowQuality@3] File [E:/Epic Games/asistivna/Asistivna/Saved/Config/Windows/Scalability.ini]
[2022.01.06-18.55.09:144][  0]LogConfig: Setting CVar [[r.LightFunctionQuality:1]]
[2022.01.06-18.55.09:144][  0]LogConfig: Setting CVar [[r.ShadowQuality:5]]
[2022.01.06-18.55.09:144][  0]LogConfig: Setting CVar [[r.Shadow.CSM.MaxCascades:10]]
[2022.01.06-18.55.09:144][  0]LogConfig: Setting CVar [[r.Shadow.MaxResolution:2048]]
[2022.01.06-18.55.09:144][  0]LogConfig: Setting CVar [[r.Shadow.MaxCSMResolution:2048]]
[2022.01.06-18.55.09:144][  0]LogConfig: Setting CVar [[r.Shadow.RadiusThreshold:0.01]]
[2022.01.06-18.55.09:144][  0]LogConfig: Setting CVar [[r.Shadow.DistanceScale:1.0]]
[2022.01.06-18.55.09:144][  0]LogConfig: Setting CVar [[r.Shadow.CSM.TransitionScale:1.0]]
[2022.01.06-18.55.09:144][  0]LogConfig: Setting CVar [[r.Shadow.PreShadowResolutionFactor:1.0]]
[2022.01.06-18.55.09:145][  0]LogConfig: Setting CVar [[r.DistanceFieldShadowing:1]]
[2022.01.06-18.55.09:145][  0]LogConfig: Setting CVar [[r.DistanceFieldAO:1]]
[2022.01.06-18.55.09:145][  0]LogConfig: Setting CVar [[r.AOQuality:2]]
[2022.01.06-18.55.09:145][  0]LogConfig: Setting CVar [[r.VolumetricFog:1]]
[2022.01.06-18.55.09:145][  0]LogConfig: Setting CVar [[r.VolumetricFog.GridPixelSize:8]]
[2022.01.06-18.55.09:145][  0]LogConfig: Setting CVar [[r.VolumetricFog.GridSizeZ:128]]
[2022.01.06-18.55.09:145][  0]LogConfig: Setting CVar [[r.VolumetricFog.HistoryMissSupersampleCount:4]]
[2022.01.06-18.55.09:145][  0]LogConfig: Setting CVar [[r.LightMaxDrawDistanceScale:1]]
[2022.01.06-18.55.09:145][  0]LogConfig: Setting CVar [[r.CapsuleShadows:1]]
[2022.01.06-18.55.09:145][  0]LogConfig: Applying CVar settings from Section [PostProcessQuality@3] File [E:/Epic Games/asistivna/Asistivna/Saved/Config/Windows/Scalability.ini]
[2022.01.06-18.55.09:145][  0]LogConfig: Setting CVar [[r.MotionBlurQuality:4]]
[2022.01.06-18.55.09:145][  0]LogConfig: Setting CVar [[r.AmbientOcclusionMipLevelFactor:0.4]]
[2022.01.06-18.55.09:145][  0]LogConfig: Setting CVar [[r.AmbientOcclusionMaxQuality:100]]
[2022.01.06-18.55.09:145][  0]LogConfig: Setting CVar [[r.AmbientOcclusionLevels:-1]]
[2022.01.06-18.55.09:145][  0]LogConfig: Setting CVar [[r.AmbientOcclusionRadiusScale:1.0]]
[2022.01.06-18.55.09:145][  0]LogConfig: Setting CVar [[r.DepthOfFieldQuality:2]]
[2022.01.06-18.55.09:145][  0]LogConfig: Setting CVar [[r.RenderTargetPoolMin:400]]
[2022.01.06-18.55.09:145][  0]LogConfig: Setting CVar [[r.LensFlareQuality:2]]
[2022.01.06-18.55.09:145][  0]LogConfig: Setting CVar [[r.SceneColorFringeQuality:1]]
[2022.01.06-18.55.09:145][  0]LogConfig: Setting CVar [[r.EyeAdaptationQuality:2]]
[2022.01.06-18.55.09:145][  0]LogConfig: Setting CVar [[r.BloomQuality:5]]
[2022.01.06-18.55.09:145][  0]LogConfig: Setting CVar [[r.FastBlurThreshold:100]]
[2022.01.06-18.55.09:145][  0]LogConfig: Setting CVar [[r.Upscale.Quality:3]]
[2022.01.06-18.55.09:145][  0]LogConfig: Setting CVar [[r.Tonemapper.GrainQuantization:1]]
[2022.01.06-18.55.09:145][  0]LogConfig: Setting CVar [[r.LightShaftQuality:1]]
[2022.01.06-18.55.09:145][  0]LogConfig: Setting CVar [[r.Filter.SizeScale:1]]
[2022.01.06-18.55.09:145][  0]LogConfig: Setting CVar [[r.Tonemapper.Quality:5]]
[2022.01.06-18.55.09:145][  0]LogConfig: Setting CVar [[r.DOF.Gather.AccumulatorQuality:1        ; higher gathering accumulator quality]]
[2022.01.06-18.55.09:145][  0]LogConfig: Setting CVar [[r.DOF.Gather.PostfilterMethod:1          ; Median3x3 postfilering method]]
[2022.01.06-18.55.09:145][  0]LogConfig: Setting CVar [[r.DOF.Gather.EnableBokehSettings:0       ; no bokeh simulation when gathering]]
[2022.01.06-18.55.09:145][  0]LogConfig: Setting CVar [[r.DOF.Gather.RingCount:4                 ; medium number of samples when gathering]]
[2022.01.06-18.55.09:146][  0]LogConfig: Setting CVar [[r.DOF.Scatter.ForegroundCompositing:1    ; additive foreground scattering]]
[2022.01.06-18.55.09:146][  0]LogConfig: Setting CVar [[r.DOF.Scatter.BackgroundCompositing:2    ; additive background scattering]]
[2022.01.06-18.55.09:146][  0]LogConfig: Setting CVar [[r.DOF.Scatter.EnableBokehSettings:1      ; bokeh simulation when scattering]]
[2022.01.06-18.55.09:146][  0]LogConfig: Setting CVar [[r.DOF.Scatter.MaxSpriteRatio:0.1         ; only a maximum of 10% of scattered bokeh]]
[2022.01.06-18.55.09:146][  0]LogConfig: Setting CVar [[r.DOF.Recombine.Quality:1                ; cheap slight out of focus]]
[2022.01.06-18.55.09:146][  0]LogConfig: Setting CVar [[r.DOF.Recombine.EnableBokehSettings:0    ; no bokeh simulation on slight out of focus]]
[2022.01.06-18.55.09:146][  0]LogConfig: Setting CVar [[r.DOF.TemporalAAQuality:1                ; more stable temporal accumulation]]
[2022.01.06-18.55.09:146][  0]LogConfig: Setting CVar [[r.DOF.Kernel.MaxForegroundRadius:0.025]]
[2022.01.06-18.55.09:146][  0]LogConfig: Setting CVar [[r.DOF.Kernel.MaxBackgroundRadius:0.025]]
[2022.01.06-18.55.09:146][  0]LogConfig: Applying CVar settings from Section [TextureQuality@3] File [E:/Epic Games/asistivna/Asistivna/Saved/Config/Windows/Scalability.ini]
[2022.01.06-18.55.09:146][  0]LogConfig: Setting CVar [[r.Streaming.MipBias:0]]
[2022.01.06-18.55.09:146][  0]LogConfig: Setting CVar [[r.Streaming.AmortizeCPUToGPUCopy:0]]
[2022.01.06-18.55.09:146][  0]LogConfig: Setting CVar [[r.Streaming.MaxNumTexturesToStreamPerFrame:0]]
[2022.01.06-18.55.09:146][  0]LogConfig: Setting CVar [[r.Streaming.Boost:1]]
[2022.01.06-18.55.09:146][  0]LogConfig: Setting CVar [[r.MaxAnisotropy:8]]
[2022.01.06-18.55.09:146][  0]LogConfig: Setting CVar [[r.VT.MaxAnisotropy:8]]
[2022.01.06-18.55.09:146][  0]LogConfig: Setting CVar [[r.Streaming.LimitPoolSizeToVRAM:0]]
[2022.01.06-18.55.09:146][  0]LogConfig: Setting CVar [[r.Streaming.PoolSize:1000]]
[2022.01.06-18.55.09:146][  0]LogConfig: Setting CVar [[r.Streaming.MaxEffectiveScreenSize:0]]
[2022.01.06-18.55.09:146][  0]LogConfig: Applying CVar settings from Section [EffectsQuality@3] File [E:/Epic Games/asistivna/Asistivna/Saved/Config/Windows/Scalability.ini]
[2022.01.06-18.55.09:146][  0]LogConfig: Setting CVar [[r.TranslucencyLightingVolumeDim:64]]
[2022.01.06-18.55.09:146][  0]LogConfig: Setting CVar [[r.RefractionQuality:2]]
[2022.01.06-18.55.09:146][  0]LogConfig: Setting CVar [[r.SSR.Quality:3]]
[2022.01.06-18.55.09:146][  0]LogConfig: Setting CVar [[r.SSR.HalfResSceneColor:0]]
[2022.01.06-18.55.09:146][  0]LogConfig: Setting CVar [[r.SceneColorFormat:4]]
[2022.01.06-18.55.09:146][  0]LogConfig: Setting CVar [[r.DetailMode:2]]
[2022.01.06-18.55.09:146][  0]LogConfig: Setting CVar [[r.TranslucencyVolumeBlur:1]]
[2022.01.06-18.55.09:146][  0]LogConfig: Setting CVar [[r.MaterialQualityLevel:1 ; High quality]]
[2022.01.06-18.55.09:146][  0]LogConfig: Setting CVar [[r.SSS.Scale:1]]
[2022.01.06-18.55.09:146][  0]LogConfig: Setting CVar [[r.SSS.SampleSet:2]]
[2022.01.06-18.55.09:146][  0]LogConfig: Setting CVar [[r.SSS.Quality:1]]
[2022.01.06-18.55.09:146][  0]LogConfig: Setting CVar [[r.SSS.HalfRes:1]]
[2022.01.06-18.55.09:146][  0]LogConfig: Setting CVar [[r.SSGI.Quality:3]]
[2022.01.06-18.55.09:146][  0]LogConfig: Setting CVar [[r.EmitterSpawnRateScale:1.0]]
[2022.01.06-18.55.09:147][  0]LogConfig: Setting CVar [[r.ParticleLightQuality:2]]
[2022.01.06-18.55.09:147][  0]LogConfig: Setting CVar [[r.SkyAtmosphere.AerialPerspectiveLUT.FastApplyOnOpaque:1 ; Always have FastSkyLUT 1 in this case to avoid wrong sky]]
[2022.01.06-18.55.09:147][  0]LogConfig: Setting CVar [[r.SkyAtmosphere.AerialPerspectiveLUT.SampleCountPerSlice:1]]
[2022.01.06-18.55.09:147][  0]LogConfig: Setting CVar [[r.SkyAtmosphere.AerialPerspectiveLUT.DepthResolution:16.0]]
[2022.01.06-18.55.09:147][  0]LogConfig: Setting CVar [[r.SkyAtmosphere.FastSkyLUT:1]]
[2022.01.06-18.55.09:147][  0]LogConfig: Setting CVar [[r.SkyAtmosphere.FastSkyLUT.SampleCountMin:4.0]]
[2022.01.06-18.55.09:147][  0]LogConfig: Setting CVar [[r.SkyAtmosphere.FastSkyLUT.SampleCountMax:32.0]]
[2022.01.06-18.55.09:147][  0]LogConfig: Setting CVar [[r.SkyAtmosphere.SampleCountMin:4.0]]
[2022.01.06-18.55.09:147][  0]LogConfig: Setting CVar [[r.SkyAtmosphere.SampleCountMax:32.0]]
[2022.01.06-18.55.09:147][  0]LogConfig: Setting CVar [[r.SkyAtmosphere.TransmittanceLUT.UseSmallFormat:0]]
[2022.01.06-18.55.09:147][  0]LogConfig: Setting CVar [[r.SkyAtmosphere.TransmittanceLUT.SampleCount:10.0]]
[2022.01.06-18.55.09:147][  0]LogConfig: Setting CVar [[r.SkyAtmosphere.MultiScatteringLUT.SampleCount:15.0]]
[2022.01.06-18.55.09:147][  0]LogConfig: Applying CVar settings from Section [FoliageQuality@3] File [E:/Epic Games/asistivna/Asistivna/Saved/Config/Windows/Scalability.ini]
[2022.01.06-18.55.09:147][  0]LogConfig: Setting CVar [[foliage.DensityScale:1.0]]
[2022.01.06-18.55.09:147][  0]LogConfig: Setting CVar [[grass.DensityScale:1.0]]
[2022.01.06-18.55.09:147][  0]LogConfig: Applying CVar settings from Section [ShadingQuality@3] File [E:/Epic Games/asistivna/Asistivna/Saved/Config/Windows/Scalability.ini]
[2022.01.06-18.55.09:147][  0]LogConfig: Setting CVar [[r.HairStrands.SkyLighting.SampleCount:16]]
[2022.01.06-18.55.09:147][  0]LogConfig: Setting CVar [[r.HairStrands.SkyLighting.JitterIntegration:0]]
[2022.01.06-18.55.09:147][  0]LogConfig: Setting CVar [[r.HairStrands.SkyAO.SampleCount:16]]
[2022.01.06-18.55.09:147][  0]LogInit: Selected Device Profile: [Windows]
[2022.01.06-18.55.09:147][  0]LogInit: Applying CVar settings loaded from the selected device profile: [Windows]
[2022.01.06-18.55.09:151][  0]LogHAL: Display: Platform has ~ 16 GB [17065848832 / 17179869184 / 16], which maps to Larger [LargestMinGB=32, LargerMinGB=12, DefaultMinGB=8, SmallerMinGB=6, SmallestMinGB=0)
[2022.01.06-18.55.09:151][  0]LogInit: Going up to parent DeviceProfile []
[2022.01.06-18.55.09:151][  0]LogConfig: Applying CVar settings from Section [ViewDistanceQuality@3] File [E:/Epic Games/asistivna/Asistivna/Saved/Config/Windows/Scalability.ini]
[2022.01.06-18.55.09:151][  0]LogConfig: Setting CVar [[r.SkeletalMeshLODBias:0]]
[2022.01.06-18.55.09:151][  0]LogConfig: Setting CVar [[r.ViewDistanceScale:1.0]]
[2022.01.06-18.55.09:151][  0]LogConfig: Applying CVar settings from Section [AntiAliasingQuality@3] File [E:/Epic Games/asistivna/Asistivna/Saved/Config/Windows/Scalability.ini]
[2022.01.06-18.55.09:151][  0]LogConfig: Setting CVar [[r.PostProcessAAQuality:4]]
[2022.01.06-18.55.09:151][  0]LogConfig: Applying CVar settings from Section [ShadowQuality@3] File [E:/Epic Games/asistivna/Asistivna/Saved/Config/Windows/Scalability.ini]
[2022.01.06-18.55.09:151][  0]LogConfig: Setting CVar [[r.LightFunctionQuality:1]]
[2022.01.06-18.55.09:151][  0]LogConfig: Setting CVar [[r.ShadowQuality:5]]
[2022.01.06-18.55.09:151][  0]LogConfig: Setting CVar [[r.Shadow.CSM.MaxCascades:10]]
[2022.01.06-18.55.09:152][  0]LogConfig: Setting CVar [[r.Shadow.MaxResolution:2048]]
[2022.01.06-18.55.09:152][  0]LogConfig: Setting CVar [[r.Shadow.MaxCSMResolution:2048]]
[2022.01.06-18.55.09:152][  0]LogConfig: Setting CVar [[r.Shadow.RadiusThreshold:0.01]]
[2022.01.06-18.55.09:152][  0]LogConfig: Setting CVar [[r.Shadow.DistanceScale:1.0]]
[2022.01.06-18.55.09:152][  0]LogConfig: Setting CVar [[r.Shadow.CSM.TransitionScale:1.0]]
[2022.01.06-18.55.09:152][  0]LogConfig: Setting CVar [[r.Shadow.PreShadowResolutionFactor:1.0]]
[2022.01.06-18.55.09:152][  0]LogConfig: Setting CVar [[r.DistanceFieldShadowing:1]]
[2022.01.06-18.55.09:152][  0]LogConfig: Setting CVar [[r.DistanceFieldAO:1]]
[2022.01.06-18.55.09:152][  0]LogConfig: Setting CVar [[r.AOQuality:2]]
[2022.01.06-18.55.09:152][  0]LogConfig: Setting CVar [[r.VolumetricFog:1]]
[2022.01.06-18.55.09:152][  0]LogConfig: Setting CVar [[r.VolumetricFog.GridPixelSize:8]]
[2022.01.06-18.55.09:152][  0]LogConfig: Setting CVar [[r.VolumetricFog.GridSizeZ:128]]
[2022.01.06-18.55.09:152][  0]LogConfig: Setting CVar [[r.VolumetricFog.HistoryMissSupersampleCount:4]]
[2022.01.06-18.55.09:152][  0]LogConfig: Setting CVar [[r.LightMaxDrawDistanceScale:1]]
[2022.01.06-18.55.09:152][  0]LogConfig: Setting CVar [[r.CapsuleShadows:1]]
[2022.01.06-18.55.09:152][  0]LogConfig: Applying CVar settings from Section [PostProcessQuality@3] File [E:/Epic Games/asistivna/Asistivna/Saved/Config/Windows/Scalability.ini]
[2022.01.06-18.55.09:152][  0]LogConfig: Setting CVar [[r.MotionBlurQuality:4]]
[2022.01.06-18.55.09:152][  0]LogConfig: Setting CVar [[r.AmbientOcclusionMipLevelFactor:0.4]]
[2022.01.06-18.55.09:152][  0]LogConfig: Setting CVar [[r.AmbientOcclusionMaxQuality:100]]
[2022.01.06-18.55.09:152][  0]LogConfig: Setting CVar [[r.AmbientOcclusionLevels:-1]]
[2022.01.06-18.55.09:152][  0]LogConfig: Setting CVar [[r.AmbientOcclusionRadiusScale:1.0]]
[2022.01.06-18.55.09:152][  0]LogConfig: Setting CVar [[r.DepthOfFieldQuality:2]]
[2022.01.06-18.55.09:152][  0]LogConfig: Setting CVar [[r.RenderTargetPoolMin:400]]
[2022.01.06-18.55.09:152][  0]LogConfig: Setting CVar [[r.LensFlareQuality:2]]
[2022.01.06-18.55.09:152][  0]LogConfig: Setting CVar [[r.SceneColorFringeQuality:1]]
[2022.01.06-18.55.09:152][  0]LogConfig: Setting CVar [[r.EyeAdaptationQuality:2]]
[2022.01.06-18.55.09:153][  0]LogConfig: Setting CVar [[r.BloomQuality:5]]
[2022.01.06-18.55.09:153][  0]LogConfig: Setting CVar [[r.FastBlurThreshold:100]]
[2022.01.06-18.55.09:153][  0]LogConfig: Setting CVar [[r.Upscale.Quality:3]]
[2022.01.06-18.55.09:153][  0]LogConfig: Setting CVar [[r.Tonemapper.GrainQuantization:1]]
[2022.01.06-18.55.09:153][  0]LogConfig: Setting CVar [[r.LightShaftQuality:1]]
[2022.01.06-18.55.09:153][  0]LogConfig: Setting CVar [[r.Filter.SizeScale:1]]
[2022.01.06-18.55.09:153][  0]LogConfig: Setting CVar [[r.Tonemapper.Quality:5]]
[2022.01.06-18.55.09:153][  0]LogConfig: Setting CVar [[r.DOF.Gather.AccumulatorQuality:1        ; higher gathering accumulator quality]]
[2022.01.06-18.55.09:153][  0]LogConfig: Setting CVar [[r.DOF.Gather.PostfilterMethod:1          ; Median3x3 postfilering method]]
[2022.01.06-18.55.09:153][  0]LogConfig: Setting CVar [[r.DOF.Gather.EnableBokehSettings:0       ; no bokeh simulation when gathering]]
[2022.01.06-18.55.09:153][  0]LogConfig: Setting CVar [[r.DOF.Gather.RingCount:4                 ; medium number of samples when gathering]]
[2022.01.06-18.55.09:153][  0]LogConfig: Setting CVar [[r.DOF.Scatter.ForegroundCompositing:1    ; additive foreground scattering]]
[2022.01.06-18.55.09:153][  0]LogConfig: Setting CVar [[r.DOF.Scatter.BackgroundCompositing:2    ; additive background scattering]]
[2022.01.06-18.55.09:153][  0]LogConfig: Setting CVar [[r.DOF.Scatter.EnableBokehSettings:1      ; bokeh simulation when scattering]]
[2022.01.06-18.55.09:153][  0]LogConfig: Setting CVar [[r.DOF.Scatter.MaxSpriteRatio:0.1         ; only a maximum of 10% of scattered bokeh]]
[2022.01.06-18.55.09:153][  0]LogConfig: Setting CVar [[r.DOF.Recombine.Quality:1                ; cheap slight out of focus]]
[2022.01.06-18.55.09:153][  0]LogConfig: Setting CVar [[r.DOF.Recombine.EnableBokehSettings:0    ; no bokeh simulation on slight out of focus]]
[2022.01.06-18.55.09:153][  0]LogConfig: Setting CVar [[r.DOF.TemporalAAQuality:1                ; more stable temporal accumulation]]
[2022.01.06-18.55.09:153][  0]LogConfig: Setting CVar [[r.DOF.Kernel.MaxForegroundRadius:0.025]]
[2022.01.06-18.55.09:153][  0]LogConfig: Setting CVar [[r.DOF.Kernel.MaxBackgroundRadius:0.025]]
[2022.01.06-18.55.09:153][  0]LogConfig: Applying CVar settings from Section [TextureQuality@3] File [E:/Epic Games/asistivna/Asistivna/Saved/Config/Windows/Scalability.ini]
[2022.01.06-18.55.09:153][  0]LogConfig: Setting CVar [[r.Streaming.MipBias:0]]
[2022.01.06-18.55.09:153][  0]LogConfig: Setting CVar [[r.Streaming.AmortizeCPUToGPUCopy:0]]
[2022.01.06-18.55.09:153][  0]LogConfig: Setting CVar [[r.Streaming.MaxNumTexturesToStreamPerFrame:0]]
[2022.01.06-18.55.09:153][  0]LogConfig: Setting CVar [[r.Streaming.Boost:1]]
[2022.01.06-18.55.09:153][  0]LogConfig: Setting CVar [[r.MaxAnisotropy:8]]
[2022.01.06-18.55.09:153][  0]LogConfig: Setting CVar [[r.VT.MaxAnisotropy:8]]
[2022.01.06-18.55.09:153][  0]LogConfig: Setting CVar [[r.Streaming.LimitPoolSizeToVRAM:0]]
[2022.01.06-18.55.09:153][  0]LogConfig: Setting CVar [[r.Streaming.PoolSize:1000]]
[2022.01.06-18.55.09:153][  0]LogConfig: Setting CVar [[r.Streaming.MaxEffectiveScreenSize:0]]
[2022.01.06-18.55.09:153][  0]LogConfig: Applying CVar settings from Section [EffectsQuality@3] File [E:/Epic Games/asistivna/Asistivna/Saved/Config/Windows/Scalability.ini]
[2022.01.06-18.55.09:153][  0]LogConfig: Setting CVar [[r.TranslucencyLightingVolumeDim:64]]
[2022.01.06-18.55.09:154][  0]LogConfig: Setting CVar [[r.RefractionQuality:2]]
[2022.01.06-18.55.09:154][  0]LogConfig: Setting CVar [[r.SSR.Quality:3]]
[2022.01.06-18.55.09:154][  0]LogConfig: Setting CVar [[r.SSR.HalfResSceneColor:0]]
[2022.01.06-18.55.09:154][  0]LogConfig: Setting CVar [[r.SceneColorFormat:4]]
[2022.01.06-18.55.09:154][  0]LogConfig: Setting CVar [[r.DetailMode:2]]
[2022.01.06-18.55.09:154][  0]LogConfig: Setting CVar [[r.TranslucencyVolumeBlur:1]]
[2022.01.06-18.55.09:154][  0]LogConfig: Setting CVar [[r.MaterialQualityLevel:1 ; High quality]]
[2022.01.06-18.55.09:154][  0]LogConfig: Setting CVar [[r.SSS.Scale:1]]
[2022.01.06-18.55.09:154][  0]LogConfig: Setting CVar [[r.SSS.SampleSet:2]]
[2022.01.06-18.55.09:154][  0]LogConfig: Setting CVar [[r.SSS.Quality:1]]
[2022.01.06-18.55.09:154][  0]LogConfig: Setting CVar [[r.SSS.HalfRes:1]]
[2022.01.06-18.55.09:154][  0]LogConfig: Setting CVar [[r.SSGI.Quality:3]]
[2022.01.06-18.55.09:154][  0]LogConfig: Setting CVar [[r.EmitterSpawnRateScale:1.0]]
[2022.01.06-18.55.09:154][  0]LogConfig: Setting CVar [[r.ParticleLightQuality:2]]
[2022.01.06-18.55.09:154][  0]LogConfig: Setting CVar [[r.SkyAtmosphere.AerialPerspectiveLUT.FastApplyOnOpaque:1 ; Always have FastSkyLUT 1 in this case to avoid wrong sky]]
[2022.01.06-18.55.09:154][  0]LogConfig: Setting CVar [[r.SkyAtmosphere.AerialPerspectiveLUT.SampleCountPerSlice:1]]
[2022.01.06-18.55.09:154][  0]LogConfig: Setting CVar [[r.SkyAtmosphere.AerialPerspectiveLUT.DepthResolution:16.0]]
[2022.01.06-18.55.09:154][  0]LogConfig: Setting CVar [[r.SkyAtmosphere.FastSkyLUT:1]]
[2022.01.06-18.55.09:154][  0]LogConfig: Setting CVar [[r.SkyAtmosphere.FastSkyLUT.SampleCountMin:4.0]]
[2022.01.06-18.55.09:154][  0]LogConfig: Setting CVar [[r.SkyAtmosphere.FastSkyLUT.SampleCountMax:32.0]]
[2022.01.06-18.55.09:154][  0]LogConfig: Setting CVar [[r.SkyAtmosphere.SampleCountMin:4.0]]
[2022.01.06-18.55.09:154][  0]LogConfig: Setting CVar [[r.SkyAtmosphere.SampleCountMax:32.0]]
[2022.01.06-18.55.09:154][  0]LogConfig: Setting CVar [[r.SkyAtmosphere.TransmittanceLUT.UseSmallFormat:0]]
[2022.01.06-18.55.09:154][  0]LogConfig: Setting CVar [[r.SkyAtmosphere.TransmittanceLUT.SampleCount:10.0]]
[2022.01.06-18.55.09:154][  0]LogConfig: Setting CVar [[r.SkyAtmosphere.MultiScatteringLUT.SampleCount:15.0]]
[2022.01.06-18.55.09:154][  0]LogConfig: Applying CVar settings from Section [FoliageQuality@3] File [E:/Epic Games/asistivna/Asistivna/Saved/Config/Windows/Scalability.ini]
[2022.01.06-18.55.09:154][  0]LogConfig: Setting CVar [[foliage.DensityScale:1.0]]
[2022.01.06-18.55.09:154][  0]LogConfig: Setting CVar [[grass.DensityScale:1.0]]
[2022.01.06-18.55.09:154][  0]LogConfig: Applying CVar settings from Section [ShadingQuality@3] File [E:/Epic Games/asistivna/Asistivna/Saved/Config/Windows/Scalability.ini]
[2022.01.06-18.55.09:154][  0]LogConfig: Setting CVar [[r.HairStrands.SkyLighting.SampleCount:16]]
[2022.01.06-18.55.09:154][  0]LogConfig: Setting CVar [[r.HairStrands.SkyLighting.JitterIntegration:0]]
[2022.01.06-18.55.09:154][  0]LogConfig: Setting CVar [[r.HairStrands.SkyAO.SampleCount:16]]
[2022.01.06-18.55.09:155][  0]LogConfig: Applying CVar settings from Section [Startup] File [../../../Engine/Config/ConsoleVariables.ini]
[2022.01.06-18.55.09:155][  0]LogConfig: Setting CVar [[net.UseAdaptiveNetUpdateFrequency:0]]
[2022.01.06-18.55.09:155][  0]LogConfig: Setting CVar [[p.chaos.AllowCreatePhysxBodies:1]]
[2022.01.06-18.55.09:156][  0]LogConfig: Applying CVar settings from Section [ConsoleVariables] File [E:/Epic Games/asistivna/Asistivna/Saved/Config/Windows/Engine.ini]
[2022.01.06-18.55.09:157][  0]LogInit: Computer: DESKTOP-TAMJ42K
[2022.01.06-18.55.09:158][  0]LogInit: User: luka
[2022.01.06-18.55.09:158][  0]LogInit: CPU Page size=4096, Cores=6
[2022.01.06-18.55.09:158][  0]LogInit: High frequency timer resolution =10.000000 MHz
[2022.01.06-18.55.09:158][  0]LogMemory: Memory total: Physical=15.9GB (16GB approx)
[2022.01.06-18.55.09:158][  0]LogMemory: Platform Memory Stats for Windows
[2022.01.06-18.55.09:158][  0]LogMemory: Process Physical Memory: 107.15 MB used, 107.16 MB peak
[2022.01.06-18.55.09:158][  0]LogMemory: Process Virtual Memory: 101.33 MB used, 101.33 MB peak
[2022.01.06-18.55.09:158][  0]LogMemory: Physical Memory: 13883.61 MB used,  2391.65 MB free, 16275.26 MB total
[2022.01.06-18.55.09:158][  0]LogMemory: Virtual Memory: 5161.23 MB used,  134212568.00 MB free, 134217728.00 MB total
[2022.01.06-18.55.09:163][  0]LogWindows: WindowsPlatformFeatures enabled
[2022.01.06-18.55.09:467][  0]LogInit: Using OS detected language (en-US).
[2022.01.06-18.55.09:467][  0]LogInit: Using OS detected locale (en-US).
[2022.01.06-18.55.09:468][  0]LogTextLocalizationManager: No specific localization for 'en-US' exists, so the 'en' localization will be used.
[2022.01.06-18.55.09:614][  0]LogInit: Setting process to per monitor DPI aware
[2022.01.06-18.55.09:670][  0]LogSlate: New Slate User Created.  User Index 0, Is Virtual User: 0
[2022.01.06-18.55.09:670][  0]LogSlate: Slate User Registered.  User Index 0, Is Virtual User: 0
[2022.01.06-18.55.09:846][  0]LogHMD: Failed to initialize OpenVR with code 110
[2022.01.06-18.55.09:846][  0]LogD3D11RHI: D3D11 min allowed feature level: 11_0
[2022.01.06-18.55.09:847][  0]LogD3D11RHI: D3D11 max allowed feature level: 11_0
[2022.01.06-18.55.09:847][  0]LogD3D11RHI: D3D11 adapters:
[2022.01.06-18.55.10:037][  0]LogD3D11RHI:    0. 'NVIDIA GeForce GTX 1660 Ti' (Feature Level 11_0)
[2022.01.06-18.55.10:037][  0]LogD3D11RHI:       5991/0/8137 MB DedicatedVideo/DedicatedSystem/SharedSystem, Outputs:2, VendorId:0x10de
[2022.01.06-18.55.10:044][  0]LogD3D11RHI:    1. 'Microsoft Basic Render Driver' (Feature Level 11_0)
[2022.01.06-18.55.10:044][  0]LogD3D11RHI:       0/0/8137 MB DedicatedVideo/DedicatedSystem/SharedSystem, Outputs:0, VendorId:0x1414
[2022.01.06-18.55.10:044][  0]LogD3D11RHI: Chosen D3D11 Adapter: 0
[2022.01.06-18.55.10:051][  0]LogD3D11RHI: Creating new Direct3DDevice
[2022.01.06-18.55.10:051][  0]LogD3D11RHI:     GPU DeviceId: 0x2182 (for the marketing name, search the web for "GPU Device Id")
[2022.01.06-18.55.10:052][  0]LogWindows: EnumDisplayDevices:
[2022.01.06-18.55.10:052][  0]LogWindows:    0. 'NVIDIA GeForce GTX 1660 Ti' (P:1 D:1)
[2022.01.06-18.55.10:052][  0]LogWindows:    1. 'NVIDIA GeForce GTX 1660 Ti' (P:0 D:1)
[2022.01.06-18.55.10:052][  0]LogWindows:    2. 'NVIDIA GeForce GTX 1660 Ti' (P:0 D:0)
[2022.01.06-18.55.10:052][  0]LogWindows:    3. 'NVIDIA GeForce GTX 1660 Ti' (P:0 D:0)
[2022.01.06-18.55.10:052][  0]LogWindows: DebugString: FoundDriverCount:4 
[2022.01.06-18.55.10:052][  0]LogD3D11RHI:     Adapter Name: NVIDIA GeForce GTX 1660 Ti
[2022.01.06-18.55.10:052][  0]LogD3D11RHI:   Driver Version: 461.09 (internal:27.21.14.6109, unified:461.09)
[2022.01.06-18.55.10:052][  0]LogD3D11RHI:      Driver Date: 12-31-2020
[2022.01.06-18.55.10:052][  0]LogRHI: Texture pool is 4193 MB (70% of 5991 MB)
[2022.01.06-18.55.10:136][  0]LogD3D11RHI: RHI has support for 64 bit atomics
[2022.01.06-18.55.10:137][  0]LogD3D11RHI: Async texture creation enabled
[2022.01.06-18.55.10:158][  0]LogD3D11RHI: GPU Timing Frequency: 1000.000000 (Debug: 2 1)
[2022.01.06-18.55.10:341][  0]LogTargetPlatformManager: Display: Loaded TargetPlatform 'AllDesktop'
[2022.01.06-18.55.10:366][  0]LogTargetPlatformManager: Display: Loaded TargetPlatform 'Android'
[2022.01.06-18.55.10:366][  0]LogTargetPlatformManager: Display: Loaded TargetPlatform 'Android_ASTC'
[2022.01.06-18.55.10:366][  0]LogTargetPlatformManager: Display: Loaded TargetPlatform 'Android_ATC'
[2022.01.06-18.55.10:366][  0]LogTargetPlatformManager: Display: Loaded TargetPlatform 'Android_DXT'
[2022.01.06-18.55.10:366][  0]LogTargetPlatformManager: Display: Loaded TargetPlatform 'Android_ETC1'
[2022.01.06-18.55.10:366][  0]LogTargetPlatformManager: Display: Loaded TargetPlatform 'Android_ETC1a'
[2022.01.06-18.55.10:366][  0]LogTargetPlatformManager: Display: Loaded TargetPlatform 'Android_ETC2'
[2022.01.06-18.55.10:366][  0]LogTargetPlatformManager: Display: Loaded TargetPlatform 'Android_PVRTC'
[2022.01.06-18.55.10:366][  0]LogTargetPlatformManager: Display: Loaded TargetPlatform 'AndroidClient'
[2022.01.06-18.55.10:366][  0]LogTargetPlatformManager: Display: Loaded TargetPlatform 'Android_ASTCClient'
[2022.01.06-18.55.10:366][  0]LogTargetPlatformManager: Display: Loaded TargetPlatform 'Android_ATCClient'
[2022.01.06-18.55.10:367][  0]LogTargetPlatformManager: Display: Loaded TargetPlatform 'Android_DXTClient'
[2022.01.06-18.55.10:367][  0]LogTargetPlatformManager: Display: Loaded TargetPlatform 'Android_ETC1Client'
[2022.01.06-18.55.10:367][  0]LogTargetPlatformManager: Display: Loaded TargetPlatform 'Android_ETC1aClient'
[2022.01.06-18.55.10:367][  0]LogTargetPlatformManager: Display: Loaded TargetPlatform 'Android_ETC2Client'
[2022.01.06-18.55.10:367][  0]LogTargetPlatformManager: Display: Loaded TargetPlatform 'Android_PVRTCClient'
[2022.01.06-18.55.10:367][  0]LogTargetPlatformManager: Display: Loaded TargetPlatform 'Android_Multi'
[2022.01.06-18.55.10:367][  0]LogTargetPlatformManager: Display: Loaded TargetPlatform 'Android_MultiClient'
[2022.01.06-18.55.10:390][  0]LogTargetPlatformManager: Display: Loaded TargetPlatform 'IOSClient'
[2022.01.06-18.55.10:391][  0]LogTargetPlatformManager: Display: Loaded TargetPlatform 'IOS'
[2022.01.06-18.55.10:398][  0]LogTargetPlatformManager: Display: Loaded TargetPlatform 'LinuxNoEditor'
[2022.01.06-18.55.10:407][  0]LogTargetPlatformManager: Display: Loaded TargetPlatform 'LinuxClient'
[2022.01.06-18.55.10:415][  0]LogTargetPlatformManager: Display: Loaded TargetPlatform 'LinuxServer'
[2022.01.06-18.55.10:423][  0]LogTargetPlatformManager: Display: Loaded TargetPlatform 'LinuxAArch64NoEditor'
[2022.01.06-18.55.10:430][  0]LogTargetPlatformManager: Display: Loaded TargetPlatform 'LinuxAArch64Client'
[2022.01.06-18.55.10:437][  0]LogTargetPlatformManager: Display: Loaded TargetPlatform 'LinuxAArch64Server'
[2022.01.06-18.55.10:458][  0]LogTargetPlatformManager: Display: Loaded TargetPlatform 'Lumin'
[2022.01.06-18.55.10:458][  0]LogTargetPlatformManager: Display: Loaded TargetPlatform 'LuminClient'
[2022.01.06-18.55.10:470][  0]LogTargetPlatformManager: Display: Loaded TargetPlatform 'TVOSClient'
[2022.01.06-18.55.10:470][  0]LogTargetPlatformManager: Display: Loaded TargetPlatform 'TVOS'
[2022.01.06-18.55.10:478][  0]LogTargetPlatformManager: Display: Loaded TargetPlatform 'WindowsNoEditor'
[2022.01.06-18.55.10:490][  0]LogTargetPlatformManager: Display: Loaded TargetPlatform 'Windows'
[2022.01.06-18.55.10:498][  0]LogTargetPlatformManager: Display: Loaded TargetPlatform 'WindowsClient'
[2022.01.06-18.55.10:506][  0]LogTargetPlatformManager: Display: Loaded TargetPlatform 'WindowsServer'
[2022.01.06-18.55.10:506][  0]LogTargetPlatformManager: Display: Building Assets For Windows
[2022.01.06-18.55.10:546][  0]LogAudioDebug: Display: Lib vorbis DLL was dynamically loaded.
[2022.01.06-18.55.10:653][  0]LogShaderCompilers: Guid format shader working directory is 11 characters bigger than the processId version (E:/Epic Games/asistivna/Asistivna/Intermediate/Shaders/WorkingDirectory/21640/).
[2022.01.06-18.55.10:653][  0]LogShaderCompilers: Cleaned the shader compiler working directory 'C:/Users/luka/AppData/Local/Temp/UnrealShaderWorkingDir/1397C2A0402756F0A057BE9E9754107E/'.
[2022.01.06-18.55.10:654][  0]LogXGEController: Cleaning working directory: C:/Users/luka/AppData/Local/Temp/UnrealXGEWorkingDir/
[2022.01.06-18.55.10:654][  0]LogXGEController: Cannot use XGE Controller as Incredibuild is not installed on this machine.
[2022.01.06-18.55.10:655][  0]LogShaderCompilers: Cannot use XGE Shader Compiler as Incredibuild is not installed on this machine.
[2022.01.06-18.55.10:655][  0]LogShaderCompilers: Display: Using Local Shader Compiler.
[2022.01.06-18.55.11:257][  0]LogDerivedDataCache: Display: Max Cache Size: 512 MB
[2022.01.06-18.55.11:540][  0]LogDerivedDataCache: Loaded boot cache 0.28s 279MB C:/Users/luka/AppData/Local/UnrealEngine/4.24/DerivedDataCache/Boot.ddc.
[2022.01.06-18.55.11:540][  0]LogDerivedDataCache: Display: Loaded Boot cache: C:/Users/luka/AppData/Local/UnrealEngine/4.24/DerivedDataCache/Boot.ddc
[2022.01.06-18.55.11:540][  0]LogDerivedDataCache: FDerivedDataBackendGraph:  Pak pak cache file E:/Epic Games/asistivna/Asistivna/DerivedDataCache/DDC.ddp not found, will not use a pak cache.
[2022.01.06-18.55.11:540][  0]LogDerivedDataCache: Unable to find inner node Pak for hierarchical cache Hierarchy.
[2022.01.06-18.55.11:540][  0]LogDerivedDataCache: FDerivedDataBackendGraph:  CompressedPak pak cache file E:/Epic Games/asistivna/Asistivna/DerivedDataCache/Compressed.ddp not found, will not use a pak cache.
[2022.01.06-18.55.11:540][  0]LogDerivedDataCache: Unable to find inner node CompressedPak for hierarchical cache Hierarchy.
[2022.01.06-18.55.11:556][  0]LogDerivedDataCache: Display: Pak cache opened for reading ../../../Engine/DerivedDataCache/Compressed.ddp.
[2022.01.06-18.55.11:556][  0]LogDerivedDataCache: FDerivedDataBackendGraph:  EnterprisePak pak cache file ../../../Enterprise/DerivedDataCache/Compressed.ddp not found, will not use a pak cache.
[2022.01.06-18.55.11:556][  0]LogDerivedDataCache: Unable to find inner node EnterprisePak for hierarchical cache Hierarchy.
[2022.01.06-18.55.11:558][  0]LogDerivedDataCache: Using Local data cache path C:/Users/luka/AppData/Local/UnrealEngine/Common/DerivedDataCache: Writable
[2022.01.06-18.55.11:558][  0]LogDerivedDataCache: Shared data cache path not found in *engine.ini, will not use an Shared cache.
[2022.01.06-18.55.11:558][  0]LogDerivedDataCache: Unable to find inner node Shared for hierarchical cache Hierarchy.
[2022.01.06-18.55.11:577][  0]LogMaterial: Verifying Global Shaders for PCD3D_SM5
[2022.01.06-18.55.11:584][  0]LogSlate: Using FreeType 2.10.0
[2022.01.06-18.55.11:586][  0]LogSlate: SlateFontServices - WITH_FREETYPE: 1, WITH_HARFBUZZ: 1
[2022.01.06-18.55.11:682][  0]LogAssetRegistry: FAssetRegistry took 0.0047 seconds to start up
[2022.01.06-18.55.12:003][  0]LogInit: Selected Device Profile: [Windows]
[2022.01.06-18.55.12:241][  0]LogMeshReduction: Using QuadricMeshReduction for automatic static mesh reduction
[2022.01.06-18.55.12:241][  0]LogMeshReduction: Using SimplygonMeshReduction for automatic skeletal mesh reduction
[2022.01.06-18.55.12:241][  0]LogMeshReduction: Using ProxyLODMeshReduction for automatic mesh merging
[2022.01.06-18.55.12:241][  0]LogMeshReduction: No distributed automatic mesh merging module available
[2022.01.06-18.55.12:241][  0]LogMeshMerging: No distributed automatic mesh merging module available
[2022.01.06-18.55.12:284][  0]LogNetVersion: Asistivna 1.0.0, NetCL: 10570792, EngineNetVer: 13, GameNetVer: 0 (Checksum: 2527849711)
[2022.01.06-18.55.14:037][  0]LogPackageLocalizationCache: Processed 10 localized package path(s) for 1 prioritized culture(s) in 0.017813 seconds
[2022.01.06-18.55.14:042][  0]LogUObjectArray: 46750 objects as part of root set at end of initial load.
[2022.01.06-18.55.14:042][  0]LogUObjectAllocator: 8137160 out of 0 bytes used by permanent object pool.
[2022.01.06-18.55.14:042][  0]LogUObjectArray: CloseDisregardForGC: 0/0 objects in disregard for GC pool
[2022.01.06-18.55.14:773][  0]LogTcpMessaging: Initializing TcpMessaging bridge
[2022.01.06-18.55.14:779][  0]LogUdpMessaging: Initializing bridge on interface 0.0.0.0:0 to multicast group 230.0.0.1:6666.
[2022.01.06-18.55.15:267][  0]SourceControl: Source control is disabled
[2022.01.06-18.55.15:268][  0]SourceControl: Source control is disabled
[2022.01.06-18.55.15:277][  0]SourceControl: Source control is disabled
[2022.01.06-18.55.15:281][  0]SourceControl: Source control is disabled
[2022.01.06-18.55.15:285][  0]SourceControl: Source control is disabled
[2022.01.06-18.55.15:447][  0]LogAndroidPermission: UAndroidPermissionCallbackProxy::GetInstance
[2022.01.06-18.55.15:464][  0]LogAudioCaptureCore: Display: No Audio Capture implementations found. Audio input will be silent.
[2022.01.06-18.55.15:464][  0]LogAudioCaptureCore: Display: No Audio Capture implementations found. Audio input will be silent.
[2022.01.06-18.55.15:587][  0]LogOcInput: OculusInput pre-init called
[2022.01.06-18.55.15:601][  0]LogWindows: Failed to load 'OVRPlugin.dll' (GetLastError=126)
[2022.01.06-18.55.15:601][  0]LogWindows: File 'OVRPlugin.dll' does not exist
[2022.01.06-18.55.15:738][  0]LogEngine: Initializing Engine...
[2022.01.06-18.55.15:742][  0]LogHMD: Failed to initialize OpenVR with code 110
[2022.01.06-18.55.15:745][  0]LogStats: UGameplayTagsManager::InitializeManager -  0.002 s
[2022.01.06-18.55.16:111][  0]LogInit: Initializing FReadOnlyCVARCache
[2022.01.06-18.55.16:155][  0]LogAIModule: Creating AISystem for world Untitled
[2022.01.06-18.55.16:172][  0]LogAudioMixer: Display: Audio Mixer Platform Settings:
[2022.01.06-18.55.16:172][  0]LogAudioMixer: Display: 	Sample Rate:						  48000
[2022.01.06-18.55.16:172][  0]LogAudioMixer: Display: 	Callback Buffer Frame Size Requested: 1024
[2022.01.06-18.55.16:172][  0]LogAudioMixer: Display: 	Callback Buffer Frame Size To Use:	  1024
[2022.01.06-18.55.16:172][  0]LogAudioMixer: Display: 	Number of buffers to queue:			  2
[2022.01.06-18.55.16:172][  0]LogAudioMixer: Display: 	Max Channels (voices):				  32
[2022.01.06-18.55.16:172][  0]LogAudioMixer: Display: 	Number of Async Source Workers:		  0
[2022.01.06-18.55.16:172][  0]LogAudio: Display: AudioDevice MaxSources: 32
[2022.01.06-18.55.16:174][  0]LogAudio: Display: Using built-in audio occlusion.
[2022.01.06-18.55.16:174][  0]LogAudioMixer: Display: Initializing audio mixer.
[2022.01.06-18.55.16:192][  0]LogAudioMixer: Display: Audio Device Output Speaker Info:
[2022.01.06-18.55.16:192][  0]LogAudioMixer: Display: Name: Speakers (Realtek(R) Audio)
[2022.01.06-18.55.16:192][  0]LogAudioMixer: Display: Is Default: Yes
[2022.01.06-18.55.16:192][  0]LogAudioMixer: Display: Sample Rate: 48000
[2022.01.06-18.55.16:193][  0]LogAudioMixer: Display: Channel Count Used: 2
[2022.01.06-18.55.16:193][  0]LogAudioMixer: Display: Device Channel Count: 2
[2022.01.06-18.55.16:193][  0]LogAudioMixer: Display: Channel Order:
[2022.01.06-18.55.16:193][  0]LogAudioMixer: Display: 0: FrontLeft
[2022.01.06-18.55.16:193][  0]LogAudioMixer: Display: 1: FrontRight
[2022.01.06-18.55.16:214][  0]LogAudioMixer: Display: Using Audio Device Speakers (Realtek(R) Audio)
[2022.01.06-18.55.16:222][  0]LogInit: FAudioDevice initialized.
[2022.01.06-18.55.16:224][  0]LogNetVersion: Set ProjectVersion to 1.0.0.0. Version Checksum will be recalculated on next use.
[2022.01.06-18.55.16:426][  0]LogDerivedDataCache: Saved boot cache 0.20s 279MB C:/Users/luka/AppData/Local/UnrealEngine/4.24/DerivedDataCache/Boot.ddc.
[2022.01.06-18.55.16:442][  0]LogInit: Texture streaming: Enabled
[2022.01.06-18.55.16:490][  0]LogEngineSessionManager: EngineSessionManager initialized
[2022.01.06-18.55.16:491][  0]LogEngineSessionManager: EngineSessionManager sent abnormal shutdown report. Type=Debugger, SessionId={C94BC1AC-4E2E-9918-56EA-5696B2108EF4}
[2022.01.06-18.55.16:491][  0]LogEditorSessionSummary: Verbose: Initializing EditorSessionSummaryWriter for editor session tracking
[2022.01.06-18.55.16:493][  0]LogEditorSessionSummary: EditorSessionSummaryWriter initialized
[2022.01.06-18.55.16:526][  0]LogInit: Transaction tracking system initialized
[2022.01.06-18.55.16:563][  0]BlueprintLog: New page: Editor Load
[2022.01.06-18.55.16:677][  0]LocalizationService: Localization service is disabled
[2022.01.06-18.55.17:045][  0]LogFileCache: Scanning file cache for directory 'E:/Epic Games/asistivna/Asistivna/Content/' took 0.00s
[2022.01.06-18.55.17:045][  0]LogCook: Display: Max memory allowance for cook 16384mb min free memory 0mb
[2022.01.06-18.55.17:045][  0]LogCook: Display: Mobile HDR setting 1
[2022.01.06-18.55.17:628][  0]SourceControl: Source control is disabled
[2022.01.06-18.55.17:629][  0]Cmd: MAP LOAD FILE="E:/Epic Games/asistivna/Asistivna/Content/RollingCPP/Maps/MainMenuMap.umap" TEMPLATE=0 SHOWPROGRESS=1 FEATURELEVEL=3
[2022.01.06-18.55.17:655][  0]LightingResults: New page: Lighting Build
[2022.01.06-18.55.17:661][  0]LogWorld: UWorld::CleanupWorld for Untitled, bSessionEnded=true, bCleanupResources=true
[2022.01.06-18.55.17:661][  0]LogSlate: InvalidateAllWidgets triggered.  All widgets were invalidated
[2022.01.06-18.55.17:662][  0]MapCheck: New page: Map Check
[2022.01.06-18.55.17:662][  0]LightingResults: New page: Lighting Build
[2022.01.06-18.55.17:695][  0]LogUObjectHash: Compacting FUObjectHashTables data took   1.72ms
[2022.01.06-18.55.17:701][  0]LogAIModule: Creating AISystem for world MainMenuMap
[2022.01.06-18.55.17:705][  0]LogEditorServer: Finished looking for orphan Actors (0.000 secs)
[2022.01.06-18.55.17:729][  0]LogUObjectHash: Compacting FUObjectHashTables data took   0.60ms
[2022.01.06-18.55.17:729][  0]Cmd: MAP CHECKDEP NOCLEARLOG
[2022.01.06-18.55.17:729][  0]MapCheck: Map check complete: 0 Error(s), 0 Warning(s), took 0.43ms to complete.
[2022.01.06-18.55.17:729][  0]LogFileHelpers: Loading map 'MainMenuMap' took 0.101
[2022.01.06-18.55.17:921][  0]LogSlate: Updating window title bar state: overlay mode, drag disabled, window buttons hidden, title bar hidden
[2022.01.06-18.55.17:926][  0]LogSlate: Updating window title bar state: overlay mode, drag disabled, window buttons hidden, title bar hidden
[2022.01.06-18.55.17:930][  0]LogSlate: Updating window title bar state: overlay mode, drag disabled, window buttons hidden, title bar hidden
[2022.01.06-18.55.17:934][  0]LogSlate: Updating window title bar state: overlay mode, drag disabled, window buttons hidden, title bar hidden
[2022.01.06-18.55.17:948][  0]LogCollectionManager: Loaded 0 collections in 0.001330 seconds
[2022.01.06-18.55.17:979][  0]LogFileCache: Scanning file cache for directory 'E:/Epic Games/asistivna/Asistivna/Saved/Collections/' took 0.00s
[2022.01.06-18.55.17:980][  0]LogFileCache: Scanning file cache for directory 'E:/Epic Games/asistivna/Asistivna/Content/Developers/luka/Collections/' took 0.00s
[2022.01.06-18.55.17:980][  0]LogFileCache: Scanning file cache for directory 'E:/Epic Games/asistivna/Asistivna/Content/Collections/' took 0.00s
[2022.01.06-18.55.17:980][  0]LogContentBrowser: Native class hierarchy populated in 0.0078 seconds. Added 3020 classes and 719 folders.
[2022.01.06-18.55.17:987][  0]LogContentBrowser: Native class hierarchy updated for 'WidgetCarousel' in 0.0002 seconds. Added 0 classes and 0 folders.
[2022.01.06-18.55.18:090][  0]LogContentBrowser: Native class hierarchy updated for 'AddContentDialog' in 0.0003 seconds. Added 0 classes and 0 folders.
[2022.01.06-18.55.18:101][  0]LogContentBrowser: Native class hierarchy updated for 'SceneOutliner' in 0.0003 seconds. Added 2 classes and 3 folders.
[2022.01.06-18.55.18:168][  0]LogSlate: Took 0.000464 seconds to synchronously load lazily loaded font '../../../Engine/Content/Slate/Fonts/Roboto-Regular.ttf' (155K)
[2022.01.06-18.55.18:171][  0]LogSlate: Took 0.000432 seconds to synchronously load lazily loaded font '../../../Engine/Content/Slate/Fonts/Roboto-Bold.ttf' (160K)
[2022.01.06-18.55.18:180][  0]LogSlate: Took 0.005718 seconds to synchronously load lazily loaded font '../../../Engine/Content/Editor/Slate/Fonts/FontAwesome.ttf' (139K)
[2022.01.06-18.55.18:243][  0]LogRenderer: Reallocating scene render targets to support 1208x600 Format 10 NumSamples 1 (Frame:1).
[2022.01.06-18.55.18:408][  0]LogContentBrowser: Native class hierarchy updated for 'HierarchicalLODOutliner' in 0.0003 seconds. Added 0 classes and 0 folders.
[2022.01.06-18.55.18:408][  0]LogLoad: (Engine Initialization) Total time: 11.88 seconds
[2022.01.06-18.55.18:408][  0]LogLoad: (Engine Initialization) Total Blueprint compile time: 0.00 seconds
[2022.01.06-18.55.18:468][  0]LogContentStreaming: Texture pool size now 1000 MB
[2022.01.06-18.55.18:493][  0]LogSlate: Took 0.000457 seconds to synchronously load lazily loaded font '../../../Engine/Content/Slate/Fonts/Roboto-Light.ttf' (167K)
[2022.01.06-18.55.18:855][  7]LogAssetRegistry: Asset discovery search completed in 7.1753 seconds
[2022.01.06-18.55.18:858][  7]LogCollectionManager: Fixed up redirectors for 0 collections in 0.000006 seconds (updated 0 objects)
[2022.01.06-18.55.58:728][574]LogSlate: Took 0.000079 seconds to synchronously load lazily loaded font '../../../Engine/Content/Slate/Fonts/Roboto-Light.ttf' (167K)
[2022.01.06-18.55.58:742][574]LogAssetEditorSubsystem: Opening Asset editor for Blueprint /Game/Blueprints/MyAsistivnaBall.MyAsistivnaBall
[2022.01.06-18.55.58:866][574]LogContentBrowser: Native class hierarchy updated for 'BlueprintGraph' in 0.0005 seconds. Added 121 classes and 0 folders.
[2022.01.06-18.55.59:512][574]LogSlate: Took 0.004237 seconds to synchronously load lazily loaded font '../../../Engine/Content/Slate/Fonts/Roboto-BoldCondensed.ttf' (158K)
[2022.01.06-18.55.59:607][575]LogSlate: Took 0.004517 seconds to synchronously load lazily loaded font '../../../Engine/Content/Slate/Fonts/Roboto-Italic.ttf' (157K)
[2022.01.06-18.56.00:921][723]LogRenderer: Reallocating scene render targets to support 1208x740 Format 10 NumSamples 1 (Frame:1).
[2022.01.06-18.56.30:764][737]LogUObjectHash: Compacting FUObjectHashTables data took   2.40ms
[2022.01.06-18.56.30:790][737]LogSlate: Window 'Asistivna - Unreal Editor' being destroyed
[2022.01.06-18.56.30:913][737]LogWorld: UWorld::CleanupWorld for World_1, bSessionEnded=true, bCleanupResources=true
[2022.01.06-18.56.30:913][737]LogSlate: InvalidateAllWidgets triggered.  All widgets were invalidated
[2022.01.06-18.56.30:954][738]Cmd: QUIT_EDITOR
[2022.01.06-18.56.30:954][738]LogCore: Engine exit requested (reason: UUnrealEdEngine::CloseEditor())
[2022.01.06-18.56.30:965][738]LogCore: Engine exit requested (reason: EngineExit() was called; note: exit was already requested)
[2022.01.06-18.56.30:966][738]LogAudioMixer: Display: No commands were queued while flushing the source manager.
[2022.01.06-18.56.30:981][738]LogWindowsTextInputMethodSystem: Display: IME system now deactivated.
[2022.01.06-18.56.30:987][738]LogExit: Preparing to exit.
[2022.01.06-18.56.31:156][738]LogWorld: UWorld::CleanupWorld for World_2, bSessionEnded=true, bCleanupResources=true
[2022.01.06-18.56.31:157][738]LogWorld: UWorld::CleanupWorld for World_3, bSessionEnded=true, bCleanupResources=true
[2022.01.06-18.56.31:159][738]LogActorComponent: UnregisterComponent: (None.None) Not registered. Aborting.
[2022.01.06-18.56.31:159][738]LogActorComponent: UnregisterComponent: (None.None) Not registered. Aborting.
[2022.01.06-18.56.31:159][738]LogActorComponent: UnregisterComponent: (None.None) Not registered. Aborting.
[2022.01.06-18.56.31:159][738]LogActorComponent: UnregisterComponent: (None.None) Not registered. Aborting.
[2022.01.06-18.56.31:159][738]LogActorComponent: UnregisterComponent: (None.None) Not registered. Aborting.
[2022.01.06-18.56.31:159][738]LogActorComponent: UnregisterComponent: (None.None) Not registered. Aborting.
[2022.01.06-18.56.31:159][738]LogActorComponent: UnregisterComponent: (None.None) Not registered. Aborting.
[2022.01.06-18.56.31:159][738]LogWorld: UWorld::CleanupWorld for None, bSessionEnded=true, bCleanupResources=true
[2022.01.06-18.56.31:178][738]LogDemo: Cleaned up 0 splitscreen connections with owner deletion
[2022.01.06-18.56.31:194][738]LogWorld: UWorld::CleanupWorld for None, bSessionEnded=true, bCleanupResources=true
[2022.01.06-18.56.31:194][738]LogExit: Editor shut down
[2022.01.06-18.56.31:194][738]LogExit: Transaction tracking system shut down
[2022.01.06-18.56.31:453][738]LogExit: Object subsystem successfully closed.
[2022.01.06-18.56.31:490][738]LogShaderCompilers: Display: Shaders left to compile 0
[2022.01.06-18.56.31:538][738]LogModuleManager: Shutting down and abandoning module BlueprintGraph (702)
[2022.01.06-18.56.31:538][738]LogModuleManager: Shutting down and abandoning module ExternalImagePicker (700)
[2022.01.06-18.56.31:538][738]LogModuleManager: Shutting down and abandoning module HierarchicalLODOutliner (698)
[2022.01.06-18.56.31:538][738]LogModuleManager: Shutting down and abandoning module SceneOutliner (696)
[2022.01.06-18.56.31:539][738]LogModuleManager: Shutting down and abandoning module AddContentDialog (694)
[2022.01.06-18.56.31:539][738]LogModuleManager: Shutting down and abandoning module WidgetCarousel (693)
[2022.01.06-18.56.31:539][738]LogModuleManager: Shutting down and abandoning module EditorWidgets (690)
[2022.01.06-18.56.31:539][738]LogModuleManager: Shutting down and abandoning module CollectionManager (688)
[2022.01.06-18.56.31:540][738]LogModuleManager: Shutting down and abandoning module StatsViewer (686)
[2022.01.06-18.56.31:541][738]LogModuleManager: Shutting down and abandoning module VirtualTexturingEditor (684)
[2022.01.06-18.56.31:541][738]LogModuleManager: Shutting down and abandoning module FoliageEdit (682)
[2022.01.06-18.56.31:541][738]LogModuleManager: Shutting down and abandoning module LandscapeEditor (680)
[2022.01.06-18.56.31:543][738]LogModuleManager: Shutting down and abandoning module MeshPaintMode (678)
[2022.01.06-18.56.31:543][738]LogModuleManager: Shutting down and abandoning module SceneDepthPickerMode (676)
[2022.01.06-18.56.31:543][738]LogModuleManager: Shutting down and abandoning module ActorPickerMode (674)
[2022.01.06-18.56.31:544][738]LogModuleManager: Shutting down and abandoning module GeometryMode (672)
[2022.01.06-18.56.31:544][738]LogModuleManager: Shutting down and abandoning module TextureAlignMode (670)
[2022.01.06-18.56.31:544][738]LogModuleManager: Shutting down and abandoning module BspMode (668)
[2022.01.06-18.56.31:544][738]LogModuleManager: Shutting down and abandoning module PIEPreviewDeviceProfileSelector (666)
[2022.01.06-18.56.31:544][738]LogModuleManager: Shutting down and abandoning module SequenceRecorderSections (664)
[2022.01.06-18.56.31:545][738]LogModuleManager: Shutting down and abandoning module AutomationWorker (662)
[2022.01.06-18.56.31:545][738]LogModuleManager: Shutting down and abandoning module SteamVREditor (660)
[2022.01.06-18.56.31:545][738]LogModuleManager: Shutting down and abandoning module OculusMR (658)
[2022.01.06-18.56.31:545][738]LogModuleManager: Shutting down and abandoning module AudioCaptureEditor (656)
[2022.01.06-18.56.31:546][738]LogModuleManager: Shutting down and abandoning module MatineeToLevelSequence (654)
[2022.01.06-18.56.31:546][738]LogModuleManager: Shutting down and abandoning module LevelSequenceEditor (652)
[2022.01.06-18.56.31:547][738]LogModuleManager: Shutting down and abandoning module PlacementMode (651)
[2022.01.06-18.56.31:547][738]LogModuleManager: Shutting down and abandoning module MaterialEditor (650)
[2022.01.06-18.56.31:548][738]LogModuleManager: Shutting down and abandoning module ActorSequenceEditor (646)
[2022.01.06-18.56.31:548][738]LogModuleManager: Shutting down and abandoning module WmfMediaFactory (644)
[2022.01.06-18.56.31:548][738]LogModuleManager: Shutting down and abandoning module WmfMediaEditor (642)
[2022.01.06-18.56.31:548][738]LogModuleManager: Shutting down and abandoning module WebMMediaFactory (640)
[2022.01.06-18.56.31:548][738]LogModuleManager: Shutting down and abandoning module WebMMediaEditor (638)
[2022.01.06-18.56.31:548][738]LogModuleManager: Shutting down and abandoning module WebMMedia (636)
[2022.01.06-18.56.31:549][738]LogModuleManager: Shutting down and abandoning module MediaPlayerEditor (634)
[2022.01.06-18.56.31:549][738]LogModuleManager: Shutting down and abandoning module MediaCompositingEditor (632)
[2022.01.06-18.56.31:550][738]LogModuleManager: Shutting down and abandoning module SequenceRecorder (631)
[2022.01.06-18.56.31:550][738]LogModuleManager: Shutting down and abandoning module OpenExrWrapper (628)
[2022.01.06-18.56.31:550][738]LogModuleManager: Shutting down and abandoning module ImgMediaFactory (626)
[2022.01.06-18.56.31:550][738]LogModuleManager: Shutting down and abandoning module ImgMediaEditor (624)
[2022.01.06-18.56.31:550][738]LogModuleManager: Shutting down and abandoning module AvfMediaFactory (622)
[2022.01.06-18.56.31:550][738]LogModuleManager: Shutting down and abandoning module AvfMediaEditor (620)
[2022.01.06-18.56.31:550][738]LogModuleManager: Shutting down and abandoning module AndroidMediaFactory (618)
[2022.01.06-18.56.31:550][738]LogModuleManager: Shutting down and abandoning module AndroidMediaEditor (616)
[2022.01.06-18.56.31:550][738]LogModuleManager: Shutting down and abandoning module MagicLeapMediaCodecFactory (614)
[2022.01.06-18.56.31:550][738]LogModuleManager: Shutting down and abandoning module MagicLeapMediaFactory (612)
[2022.01.06-18.56.31:551][738]LogModuleManager: Shutting down and abandoning module MagicLeapMediaEditor (610)
[2022.01.06-18.56.31:551][738]LogModuleManager: Shutting down and abandoning module CharacterAI (608)
[2022.01.06-18.56.31:551][738]LogModuleManager: Shutting down and abandoning module SmartSnapping (606)
[2022.01.06-18.56.31:551][738]LogModuleManager: Shutting down and abandoning module SessionServices (604)
[2022.01.06-18.56.31:551][738]LogModuleManager: Shutting down and abandoning module MeshPaint (602)
[2022.01.06-18.56.31:552][738]LogModuleManager: Shutting down and abandoning module ViewportSnapping (600)
[2022.01.06-18.56.31:552][738]LogModuleManager: Shutting down and abandoning module ViewportInteraction (598)
[2022.01.06-18.56.31:552][738]LogModuleManager: Shutting down and abandoning module ClothPainter (596)
[2022.01.06-18.56.31:553][738]LogModuleManager: Shutting down and abandoning module SkeletalMeshEditor (595)
[2022.01.06-18.56.31:553][738]LogModuleManager: Shutting down and abandoning module LogVisualizer (592)
[2022.01.06-18.56.31:555][738]LogModuleManager: Shutting down and abandoning module IntroTutorials (590)
[2022.01.06-18.56.31:555][738]LogModuleManager: Shutting down and abandoning module GameProjectGeneration (589)
[2022.01.06-18.56.31:555][738]LogModuleManager: Shutting down and abandoning module LuminPlatformEditor (586)
[2022.01.06-18.56.31:555][738]LogModuleManager: Shutting down and abandoning module IOSPlatformEditor (584)
[2022.01.06-18.56.31:555][738]LogModuleManager: Shutting down and abandoning module AndroidPlatformEditor (582)
[2022.01.06-18.56.31:555][738]LogModuleManager: Shutting down and abandoning module AndroidDeviceDetection (581)
[2022.01.06-18.56.32:871][738]LogModuleManager: Shutting down and abandoning module WindowsPlatformEditor (578)
[2022.01.06-18.56.32:871][738]LogModuleManager: Shutting down and abandoning module LuminRuntimeSettings (576)
[2022.01.06-18.56.32:871][738]LogModuleManager: Shutting down and abandoning module IOSRuntimeSettings (574)
[2022.01.06-18.56.32:871][738]LogModuleManager: Shutting down and abandoning module AndroidRuntimeSettings (572)
[2022.01.06-18.56.32:871][738]LogModuleManager: Shutting down and abandoning module EditorInteractiveToolsFramework (570)
[2022.01.06-18.56.32:871][738]LogModuleManager: Shutting down and abandoning module TimeManagementEditor (568)
[2022.01.06-18.56.32:871][738]LogModuleManager: Shutting down and abandoning module InputBindingEditor (566)
[2022.01.06-18.56.32:872][738]LogModuleManager: Shutting down and abandoning module MergeActors (564)
[2022.01.06-18.56.32:873][738]LogModuleManager: Shutting down and abandoning module LocalizationDashboard (562)
[2022.01.06-18.56.32:873][738]LogModuleManager: Shutting down and abandoning module LocalizationService (561)
[2022.01.06-18.56.32:873][738]LogModuleManager: Shutting down and abandoning module HardwareTargeting (558)
[2022.01.06-18.56.32:873][738]LogModuleManager: Shutting down and abandoning module DeviceProfileEditor (556)
[2022.01.06-18.56.32:874][738]LogModuleManager: Shutting down and abandoning module UndoHistory (554)
[2022.01.06-18.56.32:874][738]LogModuleManager: Shutting down and abandoning module XmlParser (552)
[2022.01.06-18.56.32:874][738]LogModuleManager: Shutting down and abandoning module Blutility (550)
[2022.01.06-18.56.32:874][738]LogModuleManager: Shutting down and abandoning module ProjectSettingsViewer (548)
[2022.01.06-18.56.32:874][738]LogModuleManager: Shutting down and abandoning module ProjectTargetPlatformEditor (547)
[2022.01.06-18.56.32:874][738]LogModuleManager: Shutting down and abandoning module EditorSettingsViewer (544)
[2022.01.06-18.56.32:874][738]LogModuleManager: Shutting down and abandoning module SettingsEditor (542)
[2022.01.06-18.56.32:875][738]LogModuleManager: Shutting down and abandoning module ProjectLauncher (540)
[2022.01.06-18.56.32:876][738]LogModuleManager: Shutting down and abandoning module SessionFrontend (538)
[2022.01.06-18.56.32:876][738]LogModuleManager: Shutting down and abandoning module ProfilerClient (536)
[2022.01.06-18.56.32:876][738]LogModuleManager: Shutting down and abandoning module DeviceManager (534)
[2022.01.06-18.56.32:877][738]LogModuleManager: Shutting down and abandoning module TargetDeviceServices (533)
[2022.01.06-18.56.32:909][738]LogModuleManager: Shutting down and abandoning module AutomationController (530)
[2022.01.06-18.56.32:909][738]LogModuleManager: Shutting down and abandoning module AutomationWindow (528)
[2022.01.06-18.56.32:911][738]LogModuleManager: Shutting down and abandoning module Layers (526)
[2022.01.06-18.56.32:911][738]LogModuleManager: Shutting down and abandoning module ComponentVisualizers (524)
[2022.01.06-18.56.32:911][738]LogModuleManager: Shutting down and abandoning module DetailCustomizations (522)
[2022.01.06-18.56.32:911][738]LogModuleManager: Shutting down and abandoning module PackagesDialog (520)
[2022.01.06-18.56.32:913][738]LogModuleManager: Shutting down and abandoning module AnimationBlueprintEditor (518)
[2022.01.06-18.56.32:914][738]LogModuleManager: Shutting down and abandoning module Persona (516)
[2022.01.06-18.56.32:915][738]LogModuleManager: Shutting down and abandoning module AdvancedPreviewScene (515)
[2022.01.06-18.56.32:915][738]LogModuleManager: Shutting down and abandoning module AnimGraph (513)
[2022.01.06-18.56.32:915][738]LogModuleManager: Shutting down and abandoning module Kismet (510)
[2022.01.06-18.56.32:918][738]LogModuleManager: Shutting down and abandoning module KismetWidgets (509)
[2022.01.06-18.56.32:918][738]LogModuleManager: Shutting down and abandoning module GraphEditor (506)
[2022.01.06-18.56.32:919][738]LogModuleManager: Shutting down and abandoning module StructViewer (504)
[2022.01.06-18.56.32:919][738]LogModuleManager: Shutting down and abandoning module ClassViewer (502)
[2022.01.06-18.56.32:920][738]LogModuleManager: Shutting down and abandoning module Toolbox (500)
[2022.01.06-18.56.32:920][738]LogModuleManager: Shutting down and abandoning module ModuleUI (498)
[2022.01.06-18.56.32:920][738]LogModuleManager: Shutting down and abandoning module OutputLog (496)
[2022.01.06-18.56.32:921][738]LogModuleManager: Shutting down and abandoning module GammaUI (494)
[2022.01.06-18.56.32:921][738]LogModuleManager: Shutting down and abandoning module Documentation (492)
[2022.01.06-18.56.32:921][738]LogModuleManager: Shutting down and abandoning module ToolMenus (490)
[2022.01.06-18.56.32:921][738]LogModuleManager: Shutting down and abandoning module LiveCoding (488)
[2022.01.06-18.56.32:922][738]LogModuleManager: Shutting down and abandoning module LevelSequence (486)
[2022.01.06-18.56.32:922][738]LogModuleManager: Shutting down and abandoning module MovieSceneTracks (484)
[2022.01.06-18.56.32:922][738]LogModuleManager: Shutting down and abandoning module MovieScene (482)
[2022.01.06-18.56.32:922][738]LogModuleManager: Shutting down and abandoning module StreamingPauseRendering (480)
[2022.01.06-18.56.32:922][738]LogModuleManager: Shutting down and abandoning module LauncherPlatform (478)
[2022.01.06-18.56.32:922][738]LogModuleManager: Shutting down and abandoning module AnalyticsET (476)
[2022.01.06-18.56.32:922][738]LogModuleManager: Shutting down and abandoning module PortalServices (474)
[2022.01.06-18.56.32:922][738]LogModuleManager: Shutting down and abandoning module PortalRpc (472)
[2022.01.06-18.56.32:922][738]LogModuleManager: Shutting down and abandoning module MessagingRpc (470)
[2022.01.06-18.56.32:922][738]LogModuleManager: Shutting down and abandoning module AudioMixerXAudio2 (468)
[2022.01.06-18.56.32:922][738]LogModuleManager: Shutting down and abandoning module AIModule (466)
[2022.01.06-18.56.32:924][738]LogModuleManager: Shutting down and abandoning module GameplayDebugger (465)
[2022.01.06-18.56.32:924][738]LogModuleManager: Shutting down and abandoning module AITestSuite (463)
[2022.01.06-18.56.32:924][738]LogModuleManager: Shutting down and abandoning module NavigationSystem (461)
[2022.01.06-18.56.32:924][738]LogModuleManager: Shutting down and abandoning module ImageWriteQueue (458)
[2022.01.06-18.56.32:927][738]LogModuleManager: Shutting down and abandoning module ProfilerService (456)
[2022.01.06-18.56.32:931][738]LogModuleManager: Shutting down and abandoning module TaskGraph (454)
[2022.01.06-18.56.32:932][738]LogModuleManager: Shutting down and abandoning module ScreenshotTools (452)
[2022.01.06-18.56.32:932][738]LogModuleManager: Shutting down and abandoning module ProceduralMeshComponentEditor (450)
[2022.01.06-18.56.32:932][738]LogModuleManager: Shutting down and abandoning module ProceduralMeshComponent (448)
[2022.01.06-18.56.32:932][738]LogModuleManager: Shutting down and abandoning module OculusEditor (446)
[2022.01.06-18.56.32:932][738]LogModuleManager: Shutting down and abandoning module OculusInput (444)
[2022.01.06-18.56.32:932][738]LogModuleManager: Shutting down and abandoning module MobilePatchingUtils (442)
[2022.01.06-18.56.32:932][738]LogModuleManager: Shutting down and abandoning module EditableMesh (440)
[2022.01.06-18.56.32:933][738]LogModuleManager: Shutting down and abandoning module CustomMeshComponent (438)
[2022.01.06-18.56.32:933][738]LogModuleManager: Shutting down and abandoning module CableComponent (436)
[2022.01.06-18.56.32:933][738]LogModuleManager: Shutting down and abandoning module AudioCapture (434)
[2022.01.06-18.56.32:933][738]LogModuleManager: Shutting down and abandoning module AudioCaptureRtAudio (433)
[2022.01.06-18.56.32:933][738]LogModuleManager: Shutting down and abandoning module AssetTags (430)
[2022.01.06-18.56.32:933][738]LogModuleManager: Shutting down and abandoning module ArchVisCharacter (428)
[2022.01.06-18.56.32:933][738]LogModuleManager: Shutting down and abandoning module AppleImageUtilsBlueprintSupport (426)
[2022.01.06-18.56.32:933][738]LogModuleManager: Shutting down and abandoning module AppleImageUtils (424)
[2022.01.06-18.56.32:933][738]LogModuleManager: Shutting down and abandoning module AndroidPermission (422)
[2022.01.06-18.56.32:933][738]LogModuleManager: Shutting down and abandoning module NUTUnrealEngine4 (420)
[2022.01.06-18.56.32:933][738]LogModuleManager: Shutting down and abandoning module NetcodeUnitTest (418)
[2022.01.06-18.56.32:934][738]LogModuleManager: Shutting down and abandoning module MediaCompositing (416)
[2022.01.06-18.56.32:934][738]LogModuleManager: Shutting down and abandoning module ImgMedia (414)
[2022.01.06-18.56.32:934][738]LogModuleManager: Shutting down and abandoning module MagicLeapHelperVulkan (412)
[2022.01.06-18.56.32:934][738]LogModuleManager: Shutting down and abandoning module MagicLeapHelperOpenGL (410)
[2022.01.06-18.56.32:934][738]LogModuleManager: Shutting down and abandoning module MagicLeapAudio (408)
[2022.01.06-18.56.32:934][738]LogModuleManager: Shutting down and abandoning module GeometryCacheTracks (406)
[2022.01.06-18.56.32:934][738]LogModuleManager: Shutting down and abandoning module GeometryCacheSequencer (404)
[2022.01.06-18.56.32:934][738]LogModuleManager: Shutting down and abandoning module BackChannel (402)
[2022.01.06-18.56.32:934][738]LogModuleManager: Shutting down and abandoning module AutomationUtilsEditor (400)
[2022.01.06-18.56.32:934][738]LogModuleManager: Shutting down and abandoning module AutomationUtils (398)
[2022.01.06-18.56.32:934][738]LogModuleManager: Shutting down and abandoning module AlembicImporter (396)
[2022.01.06-18.56.32:935][738]LogModuleManager: Shutting down and abandoning module AlembicLibrary (395)
[2022.01.06-18.56.32:935][738]LogModuleManager: Shutting down and abandoning module GeometryCache (394)
[2022.01.06-18.56.32:935][738]LogModuleManager: Shutting down and abandoning module GeometryCacheEd (393)
[2022.01.06-18.56.32:935][738]LogModuleManager: Shutting down and abandoning module VariantManagerContentEditor (388)
[2022.01.06-18.56.32:935][738]LogModuleManager: Shutting down and abandoning module DatasmithContentEditor (386)
[2022.01.06-18.56.32:936][738]LogModuleManager: Shutting down and abandoning module SpeedTreeImporter (384)
[2022.01.06-18.56.32:936][738]LogModuleManager: Shutting down and abandoning module PluginBrowser (382)
[2022.01.06-18.56.32:937][738]LogModuleManager: Shutting down and abandoning module MobileLauncherProfileWizard (380)
[2022.01.06-18.56.32:938][738]LogModuleManager: Shutting down and abandoning module MaterialAnalyzer (378)
[2022.01.06-18.56.32:938][738]LogModuleManager: Shutting down and abandoning module CurveEditorTools (376)
[2022.01.06-18.56.32:939][738]LogModuleManager: Shutting down and abandoning module CryptoKeysOpenSSL (374)
[2022.01.06-18.56.32:939][738]LogModuleManager: Shutting down and abandoning module CryptoKeys (372)
[2022.01.06-18.56.32:939][738]LogModuleManager: Shutting down and abandoning module VisualStudioSourceCodeAccess (370)
[2022.01.06-18.56.32:939][738]LogModuleManager: Shutting down and abandoning module VisualStudioCodeSourceCodeAccess (368)
[2022.01.06-18.56.32:939][738]LogModuleManager: Shutting down and abandoning module UObjectPlugin (366)
[2022.01.06-18.56.32:939][738]LogModuleManager: Shutting down and abandoning module SubversionSourceControl (364)
[2022.01.06-18.56.32:940][738]LogModuleManager: Shutting down and abandoning module PlasticSourceControl (362)
[2022.01.06-18.56.32:941][738]LogModuleManager: Shutting down and abandoning module PerforceSourceControl (360)
[2022.01.06-18.56.32:942][738]LogModuleManager: Shutting down and abandoning module GitSourceControl (358)
[2022.01.06-18.56.32:942][738]LogModuleManager: Shutting down and abandoning module SourceControl (357)
[2022.01.06-18.56.32:942][738]LogModuleManager: Shutting down and abandoning module CLionSourceCodeAccess (354)
[2022.01.06-18.56.32:942][738]LogModuleManager: Shutting down and abandoning module AnimationSharingEd (352)
[2022.01.06-18.56.32:942][738]LogModuleManager: Shutting down and abandoning module ActorLayerUtilitiesEditor (350)
[2022.01.06-18.56.32:943][738]LogModuleManager: Shutting down and abandoning module ActorLayerUtilities (348)
[2022.01.06-18.56.32:943][738]LogModuleManager: Shutting down and abandoning module LightPropagationVolumeEditor (346)
[2022.01.06-18.56.32:943][738]LogModuleManager: Shutting down and abandoning module PaperTiledImporter (344)
[2022.01.06-18.56.32:943][738]LogModuleManager: Shutting down and abandoning module PaperSpriteSheetImporter (342)
[2022.01.06-18.56.32:943][738]LogModuleManager: Shutting down and abandoning module Paper2DEditor (340)
[2022.01.06-18.56.32:944][738]LogModuleManager: Shutting down and abandoning module Asistivna (338)
[2022.01.06-18.56.32:944][738]LogModuleManager: Shutting down and abandoning module SignificanceManager (336)
[2022.01.06-18.56.32:944][738]LogModuleManager: Shutting down and abandoning module RuntimePhysXCooking (334)
[2022.01.06-18.56.32:944][738]LogModuleManager: Shutting down and abandoning module PhysXVehiclesEditor (332)
[2022.01.06-18.56.32:944][738]LogModuleManager: Shutting down and abandoning module LocationServicesBPLibrary (328)
[2022.01.06-18.56.32:944][738]LogModuleManager: Shutting down and abandoning module ActorSequence (326)
[2022.01.06-18.56.32:944][738]LogModuleManager: Shutting down and abandoning module UdpMessaging (324)
[2022.01.06-18.56.33:045][738]LogModuleManager: Shutting down and abandoning module TcpMessaging (322)
[2022.01.06-18.56.33:146][738]LogModuleManager: Shutting down and abandoning module MagicLeapPrivileges (320)
[2022.01.06-18.56.33:146][738]LogModuleManager: Shutting down and abandoning module MagicLeapPlanes (318)
[2022.01.06-18.56.33:147][738]LogMagicLeapPlanes: Planes tracker already destroyed.
[2022.01.06-18.56.33:147][738]LogModuleManager: Shutting down and abandoning module MagicLeapIdentity (316)
[2022.01.06-18.56.33:147][738]LogModuleManager: Shutting down and abandoning module MagicLeapSecureStorage (314)
[2022.01.06-18.56.33:147][738]LogModuleManager: Shutting down and abandoning module MagicLeapImageTracker (312)
[2022.01.06-18.56.33:147][738]LogModuleManager: Shutting down and abandoning module MagicLeapHandTracking (310)
[2022.01.06-18.56.33:147][738]LogModuleManager: Shutting down and abandoning module MagicLeapHandMeshing (308)
[2022.01.06-18.56.33:147][738]LogModuleManager: Shutting down and abandoning module MagicLeapEyeTracker (306)
[2022.01.06-18.56.33:147][738]LogModuleManager: Shutting down and abandoning module MagicLeapController (304)
[2022.01.06-18.56.33:147][738]LogSlate: Slate User Destroyed.  User Index 0, Is Virtual User: 0
[2022.01.06-18.56.33:147][738]LogModuleManager: Shutting down and abandoning module MagicLeapARPin (302)
[2022.01.06-18.56.33:147][738]LogModuleManager: Shutting down and abandoning module MagicLeapAR (300)
[2022.01.06-18.56.33:147][738]LogModuleManager: Shutting down and abandoning module AugmentedReality (299)
[2022.01.06-18.56.33:147][738]LogModuleManager: Shutting down and abandoning module GameplayTagsEditor (296)
[2022.01.06-18.56.33:148][738]LogModuleManager: Shutting down and abandoning module FacialAnimationEditor (294)
[2022.01.06-18.56.33:148][738]LogModuleManager: Shutting down and abandoning module FacialAnimation (292)
[2022.01.06-18.56.33:148][738]LogModuleManager: Shutting down and abandoning module DataValidation (290)
[2022.01.06-18.56.33:148][738]LogModuleManager: Shutting down and abandoning module AssetManagerEditor (288)
[2022.01.06-18.56.33:148][738]LogModuleManager: Shutting down and abandoning module LevelEditor (287)
[2022.01.06-18.56.33:149][738]LogModuleManager: Shutting down and abandoning module PixelInspectorModule (286)
[2022.01.06-18.56.33:150][738]LogModuleManager: Shutting down and abandoning module CommonMenuExtensions (284)
[2022.01.06-18.56.33:150][738]LogModuleManager: Shutting down and abandoning module MainFrame (282)
[2022.01.06-18.56.33:150][738]LogModuleManager: Shutting down and abandoning module HotReload (281)
[2022.01.06-18.56.33:151][738]LogModuleManager: Shutting down and abandoning module ContentBrowser (277)
[2022.01.06-18.56.33:152][738]LogModuleManager: Shutting down and abandoning module TreeMap (275)
[2022.01.06-18.56.33:152][738]LogModuleManager: Shutting down and abandoning module AnimationSharing (272)
[2022.01.06-18.56.33:152][738]LogModuleManager: Shutting down and abandoning module LightPropagationVolumeRuntime (270)
[2022.01.06-18.56.33:152][738]LogModuleManager: Shutting down and abandoning module Paper2D (268)
[2022.01.06-18.56.33:153][738]LogModuleManager: Shutting down and abandoning module WindowsMoviePlayer (266)
[2022.01.06-18.56.33:154][738]LogModuleManager: Shutting down and abandoning module WebMMoviePlayer (264)
[2022.01.06-18.56.33:154][738]LogModuleManager: Shutting down and abandoning module NetworkReplayStreaming (262)
[2022.01.06-18.56.33:154][738]LogModuleManager: Shutting down and abandoning module PacketHandler (260)
[2022.01.06-18.56.33:154][738]LogModuleManager: Shutting down and abandoning module ClothingSystemEditor (258)
[2022.01.06-18.56.33:154][738]LogModuleManager: Shutting down and abandoning module ClothingSystemRuntimeNv (256)
[2022.01.06-18.56.33:155][738]LogModuleManager: Shutting down and abandoning module MediaAssets (254)
[2022.01.06-18.56.33:155][738]LogModuleManager: Shutting down and abandoning module Overlay (252)
[2022.01.06-18.56.33:155][738]LogModuleManager: Shutting down and abandoning module OverlayEditor (251)
[2022.01.06-18.56.33:155][738]LogModuleManager: Shutting down and abandoning module VREditor (248)
[2022.01.06-18.56.33:156][738]LogModuleManager: Shutting down and abandoning module StringTableEditor (246)
[2022.01.06-18.56.33:156][738]LogModuleManager: Shutting down and abandoning module GameplayTasksEditor (244)
[2022.01.06-18.56.33:156][738]LogModuleManager: Shutting down and abandoning module BehaviorTreeEditor (242)
[2022.01.06-18.56.33:157][738]LogModuleManager: Shutting down and abandoning module FunctionalTesting (240)
[2022.01.06-18.56.33:157][738]LogModuleManager: Shutting down and abandoning module CollisionAnalyzer (238)
[2022.01.06-18.56.33:158][738]LogModuleManager: Shutting down and abandoning module WorkspaceMenuStructure (237)
[2022.01.06-18.56.33:158][738]LogModuleManager: Shutting down and abandoning module UMG (234)
[2022.01.06-18.56.33:158][738]LogModuleManager: Shutting down and abandoning module UMGEditor (233)
[2022.01.06-18.56.33:158][738]LogModuleManager: Shutting down and abandoning module MessageLog (231)
[2022.01.06-18.56.33:158][738]LogModuleManager: Shutting down and abandoning module SlateReflector (226)
[2022.01.06-18.56.33:160][738]LogModuleManager: Shutting down and abandoning module Slate (224)
[2022.01.06-18.56.33:160][738]LogModuleManager: Shutting down and abandoning module SlateCore (222)
[2022.01.06-18.56.33:160][738]LogModuleManager: Shutting down and abandoning module LandscapeEditorUtilities (220)
[2022.01.06-18.56.33:160][738]LogModuleManager: Shutting down and abandoning module UnrealEd (218)
[2022.01.06-18.56.33:160][738]LogModuleManager: Shutting down and abandoning module MRMesh (216)
[2022.01.06-18.56.33:160][738]LogModuleManager: Shutting down and abandoning module SourceCodeAccess (214)
[2022.01.06-18.56.33:160][738]LogModuleManager: Shutting down and abandoning module HeadMountedDisplay (212)
[2022.01.06-18.56.33:161][738]LogModuleManager: Shutting down and abandoning module XAudio2 (210)
[2022.01.06-18.56.33:161][738]LogModuleManager: Shutting down and abandoning module Networking (208)
[2022.01.06-18.56.33:161][738]LogModuleManager: Shutting down and abandoning module Core (206)
[2022.01.06-18.56.33:161][738]LogModuleManager: Shutting down and abandoning module MovieSceneTools (204)
[2022.01.06-18.56.33:162][738]LogModuleManager: Shutting down and abandoning module CurveEditor (203)
[2022.01.06-18.56.33:163][738]LogModuleManager: Shutting down and abandoning module Sequencer (201)
[2022.01.06-18.56.33:164][738]LogModuleManager: Shutting down and abandoning module EditorStyle (200)
[2022.01.06-18.56.33:165][738]LogModuleManager: Shutting down and abandoning module KismetCompiler (196)
[2022.01.06-18.56.33:165][738]LogModuleManager: Shutting down and abandoning module MeshUtilities (194)
[2022.01.06-18.56.33:165][738]LogModuleManager: Shutting down and abandoning module MeshMergeUtilities (193)
[2022.01.06-18.56.33:166][738]LogModuleManager: Shutting down and abandoning module MeshReductionInterface (192)
[2022.01.06-18.56.33:166][738]LogModuleManager: Shutting down and abandoning module MeshBoneReduction (191)
[2022.01.06-18.56.33:166][738]LogModuleManager: Shutting down and abandoning module SkeletalMeshReduction (189)
[2022.01.06-18.56.33:166][738]LogModuleManager: Shutting down and abandoning module ProxyLODMeshReduction (187)
[2022.01.06-18.56.33:167][738]LogModuleManager: Shutting down and abandoning module QuadricMeshReduction (185)
[2022.01.06-18.56.33:168][738]LogModuleManager: Shutting down and abandoning module MaterialBaking (181)
[2022.01.06-18.56.33:168][738]LogModuleManager: Shutting down and abandoning module NullInstallBundleManager (176)
[2022.01.06-18.56.33:168][738]LogModuleManager: Shutting down and abandoning module DerivedDataCache (174)
[2022.01.06-18.56.33:168][738]LogDerivedDataCache: Shutdown
[2022.01.06-18.56.33:168][738]LogModuleManager: Shutting down and abandoning module XGEController (172)
[2022.01.06-18.56.33:168][738]LogXGEController: Cleaning working directory: C:/Users/luka/AppData/Local/Temp/UnrealXGEWorkingDir/
[2022.01.06-18.56.33:169][738]LogModuleManager: Shutting down and abandoning module TargetPlatform (170)
[2022.01.06-18.56.33:169][738]LogModuleManager: Shutting down and abandoning module VulkanShaderFormat (169)
[2022.01.06-18.56.33:169][738]LogModuleManager: Shutting down and abandoning module ShaderFormatVectorVM (167)
[2022.01.06-18.56.33:169][738]LogModuleManager: Shutting down and abandoning module ShaderFormatOpenGL (165)
[2022.01.06-18.56.33:169][738]LogModuleManager: Shutting down and abandoning module ShaderFormatD3D (163)
[2022.01.06-18.56.33:169][738]LogModuleManager: Shutting down and abandoning module MetalShaderFormat (161)
[2022.01.06-18.56.33:170][738]LogModuleManager: Shutting down and abandoning module TextureFormatUncompressed (159)
[2022.01.06-18.56.33:170][738]LogModuleManager: Shutting down and abandoning module TextureFormatPVR (157)
[2022.01.06-18.56.33:170][738]LogModuleManager: Shutting down and abandoning module TextureFormatDXT (155)
[2022.01.06-18.56.33:171][738]LogModuleManager: Shutting down and abandoning module TextureFormatIntelISPCTexComp (153)
[2022.01.06-18.56.33:171][738]LogModuleManager: Shutting down and abandoning module TextureFormatASTC (151)
[2022.01.06-18.56.33:171][738]LogModuleManager: Shutting down and abandoning module ImageWrapper (150)
[2022.01.06-18.56.33:171][738]LogModuleManager: Shutting down and abandoning module TextureFormatAndroid (147)
[2022.01.06-18.56.33:171][738]LogModuleManager: Shutting down and abandoning module AudioFormatOpus (145)
[2022.01.06-18.56.33:172][738]LogModuleManager: Shutting down and abandoning module AudioFormatOgg (143)
[2022.01.06-18.56.33:172][738]LogModuleManager: Shutting down and abandoning module AudioFormatADPCM (141)
[2022.01.06-18.56.33:172][738]LogModuleManager: Shutting down and abandoning module WindowsServerTargetPlatform (139)
[2022.01.06-18.56.33:172][738]LogModuleManager: Shutting down and abandoning module WindowsClientTargetPlatform (137)
[2022.01.06-18.56.33:172][738]LogModuleManager: Shutting down and abandoning module WindowsTargetPlatform (135)
[2022.01.06-18.56.33:172][738]LogModuleManager: Shutting down and abandoning module WindowsNoEditorTargetPlatform (133)
[2022.01.06-18.56.33:172][738]LogModuleManager: Shutting down and abandoning module TVOSTargetPlatform (131)
[2022.01.06-18.56.33:173][738]LogModuleManager: Shutting down and abandoning module LuminTargetPlatform (129)
[2022.01.06-18.56.33:173][738]LogModuleManager: Shutting down and abandoning module LinuxAArch64ServerTargetPlatform (127)
[2022.01.06-18.56.33:173][738]LogModuleManager: Shutting down and abandoning module LinuxAArch64ClientTargetPlatform (125)
[2022.01.06-18.56.33:174][738]LogModuleManager: Shutting down and abandoning module LinuxAArch64NoEditorTargetPlatform (123)
[2022.01.06-18.56.33:174][738]LogModuleManager: Shutting down and abandoning module LinuxServerTargetPlatform (121)
[2022.01.06-18.56.33:174][738]LogModuleManager: Shutting down and abandoning module LinuxClientTargetPlatform (119)
[2022.01.06-18.56.33:174][738]LogModuleManager: Shutting down and abandoning module LinuxNoEditorTargetPlatform (117)
[2022.01.06-18.56.33:174][738]LogModuleManager: Shutting down and abandoning module Messaging (115)
[2022.01.06-18.56.33:174][738]LogModuleManager: Shutting down and abandoning module IOSTargetPlatform (113)
[2022.01.06-18.56.33:175][738]LogModuleManager: Shutting down and abandoning module AndroidTargetPlatform (111)
[2022.01.06-18.56.33:179][738]LogModuleManager: Shutting down and abandoning module AllDesktopTargetPlatform (109)
[2022.01.06-18.56.33:179][738]LogModuleManager: Shutting down and abandoning module InputCore (106)
[2022.01.06-18.56.33:179][738]LogModuleManager: Shutting down and abandoning module Settings (104)
[2022.01.06-18.56.33:179][738]LogModuleManager: Shutting down and abandoning module DirectoryWatcher (102)
[2022.01.06-18.56.33:179][738]LogModuleManager: Shutting down and abandoning module PhysXCooking (100)
[2022.01.06-18.56.33:179][738]LogModuleManager: Shutting down and abandoning module ChaosSolvers (98)
[2022.01.06-18.56.33:180][738]LogModuleManager: Shutting down and abandoning module FieldSystemEngine (97)
[2022.01.06-18.56.33:180][738]LogModuleManager: Shutting down and abandoning module Chaos (94)
[2022.01.06-18.56.33:180][738]LogModuleManager: Shutting down and abandoning module WindowsPlatformFeatures (92)
[2022.01.06-18.56.33:180][738]LogModuleManager: Shutting down and abandoning module GameplayMediaEncoder (91)
[2022.01.06-18.56.33:180][738]LogModuleManager: Shutting down and abandoning module SteamVRInputDevice (88)
[2022.01.06-18.56.33:180][738]LogModuleManager: Shutting down and abandoning module SteamVRInput (86)
[2022.01.06-18.56.33:180][738]LogModuleManager: Shutting down and abandoning module SteamVR (84)
[2022.01.06-18.56.33:181][738]LogHMD: Freeing OpenVRDLLHandle.
[2022.01.06-18.56.33:181][738]LogModuleManager: Shutting down and abandoning module OculusHMD (82)
[2022.01.06-18.56.33:182][738]LogModuleManager: Shutting down and abandoning module ExampleDeviceProfileSelector (80)
[2022.01.06-18.56.33:182][738]LogModuleManager: Shutting down and abandoning module LauncherChunkInstaller (78)
[2022.01.06-18.56.33:182][738]LogModuleManager: Shutting down and abandoning module OnlineBlueprintSupport (76)
[2022.01.06-18.56.33:182][738]LogModuleManager: Shutting down and abandoning module OnlineSubsystem (72)
[2022.01.06-18.56.33:185][738]LogModuleManager: Shutting down and abandoning module XMPP (67)
[2022.01.06-18.56.33:185][738]LogModuleManager: Shutting down and abandoning module WebSockets (66)
[2022.01.06-18.56.33:196][738]LogModuleManager: Shutting down and abandoning module HTTP (63)
[2022.01.06-18.56.33:196][738]LogHttp: Display: Http module shutting down, but needs to wait on 1 outstanding Http requests:
[2022.01.06-18.56.33:196][738]LogHttp: Display: 	verb=[POST] url=[https://datarouter.ol.epicgames.com/datarouter/api/v1/public/data?SessionID=%7B8E1FB273-4F87-97D2-FC99-6FAEABFF53F8%7D&AppID=UEEditor.Rocket.Release&AppVersion=4.24.3-11590370%2B%2B%2BUE4%2BRelease-4.24&UserID=e4cf487f497dc106a4deaa89eb497769%7C80afc8d75313426fa1bfa1c70fe1b300%7C86cdb4a4-eb9e-461a-8e36-6e2197b4a756&AppEnvironment=datacollector-binary&UploadType=eteventstream] refs=[1] status=Processing
[2022.01.06-18.56.33:216][738]LogModuleManager: Shutting down and abandoning module SSL (62)
[2022.01.06-18.56.33:216][738]LogModuleManager: Shutting down and abandoning module WmfMedia (58)
[2022.01.06-18.56.33:219][738]LogModuleManager: Shutting down and abandoning module Media (57)
[2022.01.06-18.56.33:219][738]LogModuleManager: Shutting down and abandoning module MagicLeap (54)
[2022.01.06-18.56.33:219][738]LogModuleManager: Shutting down and abandoning module VariantManagerContent (52)
[2022.01.06-18.56.33:219][738]LogModuleManager: Shutting down and abandoning module DatasmithContent (50)
[2022.01.06-18.56.33:219][738]LogModuleManager: Shutting down and abandoning module AISupportModule (48)
[2022.01.06-18.56.33:219][738]LogModuleManager: Shutting down and abandoning module DesktopPlatform (46)
[2022.01.06-18.56.33:219][738]LogModuleManager: Shutting down and abandoning module PlatformCryptoOpenSSL (44)
[2022.01.06-18.56.33:220][738]LogModuleManager: Shutting down and abandoning module PlatformCryptoTypes (42)
[2022.01.06-18.56.33:220][738]LogModuleManager: Shutting down and abandoning module PlatformCrypto (40)
[2022.01.06-18.56.33:220][738]LogModuleManager: Shutting down and abandoning module AnimationModifiers (38)
[2022.01.06-18.56.33:220][738]LogModuleManager: Shutting down and abandoning module PropertyEditor (37)
[2022.01.06-18.56.33:220][738]LogModuleManager: Shutting down and abandoning module AudioEditor (34)
[2022.01.06-18.56.33:222][738]LogModuleManager: Shutting down and abandoning module TextureCompressor (32)
[2022.01.06-18.56.33:222][738]LogModuleManager: Shutting down and abandoning module RenderCore (30)
[2022.01.06-18.56.33:222][738]LogModuleManager: Shutting down and abandoning module Landscape (28)
[2022.01.06-18.56.33:222][738]LogModuleManager: Shutting down and abandoning module SlateRHIRenderer (26)
[2022.01.06-18.56.33:225][738]LogModuleManager: Shutting down and abandoning module OpenGLDrv (24)
[2022.01.06-18.56.33:225][738]LogModuleManager: Shutting down and abandoning module D3D11RHI (22)
[2022.01.06-18.56.33:225][738]LogModuleManager: Shutting down and abandoning module AnimGraphRuntime (20)
[2022.01.06-18.56.33:226][738]LogModuleManager: Shutting down and abandoning module Renderer (18)
[2022.01.06-18.56.33:226][738]LogModuleManager: Shutting down and abandoning module Engine (16)
[2022.01.06-18.56.33:226][738]LogModuleManager: Shutting down and abandoning module CoreUObject (14)
[2022.01.06-18.56.33:226][738]LogModuleManager: Shutting down and abandoning module NetworkFile (12)
[2022.01.06-18.56.33:226][738]LogModuleManager: Shutting down and abandoning module CookedIterativeFile (10)
[2022.01.06-18.56.33:226][738]LogModuleManager: Shutting down and abandoning module StreamingFile (8)
[2022.01.06-18.56.33:226][738]LogModuleManager: Shutting down and abandoning module SandboxFile (6)
[2022.01.06-18.56.33:226][738]LogModuleManager: Shutting down and abandoning module PakFile (4)
[2022.01.06-18.56.33:226][738]LogModuleManager: Shutting down and abandoning module RSA (3)
[2022.01.06-18.56.33:228][738]LogD3D11RHI: Shutdown
[2022.01.06-18.56.33:228][738]LogD3D11RHI: CleanupD3DDevice
[2022.01.06-18.56.33:243][738]LogExit: Exiting.
[2022.01.06-18.56.33:312][738]Log file closed, 01/06/22 19:56:33
