Log file open, 12/01/21 18:26:52
LogWindows: Failed to load 'aqProf.dll' (GetLastError=126)
LogWindows: File 'aqProf.dll' does not exist
LogWindows: Failed to load 'VtuneApi.dll' (GetLastError=126)
LogWindows: File 'VtuneApi.dll' does not exist
LogWindows: Failed to load 'VtuneApi32e.dll' (GetLastError=126)
LogWindows: File 'VtuneApi32e.dll' does not exist
LogConsoleResponse: Display: Failed to find resolution value strings in scalability ini. Falling back to default.
LogInit: Display: Running engine for game: Asistivna
LogPlatformFile: Not using cached read wrapper
LogTaskGraph: Started task graph with 5 named threads and 23 total threads with 3 sets of task threads.
LogStats: Stats thread started at 1.576731
LogD3D11RHI: Loaded GFSDK_Aftermath_Lib.x64.dll
LogICUInternationalization: ICU TimeZone Detection - Raw Offset: +1:00, Platform Override: ''
LogPluginManager: Mounting plugin Paper2D
LogPluginManager: Mounting plugin AISupport
LogPluginManager: Mounting plugin LightPropagationVolume
LogPluginManager: Mounting plugin ActorLayerUtilities
LogPluginManager: Mounting plugin AnimationSharing
LogPluginManager: Mounting plugin CLionSourceCodeAccess
LogPluginManager: Mounting plugin CodeLiteSourceCodeAccess
LogPluginManager: Mounting plugin GitSourceControl
LogPluginManager: Mounting plugin KDevelopSourceCodeAccess
LogPluginManager: Mounting plugin NullSourceCodeAccess
LogPluginManager: Mounting plugin PerforceSourceControl
LogPluginManager: Mounting plugin PlasticSourceControl
LogPluginManager: Mounting plugin SubversionSourceControl
LogPluginManager: Mounting plugin UObjectPlugin
LogPluginManager: Mounting plugin VisualStudioCodeSourceCodeAccess
LogPluginManager: Mounting plugin VisualStudioSourceCodeAccess
LogPluginManager: Mounting plugin XCodeSourceCodeAccess
LogPluginManager: Mounting plugin AssetManagerEditor
LogPluginManager: Mounting plugin CryptoKeys
LogPluginManager: Mounting plugin CurveEditorTools
LogPluginManager: Mounting plugin DataValidation
LogPluginManager: Mounting plugin FacialAnimation
LogPluginManager: Mounting plugin GameplayTagsEditor
LogPluginManager: Mounting plugin MacGraphicsSwitching
LogPluginManager: Mounting plugin MaterialAnalyzer
LogPluginManager: Mounting plugin MobileLauncherProfileWizard
LogPluginManager: Mounting plugin PluginBrowser
LogPluginManager: Mounting plugin SpeedTreeImporter
LogPluginManager: Mounting plugin DatasmithContent
LogPluginManager: Mounting plugin VariantManagerContent
LogPluginManager: Mounting plugin AlembicImporter
LogPluginManager: Mounting plugin AutomationUtils
LogPluginManager: Mounting plugin BackChannel
LogPluginManager: Mounting plugin CharacterAI
LogPluginManager: Mounting plugin GeometryCache
LogPluginManager: Mounting plugin PlatformCrypto
LogPluginManager: Mounting plugin ProxyLODPlugin
LogPluginManager: Mounting plugin SkeletalReduction
LogPluginManager: Mounting plugin MagicLeap
LogPluginManager: Mounting plugin MagicLeapMedia
LogPluginManager: Mounting plugin MLSDK
LogPluginManager: Mounting plugin AndroidMedia
LogPluginManager: Mounting plugin AvfMedia
LogPluginManager: Mounting plugin ImgMedia
LogPluginManager: Mounting plugin MediaCompositing
LogPluginManager: Mounting plugin MediaPlayerEditor
LogPluginManager: Mounting plugin WebMMedia
LogPluginManager: Mounting plugin WmfMedia
LogPluginManager: Mounting plugin TcpMessaging
LogPluginManager: Mounting plugin UdpMessaging
LogPluginManager: Mounting plugin ActorSequence
LogPluginManager: Mounting plugin LevelSequenceEditor
LogPluginManager: Mounting plugin MatineeToLevelSequence
LogPluginManager: Mounting plugin NetcodeUnitTest
LogPluginManager: Mounting plugin NUTUnrealEngine4
LogPluginManager: Mounting plugin OnlineSubsystemGooglePlay
LogPluginManager: Mounting plugin OnlineSubsystemIOS
LogPluginManager: Mounting plugin OnlineSubsystem
LogPluginManager: Mounting plugin OnlineSubsystemNull
LogPluginManager: Mounting plugin OnlineSubsystemUtils
LogPluginManager: Mounting plugin LauncherChunkInstaller
LogPluginManager: Mounting plugin AndroidDeviceProfileSelector
LogPluginManager: Mounting plugin AndroidMoviePlayer
LogPluginManager: Mounting plugin AndroidPermission
LogPluginManager: Mounting plugin AppleImageUtils
LogPluginManager: Mounting plugin AppleMoviePlayer
LogPluginManager: Mounting plugin ArchVisCharacter
LogPluginManager: Mounting plugin AssetTags
LogPluginManager: Mounting plugin AudioCapture
LogPluginManager: Mounting plugin CableComponent
LogPluginManager: Mounting plugin CustomMeshComponent
LogPluginManager: Mounting plugin EditableMesh
LogPluginManager: Mounting plugin ExampleDeviceProfileSelector
LogPluginManager: Mounting plugin GoogleCloudMessaging
LogPluginManager: Mounting plugin IOSDeviceProfileSelector
LogPluginManager: Mounting plugin LinuxDeviceProfileSelector
LogPluginManager: Mounting plugin LocationServicesBPLibrary
LogPluginManager: Mounting plugin MobilePatchingUtils
LogPluginManager: Mounting plugin OculusVR
LogPluginManager: Mounting plugin PhysXVehicles
LogPluginManager: Mounting plugin PostSplashScreen
LogPluginManager: Mounting plugin ProceduralMeshComponent
LogPluginManager: Mounting plugin RuntimePhysXCooking
LogPluginManager: Mounting plugin SignificanceManager
LogPluginManager: Mounting plugin SteamVR
LogPluginManager: Mounting plugin WebMMoviePlayer
LogPluginManager: Mounting plugin WindowsMoviePlayer
LogPluginManager: Mounting plugin ScreenshotTools
LogInit: Using libcurl 7.55.1-DEV
LogInit:  - built for x86_64-pc-win32
LogInit:  - supports SSL with OpenSSL/1.1.1
LogInit:  - supports HTTP deflate (compression) using libz 1.2.8
LogInit:  - other features:
LogInit:      CURL_VERSION_SSL
LogInit:      CURL_VERSION_LIBZ
LogInit:      CURL_VERSION_IPV6
LogInit:      CURL_VERSION_ASYNCHDNS
LogInit:      CURL_VERSION_LARGEFILE
LogInit:      CURL_VERSION_IDN
LogInit:  CurlRequestOptions (configurable via config and command line):
LogInit:  - bVerifyPeer = true  - Libcurl will verify peer certificate
LogInit:  - bUseHttpProxy = false  - Libcurl will NOT use HTTP proxy
LogInit:  - bDontReuseConnections = false  - Libcurl will reuse connections
LogInit:  - MaxHostConnections = 16  - Libcurl will limit the number of connections to a host
LogInit:  - LocalHostAddr = Default
LogInit:  - BufferSize = 65536
LogOnline: OSS: Creating online subsystem instance for: NULL
LogInit: WinSock: version 1.1 (2.2), MaxSocks=32767, MaxUdp=65467
LogOnline: OSS: TryLoadSubsystemAndSetDefault: Loaded subsystem for module [NULL]
LogInit: Build: ++UE4+Release-4.24-CL-11590370
LogInit: Engine Version: 4.24.3-11590370+++UE4+Release-4.24
LogInit: Compatible Engine Version: 4.24.0-10570792+++UE4+Release-4.24
LogInit: Net CL: 10570792
LogInit: OS: Windows 10 (Release 2009) (), CPU: AMD FX(tm)-8300 Eight-Core Processor           , GPU: AMD Radeon R7 200 Series
LogInit: Compiled (64-bit): Feb 24 2020 15:39:18
LogInit: Compiled with Visual C++: 19.16.27032.01
LogInit: Build Configuration: Development
LogInit: Branch Name: ++UE4+Release-4.24
LogInit: Command Line:  -skipcompile
LogInit: Base Directory: C:/Program Files/Epic Games/UE_4.24/Engine/Binaries/Win64/
LogInit: Installed Engine Build: 1
LogDevObjectVersion: Number of dev versions registered: 25
LogDevObjectVersion:   Dev-Blueprints (B0D832E4-1F89-4F0D-ACCF-7EB736FD4AA2): 10
LogDevObjectVersion:   Dev-Build (E1C64328-A22C-4D53-A36C-8E866417BD8C): 0
LogDevObjectVersion:   Dev-Core (375EC13C-06E4-48FB-B500-84F0262A717E): 3
LogDevObjectVersion:   Dev-Editor (E4B068ED-F494-42E9-A231-DA0B2E46BB41): 37
LogDevObjectVersion:   Dev-Framework (CFFC743F-43B0-4480-9391-14DF171D2073): 36
LogDevObjectVersion:   Dev-Mobile (B02B49B5-BB20-44E9-A304-32B752E40360): 2
LogDevObjectVersion:   Dev-Networking (A4E4105C-59A1-49B5-A7C5-40C4547EDFEE): 0
LogDevObjectVersion:   Dev-Online (39C831C9-5AE6-47DC-9A44-9C173E1C8E7C): 0
LogDevObjectVersion:   Dev-Physics (78F01B33-EBEA-4F98-B9B4-84EACCB95AA2): 2
LogDevObjectVersion:   Dev-Platform (6631380F-2D4D-43E0-8009-CF276956A95A): 0
LogDevObjectVersion:   Dev-Rendering (12F88B9F-8875-4AFC-A67C-D90C383ABD29): 36
LogDevObjectVersion:   Dev-Sequencer (7B5AE74C-D270-4C10-A958-57980B212A5A): 11
LogDevObjectVersion:   Dev-VR (D7296918-1DD6-4BDD-9DE2-64A83CC13884): 2
LogDevObjectVersion:   Dev-LoadTimes (C2A15278-BFE7-4AFE-6C17-90FF531DF755): 1
LogDevObjectVersion:   Private-Geometry (6EACA3D4-40EC-4CC1-B786-8BED09428FC5): 3
LogDevObjectVersion:   Dev-AnimPhys (29E575DD-E0A3-4627-9D10-D276232CDCEA): 17
LogDevObjectVersion:   Dev-Anim (AF43A65D-7FD3-4947-9873-3E8ED9C1BB05): 2
LogDevObjectVersion:   Dev-ReflectionCapture (6B266CEC-1EC7-4B8F-A30B-E4D90942FC07): 1
LogDevObjectVersion:   Dev-Automation (0DF73D61-A23F-47EA-B727-89E90C41499A): 1
LogDevObjectVersion:   FortniteMain (601D1886-AC64-4F84-AA16-D3DE0DEAC7D6): 31
LogDevObjectVersion:   Dev-Enterprise (9DFFBCD6-494F-0158-E221-12823C92A888): 8
LogDevObjectVersion:   Dev-Niagara (F2AED0AC-9AFE-416F-8664-AA7FFA26D6FC): 1
LogDevObjectVersion:   Dev-Destruction (174F1F0B-B4C6-45A5-B13F-2EE8D0FB917D): 9
LogDevObjectVersion:   Dev-Physics-Ext (35F94A83-E258-406C-A318-09F59610247C): 8
LogDevObjectVersion:   Dev-CineCamera (B2E18506-4273-CFC2-A54E-F4BB758BBA07): 1
LogInit: Presizing for max 25165824 objects, including 0 objects not considered by GC, pre-allocating 0 bytes for permanent pool.
LogInit: Object subsystem initialized
LogConfig: Setting CVar [[con.DebugEarlyDefault:1]]
LogConfig: Setting CVar [[r.setres:1280x720]]
[2021.12.01-17.26.57:495][  0]LogConfig: Setting CVar [[r.VSync:0]]
[2021.12.01-17.26.57:496][  0]LogConfig: Setting CVar [[r.RHICmdBypass:0]]
[2021.12.01-17.26.57:497][  0]LogConfig: Applying CVar settings from Section [/Script/Engine.RendererSettings] File [D:/Epic Games/asistivna/Asistivna/Saved/Config/Windows/Engine.ini]
[2021.12.01-17.26.57:497][  0]LogConfig: Setting CVar [[r.GPUCrashDebugging:0]]
[2021.12.01-17.26.57:497][  0]LogConfig: Applying CVar settings from Section [/Script/Engine.RendererOverrideSettings] File [D:/Epic Games/asistivna/Asistivna/Saved/Config/Windows/Engine.ini]
[2021.12.01-17.26.57:498][  0]LogConfig: Applying CVar settings from Section [/Script/Engine.StreamingSettings] File [D:/Epic Games/asistivna/Asistivna/Saved/Config/Windows/Engine.ini]
[2021.12.01-17.26.57:498][  0]LogConfig: Setting CVar [[s.MinBulkDataSizeForAsyncLoading:131072]]
[2021.12.01-17.26.57:498][  0]LogConfig: Setting CVar [[s.AsyncLoadingThreadEnabled:0]]
[2021.12.01-17.26.57:498][  0]LogConfig: Setting CVar [[s.EventDrivenLoaderEnabled:1]]
[2021.12.01-17.26.57:498][  0]LogConfig: Setting CVar [[s.WarnIfTimeLimitExceeded:0]]
[2021.12.01-17.26.57:499][  0]LogConfig: Setting CVar [[s.TimeLimitExceededMultiplier:1.5]]
[2021.12.01-17.26.57:499][  0]LogConfig: Setting CVar [[s.TimeLimitExceededMinTime:0.005]]
[2021.12.01-17.26.57:499][  0]LogConfig: Setting CVar [[s.UseBackgroundLevelStreaming:1]]
[2021.12.01-17.26.57:499][  0]LogConfig: Setting CVar [[s.PriorityAsyncLoadingExtraTime:15.0]]
[2021.12.01-17.26.57:499][  0]LogConfig: Setting CVar [[s.LevelStreamingActorsUpdateTimeLimit:5.0]]
[2021.12.01-17.26.57:499][  0]LogConfig: Setting CVar [[s.PriorityLevelStreamingActorsUpdateExtraTime:5.0]]
[2021.12.01-17.26.57:500][  0]LogConfig: Setting CVar [[s.LevelStreamingComponentsRegistrationGranularity:10]]
[2021.12.01-17.26.57:500][  0]LogConfig: Setting CVar [[s.UnregisterComponentsTimeLimit:1.0]]
[2021.12.01-17.26.57:500][  0]LogConfig: Setting CVar [[s.LevelStreamingComponentsUnregistrationGranularity:5]]
[2021.12.01-17.26.57:500][  0]LogConfig: Setting CVar [[s.FlushStreamingOnExit:1]]
[2021.12.01-17.26.57:500][  0]LogConfig: Applying CVar settings from Section [/Script/Engine.GarbageCollectionSettings] File [D:/Epic Games/asistivna/Asistivna/Saved/Config/Windows/Engine.ini]
[2021.12.01-17.26.57:501][  0]LogConfig: Setting CVar [[gc.MaxObjectsNotConsideredByGC:1]]
[2021.12.01-17.26.57:501][  0]LogConfig: Setting CVar [[gc.SizeOfPermanentObjectPool:0]]
[2021.12.01-17.26.57:501][  0]LogConfig: Setting CVar [[gc.FlushStreamingOnGC:0]]
[2021.12.01-17.26.57:501][  0]LogConfig: Setting CVar [[gc.NumRetriesBeforeForcingGC:10]]
[2021.12.01-17.26.57:501][  0]LogConfig: Setting CVar [[gc.AllowParallelGC:1]]
[2021.12.01-17.26.57:501][  0]LogConfig: Setting CVar [[gc.TimeBetweenPurgingPendingKillObjects:61.1]]
[2021.12.01-17.26.57:501][  0]LogConfig: Setting CVar [[gc.MaxObjectsInEditor:25165824]]
[2021.12.01-17.26.57:501][  0]LogConfig: Setting CVar [[gc.IncrementalBeginDestroyEnabled:1]]
[2021.12.01-17.26.57:502][  0]LogConfig: Setting CVar [[gc.CreateGCClusters:1]]
[2021.12.01-17.26.57:502][  0]LogConfig: Setting CVar [[gc.MinGCClusterSize:5]]
[2021.12.01-17.26.57:502][  0]LogConfig: Setting CVar [[gc.ActorClusteringEnabled:0]]
[2021.12.01-17.26.57:502][  0]LogConfig: Setting CVar [[gc.BlueprintClusteringEnabled:0]]
[2021.12.01-17.26.57:502][  0]LogConfig: Setting CVar [[gc.UseDisregardForGCOnDedicatedServers:0]]
[2021.12.01-17.26.57:502][  0]LogConfig: Applying CVar settings from Section [/Script/Engine.NetworkSettings] File [D:/Epic Games/asistivna/Asistivna/Saved/Config/Windows/Engine.ini]
[2021.12.01-17.26.57:504][  0]LogConfig: Applying CVar settings from Section [/Script/UnrealEd.CookerSettings] File [D:/Epic Games/asistivna/Asistivna/Saved/Config/Windows/Engine.ini]
[2021.12.01-17.26.57:526][  0]LogConfig: Applying CVar settings from Section [ViewDistanceQuality@3] File [D:/Epic Games/asistivna/Asistivna/Saved/Config/Windows/Scalability.ini]
[2021.12.01-17.26.57:526][  0]LogConfig: Setting CVar [[r.SkeletalMeshLODBias:0]]
[2021.12.01-17.26.57:526][  0]LogConfig: Setting CVar [[r.ViewDistanceScale:1.0]]
[2021.12.01-17.26.57:526][  0]LogConfig: Applying CVar settings from Section [AntiAliasingQuality@3] File [D:/Epic Games/asistivna/Asistivna/Saved/Config/Windows/Scalability.ini]
[2021.12.01-17.26.57:526][  0]LogConfig: Setting CVar [[r.PostProcessAAQuality:4]]
[2021.12.01-17.26.57:527][  0]LogConfig: Applying CVar settings from Section [ShadowQuality@3] File [D:/Epic Games/asistivna/Asistivna/Saved/Config/Windows/Scalability.ini]
[2021.12.01-17.26.57:527][  0]LogConfig: Setting CVar [[r.LightFunctionQuality:1]]
[2021.12.01-17.26.57:527][  0]LogConfig: Setting CVar [[r.ShadowQuality:5]]
[2021.12.01-17.26.57:527][  0]LogConfig: Setting CVar [[r.Shadow.CSM.MaxCascades:10]]
[2021.12.01-17.26.57:527][  0]LogConfig: Setting CVar [[r.Shadow.MaxResolution:2048]]
[2021.12.01-17.26.57:527][  0]LogConfig: Setting CVar [[r.Shadow.MaxCSMResolution:2048]]
[2021.12.01-17.26.57:527][  0]LogConfig: Setting CVar [[r.Shadow.RadiusThreshold:0.01]]
[2021.12.01-17.26.57:527][  0]LogConfig: Setting CVar [[r.Shadow.DistanceScale:1.0]]
[2021.12.01-17.26.57:528][  0]LogConfig: Setting CVar [[r.Shadow.CSM.TransitionScale:1.0]]
[2021.12.01-17.26.57:528][  0]LogConfig: Setting CVar [[r.Shadow.PreShadowResolutionFactor:1.0]]
[2021.12.01-17.26.57:528][  0]LogConfig: Setting CVar [[r.DistanceFieldShadowing:1]]
[2021.12.01-17.26.57:528][  0]LogConfig: Setting CVar [[r.DistanceFieldAO:1]]
[2021.12.01-17.26.57:528][  0]LogConfig: Setting CVar [[r.AOQuality:2]]
[2021.12.01-17.26.57:528][  0]LogConfig: Setting CVar [[r.VolumetricFog:1]]
[2021.12.01-17.26.57:529][  0]LogConfig: Setting CVar [[r.VolumetricFog.GridPixelSize:8]]
[2021.12.01-17.26.57:529][  0]LogConfig: Setting CVar [[r.VolumetricFog.GridSizeZ:128]]
[2021.12.01-17.26.57:529][  0]LogConfig: Setting CVar [[r.VolumetricFog.HistoryMissSupersampleCount:4]]
[2021.12.01-17.26.57:529][  0]LogConfig: Setting CVar [[r.LightMaxDrawDistanceScale:1]]
[2021.12.01-17.26.57:529][  0]LogConfig: Setting CVar [[r.CapsuleShadows:1]]
[2021.12.01-17.26.57:529][  0]LogConfig: Applying CVar settings from Section [PostProcessQuality@3] File [D:/Epic Games/asistivna/Asistivna/Saved/Config/Windows/Scalability.ini]
[2021.12.01-17.26.57:530][  0]LogConfig: Setting CVar [[r.MotionBlurQuality:4]]
[2021.12.01-17.26.57:530][  0]LogConfig: Setting CVar [[r.AmbientOcclusionMipLevelFactor:0.4]]
[2021.12.01-17.26.57:531][  0]LogConfig: Setting CVar [[r.AmbientOcclusionMaxQuality:100]]
[2021.12.01-17.26.57:531][  0]LogConfig: Setting CVar [[r.AmbientOcclusionLevels:-1]]
[2021.12.01-17.26.57:531][  0]LogConfig: Setting CVar [[r.AmbientOcclusionRadiusScale:1.0]]
[2021.12.01-17.26.57:531][  0]LogConfig: Setting CVar [[r.DepthOfFieldQuality:2]]
[2021.12.01-17.26.57:531][  0]LogConfig: Setting CVar [[r.RenderTargetPoolMin:400]]
[2021.12.01-17.26.57:532][  0]LogConfig: Setting CVar [[r.LensFlareQuality:2]]
[2021.12.01-17.26.57:532][  0]LogConfig: Setting CVar [[r.SceneColorFringeQuality:1]]
[2021.12.01-17.26.57:532][  0]LogConfig: Setting CVar [[r.EyeAdaptationQuality:2]]
[2021.12.01-17.26.57:532][  0]LogConfig: Setting CVar [[r.BloomQuality:5]]
[2021.12.01-17.26.57:532][  0]LogConfig: Setting CVar [[r.FastBlurThreshold:100]]
[2021.12.01-17.26.57:532][  0]LogConfig: Setting CVar [[r.Upscale.Quality:3]]
[2021.12.01-17.26.57:532][  0]LogConfig: Setting CVar [[r.Tonemapper.GrainQuantization:1]]
[2021.12.01-17.26.57:533][  0]LogConfig: Setting CVar [[r.LightShaftQuality:1]]
[2021.12.01-17.26.57:533][  0]LogConfig: Setting CVar [[r.Filter.SizeScale:1]]
[2021.12.01-17.26.57:533][  0]LogConfig: Setting CVar [[r.Tonemapper.Quality:5]]
[2021.12.01-17.26.57:533][  0]LogConfig: Setting CVar [[r.DOF.Gather.AccumulatorQuality:1        ; higher gathering accumulator quality]]
[2021.12.01-17.26.57:534][  0]LogConfig: Setting CVar [[r.DOF.Gather.PostfilterMethod:1          ; Median3x3 postfilering method]]
[2021.12.01-17.26.57:534][  0]LogConfig: Setting CVar [[r.DOF.Gather.EnableBokehSettings:0       ; no bokeh simulation when gathering]]
[2021.12.01-17.26.57:534][  0]LogConfig: Setting CVar [[r.DOF.Gather.RingCount:4                 ; medium number of samples when gathering]]
[2021.12.01-17.26.57:534][  0]LogConfig: Setting CVar [[r.DOF.Scatter.ForegroundCompositing:1    ; additive foreground scattering]]
[2021.12.01-17.26.57:535][  0]LogConfig: Setting CVar [[r.DOF.Scatter.BackgroundCompositing:2    ; additive background scattering]]
[2021.12.01-17.26.57:535][  0]LogConfig: Setting CVar [[r.DOF.Scatter.EnableBokehSettings:1      ; bokeh simulation when scattering]]
[2021.12.01-17.26.57:535][  0]LogConfig: Setting CVar [[r.DOF.Scatter.MaxSpriteRatio:0.1         ; only a maximum of 10% of scattered bokeh]]
[2021.12.01-17.26.57:535][  0]LogConfig: Setting CVar [[r.DOF.Recombine.Quality:1                ; cheap slight out of focus]]
[2021.12.01-17.26.57:535][  0]LogConfig: Setting CVar [[r.DOF.Recombine.EnableBokehSettings:0    ; no bokeh simulation on slight out of focus]]
[2021.12.01-17.26.57:536][  0]LogConfig: Setting CVar [[r.DOF.TemporalAAQuality:1                ; more stable temporal accumulation]]
[2021.12.01-17.26.57:536][  0]LogConfig: Setting CVar [[r.DOF.Kernel.MaxForegroundRadius:0.025]]
[2021.12.01-17.26.57:536][  0]LogConfig: Setting CVar [[r.DOF.Kernel.MaxBackgroundRadius:0.025]]
[2021.12.01-17.26.57:536][  0]LogConfig: Applying CVar settings from Section [TextureQuality@3] File [D:/Epic Games/asistivna/Asistivna/Saved/Config/Windows/Scalability.ini]
[2021.12.01-17.26.57:536][  0]LogConfig: Setting CVar [[r.Streaming.MipBias:0]]
[2021.12.01-17.26.57:536][  0]LogConfig: Setting CVar [[r.Streaming.AmortizeCPUToGPUCopy:0]]
[2021.12.01-17.26.57:536][  0]LogConfig: Setting CVar [[r.Streaming.MaxNumTexturesToStreamPerFrame:0]]
[2021.12.01-17.26.57:536][  0]LogConfig: Setting CVar [[r.Streaming.Boost:1]]
[2021.12.01-17.26.57:537][  0]LogConfig: Setting CVar [[r.MaxAnisotropy:8]]
[2021.12.01-17.26.57:537][  0]LogConfig: Setting CVar [[r.VT.MaxAnisotropy:8]]
[2021.12.01-17.26.57:537][  0]LogConfig: Setting CVar [[r.Streaming.LimitPoolSizeToVRAM:0]]
[2021.12.01-17.26.57:537][  0]LogConfig: Setting CVar [[r.Streaming.PoolSize:1000]]
[2021.12.01-17.26.57:537][  0]LogConfig: Setting CVar [[r.Streaming.MaxEffectiveScreenSize:0]]
[2021.12.01-17.26.57:537][  0]LogConfig: Applying CVar settings from Section [EffectsQuality@3] File [D:/Epic Games/asistivna/Asistivna/Saved/Config/Windows/Scalability.ini]
[2021.12.01-17.26.57:537][  0]LogConfig: Setting CVar [[r.TranslucencyLightingVolumeDim:64]]
[2021.12.01-17.26.57:537][  0]LogConfig: Setting CVar [[r.RefractionQuality:2]]
[2021.12.01-17.26.57:538][  0]LogConfig: Setting CVar [[r.SSR.Quality:3]]
[2021.12.01-17.26.57:538][  0]LogConfig: Setting CVar [[r.SSR.HalfResSceneColor:0]]
[2021.12.01-17.26.57:538][  0]LogConfig: Setting CVar [[r.SceneColorFormat:4]]
[2021.12.01-17.26.57:538][  0]LogConfig: Setting CVar [[r.DetailMode:2]]
[2021.12.01-17.26.57:538][  0]LogConfig: Setting CVar [[r.TranslucencyVolumeBlur:1]]
[2021.12.01-17.26.57:538][  0]LogConfig: Setting CVar [[r.MaterialQualityLevel:1 ; High quality]]
[2021.12.01-17.26.57:538][  0]LogConfig: Setting CVar [[r.SSS.Scale:1]]
[2021.12.01-17.26.57:538][  0]LogConfig: Setting CVar [[r.SSS.SampleSet:2]]
[2021.12.01-17.26.57:538][  0]LogConfig: Setting CVar [[r.SSS.Quality:1]]
[2021.12.01-17.26.57:538][  0]LogConfig: Setting CVar [[r.SSS.HalfRes:1]]
[2021.12.01-17.26.57:539][  0]LogConfig: Setting CVar [[r.SSGI.Quality:3]]
[2021.12.01-17.26.57:539][  0]LogConfig: Setting CVar [[r.EmitterSpawnRateScale:1.0]]
[2021.12.01-17.26.57:539][  0]LogConfig: Setting CVar [[r.ParticleLightQuality:2]]
[2021.12.01-17.26.57:539][  0]LogConfig: Setting CVar [[r.SkyAtmosphere.AerialPerspectiveLUT.FastApplyOnOpaque:1 ; Always have FastSkyLUT 1 in this case to avoid wrong sky]]
[2021.12.01-17.26.57:539][  0]LogConfig: Setting CVar [[r.SkyAtmosphere.AerialPerspectiveLUT.SampleCountPerSlice:1]]
[2021.12.01-17.26.57:539][  0]LogConfig: Setting CVar [[r.SkyAtmosphere.AerialPerspectiveLUT.DepthResolution:16.0]]
[2021.12.01-17.26.57:539][  0]LogConfig: Setting CVar [[r.SkyAtmosphere.FastSkyLUT:1]]
[2021.12.01-17.26.57:539][  0]LogConfig: Setting CVar [[r.SkyAtmosphere.FastSkyLUT.SampleCountMin:4.0]]
[2021.12.01-17.26.57:540][  0]LogConfig: Setting CVar [[r.SkyAtmosphere.FastSkyLUT.SampleCountMax:32.0]]
[2021.12.01-17.26.57:540][  0]LogConfig: Setting CVar [[r.SkyAtmosphere.SampleCountMin:4.0]]
[2021.12.01-17.26.57:541][  0]LogConfig: Setting CVar [[r.SkyAtmosphere.SampleCountMax:32.0]]
[2021.12.01-17.26.57:541][  0]LogConfig: Setting CVar [[r.SkyAtmosphere.TransmittanceLUT.UseSmallFormat:0]]
[2021.12.01-17.26.57:541][  0]LogConfig: Setting CVar [[r.SkyAtmosphere.TransmittanceLUT.SampleCount:10.0]]
[2021.12.01-17.26.57:541][  0]LogConfig: Setting CVar [[r.SkyAtmosphere.MultiScatteringLUT.SampleCount:15.0]]
[2021.12.01-17.26.57:542][  0]LogConfig: Applying CVar settings from Section [FoliageQuality@3] File [D:/Epic Games/asistivna/Asistivna/Saved/Config/Windows/Scalability.ini]
[2021.12.01-17.26.57:542][  0]LogConfig: Setting CVar [[foliage.DensityScale:1.0]]
[2021.12.01-17.26.57:543][  0]LogConfig: Setting CVar [[grass.DensityScale:1.0]]
[2021.12.01-17.26.57:543][  0]LogConfig: Applying CVar settings from Section [ShadingQuality@3] File [D:/Epic Games/asistivna/Asistivna/Saved/Config/Windows/Scalability.ini]
[2021.12.01-17.26.57:543][  0]LogConfig: Setting CVar [[r.HairStrands.SkyLighting.SampleCount:16]]
[2021.12.01-17.26.57:544][  0]LogConfig: Setting CVar [[r.HairStrands.SkyLighting.JitterIntegration:0]]
[2021.12.01-17.26.57:544][  0]LogConfig: Setting CVar [[r.HairStrands.SkyAO.SampleCount:16]]
[2021.12.01-17.26.57:545][  0]LogInit: Selected Device Profile: [Windows]
[2021.12.01-17.26.57:546][  0]LogInit: Applying CVar settings loaded from the selected device profile: [Windows]
[2021.12.01-17.26.57:558][  0]LogHAL: Display: Platform has ~ 16 GB [17142476800 / 17179869184 / 16], which maps to Larger [LargestMinGB=32, LargerMinGB=12, DefaultMinGB=8, SmallerMinGB=6, SmallestMinGB=0)
[2021.12.01-17.26.57:559][  0]LogInit: Going up to parent DeviceProfile []
[2021.12.01-17.26.57:559][  0]LogConfig: Applying CVar settings from Section [ViewDistanceQuality@Cine] File [D:/Epic Games/asistivna/Asistivna/Saved/Config/Windows/Scalability.ini]
[2021.12.01-17.26.57:560][  0]LogConfig: Setting CVar [[r.SkeletalMeshLODBias:0]]
[2021.12.01-17.26.57:560][  0]LogConfig: Setting CVar [[r.ViewDistanceScale:10.0]]
[2021.12.01-17.26.57:560][  0]LogConfig: Applying CVar settings from Section [AntiAliasingQuality@Cine] File [D:/Epic Games/asistivna/Asistivna/Saved/Config/Windows/Scalability.ini]
[2021.12.01-17.26.57:560][  0]LogConfig: Setting CVar [[r.PostProcessAAQuality:6]]
[2021.12.01-17.26.57:561][  0]LogConfig: Applying CVar settings from Section [ShadowQuality@Cine] File [D:/Epic Games/asistivna/Asistivna/Saved/Config/Windows/Scalability.ini]
[2021.12.01-17.26.57:561][  0]LogConfig: Setting CVar [[r.LightFunctionQuality:1]]
[2021.12.01-17.26.57:561][  0]LogConfig: Setting CVar [[r.ShadowQuality:5]]
[2021.12.01-17.26.57:561][  0]LogConfig: Setting CVar [[r.Shadow.CSM.MaxCascades:10]]
[2021.12.01-17.26.57:561][  0]LogConfig: Setting CVar [[r.Shadow.MaxResolution:4096]]
[2021.12.01-17.26.57:561][  0]LogConfig: Setting CVar [[r.Shadow.MaxCSMResolution:4096]]
[2021.12.01-17.26.57:562][  0]LogConfig: Setting CVar [[r.Shadow.RadiusThreshold:0]]
[2021.12.01-17.26.57:562][  0]LogConfig: Setting CVar [[r.Shadow.DistanceScale:1.0]]
[2021.12.01-17.26.57:562][  0]LogConfig: Setting CVar [[r.Shadow.CSM.TransitionScale:1.0]]
[2021.12.01-17.26.57:562][  0]LogConfig: Setting CVar [[r.Shadow.PreShadowResolutionFactor:1.0]]
[2021.12.01-17.26.57:562][  0]LogConfig: Setting CVar [[r.DistanceFieldShadowing:1]]
[2021.12.01-17.26.57:562][  0]LogConfig: Setting CVar [[r.DistanceFieldAO:1]]
[2021.12.01-17.26.57:563][  0]LogConfig: Setting CVar [[r.AOQuality:2]]
[2021.12.01-17.26.57:563][  0]LogConfig: Setting CVar [[r.VolumetricFog:1]]
[2021.12.01-17.26.57:563][  0]LogConfig: Setting CVar [[r.VolumetricFog.GridPixelSize:4]]
[2021.12.01-17.26.57:563][  0]LogConfig: Setting CVar [[r.VolumetricFog.GridSizeZ:128]]
[2021.12.01-17.26.57:563][  0]LogConfig: Setting CVar [[r.VolumetricFog.HistoryMissSupersampleCount:16]]
[2021.12.01-17.26.57:564][  0]LogConfig: Setting CVar [[r.LightMaxDrawDistanceScale:1]]
[2021.12.01-17.26.57:564][  0]LogConfig: Setting CVar [[r.CapsuleShadows:1]]
[2021.12.01-17.26.57:564][  0]LogConfig: Applying CVar settings from Section [PostProcessQuality@0] File [D:/Epic Games/asistivna/Asistivna/Saved/Config/Windows/Scalability.ini]
[2021.12.01-17.26.57:564][  0]LogConfig: Setting CVar [[r.MotionBlurQuality:0]]
[2021.12.01-17.26.57:564][  0]LogConfig: Setting CVar [[r.AmbientOcclusionMipLevelFactor:1.0]]
[2021.12.01-17.26.57:564][  0]LogConfig: Setting CVar [[r.AmbientOcclusionMaxQuality:0]]
[2021.12.01-17.26.57:565][  0]LogConfig: Setting CVar [[r.AmbientOcclusionLevels:0]]
[2021.12.01-17.26.57:565][  0]LogConfig: Setting CVar [[r.AmbientOcclusionRadiusScale:1.2]]
[2021.12.01-17.26.57:565][  0]LogConfig: Setting CVar [[r.DepthOfFieldQuality:0]]
[2021.12.01-17.26.57:565][  0]LogConfig: Setting CVar [[r.RenderTargetPoolMin:300]]
[2021.12.01-17.26.57:565][  0]LogConfig: Setting CVar [[r.LensFlareQuality:0]]
[2021.12.01-17.26.57:565][  0]LogConfig: Setting CVar [[r.SceneColorFringeQuality:0]]
[2021.12.01-17.26.57:565][  0]LogConfig: Setting CVar [[r.EyeAdaptationQuality:0]]
[2021.12.01-17.26.57:566][  0]LogConfig: Setting CVar [[r.BloomQuality:4]]
[2021.12.01-17.26.57:566][  0]LogConfig: Setting CVar [[r.FastBlurThreshold:0]]
[2021.12.01-17.26.57:566][  0]LogConfig: Setting CVar [[r.Upscale.Quality:1]]
[2021.12.01-17.26.57:566][  0]LogConfig: Setting CVar [[r.Tonemapper.GrainQuantization:0]]
[2021.12.01-17.26.57:566][  0]LogConfig: Setting CVar [[r.LightShaftQuality:0]]
[2021.12.01-17.26.57:567][  0]LogConfig: Setting CVar [[r.Filter.SizeScale:0.6]]
[2021.12.01-17.26.57:567][  0]LogConfig: Setting CVar [[r.Tonemapper.Quality:0]]
[2021.12.01-17.26.57:567][  0]LogConfig: Applying CVar settings from Section [TextureQuality@Cine] File [D:/Epic Games/asistivna/Asistivna/Saved/Config/Windows/Scalability.ini]
[2021.12.01-17.26.57:567][  0]LogConfig: Setting CVar [[r.Streaming.MipBias:0]]
[2021.12.01-17.26.57:567][  0]LogConfig: Setting CVar [[r.Streaming.AmortizeCPUToGPUCopy:0]]
[2021.12.01-17.26.57:567][  0]LogConfig: Setting CVar [[r.Streaming.MaxNumTexturesToStreamPerFrame:0]]
[2021.12.01-17.26.57:567][  0]LogConfig: Setting CVar [[r.Streaming.Boost:1]]
[2021.12.01-17.26.57:568][  0]LogConfig: Setting CVar [[r.MaxAnisotropy:8]]
[2021.12.01-17.26.57:568][  0]LogConfig: Setting CVar [[r.VT.MaxAnisotropy:8]]
[2021.12.01-17.26.57:568][  0]LogConfig: Setting CVar [[r.Streaming.LimitPoolSizeToVRAM:0]]
[2021.12.01-17.26.57:568][  0]LogConfig: Setting CVar [[r.Streaming.PoolSize:3000]]
[2021.12.01-17.26.57:568][  0]LogConfig: Setting CVar [[r.Streaming.MaxEffectiveScreenSize:0]]
[2021.12.01-17.26.57:568][  0]LogConfig: Applying CVar settings from Section [EffectsQuality@Cine] File [D:/Epic Games/asistivna/Asistivna/Saved/Config/Windows/Scalability.ini]
[2021.12.01-17.26.57:569][  0]LogConfig: Setting CVar [[r.TranslucencyLightingVolumeDim:64]]
[2021.12.01-17.26.57:569][  0]LogConfig: Setting CVar [[r.RefractionQuality:2]]
[2021.12.01-17.26.57:569][  0]LogConfig: Setting CVar [[r.SSR.Quality:4]]
[2021.12.01-17.26.57:569][  0]LogConfig: Setting CVar [[r.SSR.HalfResSceneColor:0]]
[2021.12.01-17.26.57:569][  0]LogConfig: Setting CVar [[r.SceneColorFormat:4]]
[2021.12.01-17.26.57:569][  0]LogConfig: Setting CVar [[r.DetailMode:2]]
[2021.12.01-17.26.57:570][  0]LogConfig: Setting CVar [[r.TranslucencyVolumeBlur:1]]
[2021.12.01-17.26.57:570][  0]LogConfig: Setting CVar [[r.MaterialQualityLevel:1 ; High quality]]
[2021.12.01-17.26.57:570][  0]LogConfig: Setting CVar [[r.SSS.Scale:1]]
[2021.12.01-17.26.57:571][  0]LogConfig: Setting CVar [[r.SSS.SampleSet:2]]
[2021.12.01-17.26.57:571][  0]LogConfig: Setting CVar [[r.SSS.Quality:1]]
[2021.12.01-17.26.57:571][  0]LogConfig: Setting CVar [[r.SSS.HalfRes:0]]
[2021.12.01-17.26.57:571][  0]LogConfig: Setting CVar [[r.SSGI.Quality:4]]
[2021.12.01-17.26.57:571][  0]LogConfig: Setting CVar [[r.EmitterSpawnRateScale:1.0]]
[2021.12.01-17.26.57:571][  0]LogConfig: Setting CVar [[r.ParticleLightQuality:2]]
[2021.12.01-17.26.57:572][  0]LogConfig: Setting CVar [[r.SkyAtmosphere.AerialPerspectiveLUT.FastApplyOnOpaque:0]]
[2021.12.01-17.26.57:572][  0]LogConfig: Setting CVar [[r.SkyAtmosphere.AerialPerspectiveLUT.SampleCountPerSlice:2]]
[2021.12.01-17.26.57:572][  0]LogConfig: Setting CVar [[r.SkyAtmosphere.AerialPerspectiveLUT.DepthResolution:32.0]]
[2021.12.01-17.26.57:572][  0]LogConfig: Setting CVar [[r.SkyAtmosphere.FastSkyLUT:0]]
[2021.12.01-17.26.57:573][  0]LogConfig: Setting CVar [[r.SkyAtmosphere.FastSkyLUT.SampleCountMin:4.0]]
[2021.12.01-17.26.57:573][  0]LogConfig: Setting CVar [[r.SkyAtmosphere.FastSkyLUT.SampleCountMax:32.0]]
[2021.12.01-17.26.57:573][  0]LogConfig: Setting CVar [[r.SkyAtmosphere.SampleCountMin:8.0]]
[2021.12.01-17.26.57:573][  0]LogConfig: Setting CVar [[r.SkyAtmosphere.SampleCountMax:32.0]]
[2021.12.01-17.26.57:573][  0]LogConfig: Setting CVar [[r.SkyAtmosphere.TransmittanceLUT.UseSmallFormat:0]]
[2021.12.01-17.26.57:573][  0]LogConfig: Setting CVar [[r.SkyAtmosphere.TransmittanceLUT.SampleCount:30.0]]
[2021.12.01-17.26.57:574][  0]LogConfig: Setting CVar [[r.SkyAtmosphere.MultiScatteringLUT.SampleCount:20.0]]
[2021.12.01-17.26.57:574][  0]LogConfig: Applying CVar settings from Section [FoliageQuality@Cine] File [D:/Epic Games/asistivna/Asistivna/Saved/Config/Windows/Scalability.ini]
[2021.12.01-17.26.57:574][  0]LogConfig: Setting CVar [[foliage.DensityScale:1.0]]
[2021.12.01-17.26.57:574][  0]LogConfig: Setting CVar [[grass.DensityScale:1.0]]
[2021.12.01-17.26.57:574][  0]LogConfig: Applying CVar settings from Section [ShadingQuality@3] File [D:/Epic Games/asistivna/Asistivna/Saved/Config/Windows/Scalability.ini]
[2021.12.01-17.26.57:574][  0]LogConfig: Setting CVar [[r.HairStrands.SkyLighting.SampleCount:16]]
[2021.12.01-17.26.57:575][  0]LogConfig: Setting CVar [[r.HairStrands.SkyLighting.JitterIntegration:0]]
[2021.12.01-17.26.57:575][  0]LogConfig: Setting CVar [[r.HairStrands.SkyAO.SampleCount:16]]
[2021.12.01-17.26.57:575][  0]LogConfig: Applying CVar settings from Section [Startup] File [../../../Engine/Config/ConsoleVariables.ini]
[2021.12.01-17.26.57:576][  0]LogConfig: Setting CVar [[net.UseAdaptiveNetUpdateFrequency:0]]
[2021.12.01-17.26.57:576][  0]LogConfig: Setting CVar [[p.chaos.AllowCreatePhysxBodies:1]]
[2021.12.01-17.26.57:576][  0]LogConfig: Applying CVar settings from Section [ConsoleVariables] File [D:/Epic Games/asistivna/Asistivna/Saved/Config/Windows/Engine.ini]
[2021.12.01-17.26.57:580][  0]LogInit: Computer: DESKTOP-HA56RLI
[2021.12.01-17.26.57:583][  0]LogInit: User: LUKA
[2021.12.01-17.26.57:583][  0]LogInit: CPU Page size=4096, Cores=4
[2021.12.01-17.26.57:583][  0]LogInit: High frequency timer resolution =14.318180 MHz
[2021.12.01-17.26.57:584][  0]LogMemory: Memory total: Physical=16.0GB (16GB approx)
[2021.12.01-17.26.57:585][  0]LogMemory: Platform Memory Stats for Windows
[2021.12.01-17.26.57:598][  0]LogMemory: Process Physical Memory: 107.11 MB used, 107.11 MB peak
[2021.12.01-17.26.57:598][  0]LogMemory: Process Virtual Memory: 100.61 MB used, 100.61 MB peak
[2021.12.01-17.26.57:612][  0]LogMemory: Physical Memory: 11939.25 MB used,  4409.09 MB free, 16348.34 MB total
[2021.12.01-17.26.57:612][  0]LogMemory: Virtual Memory: 5141.53 MB used,  134212584.00 MB free, 134217728.00 MB total
[2021.12.01-17.26.57:658][  0]LogWindows: WindowsPlatformFeatures enabled
[2021.12.01-17.26.59:007][  0]LogInit: Using OS detected language (hr-HR).
[2021.12.01-17.26.59:007][  0]LogInit: Using OS detected locale (en-150).
[2021.12.01-17.26.59:015][  0]LogTextLocalizationManager: No localization for 'hr-HR' exists, so 'en' will be used for the language.
[2021.12.01-17.26.59:598][  0]LogInit: Setting process to per monitor DPI aware
[2021.12.01-17.26.59:947][  0]LogSlate: New Slate User Created.  User Index 0, Is Virtual User: 0
[2021.12.01-17.26.59:949][  0]LogSlate: Slate User Registered.  User Index 0, Is Virtual User: 0
[2021.12.01-17.27.00:621][  0]LogHMD: Failed to initialize OpenVR with code 102
[2021.12.01-17.27.00:621][  0]LogD3D11RHI: D3D11 min allowed feature level: 11_0
[2021.12.01-17.27.00:621][  0]LogD3D11RHI: D3D11 max allowed feature level: 11_0
[2021.12.01-17.27.00:621][  0]LogD3D11RHI: D3D11 adapters:
[2021.12.01-17.27.00:814][  0]LogD3D11RHI:    0. 'AMD Radeon R7 200 Series' (Feature Level 11_0)
[2021.12.01-17.27.00:814][  0]LogD3D11RHI:       2028/0/8174 MB DedicatedVideo/DedicatedSystem/SharedSystem, Outputs:2, VendorId:0x1002
[2021.12.01-17.27.00:862][  0]LogD3D11RHI:    1. 'Microsoft Basic Render Driver' (Feature Level 11_0)
[2021.12.01-17.27.00:863][  0]LogD3D11RHI:       0/0/8174 MB DedicatedVideo/DedicatedSystem/SharedSystem, Outputs:0, VendorId:0x1414
[2021.12.01-17.27.00:863][  0]LogD3D11RHI: Chosen D3D11 Adapter: 0
[2021.12.01-17.27.00:882][  0]LogD3D11RHI: Creating new Direct3DDevice
[2021.12.01-17.27.00:882][  0]LogD3D11RHI:     GPU DeviceId: 0x6613 (for the marketing name, search the web for "GPU Device Id")
[2021.12.01-17.27.00:882][  0]LogWindows: EnumDisplayDevices:
[2021.12.01-17.27.00:883][  0]LogWindows:    0. 'AMD Radeon R7 200 Series' (P:1 D:1)
[2021.12.01-17.27.00:884][  0]LogWindows:    1. 'AMD Radeon R7 200 Series' (P:0 D:1)
[2021.12.01-17.27.00:886][  0]LogWindows:    2. 'AMD Radeon R7 200 Series' (P:0 D:0)
[2021.12.01-17.27.00:887][  0]LogWindows:    3. 'AMD Radeon R7 200 Series' (P:0 D:0)
[2021.12.01-17.27.00:888][  0]LogWindows: DebugString: FoundDriverCount:4 
[2021.12.01-17.27.00:888][  0]LogD3D11RHI:     Adapter Name: AMD Radeon R7 200 Series
[2021.12.01-17.27.00:888][  0]LogD3D11RHI:   Driver Version: Adrenalin 20.10.35.02 (internal:27.20.1034.6, unified:27.20.1034.6)
[2021.12.01-17.27.00:888][  0]LogD3D11RHI:      Driver Date: 8-21-2020
[2021.12.01-17.27.00:888][  0]LogRHI: Texture pool is 1419 MB (70% of 2028 MB)
[2021.12.01-17.27.01:715][  0]LogD3D11RHI: RHI does not have support for 64 bit atomics
[2021.12.01-17.27.01:715][  0]LogD3D11RHI: Async texture creation enabled
[2021.12.01-17.27.03:099][  0]LogD3D11RHI: GPU Timing Frequency: 27.000000 (Debug: 2 1)
[2021.12.01-17.27.05:026][  0]LogTargetPlatformManager: Display: Loaded TargetPlatform 'AllDesktop'
[2021.12.01-17.27.05:114][  0]LogTargetPlatformManager: Display: Loaded TargetPlatform 'Android'
[2021.12.01-17.27.05:115][  0]LogTargetPlatformManager: Display: Loaded TargetPlatform 'Android_ASTC'
[2021.12.01-17.27.05:115][  0]LogTargetPlatformManager: Display: Loaded TargetPlatform 'Android_ATC'
[2021.12.01-17.27.05:116][  0]LogTargetPlatformManager: Display: Loaded TargetPlatform 'Android_DXT'
[2021.12.01-17.27.05:116][  0]LogTargetPlatformManager: Display: Loaded TargetPlatform 'Android_ETC1'
[2021.12.01-17.27.05:116][  0]LogTargetPlatformManager: Display: Loaded TargetPlatform 'Android_ETC1a'
[2021.12.01-17.27.05:116][  0]LogTargetPlatformManager: Display: Loaded TargetPlatform 'Android_ETC2'
[2021.12.01-17.27.05:116][  0]LogTargetPlatformManager: Display: Loaded TargetPlatform 'Android_PVRTC'
[2021.12.01-17.27.05:117][  0]LogTargetPlatformManager: Display: Loaded TargetPlatform 'AndroidClient'
[2021.12.01-17.27.05:117][  0]LogTargetPlatformManager: Display: Loaded TargetPlatform 'Android_ASTCClient'
[2021.12.01-17.27.05:117][  0]LogTargetPlatformManager: Display: Loaded TargetPlatform 'Android_ATCClient'
[2021.12.01-17.27.05:117][  0]LogTargetPlatformManager: Display: Loaded TargetPlatform 'Android_DXTClient'
[2021.12.01-17.27.05:117][  0]LogTargetPlatformManager: Display: Loaded TargetPlatform 'Android_ETC1Client'
[2021.12.01-17.27.05:117][  0]LogTargetPlatformManager: Display: Loaded TargetPlatform 'Android_ETC1aClient'
[2021.12.01-17.27.05:117][  0]LogTargetPlatformManager: Display: Loaded TargetPlatform 'Android_ETC2Client'
[2021.12.01-17.27.05:118][  0]LogTargetPlatformManager: Display: Loaded TargetPlatform 'Android_PVRTCClient'
[2021.12.01-17.27.05:118][  0]LogTargetPlatformManager: Display: Loaded TargetPlatform 'Android_Multi'
[2021.12.01-17.27.05:118][  0]LogTargetPlatformManager: Display: Loaded TargetPlatform 'Android_MultiClient'
[2021.12.01-17.27.05:841][  0]LogTargetPlatformManager: Display: Loaded TargetPlatform 'IOSClient'
[2021.12.01-17.27.05:842][  0]LogTargetPlatformManager: Display: Loaded TargetPlatform 'IOS'
[2021.12.01-17.27.05:874][  0]LogTargetPlatformManager: Display: Loaded TargetPlatform 'LinuxNoEditor'
[2021.12.01-17.27.05:906][  0]LogTargetPlatformManager: Display: Loaded TargetPlatform 'LinuxClient'
[2021.12.01-17.27.05:937][  0]LogTargetPlatformManager: Display: Loaded TargetPlatform 'LinuxServer'
[2021.12.01-17.27.05:967][  0]LogTargetPlatformManager: Display: Loaded TargetPlatform 'LinuxAArch64NoEditor'
[2021.12.01-17.27.05:995][  0]LogTargetPlatformManager: Display: Loaded TargetPlatform 'LinuxAArch64Client'
[2021.12.01-17.27.06:025][  0]LogTargetPlatformManager: Display: Loaded TargetPlatform 'LinuxAArch64Server'
[2021.12.01-17.27.06:153][  0]LogTargetPlatformManager: Display: Loaded TargetPlatform 'Lumin'
[2021.12.01-17.27.06:153][  0]LogTargetPlatformManager: Display: Loaded TargetPlatform 'LuminClient'
[2021.12.01-17.27.06:199][  0]LogTargetPlatformManager: Display: Loaded TargetPlatform 'TVOSClient'
[2021.12.01-17.27.06:200][  0]LogTargetPlatformManager: Display: Loaded TargetPlatform 'TVOS'
[2021.12.01-17.27.06:231][  0]LogTargetPlatformManager: Display: Loaded TargetPlatform 'WindowsNoEditor'
[2021.12.01-17.27.06:268][  0]LogTargetPlatformManager: Display: Loaded TargetPlatform 'Windows'
[2021.12.01-17.27.06:300][  0]LogTargetPlatformManager: Display: Loaded TargetPlatform 'WindowsClient'
[2021.12.01-17.27.06:372][  0]LogTargetPlatformManager: Display: Loaded TargetPlatform 'WindowsServer'
[2021.12.01-17.27.06:372][  0]LogTargetPlatformManager: Display: Building Assets For Windows
[2021.12.01-17.27.06:467][  0]LogAudioDebug: Display: Lib vorbis DLL was dynamically loaded.
[2021.12.01-17.27.07:295][  0]LogShaderCompilers: Guid format shader working directory is 11 characters bigger than the processId version (D:/Epic Games/asistivna/Asistivna/Intermediate/Shaders/WorkingDirectory/11136/).
[2021.12.01-17.27.07:296][  0]LogShaderCompilers: Cleaned the shader compiler working directory 'C:/Users/LUKA/AppData/Local/Temp/UnrealShaderWorkingDir/7BAF996D40242C1BAEEB84899AC37F3E/'.
[2021.12.01-17.27.07:299][  0]LogXGEController: Cleaning working directory: C:/Users/LUKA/AppData/Local/Temp/UnrealXGEWorkingDir/
[2021.12.01-17.27.07:301][  0]LogXGEController: Cannot use XGE Controller as Incredibuild is not installed on this machine.
[2021.12.01-17.27.07:302][  0]LogShaderCompilers: Cannot use XGE Shader Compiler as Incredibuild is not installed on this machine.
[2021.12.01-17.27.07:302][  0]LogShaderCompilers: Display: Using Local Shader Compiler.
[2021.12.01-17.27.10:977][  0]LogDerivedDataCache: Display: Max Cache Size: 512 MB
[2021.12.01-17.27.13:649][  0]LogDerivedDataCache: Loaded boot cache 2.64s 279MB C:/Users/LUKA/AppData/Local/UnrealEngine/4.24/DerivedDataCache/Boot.ddc.
[2021.12.01-17.27.13:649][  0]LogDerivedDataCache: Display: Loaded Boot cache: C:/Users/LUKA/AppData/Local/UnrealEngine/4.24/DerivedDataCache/Boot.ddc
[2021.12.01-17.27.13:650][  0]LogDerivedDataCache: FDerivedDataBackendGraph:  Pak pak cache file D:/Epic Games/asistivna/Asistivna/DerivedDataCache/DDC.ddp not found, will not use a pak cache.
[2021.12.01-17.27.13:651][  0]LogDerivedDataCache: Unable to find inner node Pak for hierarchical cache Hierarchy.
[2021.12.01-17.27.13:651][  0]LogDerivedDataCache: FDerivedDataBackendGraph:  CompressedPak pak cache file D:/Epic Games/asistivna/Asistivna/DerivedDataCache/Compressed.ddp not found, will not use a pak cache.
[2021.12.01-17.27.13:652][  0]LogDerivedDataCache: Unable to find inner node CompressedPak for hierarchical cache Hierarchy.
[2021.12.01-17.27.13:676][  0]LogDerivedDataCache: Display: Pak cache opened for reading ../../../Engine/DerivedDataCache/Compressed.ddp.
[2021.12.01-17.27.13:676][  0]LogDerivedDataCache: FDerivedDataBackendGraph:  EnterprisePak pak cache file ../../../Enterprise/DerivedDataCache/Compressed.ddp not found, will not use a pak cache.
[2021.12.01-17.27.13:677][  0]LogDerivedDataCache: Unable to find inner node EnterprisePak for hierarchical cache Hierarchy.
[2021.12.01-17.27.13:683][  0]LogDerivedDataCache: Using Local data cache path C:/Users/LUKA/AppData/Local/UnrealEngine/Common/DerivedDataCache: Writable
[2021.12.01-17.27.13:684][  0]LogDerivedDataCache: Shared data cache path not found in *engine.ini, will not use an Shared cache.
[2021.12.01-17.27.13:684][  0]LogDerivedDataCache: Unable to find inner node Shared for hierarchical cache Hierarchy.
[2021.12.01-17.27.14:254][  0]LogMaterial: Verifying Global Shaders for PCD3D_SM5
[2021.12.01-17.27.14:857][  0]LogSlate: Using FreeType 2.10.0
[2021.12.01-17.27.14:865][  0]LogSlate: SlateFontServices - WITH_FREETYPE: 1, WITH_HARFBUZZ: 1
[2021.12.01-17.27.16:628][  0]LogAssetRegistry: FAssetRegistry took 0.0452 seconds to start up
[2021.12.01-17.27.18:519][  0]LogInit: Selected Device Profile: [Windows]
[2021.12.01-17.27.20:577][  0]LogMeshReduction: Using QuadricMeshReduction for automatic static mesh reduction
[2021.12.01-17.27.20:577][  0]LogMeshReduction: Using SimplygonMeshReduction for automatic skeletal mesh reduction
[2021.12.01-17.27.20:578][  0]LogMeshReduction: Using ProxyLODMeshReduction for automatic mesh merging
[2021.12.01-17.27.20:578][  0]LogMeshReduction: No distributed automatic mesh merging module available
[2021.12.01-17.27.20:578][  0]LogMeshMerging: No distributed automatic mesh merging module available
[2021.12.01-17.27.21:302][  0]LogNetVersion: Asistivna 1.0.0, NetCL: 10570792, EngineNetVer: 13, GameNetVer: 0 (Checksum: 2527849711)
[2021.12.01-17.27.31:103][  0]LogPackageLocalizationCache: Processed 10 localized package path(s) for 1 prioritized culture(s) in 0.172111 seconds
[2021.12.01-17.27.31:190][  0]LogUObjectArray: 46750 objects as part of root set at end of initial load.
[2021.12.01-17.27.31:210][  0]LogUObjectAllocator: 8137160 out of 0 bytes used by permanent object pool.
[2021.12.01-17.27.31:210][  0]LogUObjectArray: CloseDisregardForGC: 0/0 objects in disregard for GC pool
[2021.12.01-17.27.43:838][  0]LogTcpMessaging: Initializing TcpMessaging bridge
[2021.12.01-17.27.44:391][  0]LogUdpMessaging: Initializing bridge on interface 0.0.0.0:0 to multicast group 230.0.0.1:6666.
[2021.12.01-17.27.45:851][  0]SourceControl: Source control is disabled
[2021.12.01-17.27.45:853][  0]SourceControl: Source control is disabled
[2021.12.01-17.27.45:904][  0]SourceControl: Source control is disabled
[2021.12.01-17.27.46:236][  0]SourceControl: Source control is disabled
[2021.12.01-17.27.46:281][  0]SourceControl: Source control is disabled
[2021.12.01-17.27.47:672][  0]LogAndroidPermission: UAndroidPermissionCallbackProxy::GetInstance
[2021.12.01-17.27.47:799][  0]LogAudioCaptureCore: Display: No Audio Capture implementations found. Audio input will be silent.
[2021.12.01-17.27.47:800][  0]LogAudioCaptureCore: Display: No Audio Capture implementations found. Audio input will be silent.
[2021.12.01-17.27.48:297][  0]LogOcInput: OculusInput pre-init called
[2021.12.01-17.27.48:407][  0]LogWindows: Failed to load 'OVRPlugin.dll' (GetLastError=126)
[2021.12.01-17.27.48:408][  0]LogWindows: File 'OVRPlugin.dll' does not exist
[2021.12.01-17.27.48:762][  0]LogEngine: Initializing Engine...
[2021.12.01-17.27.48:770][  0]LogHMD: Failed to initialize OpenVR with code 102
[2021.12.01-17.27.48:775][  0]LogStats: UGameplayTagsManager::InitializeManager -  0.002 s
[2021.12.01-17.27.49:586][  0]LogInit: Initializing FReadOnlyCVARCache
[2021.12.01-17.27.49:687][  0]LogAIModule: Creating AISystem for world Untitled
[2021.12.01-17.27.49:728][  0]LogAudioMixer: Display: Audio Mixer Platform Settings:
[2021.12.01-17.27.49:728][  0]LogAudioMixer: Display: 	Sample Rate:						  48000
[2021.12.01-17.27.49:728][  0]LogAudioMixer: Display: 	Callback Buffer Frame Size Requested: 1024
[2021.12.01-17.27.49:728][  0]LogAudioMixer: Display: 	Callback Buffer Frame Size To Use:	  1024
[2021.12.01-17.27.49:729][  0]LogAudioMixer: Display: 	Number of buffers to queue:			  2
[2021.12.01-17.27.49:729][  0]LogAudioMixer: Display: 	Max Channels (voices):				  32
[2021.12.01-17.27.49:729][  0]LogAudioMixer: Display: 	Number of Async Source Workers:		  0
[2021.12.01-17.27.49:729][  0]LogAudio: Display: AudioDevice MaxSources: 32
[2021.12.01-17.27.49:829][  0]LogAudio: Display: Using built-in audio occlusion.
[2021.12.01-17.27.49:830][  0]LogAudioMixer: Display: Initializing audio mixer.
[2021.12.01-17.27.49:909][  0]LogAudioMixer: Display: Audio Device Output Speaker Info:
[2021.12.01-17.27.49:909][  0]LogAudioMixer: Display: Name: Speakers (High Definition Audio Device)
[2021.12.01-17.27.49:909][  0]LogAudioMixer: Display: Is Default: Yes
[2021.12.01-17.27.49:909][  0]LogAudioMixer: Display: Sample Rate: 48000
[2021.12.01-17.27.49:910][  0]LogAudioMixer: Display: Channel Count Used: 2
[2021.12.01-17.27.49:910][  0]LogAudioMixer: Display: Device Channel Count: 2
[2021.12.01-17.27.49:910][  0]LogAudioMixer: Display: Channel Order:
[2021.12.01-17.27.49:910][  0]LogAudioMixer: Display: 0: FrontLeft
[2021.12.01-17.27.49:910][  0]LogAudioMixer: Display: 1: FrontRight
[2021.12.01-17.27.49:982][  0]LogAudioMixer: Display: Using Audio Device Speakers (High Definition Audio Device)
[2021.12.01-17.27.49:999][  0]LogInit: FAudioDevice initialized.
[2021.12.01-17.27.50:001][  0]LogNetVersion: Set ProjectVersion to 1.0.0.0. Version Checksum will be recalculated on next use.
[2021.12.01-17.27.50:831][  0]LogDerivedDataCache: Saved boot cache 0.83s 279MB C:/Users/LUKA/AppData/Local/UnrealEngine/4.24/DerivedDataCache/Boot.ddc.
[2021.12.01-17.27.50:892][  0]LogInit: Texture streaming: Enabled
[2021.12.01-17.27.51:186][  0]LogEngineSessionManager: EngineSessionManager initialized
[2021.12.01-17.27.51:189][  0]LogEngineSessionManager: EngineSessionManager sent abnormal shutdown report. Type=Debugger, SessionId={A8FC807E-4464-71AD-E393-8897A757B5DE}
[2021.12.01-17.27.51:190][  0]LogEngineSessionManager: EngineSessionManager sent abnormal shutdown report. Type=Debugger, SessionId={25BF9708-498D-AB9D-A8F1-3199709BE7FA}
[2021.12.01-17.27.51:191][  0]LogEditorSessionSummary: Verbose: Initializing EditorSessionSummaryWriter for editor session tracking
[2021.12.01-17.27.51:205][  0]LogEditorSessionSummary: EditorSessionSummaryWriter initialized
[2021.12.01-17.27.51:381][  0]LogInit: Transaction tracking system initialized
[2021.12.01-17.27.51:971][  0]BlueprintLog: New page: Editor Load
[2021.12.01-17.27.53:398][  0]LocalizationService: Localization service is disabled
[2021.12.01-17.27.58:838][  0]LogFileCache: Scanning file cache for directory 'D:/Epic Games/asistivna/Asistivna/Content/' took 0.01s
[2021.12.01-17.27.58:838][  0]LogCook: Display: Max memory allowance for cook 16384mb min free memory 0mb
[2021.12.01-17.27.58:839][  0]LogCook: Display: Mobile HDR setting 1
[2021.12.01-17.28.01:013][  0]SourceControl: Source control is disabled
[2021.12.01-17.28.01:015][  0]Cmd: MAP LOAD FILE="D:/Epic Games/asistivna/Asistivna/Content/RollingCPP/Maps/RollingExampleMap.umap" TEMPLATE=0 SHOWPROGRESS=1 FEATURELEVEL=3
[2021.12.01-17.28.01:016][  0]LightingResults: New page: Lighting Build
[2021.12.01-17.28.01:022][  0]LogWorld: UWorld::CleanupWorld for Untitled, bSessionEnded=true, bCleanupResources=true
[2021.12.01-17.28.01:023][  0]LogSlate: InvalidateAllWidgets triggered.  All widgets were invalidated
[2021.12.01-17.28.01:025][  0]MapCheck: New page: Map Check
[2021.12.01-17.28.01:025][  0]LightingResults: New page: Lighting Build
[2021.12.01-17.28.01:347][  0]LogUObjectHash: Compacting FUObjectHashTables data took   6.69ms
[2021.12.01-17.28.02:122][  0]LogAIModule: Creating AISystem for world RollingExampleMap
[2021.12.01-17.28.02:210][  0]LogEditorServer: Finished looking for orphan Actors (0.000 secs)
[2021.12.01-17.28.02:341][  0]LogUObjectHash: Compacting FUObjectHashTables data took   5.30ms
[2021.12.01-17.28.02:342][  0]Cmd: MAP CHECKDEP NOCLEARLOG
[2021.12.01-17.28.02:343][  0]MapCheck: Map check complete: 0 Error(s), 0 Warning(s), took 0.661ms to complete.
[2021.12.01-17.28.02:343][  0]LogFileHelpers: Loading map 'RollingExampleMap' took 1.329
[2021.12.01-17.28.04:684][  0]LogSlate: Updating window title bar state: overlay mode, drag disabled, window buttons hidden, title bar hidden
[2021.12.01-17.28.04:699][  0]LogSlate: Updating window title bar state: overlay mode, drag disabled, window buttons hidden, title bar hidden
[2021.12.01-17.28.04:718][  0]LogSlate: Updating window title bar state: overlay mode, drag disabled, window buttons hidden, title bar hidden
[2021.12.01-17.28.04:739][  0]LogSlate: Updating window title bar state: overlay mode, drag disabled, window buttons hidden, title bar hidden
[2021.12.01-17.28.04:947][  0]LogCollectionManager: Loaded 0 collections in 0.004858 seconds
[2021.12.01-17.28.04:998][  0]LogFileCache: Scanning file cache for directory 'D:/Epic Games/asistivna/Asistivna/Saved/Collections/' took 0.00s
[2021.12.01-17.28.04:998][  0]LogFileCache: Scanning file cache for directory 'D:/Epic Games/asistivna/Asistivna/Content/Developers/LUKA/Collections/' took 0.00s
[2021.12.01-17.28.04:998][  0]LogFileCache: Scanning file cache for directory 'D:/Epic Games/asistivna/Asistivna/Content/Collections/' took 0.00s
[2021.12.01-17.28.04:999][  0]LogContentBrowser: Native class hierarchy populated in 0.0171 seconds. Added 3017 classes and 719 folders.
[2021.12.01-17.28.05:013][  0]LogContentBrowser: Native class hierarchy updated for 'WidgetCarousel' in 0.0005 seconds. Added 0 classes and 0 folders.
[2021.12.01-17.28.05:387][  0]LogContentBrowser: Native class hierarchy updated for 'AddContentDialog' in 0.0008 seconds. Added 0 classes and 0 folders.
[2021.12.01-17.28.05:543][  0]LogContentBrowser: Native class hierarchy updated for 'SceneOutliner' in 0.0011 seconds. Added 2 classes and 3 folders.
[2021.12.01-17.28.05:794][  0]LogSlate: Took 0.001309 seconds to synchronously load lazily loaded font '../../../Engine/Content/Slate/Fonts/Roboto-Regular.ttf' (155K)
[2021.12.01-17.28.05:802][  0]LogSlate: Took 0.002085 seconds to synchronously load lazily loaded font '../../../Engine/Content/Slate/Fonts/Roboto-Bold.ttf' (160K)
[2021.12.01-17.28.05:813][  0]LogSlate: Took 0.001138 seconds to synchronously load lazily loaded font '../../../Engine/Content/Editor/Slate/Fonts/FontAwesome.ttf' (139K)
[2021.12.01-17.28.06:059][  0]LogRenderer: Reallocating scene render targets to support 1012x488 Format 10 NumSamples 1 (Frame:1).
[2021.12.01-17.28.06:416][  0]LogContentBrowser: Native class hierarchy updated for 'HierarchicalLODOutliner' in 0.0006 seconds. Added 0 classes and 0 folders.
[2021.12.01-17.28.06:417][  0]LogLoad: (Engine Initialization) Total time: 81.22 seconds
[2021.12.01-17.28.06:417][  0]LogLoad: (Engine Initialization) Total Blueprint compile time: 0.00 seconds
[2021.12.01-17.28.06:584][  0]LogContentStreaming: Texture pool size now 3000 MB
[2021.12.01-17.28.06:612][  0]LogSlate: Took 0.001555 seconds to synchronously load lazily loaded font '../../../Engine/Content/Slate/Fonts/Roboto-Light.ttf' (167K)
[2021.12.01-17.28.08:426][  8]LogAssetRegistry: Asset discovery search completed in 51.8290 seconds
[2021.12.01-17.28.08:432][  8]LogCollectionManager: Fixed up redirectors for 0 collections in 0.000034 seconds (updated 0 objects)
[2021.12.01-17.28.54:211][465]LogSlate: Took 0.000321 seconds to synchronously load lazily loaded font '../../../Engine/Content/Slate/Fonts/Roboto-Light.ttf' (167K)
[2021.12.01-17.28.54:245][465]Cmd: OBJ SAVEPACKAGE PACKAGE="/Game/RollingCPP/Maps/RollingExampleMap" FILE="D:/Epic Games/asistivna/Asistivna/Content/RollingCPP/Maps/RollingExampleMap.umap" SILENT=true AUTOSAVING=false KEEPDIRTY=false
[2021.12.01-17.28.54:408][465]LogUObjectHash: Compacting FUObjectHashTables data took   4.06ms
[2021.12.01-17.28.54:811][465]LogSavePackage: Moving 'D:/Epic Games/asistivna/Asistivna/Saved/RollingExampleMap0A49E5B54DED93833E9CC19B6037C80B.tmp' to 'D:/Epic Games/asistivna/Asistivna/Content/RollingCPP/Maps/RollingExampleMap.umap'
[2021.12.01-17.28.54:941][465]Cmd: OBJ SAVEPACKAGE PACKAGE="/Game/RollingCPP/Maps/RollingExampleMap_BuiltData" FILE="D:/Epic Games/asistivna/Asistivna/Content/RollingCPP/Maps/RollingExampleMap_BuiltData.uasset" SILENT=true
[2021.12.01-17.28.58:022][465]LogSavePackage: Moving 'D:/Epic Games/asistivna/Asistivna/Saved/RollingExampleMap_BuiltDataB9D76CBE4CC63B9907F899B7D3ACE647.tmp' to 'D:/Epic Games/asistivna/Asistivna/Content/RollingCPP/Maps/RollingExampleMap_BuiltData.uasset'
[2021.12.01-17.28.58:087][465]AssetCheck: New page: Asset Save: multiple assets
[2021.12.01-17.28.58:087][465]LogContentValidation: Display: Validating World /Game/RollingCPP/Maps/RollingExampleMap.RollingExampleMap
[2021.12.01-17.28.58:088][465]LogContentValidation: Display: Validating MapBuildDataRegistry /Game/RollingCPP/Maps/RollingExampleMap_BuiltData.RollingExampleMap_BuiltData
[2021.12.01-17.29.03:144][673]LogEditorViewport: Clicking on Actor (LMB): AsistivnaBall (RollingBall)
[2021.12.01-17.29.22:592][919]LogEditorViewport: Clicking on Actor (LMB): StaticMeshActor (Ground)
[2021.12.01-17.29.25:017][988]LogTemp: Repeating last play command: Selected Viewport
[2021.12.01-17.29.25:031][988]LogBlueprintUserMessages: Early PlayInEditor Detection: Level '/Game/RollingCPP/Maps/RollingExampleMap.RollingExampleMap:PersistentLevel' has LevelScriptBlueprint '/Game/RollingCPP/Maps/RollingExampleMap.RollingExampleMap:PersistentLevel.RollingExampleMap' with GeneratedClass '/Game/RollingCPP/Maps/RollingExampleMap.RollingExampleMap_C' with ClassGeneratedBy '/Game/RollingCPP/Maps/RollingExampleMap.RollingExampleMap:PersistentLevel.RollingExampleMap'
[2021.12.01-17.29.25:035][988]LogPlayLevel: PlayLevel: No blueprints needed recompiling
[2021.12.01-17.29.25:044][988]PIE: New page: PIE session: RollingExampleMap (1 Dec 2021, 19:29:25)
[2021.12.01-17.29.25:053][988]LogOnline: OSS: Creating online subsystem instance for: NULL
[2021.12.01-17.29.25:058][988]LogOnline: OSS: TryLoadSubsystemAndSetDefault: Loaded subsystem for module [NULL]
[2021.12.01-17.29.25:060][988]LogPlayLevel: Creating play world package: /Game/RollingCPP/Maps/UEDPIE_0_RollingExampleMap
[2021.12.01-17.29.25:104][988]LogPlayLevel: PIE: StaticDuplicateObject took: (0.044593s)
[2021.12.01-17.29.25:107][988]LogAIModule: Creating AISystem for world RollingExampleMap
[2021.12.01-17.29.25:108][988]LogPlayLevel: PIE: World Init took: (0.003380s)
[2021.12.01-17.29.25:109][988]LogPlayLevel: PIE: Created PIE world by copying editor world from /Game/RollingCPP/Maps/RollingExampleMap.RollingExampleMap to /Game/RollingCPP/Maps/UEDPIE_0_RollingExampleMap.RollingExampleMap (0.049756s)
[2021.12.01-17.29.25:271][988]LogUObjectHash: Compacting FUObjectHashTables data took   6.10ms
[2021.12.01-17.29.25:334][988]LogAudioMixer: Display: Audio Mixer Platform Settings:
[2021.12.01-17.29.25:335][988]LogAudioMixer: Display: 	Sample Rate:						  48000
[2021.12.01-17.29.25:335][988]LogAudioMixer: Display: 	Callback Buffer Frame Size Requested: 1024
[2021.12.01-17.29.25:336][988]LogAudioMixer: Display: 	Callback Buffer Frame Size To Use:	  1024
[2021.12.01-17.29.25:336][988]LogAudioMixer: Display: 	Number of buffers to queue:			  2
[2021.12.01-17.29.25:336][988]LogAudioMixer: Display: 	Max Channels (voices):				  32
[2021.12.01-17.29.25:337][988]LogAudioMixer: Display: 	Number of Async Source Workers:		  0
[2021.12.01-17.29.25:337][988]LogAudio: Display: AudioDevice MaxSources: 32
[2021.12.01-17.29.25:338][988]LogAudio: Display: Using built-in audio occlusion.
[2021.12.01-17.29.25:339][988]LogAudioMixer: Display: Initializing audio mixer.
[2021.12.01-17.29.25:361][988]LogAudioMixer: Display: Audio Device Output Speaker Info:
[2021.12.01-17.29.25:361][988]LogAudioMixer: Display: Name: Speakers (High Definition Audio Device)
[2021.12.01-17.29.25:362][988]LogAudioMixer: Display: Is Default: Yes
[2021.12.01-17.29.25:362][988]LogAudioMixer: Display: Sample Rate: 48000
[2021.12.01-17.29.25:362][988]LogAudioMixer: Display: Channel Count Used: 2
[2021.12.01-17.29.25:362][988]LogAudioMixer: Display: Device Channel Count: 2
[2021.12.01-17.29.25:362][988]LogAudioMixer: Display: Channel Order:
[2021.12.01-17.29.25:362][988]LogAudioMixer: Display: 0: FrontLeft
[2021.12.01-17.29.25:363][988]LogAudioMixer: Display: 1: FrontRight
[2021.12.01-17.29.25:393][988]LogAudioMixer: Display: Using Audio Device Speakers (High Definition Audio Device)
[2021.12.01-17.29.25:398][988]LogInit: FAudioDevice initialized.
[2021.12.01-17.29.25:419][988]LogLoad: Game class is 'AsistivnaGameMode'
[2021.12.01-17.29.25:431][988]LogWorld: Bringing World /Game/RollingCPP/Maps/UEDPIE_0_RollingExampleMap.RollingExampleMap up for play (max tick rate 0) at 2021.12.01-18.29.25
[2021.12.01-17.29.25:435][988]LogWorld: Bringing up level for play took: 0.009175
[2021.12.01-17.29.25:437][988]LogOnline: OSS: Creating online subsystem instance for: :Context_3
[2021.12.01-17.29.25:455][988]LogContentBrowser: Native class hierarchy updated for 'MovieSceneCapture' in 0.0006 seconds. Added 20 classes and 0 folders.
[2021.12.01-17.29.25:459][988]PIE: Play in editor start time for /Game/RollingCPP/Maps/UEDPIE_0_RollingExampleMap 1.261
[2021.12.01-17.29.25:459][988]LogBlueprintUserMessages: Late PlayInEditor Detection: Level '/Game/RollingCPP/Maps/RollingExampleMap.RollingExampleMap:PersistentLevel' has LevelScriptBlueprint '/Game/RollingCPP/Maps/RollingExampleMap.RollingExampleMap:PersistentLevel.RollingExampleMap' with GeneratedClass '/Game/RollingCPP/Maps/RollingExampleMap.RollingExampleMap_C' with ClassGeneratedBy '/Game/RollingCPP/Maps/RollingExampleMap.RollingExampleMap:PersistentLevel.RollingExampleMap'
[2021.12.01-17.30.32:108][420]LogAudioMixer: Display: No commands were queued while flushing the source manager.
[2021.12.01-17.30.32:136][420]LogAudioMixer: Display: Flush succeeded in the source manager command queue (1).
[2021.12.01-17.30.32:156][420]LogAudioMixer: Display: Flush succeeded the source manager command queue (2).
[2021.12.01-17.30.32:156][420]LogBlueprintUserMessages: Early EndPlayMap Detection: Level '/Game/RollingCPP/Maps/RollingExampleMap.RollingExampleMap:PersistentLevel' has LevelScriptBlueprint '/Game/RollingCPP/Maps/RollingExampleMap.RollingExampleMap:PersistentLevel.RollingExampleMap' with GeneratedClass '/Game/RollingCPP/Maps/RollingExampleMap.RollingExampleMap_C' with ClassGeneratedBy '/Game/RollingCPP/Maps/RollingExampleMap.RollingExampleMap:PersistentLevel.RollingExampleMap'
[2021.12.01-17.30.32:158][420]LogSlate: Updating window title bar state: overlay mode, drag disabled, window buttons hidden, title bar hidden
[2021.12.01-17.30.32:158][420]LogWorld: BeginTearingDown for /Game/RollingCPP/Maps/UEDPIE_0_RollingExampleMap
[2021.12.01-17.30.32:158][420]LogAudioMixer: Display: No commands were queued while flushing the source manager.
[2021.12.01-17.30.32:159][420]LogWorld: UWorld::CleanupWorld for RollingExampleMap, bSessionEnded=true, bCleanupResources=true
[2021.12.01-17.30.32:160][420]LogSlate: InvalidateAllWidgets triggered.  All widgets were invalidated
[2021.12.01-17.30.32:184][420]LogPlayLevel: Display: Shutting down PIE online subsystems
[2021.12.01-17.30.32:184][420]LogBlueprintUserMessages: Late EndPlayMap Detection: Level '/Game/RollingCPP/Maps/RollingExampleMap.RollingExampleMap:PersistentLevel' has LevelScriptBlueprint '/Game/RollingCPP/Maps/RollingExampleMap.RollingExampleMap:PersistentLevel.RollingExampleMap' with GeneratedClass '/Game/RollingCPP/Maps/RollingExampleMap.RollingExampleMap_C' with ClassGeneratedBy '/Game/RollingCPP/Maps/RollingExampleMap.RollingExampleMap:PersistentLevel.RollingExampleMap'
[2021.12.01-17.30.32:190][420]LogSlate: InvalidateAllWidgets triggered.  All widgets were invalidated
[2021.12.01-17.30.32:676][420]LogAudioMixer: Display: No commands were queued while flushing the source manager.
[2021.12.01-17.30.32:685][420]LogSlate: Updating window title bar state: overlay mode, drag disabled, window buttons hidden, title bar hidden
[2021.12.01-17.30.32:694][420]LogUObjectHash: Compacting FUObjectHashTables data took   3.09ms
[2021.12.01-17.30.32:719][421]LogPlayLevel: Display: Destroying online subsystem :Context_3
[2021.12.01-17.30.34:034][478]LogEditorViewport: Clicking on Actor (LMB): AsistivnaBall (RollingBall)
[2021.12.01-17.30.38:698][562]LogSlate: Took 0.001572 seconds to synchronously load lazily loaded font '../../../Engine/Content/Slate/Fonts/Roboto-Italic.ttf' (157K)
[2021.12.01-17.30.39:099][573]LogEditorViewport: Clicking on Actor (LMB): StaticMeshActor (Ground)
[2021.12.01-17.30.40:123][590]LogTemp: Repeating last play command: Selected Viewport
[2021.12.01-17.30.40:135][590]LogBlueprintUserMessages: Early PlayInEditor Detection: Level '/Game/RollingCPP/Maps/RollingExampleMap.RollingExampleMap:PersistentLevel' has LevelScriptBlueprint '/Game/RollingCPP/Maps/RollingExampleMap.RollingExampleMap:PersistentLevel.RollingExampleMap' with GeneratedClass '/Game/RollingCPP/Maps/RollingExampleMap.RollingExampleMap_C' with ClassGeneratedBy '/Game/RollingCPP/Maps/RollingExampleMap.RollingExampleMap:PersistentLevel.RollingExampleMap'
[2021.12.01-17.30.40:135][590]LogPlayLevel: PlayLevel: No blueprints needed recompiling
[2021.12.01-17.30.40:135][590]PIE: New page: PIE session: RollingExampleMap (1 Dec 2021, 19:30:40)
[2021.12.01-17.30.40:136][590]LogPlayLevel: Creating play world package: /Game/RollingCPP/Maps/UEDPIE_0_RollingExampleMap
[2021.12.01-17.30.40:175][590]LogPlayLevel: PIE: StaticDuplicateObject took: (0.038961s)
[2021.12.01-17.30.40:178][590]LogAIModule: Creating AISystem for world RollingExampleMap
[2021.12.01-17.30.40:186][590]LogPlayLevel: PIE: World Init took: (0.009696s)
[2021.12.01-17.30.40:186][590]LogPlayLevel: PIE: Created PIE world by copying editor world from /Game/RollingCPP/Maps/RollingExampleMap.RollingExampleMap to /Game/RollingCPP/Maps/UEDPIE_0_RollingExampleMap.RollingExampleMap (0.049527s)
[2021.12.01-17.30.40:341][590]LogUObjectHash: Compacting FUObjectHashTables data took   2.93ms
[2021.12.01-17.30.40:342][590]LogAudioMixer: Display: Audio Mixer Platform Settings:
[2021.12.01-17.30.40:342][590]LogAudioMixer: Display: 	Sample Rate:						  48000
[2021.12.01-17.30.40:342][590]LogAudioMixer: Display: 	Callback Buffer Frame Size Requested: 1024
[2021.12.01-17.30.40:343][590]LogAudioMixer: Display: 	Callback Buffer Frame Size To Use:	  1024
[2021.12.01-17.30.40:343][590]LogAudioMixer: Display: 	Number of buffers to queue:			  2
[2021.12.01-17.30.40:343][590]LogAudioMixer: Display: 	Max Channels (voices):				  32
[2021.12.01-17.30.40:343][590]LogAudioMixer: Display: 	Number of Async Source Workers:		  0
[2021.12.01-17.30.40:344][590]LogAudio: Display: AudioDevice MaxSources: 32
[2021.12.01-17.30.40:344][590]LogAudio: Display: Using built-in audio occlusion.
[2021.12.01-17.30.40:345][590]LogAudioMixer: Display: Initializing audio mixer.
[2021.12.01-17.30.40:367][590]LogAudioMixer: Display: Audio Device Output Speaker Info:
[2021.12.01-17.30.40:367][590]LogAudioMixer: Display: Name: Speakers (High Definition Audio Device)
[2021.12.01-17.30.40:367][590]LogAudioMixer: Display: Is Default: Yes
[2021.12.01-17.30.40:368][590]LogAudioMixer: Display: Sample Rate: 48000
[2021.12.01-17.30.40:368][590]LogAudioMixer: Display: Channel Count Used: 2
[2021.12.01-17.30.40:368][590]LogAudioMixer: Display: Device Channel Count: 2
[2021.12.01-17.30.40:368][590]LogAudioMixer: Display: Channel Order:
[2021.12.01-17.30.40:368][590]LogAudioMixer: Display: 0: FrontLeft
[2021.12.01-17.30.40:369][590]LogAudioMixer: Display: 1: FrontRight
[2021.12.01-17.30.40:393][590]LogAudioMixer: Display: Using Audio Device Speakers (High Definition Audio Device)
[2021.12.01-17.30.40:398][590]LogInit: FAudioDevice initialized.
[2021.12.01-17.30.40:414][590]LogLoad: Game class is 'AsistivnaGameMode'
[2021.12.01-17.30.40:419][590]LogWorld: Bringing World /Game/RollingCPP/Maps/UEDPIE_0_RollingExampleMap.RollingExampleMap up for play (max tick rate 0) at 2021.12.01-18.30.40
[2021.12.01-17.30.40:420][590]LogWorld: Bringing up level for play took: 0.004736
[2021.12.01-17.30.40:420][590]LogOnline: OSS: Creating online subsystem instance for: :Context_4
[2021.12.01-17.30.40:425][590]PIE: Play in editor start time for /Game/RollingCPP/Maps/UEDPIE_0_RollingExampleMap 0.228
[2021.12.01-17.30.40:426][590]LogBlueprintUserMessages: Late PlayInEditor Detection: Level '/Game/RollingCPP/Maps/RollingExampleMap.RollingExampleMap:PersistentLevel' has LevelScriptBlueprint '/Game/RollingCPP/Maps/RollingExampleMap.RollingExampleMap:PersistentLevel.RollingExampleMap' with GeneratedClass '/Game/RollingCPP/Maps/RollingExampleMap.RollingExampleMap_C' with ClassGeneratedBy '/Game/RollingCPP/Maps/RollingExampleMap.RollingExampleMap:PersistentLevel.RollingExampleMap'
[2021.12.01-17.31.12:788][336]LogAudioMixer: Display: No commands were queued while flushing the source manager.
[2021.12.01-17.31.12:807][336]LogAudioMixer: Display: Flush succeeded in the source manager command queue (1).
[2021.12.01-17.31.12:827][336]LogAudioMixer: Display: Flush succeeded the source manager command queue (2).
[2021.12.01-17.31.12:827][336]LogBlueprintUserMessages: Early EndPlayMap Detection: Level '/Game/RollingCPP/Maps/RollingExampleMap.RollingExampleMap:PersistentLevel' has LevelScriptBlueprint '/Game/RollingCPP/Maps/RollingExampleMap.RollingExampleMap:PersistentLevel.RollingExampleMap' with GeneratedClass '/Game/RollingCPP/Maps/RollingExampleMap.RollingExampleMap_C' with ClassGeneratedBy '/Game/RollingCPP/Maps/RollingExampleMap.RollingExampleMap:PersistentLevel.RollingExampleMap'
[2021.12.01-17.31.12:828][336]LogSlate: Updating window title bar state: overlay mode, drag disabled, window buttons hidden, title bar hidden
[2021.12.01-17.31.12:828][336]LogWorld: BeginTearingDown for /Game/RollingCPP/Maps/UEDPIE_0_RollingExampleMap
[2021.12.01-17.31.12:828][336]LogAudioMixer: Display: No commands were queued while flushing the source manager.
[2021.12.01-17.31.12:829][336]LogWorld: UWorld::CleanupWorld for RollingExampleMap, bSessionEnded=true, bCleanupResources=true
[2021.12.01-17.31.12:830][336]LogSlate: InvalidateAllWidgets triggered.  All widgets were invalidated
[2021.12.01-17.31.12:849][336]LogPlayLevel: Display: Shutting down PIE online subsystems
[2021.12.01-17.31.12:849][336]LogBlueprintUserMessages: Late EndPlayMap Detection: Level '/Game/RollingCPP/Maps/RollingExampleMap.RollingExampleMap:PersistentLevel' has LevelScriptBlueprint '/Game/RollingCPP/Maps/RollingExampleMap.RollingExampleMap:PersistentLevel.RollingExampleMap' with GeneratedClass '/Game/RollingCPP/Maps/RollingExampleMap.RollingExampleMap_C' with ClassGeneratedBy '/Game/RollingCPP/Maps/RollingExampleMap.RollingExampleMap:PersistentLevel.RollingExampleMap'
[2021.12.01-17.31.12:854][336]LogSlate: InvalidateAllWidgets triggered.  All widgets were invalidated
[2021.12.01-17.31.13:031][336]LogAudioMixer: Display: No commands were queued while flushing the source manager.
[2021.12.01-17.31.13:039][336]LogSlate: Updating window title bar state: overlay mode, drag disabled, window buttons hidden, title bar hidden
[2021.12.01-17.31.13:044][336]LogUObjectHash: Compacting FUObjectHashTables data took   3.15ms
[2021.12.01-17.31.13:072][337]LogPlayLevel: Display: Destroying online subsystem :Context_4
[2021.12.01-17.31.15:786][467]LogEditorViewport: Clicking on Actor (LMB): AsistivnaBall (RollingBall)
[2021.12.01-17.31.20:726][570]LogTemp: Repeating last play command: Selected Viewport
[2021.12.01-17.31.20:738][570]LogBlueprintUserMessages: Early PlayInEditor Detection: Level '/Game/RollingCPP/Maps/RollingExampleMap.RollingExampleMap:PersistentLevel' has LevelScriptBlueprint '/Game/RollingCPP/Maps/RollingExampleMap.RollingExampleMap:PersistentLevel.RollingExampleMap' with GeneratedClass '/Game/RollingCPP/Maps/RollingExampleMap.RollingExampleMap_C' with ClassGeneratedBy '/Game/RollingCPP/Maps/RollingExampleMap.RollingExampleMap:PersistentLevel.RollingExampleMap'
[2021.12.01-17.31.20:738][570]LogPlayLevel: PlayLevel: No blueprints needed recompiling
[2021.12.01-17.31.20:738][570]PIE: New page: PIE session: RollingExampleMap (1 Dec 2021, 19:31:20)
[2021.12.01-17.31.20:739][570]LogPlayLevel: Creating play world package: /Game/RollingCPP/Maps/UEDPIE_0_RollingExampleMap
[2021.12.01-17.31.20:782][570]LogPlayLevel: PIE: StaticDuplicateObject took: (0.043049s)
[2021.12.01-17.31.20:784][570]LogAIModule: Creating AISystem for world RollingExampleMap
[2021.12.01-17.31.20:785][570]LogPlayLevel: PIE: World Init took: (0.002402s)
[2021.12.01-17.31.20:785][570]LogPlayLevel: PIE: Created PIE world by copying editor world from /Game/RollingCPP/Maps/RollingExampleMap.RollingExampleMap to /Game/RollingCPP/Maps/UEDPIE_0_RollingExampleMap.RollingExampleMap (0.046218s)
[2021.12.01-17.31.20:954][570]LogUObjectHash: Compacting FUObjectHashTables data took   2.69ms
[2021.12.01-17.31.20:956][570]LogAudioMixer: Display: Audio Mixer Platform Settings:
[2021.12.01-17.31.20:956][570]LogAudioMixer: Display: 	Sample Rate:						  48000
[2021.12.01-17.31.20:956][570]LogAudioMixer: Display: 	Callback Buffer Frame Size Requested: 1024
[2021.12.01-17.31.20:956][570]LogAudioMixer: Display: 	Callback Buffer Frame Size To Use:	  1024
[2021.12.01-17.31.20:956][570]LogAudioMixer: Display: 	Number of buffers to queue:			  2
[2021.12.01-17.31.20:956][570]LogAudioMixer: Display: 	Max Channels (voices):				  32
[2021.12.01-17.31.20:957][570]LogAudioMixer: Display: 	Number of Async Source Workers:		  0
[2021.12.01-17.31.20:957][570]LogAudio: Display: AudioDevice MaxSources: 32
[2021.12.01-17.31.20:958][570]LogAudio: Display: Using built-in audio occlusion.
[2021.12.01-17.31.20:958][570]LogAudioMixer: Display: Initializing audio mixer.
[2021.12.01-17.31.20:980][570]LogAudioMixer: Display: Audio Device Output Speaker Info:
[2021.12.01-17.31.20:981][570]LogAudioMixer: Display: Name: Speakers (High Definition Audio Device)
[2021.12.01-17.31.20:981][570]LogAudioMixer: Display: Is Default: Yes
[2021.12.01-17.31.20:982][570]LogAudioMixer: Display: Sample Rate: 48000
[2021.12.01-17.31.20:982][570]LogAudioMixer: Display: Channel Count Used: 2
[2021.12.01-17.31.20:982][570]LogAudioMixer: Display: Device Channel Count: 2
[2021.12.01-17.31.20:982][570]LogAudioMixer: Display: Channel Order:
[2021.12.01-17.31.20:983][570]LogAudioMixer: Display: 0: FrontLeft
[2021.12.01-17.31.20:983][570]LogAudioMixer: Display: 1: FrontRight
[2021.12.01-17.31.21:008][570]LogAudioMixer: Display: Using Audio Device Speakers (High Definition Audio Device)
[2021.12.01-17.31.21:014][570]LogInit: FAudioDevice initialized.
[2021.12.01-17.31.21:031][570]LogLoad: Game class is 'AsistivnaGameMode'
[2021.12.01-17.31.21:039][570]LogWorld: Bringing World /Game/RollingCPP/Maps/UEDPIE_0_RollingExampleMap.RollingExampleMap up for play (max tick rate 0) at 2021.12.01-18.31.21
[2021.12.01-17.31.21:040][570]LogWorld: Bringing up level for play took: 0.006257
[2021.12.01-17.31.21:041][570]LogOnline: OSS: Creating online subsystem instance for: :Context_5
[2021.12.01-17.31.21:047][570]PIE: Play in editor start time for /Game/RollingCPP/Maps/UEDPIE_0_RollingExampleMap 0.849
[2021.12.01-17.31.21:047][570]LogBlueprintUserMessages: Late PlayInEditor Detection: Level '/Game/RollingCPP/Maps/RollingExampleMap.RollingExampleMap:PersistentLevel' has LevelScriptBlueprint '/Game/RollingCPP/Maps/RollingExampleMap.RollingExampleMap:PersistentLevel.RollingExampleMap' with GeneratedClass '/Game/RollingCPP/Maps/RollingExampleMap.RollingExampleMap_C' with ClassGeneratedBy '/Game/RollingCPP/Maps/RollingExampleMap.RollingExampleMap:PersistentLevel.RollingExampleMap'
[2021.12.01-17.31.43:384][775]LogAudioMixer: Display: No commands were queued while flushing the source manager.
[2021.12.01-17.31.43:386][775]LogAudioMixer: Display: Flush succeeded in the source manager command queue (1).
[2021.12.01-17.31.43:406][775]LogAudioMixer: Display: Flush succeeded the source manager command queue (2).
[2021.12.01-17.31.43:407][775]LogBlueprintUserMessages: Early EndPlayMap Detection: Level '/Game/RollingCPP/Maps/RollingExampleMap.RollingExampleMap:PersistentLevel' has LevelScriptBlueprint '/Game/RollingCPP/Maps/RollingExampleMap.RollingExampleMap:PersistentLevel.RollingExampleMap' with GeneratedClass '/Game/RollingCPP/Maps/RollingExampleMap.RollingExampleMap_C' with ClassGeneratedBy '/Game/RollingCPP/Maps/RollingExampleMap.RollingExampleMap:PersistentLevel.RollingExampleMap'
[2021.12.01-17.31.43:407][775]LogSlate: Updating window title bar state: overlay mode, drag disabled, window buttons hidden, title bar hidden
[2021.12.01-17.31.43:407][775]LogWorld: BeginTearingDown for /Game/RollingCPP/Maps/UEDPIE_0_RollingExampleMap
[2021.12.01-17.31.43:407][775]LogAudioMixer: Display: No commands were queued while flushing the source manager.
[2021.12.01-17.31.43:408][775]LogWorld: UWorld::CleanupWorld for RollingExampleMap, bSessionEnded=true, bCleanupResources=true
[2021.12.01-17.31.43:409][775]LogSlate: InvalidateAllWidgets triggered.  All widgets were invalidated
[2021.12.01-17.31.43:422][775]LogPlayLevel: Display: Shutting down PIE online subsystems
[2021.12.01-17.31.43:422][775]LogBlueprintUserMessages: Late EndPlayMap Detection: Level '/Game/RollingCPP/Maps/RollingExampleMap.RollingExampleMap:PersistentLevel' has LevelScriptBlueprint '/Game/RollingCPP/Maps/RollingExampleMap.RollingExampleMap:PersistentLevel.RollingExampleMap' with GeneratedClass '/Game/RollingCPP/Maps/RollingExampleMap.RollingExampleMap_C' with ClassGeneratedBy '/Game/RollingCPP/Maps/RollingExampleMap.RollingExampleMap:PersistentLevel.RollingExampleMap'
[2021.12.01-17.31.43:426][775]LogSlate: InvalidateAllWidgets triggered.  All widgets were invalidated
[2021.12.01-17.31.43:590][775]LogAudioMixer: Display: No commands were queued while flushing the source manager.
[2021.12.01-17.31.43:596][775]LogSlate: Updating window title bar state: overlay mode, drag disabled, window buttons hidden, title bar hidden
[2021.12.01-17.31.43:604][775]LogUObjectHash: Compacting FUObjectHashTables data took   2.71ms
[2021.12.01-17.31.43:628][776]LogPlayLevel: Display: Destroying online subsystem :Context_5
[2021.12.01-17.31.45:618][874]LogEditorViewport: Clicking on Actor (LMB): AsistivnaBall (RollingBall)
[2021.12.01-17.31.56:044][185]LogTemp: Repeating last play command: Selected Viewport
[2021.12.01-17.31.56:056][185]LogBlueprintUserMessages: Early PlayInEditor Detection: Level '/Game/RollingCPP/Maps/RollingExampleMap.RollingExampleMap:PersistentLevel' has LevelScriptBlueprint '/Game/RollingCPP/Maps/RollingExampleMap.RollingExampleMap:PersistentLevel.RollingExampleMap' with GeneratedClass '/Game/RollingCPP/Maps/RollingExampleMap.RollingExampleMap_C' with ClassGeneratedBy '/Game/RollingCPP/Maps/RollingExampleMap.RollingExampleMap:PersistentLevel.RollingExampleMap'
[2021.12.01-17.31.56:056][185]LogPlayLevel: PlayLevel: No blueprints needed recompiling
[2021.12.01-17.31.56:057][185]PIE: New page: PIE session: RollingExampleMap (1 Dec 2021, 19:31:56)
[2021.12.01-17.31.56:057][185]LogPlayLevel: Creating play world package: /Game/RollingCPP/Maps/UEDPIE_0_RollingExampleMap
[2021.12.01-17.31.56:096][185]LogPlayLevel: PIE: StaticDuplicateObject took: (0.038423s)
[2021.12.01-17.31.56:098][185]LogAIModule: Creating AISystem for world RollingExampleMap
[2021.12.01-17.31.56:099][185]LogPlayLevel: PIE: World Init took: (0.002804s)
[2021.12.01-17.31.56:099][185]LogPlayLevel: PIE: Created PIE world by copying editor world from /Game/RollingCPP/Maps/RollingExampleMap.RollingExampleMap to /Game/RollingCPP/Maps/UEDPIE_0_RollingExampleMap.RollingExampleMap (0.042087s)
[2021.12.01-17.31.56:269][185]LogUObjectHash: Compacting FUObjectHashTables data took   2.97ms
[2021.12.01-17.31.56:271][185]LogAudioMixer: Display: Audio Mixer Platform Settings:
[2021.12.01-17.31.56:272][185]LogAudioMixer: Display: 	Sample Rate:						  48000
[2021.12.01-17.31.56:272][185]LogAudioMixer: Display: 	Callback Buffer Frame Size Requested: 1024
[2021.12.01-17.31.56:272][185]LogAudioMixer: Display: 	Callback Buffer Frame Size To Use:	  1024
[2021.12.01-17.31.56:272][185]LogAudioMixer: Display: 	Number of buffers to queue:			  2
[2021.12.01-17.31.56:272][185]LogAudioMixer: Display: 	Max Channels (voices):				  32
[2021.12.01-17.31.56:273][185]LogAudioMixer: Display: 	Number of Async Source Workers:		  0
[2021.12.01-17.31.56:273][185]LogAudio: Display: AudioDevice MaxSources: 32
[2021.12.01-17.31.56:274][185]LogAudio: Display: Using built-in audio occlusion.
[2021.12.01-17.31.56:274][185]LogAudioMixer: Display: Initializing audio mixer.
[2021.12.01-17.31.56:296][185]LogAudioMixer: Display: Audio Device Output Speaker Info:
[2021.12.01-17.31.56:296][185]LogAudioMixer: Display: Name: Speakers (High Definition Audio Device)
[2021.12.01-17.31.56:296][185]LogAudioMixer: Display: Is Default: Yes
[2021.12.01-17.31.56:296][185]LogAudioMixer: Display: Sample Rate: 48000
[2021.12.01-17.31.56:297][185]LogAudioMixer: Display: Channel Count Used: 2
[2021.12.01-17.31.56:297][185]LogAudioMixer: Display: Device Channel Count: 2
[2021.12.01-17.31.56:297][185]LogAudioMixer: Display: Channel Order:
[2021.12.01-17.31.56:297][185]LogAudioMixer: Display: 0: FrontLeft
[2021.12.01-17.31.56:297][185]LogAudioMixer: Display: 1: FrontRight
[2021.12.01-17.31.56:321][185]LogAudioMixer: Display: Using Audio Device Speakers (High Definition Audio Device)
[2021.12.01-17.31.56:326][185]LogInit: FAudioDevice initialized.
[2021.12.01-17.31.56:346][185]LogLoad: Game class is 'AsistivnaGameMode'
[2021.12.01-17.31.56:352][185]LogWorld: Bringing World /Game/RollingCPP/Maps/UEDPIE_0_RollingExampleMap.RollingExampleMap up for play (max tick rate 0) at 2021.12.01-18.31.56
[2021.12.01-17.31.56:353][185]LogWorld: Bringing up level for play took: 0.005360
[2021.12.01-17.31.56:353][185]LogOnline: OSS: Creating online subsystem instance for: :Context_6
[2021.12.01-17.31.56:358][185]PIE: Play in editor start time for /Game/RollingCPP/Maps/UEDPIE_0_RollingExampleMap 0.16
[2021.12.01-17.31.56:358][185]LogBlueprintUserMessages: Late PlayInEditor Detection: Level '/Game/RollingCPP/Maps/RollingExampleMap.RollingExampleMap:PersistentLevel' has LevelScriptBlueprint '/Game/RollingCPP/Maps/RollingExampleMap.RollingExampleMap:PersistentLevel.RollingExampleMap' with GeneratedClass '/Game/RollingCPP/Maps/RollingExampleMap.RollingExampleMap_C' with ClassGeneratedBy '/Game/RollingCPP/Maps/RollingExampleMap.RollingExampleMap:PersistentLevel.RollingExampleMap'
[2021.12.01-17.32.09:557][914]LogAudioMixer: Display: No commands were queued while flushing the source manager.
[2021.12.01-17.32.09:567][914]LogAudioMixer: Display: Flush succeeded in the source manager command queue (1).
[2021.12.01-17.32.09:587][914]LogAudioMixer: Display: Flush succeeded the source manager command queue (2).
[2021.12.01-17.32.09:587][914]LogBlueprintUserMessages: Early EndPlayMap Detection: Level '/Game/RollingCPP/Maps/RollingExampleMap.RollingExampleMap:PersistentLevel' has LevelScriptBlueprint '/Game/RollingCPP/Maps/RollingExampleMap.RollingExampleMap:PersistentLevel.RollingExampleMap' with GeneratedClass '/Game/RollingCPP/Maps/RollingExampleMap.RollingExampleMap_C' with ClassGeneratedBy '/Game/RollingCPP/Maps/RollingExampleMap.RollingExampleMap:PersistentLevel.RollingExampleMap'
[2021.12.01-17.32.09:588][914]LogSlate: Updating window title bar state: overlay mode, drag disabled, window buttons hidden, title bar hidden
[2021.12.01-17.32.09:588][914]LogWorld: BeginTearingDown for /Game/RollingCPP/Maps/UEDPIE_0_RollingExampleMap
[2021.12.01-17.32.09:588][914]LogAudioMixer: Display: No commands were queued while flushing the source manager.
[2021.12.01-17.32.09:589][914]LogWorld: UWorld::CleanupWorld for RollingExampleMap, bSessionEnded=true, bCleanupResources=true
[2021.12.01-17.32.09:590][914]LogSlate: InvalidateAllWidgets triggered.  All widgets were invalidated
[2021.12.01-17.32.09:608][914]LogPlayLevel: Display: Shutting down PIE online subsystems
[2021.12.01-17.32.09:608][914]LogBlueprintUserMessages: Late EndPlayMap Detection: Level '/Game/RollingCPP/Maps/RollingExampleMap.RollingExampleMap:PersistentLevel' has LevelScriptBlueprint '/Game/RollingCPP/Maps/RollingExampleMap.RollingExampleMap:PersistentLevel.RollingExampleMap' with GeneratedClass '/Game/RollingCPP/Maps/RollingExampleMap.RollingExampleMap_C' with ClassGeneratedBy '/Game/RollingCPP/Maps/RollingExampleMap.RollingExampleMap:PersistentLevel.RollingExampleMap'
[2021.12.01-17.32.09:613][914]LogSlate: InvalidateAllWidgets triggered.  All widgets were invalidated
[2021.12.01-17.32.09:780][914]LogAudioMixer: Display: No commands were queued while flushing the source manager.
[2021.12.01-17.32.09:787][914]LogSlate: Updating window title bar state: overlay mode, drag disabled, window buttons hidden, title bar hidden
[2021.12.01-17.32.09:795][914]LogUObjectHash: Compacting FUObjectHashTables data took   2.56ms
[2021.12.01-17.32.09:820][915]LogPlayLevel: Display: Destroying online subsystem :Context_6
[2021.12.01-17.41.10:334][600]LogUObjectHash: Compacting FUObjectHashTables data took   1.75ms
[2021.12.01-17.41.10:700][600]LogSavePackage: Moving 'D:/Epic Games/asistivna/Asistivna/Saved/RollingExampleMap_Auto17CB3204C4D3DC96731454599133EACFF.tmp' to 'D:/Epic Games/asistivna/Asistivna/Saved/Autosaves/Game/RollingCPP/Maps/RollingExampleMap_Auto1.umap'
[2021.12.01-17.41.10:704][600]LogFileHelpers: Editor autosave (incl. sublevels) for '/Game/RollingCPP/Maps/RollingExampleMap' took 0.453
[2021.12.01-17.41.10:704][600]LogFileHelpers: Editor autosave (incl. sublevels) for all levels took 0.453
