Log file open, 12/26/21 17:29:01
LogWindows: Failed to load 'aqProf.dll' (GetLastError=126)
LogWindows: File 'aqProf.dll' does not exist
LogWindows: Failed to load 'VtuneApi.dll' (GetLastError=126)
LogWindows: File 'VtuneApi.dll' does not exist
LogWindows: Failed to load 'VtuneApi32e.dll' (GetLastError=126)
LogWindows: File 'VtuneApi32e.dll' does not exist
LogConsoleResponse: Display: Failed to find resolution value strings in scalability ini. Falling back to default.
LogInit: Display: Running engine for game: Asistivna
LogPlatformFile: Not using cached read wrapper
LogTaskGraph: Started task graph with 5 named threads and 35 total threads with 3 sets of task threads.
LogStats: Stats thread started at 0.118076
LogD3D11RHI: Loaded GFSDK_Aftermath_Lib.x64.dll
LogICUInternationalization: ICU TimeZone Detection - Raw Offset: +1:00, Platform Override: ''
LogPluginManager: Mounting plugin Paper2D
LogPluginManager: Mounting plugin AISupport
LogPluginManager: Mounting plugin LightPropagationVolume
LogPluginManager: Mounting plugin ActorLayerUtilities
LogPluginManager: Mounting plugin AnimationSharing
LogPluginManager: Mounting plugin CLionSourceCodeAccess
LogPluginManager: Mounting plugin CodeLiteSourceCodeAccess
LogPluginManager: Mounting plugin GitSourceControl
LogPluginManager: Mounting plugin KDevelopSourceCodeAccess
LogPluginManager: Mounting plugin NullSourceCodeAccess
LogPluginManager: Mounting plugin PerforceSourceControl
LogPluginManager: Mounting plugin PlasticSourceControl
LogPluginManager: Mounting plugin SubversionSourceControl
LogPluginManager: Mounting plugin UObjectPlugin
LogPluginManager: Mounting plugin VisualStudioCodeSourceCodeAccess
LogPluginManager: Mounting plugin VisualStudioSourceCodeAccess
LogPluginManager: Mounting plugin XCodeSourceCodeAccess
LogPluginManager: Mounting plugin AssetManagerEditor
LogPluginManager: Mounting plugin CryptoKeys
LogPluginManager: Mounting plugin CurveEditorTools
LogPluginManager: Mounting plugin DataValidation
LogPluginManager: Mounting plugin FacialAnimation
LogPluginManager: Mounting plugin GameplayTagsEditor
LogPluginManager: Mounting plugin MacGraphicsSwitching
LogPluginManager: Mounting plugin MaterialAnalyzer
LogPluginManager: Mounting plugin MobileLauncherProfileWizard
LogPluginManager: Mounting plugin PluginBrowser
LogPluginManager: Mounting plugin SpeedTreeImporter
LogPluginManager: Mounting plugin DatasmithContent
LogPluginManager: Mounting plugin VariantManagerContent
LogPluginManager: Mounting plugin AlembicImporter
LogPluginManager: Mounting plugin AutomationUtils
LogPluginManager: Mounting plugin BackChannel
LogPluginManager: Mounting plugin CharacterAI
LogPluginManager: Mounting plugin GeometryCache
LogPluginManager: Mounting plugin PlatformCrypto
LogPluginManager: Mounting plugin ProxyLODPlugin
LogPluginManager: Mounting plugin SkeletalReduction
LogPluginManager: Mounting plugin MagicLeap
LogPluginManager: Mounting plugin MagicLeapMedia
LogPluginManager: Mounting plugin MLSDK
LogPluginManager: Mounting plugin AndroidMedia
LogPluginManager: Mounting plugin AvfMedia
LogPluginManager: Mounting plugin ImgMedia
LogPluginManager: Mounting plugin MediaCompositing
LogPluginManager: Mounting plugin MediaPlayerEditor
LogPluginManager: Mounting plugin WebMMedia
LogPluginManager: Mounting plugin WmfMedia
LogPluginManager: Mounting plugin TcpMessaging
LogPluginManager: Mounting plugin UdpMessaging
LogPluginManager: Mounting plugin ActorSequence
LogPluginManager: Mounting plugin LevelSequenceEditor
LogPluginManager: Mounting plugin MatineeToLevelSequence
LogPluginManager: Mounting plugin NetcodeUnitTest
LogPluginManager: Mounting plugin NUTUnrealEngine4
LogPluginManager: Mounting plugin OnlineSubsystemGooglePlay
LogPluginManager: Mounting plugin OnlineSubsystemIOS
LogPluginManager: Mounting plugin OnlineSubsystem
LogPluginManager: Mounting plugin OnlineSubsystemNull
LogPluginManager: Mounting plugin OnlineSubsystemUtils
LogPluginManager: Mounting plugin LauncherChunkInstaller
LogPluginManager: Mounting plugin AndroidDeviceProfileSelector
LogPluginManager: Mounting plugin AndroidMoviePlayer
LogPluginManager: Mounting plugin AndroidPermission
LogPluginManager: Mounting plugin AppleImageUtils
LogPluginManager: Mounting plugin AppleMoviePlayer
LogPluginManager: Mounting plugin ArchVisCharacter
LogPluginManager: Mounting plugin AssetTags
LogPluginManager: Mounting plugin AudioCapture
LogPluginManager: Mounting plugin CableComponent
LogPluginManager: Mounting plugin CustomMeshComponent
LogPluginManager: Mounting plugin EditableMesh
LogPluginManager: Mounting plugin ExampleDeviceProfileSelector
LogPluginManager: Mounting plugin GoogleCloudMessaging
LogPluginManager: Mounting plugin IOSDeviceProfileSelector
LogPluginManager: Mounting plugin LinuxDeviceProfileSelector
LogPluginManager: Mounting plugin LocationServicesBPLibrary
LogPluginManager: Mounting plugin MobilePatchingUtils
LogPluginManager: Mounting plugin OculusVR
LogPluginManager: Mounting plugin PhysXVehicles
LogPluginManager: Mounting plugin PostSplashScreen
LogPluginManager: Mounting plugin ProceduralMeshComponent
LogPluginManager: Mounting plugin RuntimePhysXCooking
LogPluginManager: Mounting plugin SignificanceManager
LogPluginManager: Mounting plugin SteamVR
LogPluginManager: Mounting plugin WebMMoviePlayer
LogPluginManager: Mounting plugin WindowsMoviePlayer
LogPluginManager: Mounting plugin ScreenshotTools
LogInit: Using libcurl 7.55.1-DEV
LogInit:  - built for x86_64-pc-win32
LogInit:  - supports SSL with OpenSSL/1.1.1
LogInit:  - supports HTTP deflate (compression) using libz 1.2.8
LogInit:  - other features:
LogInit:      CURL_VERSION_SSL
LogInit:      CURL_VERSION_LIBZ
LogInit:      CURL_VERSION_IPV6
LogInit:      CURL_VERSION_ASYNCHDNS
LogInit:      CURL_VERSION_LARGEFILE
LogInit:      CURL_VERSION_IDN
LogInit:  CurlRequestOptions (configurable via config and command line):
LogInit:  - bVerifyPeer = true  - Libcurl will verify peer certificate
LogInit:  - bUseHttpProxy = false  - Libcurl will NOT use HTTP proxy
LogInit:  - bDontReuseConnections = false  - Libcurl will reuse connections
LogInit:  - MaxHostConnections = 16  - Libcurl will limit the number of connections to a host
LogInit:  - LocalHostAddr = Default
LogInit:  - BufferSize = 65536
LogOnline: OSS: Creating online subsystem instance for: NULL
LogInit: WinSock: version 1.1 (2.2), MaxSocks=32767, MaxUdp=65467
LogOnline: OSS: TryLoadSubsystemAndSetDefault: Loaded subsystem for module [NULL]
LogInit: Build: ++UE4+Release-4.24-CL-11590370
LogInit: Engine Version: 4.24.3-11590370+++UE4+Release-4.24
LogInit: Compatible Engine Version: 4.24.0-10570792+++UE4+Release-4.24
LogInit: Net CL: 10570792
LogInit: OS: Windows 10 (Release 2009) (), CPU: AMD Ryzen 5 5600X 6-Core Processor             , GPU: NVIDIA GeForce GTX 1660 Ti
LogInit: Compiled (64-bit): Feb 24 2020 15:39:18
LogInit: Compiled with Visual C++: 19.16.27032.01
LogInit: Build Configuration: Development
LogInit: Branch Name: ++UE4+Release-4.24
LogInit: Command Line:  -skipcompile
LogInit: Base Directory: C:/Program Files/Epic Games/UE_4.24/Engine/Binaries/Win64/
LogInit: Installed Engine Build: 1
LogDevObjectVersion: Number of dev versions registered: 25
LogDevObjectVersion:   Dev-Blueprints (B0D832E4-1F89-4F0D-ACCF-7EB736FD4AA2): 10
LogDevObjectVersion:   Dev-Build (E1C64328-A22C-4D53-A36C-8E866417BD8C): 0
LogDevObjectVersion:   Dev-Core (375EC13C-06E4-48FB-B500-84F0262A717E): 3
LogDevObjectVersion:   Dev-Editor (E4B068ED-F494-42E9-A231-DA0B2E46BB41): 37
LogDevObjectVersion:   Dev-Framework (CFFC743F-43B0-4480-9391-14DF171D2073): 36
LogDevObjectVersion:   Dev-Mobile (B02B49B5-BB20-44E9-A304-32B752E40360): 2
LogDevObjectVersion:   Dev-Networking (A4E4105C-59A1-49B5-A7C5-40C4547EDFEE): 0
LogDevObjectVersion:   Dev-Online (39C831C9-5AE6-47DC-9A44-9C173E1C8E7C): 0
LogDevObjectVersion:   Dev-Physics (78F01B33-EBEA-4F98-B9B4-84EACCB95AA2): 2
LogDevObjectVersion:   Dev-Platform (6631380F-2D4D-43E0-8009-CF276956A95A): 0
LogDevObjectVersion:   Dev-Rendering (12F88B9F-8875-4AFC-A67C-D90C383ABD29): 36
LogDevObjectVersion:   Dev-Sequencer (7B5AE74C-D270-4C10-A958-57980B212A5A): 11
LogDevObjectVersion:   Dev-VR (D7296918-1DD6-4BDD-9DE2-64A83CC13884): 2
LogDevObjectVersion:   Dev-LoadTimes (C2A15278-BFE7-4AFE-6C17-90FF531DF755): 1
LogDevObjectVersion:   Private-Geometry (6EACA3D4-40EC-4CC1-B786-8BED09428FC5): 3
LogDevObjectVersion:   Dev-AnimPhys (29E575DD-E0A3-4627-9D10-D276232CDCEA): 17
LogDevObjectVersion:   Dev-Anim (AF43A65D-7FD3-4947-9873-3E8ED9C1BB05): 2
LogDevObjectVersion:   Dev-ReflectionCapture (6B266CEC-1EC7-4B8F-A30B-E4D90942FC07): 1
LogDevObjectVersion:   Dev-Automation (0DF73D61-A23F-47EA-B727-89E90C41499A): 1
LogDevObjectVersion:   FortniteMain (601D1886-AC64-4F84-AA16-D3DE0DEAC7D6): 31
LogDevObjectVersion:   Dev-Enterprise (9DFFBCD6-494F-0158-E221-12823C92A888): 8
LogDevObjectVersion:   Dev-Niagara (F2AED0AC-9AFE-416F-8664-AA7FFA26D6FC): 1
LogDevObjectVersion:   Dev-Destruction (174F1F0B-B4C6-45A5-B13F-2EE8D0FB917D): 9
LogDevObjectVersion:   Dev-Physics-Ext (35F94A83-E258-406C-A318-09F59610247C): 8
LogDevObjectVersion:   Dev-CineCamera (B2E18506-4273-CFC2-A54E-F4BB758BBA07): 1
LogInit: Presizing for max 25165824 objects, including 0 objects not considered by GC, pre-allocating 0 bytes for permanent pool.
LogInit: Object subsystem initialized
LogConfig: Setting CVar [[con.DebugEarlyDefault:1]]
LogConfig: Setting CVar [[r.setres:1280x720]]
[2021.12.26-16.29.01:474][  0]LogConfig: Setting CVar [[r.VSync:0]]
[2021.12.26-16.29.01:474][  0]LogConfig: Setting CVar [[r.RHICmdBypass:0]]
[2021.12.26-16.29.01:474][  0]LogConfig: Applying CVar settings from Section [/Script/Engine.RendererSettings] File [E:/Epic Games/asistivna/Asistivna/Saved/Config/Windows/Engine.ini]
[2021.12.26-16.29.01:474][  0]LogConfig: Setting CVar [[r.GPUCrashDebugging:0]]
[2021.12.26-16.29.01:474][  0]LogConfig: Applying CVar settings from Section [/Script/Engine.RendererOverrideSettings] File [E:/Epic Games/asistivna/Asistivna/Saved/Config/Windows/Engine.ini]
[2021.12.26-16.29.01:474][  0]LogConfig: Applying CVar settings from Section [/Script/Engine.StreamingSettings] File [E:/Epic Games/asistivna/Asistivna/Saved/Config/Windows/Engine.ini]
[2021.12.26-16.29.01:474][  0]LogConfig: Setting CVar [[s.MinBulkDataSizeForAsyncLoading:131072]]
[2021.12.26-16.29.01:474][  0]LogConfig: Setting CVar [[s.AsyncLoadingThreadEnabled:0]]
[2021.12.26-16.29.01:474][  0]LogConfig: Setting CVar [[s.EventDrivenLoaderEnabled:1]]
[2021.12.26-16.29.01:474][  0]LogConfig: Setting CVar [[s.WarnIfTimeLimitExceeded:0]]
[2021.12.26-16.29.01:474][  0]LogConfig: Setting CVar [[s.TimeLimitExceededMultiplier:1.5]]
[2021.12.26-16.29.01:474][  0]LogConfig: Setting CVar [[s.TimeLimitExceededMinTime:0.005]]
[2021.12.26-16.29.01:474][  0]LogConfig: Setting CVar [[s.UseBackgroundLevelStreaming:1]]
[2021.12.26-16.29.01:474][  0]LogConfig: Setting CVar [[s.PriorityAsyncLoadingExtraTime:15.0]]
[2021.12.26-16.29.01:474][  0]LogConfig: Setting CVar [[s.LevelStreamingActorsUpdateTimeLimit:5.0]]
[2021.12.26-16.29.01:474][  0]LogConfig: Setting CVar [[s.PriorityLevelStreamingActorsUpdateExtraTime:5.0]]
[2021.12.26-16.29.01:474][  0]LogConfig: Setting CVar [[s.LevelStreamingComponentsRegistrationGranularity:10]]
[2021.12.26-16.29.01:474][  0]LogConfig: Setting CVar [[s.UnregisterComponentsTimeLimit:1.0]]
[2021.12.26-16.29.01:475][  0]LogConfig: Setting CVar [[s.LevelStreamingComponentsUnregistrationGranularity:5]]
[2021.12.26-16.29.01:475][  0]LogConfig: Setting CVar [[s.FlushStreamingOnExit:1]]
[2021.12.26-16.29.01:475][  0]LogConfig: Applying CVar settings from Section [/Script/Engine.GarbageCollectionSettings] File [E:/Epic Games/asistivna/Asistivna/Saved/Config/Windows/Engine.ini]
[2021.12.26-16.29.01:475][  0]LogConfig: Setting CVar [[gc.MaxObjectsNotConsideredByGC:1]]
[2021.12.26-16.29.01:475][  0]LogConfig: Setting CVar [[gc.SizeOfPermanentObjectPool:0]]
[2021.12.26-16.29.01:475][  0]LogConfig: Setting CVar [[gc.FlushStreamingOnGC:0]]
[2021.12.26-16.29.01:475][  0]LogConfig: Setting CVar [[gc.NumRetriesBeforeForcingGC:10]]
[2021.12.26-16.29.01:475][  0]LogConfig: Setting CVar [[gc.AllowParallelGC:1]]
[2021.12.26-16.29.01:475][  0]LogConfig: Setting CVar [[gc.TimeBetweenPurgingPendingKillObjects:61.1]]
[2021.12.26-16.29.01:475][  0]LogConfig: Setting CVar [[gc.MaxObjectsInEditor:25165824]]
[2021.12.26-16.29.01:475][  0]LogConfig: Setting CVar [[gc.IncrementalBeginDestroyEnabled:1]]
[2021.12.26-16.29.01:475][  0]LogConfig: Setting CVar [[gc.CreateGCClusters:1]]
[2021.12.26-16.29.01:475][  0]LogConfig: Setting CVar [[gc.MinGCClusterSize:5]]
[2021.12.26-16.29.01:475][  0]LogConfig: Setting CVar [[gc.ActorClusteringEnabled:0]]
[2021.12.26-16.29.01:475][  0]LogConfig: Setting CVar [[gc.BlueprintClusteringEnabled:0]]
[2021.12.26-16.29.01:475][  0]LogConfig: Setting CVar [[gc.UseDisregardForGCOnDedicatedServers:0]]
[2021.12.26-16.29.01:475][  0]LogConfig: Applying CVar settings from Section [/Script/Engine.NetworkSettings] File [E:/Epic Games/asistivna/Asistivna/Saved/Config/Windows/Engine.ini]
[2021.12.26-16.29.01:475][  0]LogConfig: Applying CVar settings from Section [/Script/UnrealEd.CookerSettings] File [E:/Epic Games/asistivna/Asistivna/Saved/Config/Windows/Engine.ini]
[2021.12.26-16.29.01:479][  0]LogConfig: Applying CVar settings from Section [ViewDistanceQuality@3] File [E:/Epic Games/asistivna/Asistivna/Saved/Config/Windows/Scalability.ini]
[2021.12.26-16.29.01:479][  0]LogConfig: Setting CVar [[r.SkeletalMeshLODBias:0]]
[2021.12.26-16.29.01:479][  0]LogConfig: Setting CVar [[r.ViewDistanceScale:1.0]]
[2021.12.26-16.29.01:479][  0]LogConfig: Applying CVar settings from Section [AntiAliasingQuality@3] File [E:/Epic Games/asistivna/Asistivna/Saved/Config/Windows/Scalability.ini]
[2021.12.26-16.29.01:479][  0]LogConfig: Setting CVar [[r.PostProcessAAQuality:4]]
[2021.12.26-16.29.01:479][  0]LogConfig: Applying CVar settings from Section [ShadowQuality@3] File [E:/Epic Games/asistivna/Asistivna/Saved/Config/Windows/Scalability.ini]
[2021.12.26-16.29.01:479][  0]LogConfig: Setting CVar [[r.LightFunctionQuality:1]]
[2021.12.26-16.29.01:479][  0]LogConfig: Setting CVar [[r.ShadowQuality:5]]
[2021.12.26-16.29.01:479][  0]LogConfig: Setting CVar [[r.Shadow.CSM.MaxCascades:10]]
[2021.12.26-16.29.01:479][  0]LogConfig: Setting CVar [[r.Shadow.MaxResolution:2048]]
[2021.12.26-16.29.01:479][  0]LogConfig: Setting CVar [[r.Shadow.MaxCSMResolution:2048]]
[2021.12.26-16.29.01:479][  0]LogConfig: Setting CVar [[r.Shadow.RadiusThreshold:0.01]]
[2021.12.26-16.29.01:480][  0]LogConfig: Setting CVar [[r.Shadow.DistanceScale:1.0]]
[2021.12.26-16.29.01:480][  0]LogConfig: Setting CVar [[r.Shadow.CSM.TransitionScale:1.0]]
[2021.12.26-16.29.01:480][  0]LogConfig: Setting CVar [[r.Shadow.PreShadowResolutionFactor:1.0]]
[2021.12.26-16.29.01:480][  0]LogConfig: Setting CVar [[r.DistanceFieldShadowing:1]]
[2021.12.26-16.29.01:480][  0]LogConfig: Setting CVar [[r.DistanceFieldAO:1]]
[2021.12.26-16.29.01:480][  0]LogConfig: Setting CVar [[r.AOQuality:2]]
[2021.12.26-16.29.01:480][  0]LogConfig: Setting CVar [[r.VolumetricFog:1]]
[2021.12.26-16.29.01:480][  0]LogConfig: Setting CVar [[r.VolumetricFog.GridPixelSize:8]]
[2021.12.26-16.29.01:480][  0]LogConfig: Setting CVar [[r.VolumetricFog.GridSizeZ:128]]
[2021.12.26-16.29.01:480][  0]LogConfig: Setting CVar [[r.VolumetricFog.HistoryMissSupersampleCount:4]]
[2021.12.26-16.29.01:480][  0]LogConfig: Setting CVar [[r.LightMaxDrawDistanceScale:1]]
[2021.12.26-16.29.01:480][  0]LogConfig: Setting CVar [[r.CapsuleShadows:1]]
[2021.12.26-16.29.01:480][  0]LogConfig: Applying CVar settings from Section [PostProcessQuality@3] File [E:/Epic Games/asistivna/Asistivna/Saved/Config/Windows/Scalability.ini]
[2021.12.26-16.29.01:480][  0]LogConfig: Setting CVar [[r.MotionBlurQuality:4]]
[2021.12.26-16.29.01:480][  0]LogConfig: Setting CVar [[r.AmbientOcclusionMipLevelFactor:0.4]]
[2021.12.26-16.29.01:480][  0]LogConfig: Setting CVar [[r.AmbientOcclusionMaxQuality:100]]
[2021.12.26-16.29.01:480][  0]LogConfig: Setting CVar [[r.AmbientOcclusionLevels:-1]]
[2021.12.26-16.29.01:480][  0]LogConfig: Setting CVar [[r.AmbientOcclusionRadiusScale:1.0]]
[2021.12.26-16.29.01:480][  0]LogConfig: Setting CVar [[r.DepthOfFieldQuality:2]]
[2021.12.26-16.29.01:480][  0]LogConfig: Setting CVar [[r.RenderTargetPoolMin:400]]
[2021.12.26-16.29.01:480][  0]LogConfig: Setting CVar [[r.LensFlareQuality:2]]
[2021.12.26-16.29.01:480][  0]LogConfig: Setting CVar [[r.SceneColorFringeQuality:1]]
[2021.12.26-16.29.01:480][  0]LogConfig: Setting CVar [[r.EyeAdaptationQuality:2]]
[2021.12.26-16.29.01:480][  0]LogConfig: Setting CVar [[r.BloomQuality:5]]
[2021.12.26-16.29.01:480][  0]LogConfig: Setting CVar [[r.FastBlurThreshold:100]]
[2021.12.26-16.29.01:480][  0]LogConfig: Setting CVar [[r.Upscale.Quality:3]]
[2021.12.26-16.29.01:480][  0]LogConfig: Setting CVar [[r.Tonemapper.GrainQuantization:1]]
[2021.12.26-16.29.01:480][  0]LogConfig: Setting CVar [[r.LightShaftQuality:1]]
[2021.12.26-16.29.01:480][  0]LogConfig: Setting CVar [[r.Filter.SizeScale:1]]
[2021.12.26-16.29.01:480][  0]LogConfig: Setting CVar [[r.Tonemapper.Quality:5]]
[2021.12.26-16.29.01:480][  0]LogConfig: Setting CVar [[r.DOF.Gather.AccumulatorQuality:1        ; higher gathering accumulator quality]]
[2021.12.26-16.29.01:480][  0]LogConfig: Setting CVar [[r.DOF.Gather.PostfilterMethod:1          ; Median3x3 postfilering method]]
[2021.12.26-16.29.01:481][  0]LogConfig: Setting CVar [[r.DOF.Gather.EnableBokehSettings:0       ; no bokeh simulation when gathering]]
[2021.12.26-16.29.01:481][  0]LogConfig: Setting CVar [[r.DOF.Gather.RingCount:4                 ; medium number of samples when gathering]]
[2021.12.26-16.29.01:481][  0]LogConfig: Setting CVar [[r.DOF.Scatter.ForegroundCompositing:1    ; additive foreground scattering]]
[2021.12.26-16.29.01:481][  0]LogConfig: Setting CVar [[r.DOF.Scatter.BackgroundCompositing:2    ; additive background scattering]]
[2021.12.26-16.29.01:481][  0]LogConfig: Setting CVar [[r.DOF.Scatter.EnableBokehSettings:1      ; bokeh simulation when scattering]]
[2021.12.26-16.29.01:481][  0]LogConfig: Setting CVar [[r.DOF.Scatter.MaxSpriteRatio:0.1         ; only a maximum of 10% of scattered bokeh]]
[2021.12.26-16.29.01:481][  0]LogConfig: Setting CVar [[r.DOF.Recombine.Quality:1                ; cheap slight out of focus]]
[2021.12.26-16.29.01:481][  0]LogConfig: Setting CVar [[r.DOF.Recombine.EnableBokehSettings:0    ; no bokeh simulation on slight out of focus]]
[2021.12.26-16.29.01:481][  0]LogConfig: Setting CVar [[r.DOF.TemporalAAQuality:1                ; more stable temporal accumulation]]
[2021.12.26-16.29.01:481][  0]LogConfig: Setting CVar [[r.DOF.Kernel.MaxForegroundRadius:0.025]]
[2021.12.26-16.29.01:481][  0]LogConfig: Setting CVar [[r.DOF.Kernel.MaxBackgroundRadius:0.025]]
[2021.12.26-16.29.01:481][  0]LogConfig: Applying CVar settings from Section [TextureQuality@3] File [E:/Epic Games/asistivna/Asistivna/Saved/Config/Windows/Scalability.ini]
[2021.12.26-16.29.01:481][  0]LogConfig: Setting CVar [[r.Streaming.MipBias:0]]
[2021.12.26-16.29.01:481][  0]LogConfig: Setting CVar [[r.Streaming.AmortizeCPUToGPUCopy:0]]
[2021.12.26-16.29.01:481][  0]LogConfig: Setting CVar [[r.Streaming.MaxNumTexturesToStreamPerFrame:0]]
[2021.12.26-16.29.01:481][  0]LogConfig: Setting CVar [[r.Streaming.Boost:1]]
[2021.12.26-16.29.01:481][  0]LogConfig: Setting CVar [[r.MaxAnisotropy:8]]
[2021.12.26-16.29.01:481][  0]LogConfig: Setting CVar [[r.VT.MaxAnisotropy:8]]
[2021.12.26-16.29.01:481][  0]LogConfig: Setting CVar [[r.Streaming.LimitPoolSizeToVRAM:0]]
[2021.12.26-16.29.01:481][  0]LogConfig: Setting CVar [[r.Streaming.PoolSize:1000]]
[2021.12.26-16.29.01:481][  0]LogConfig: Setting CVar [[r.Streaming.MaxEffectiveScreenSize:0]]
[2021.12.26-16.29.01:481][  0]LogConfig: Applying CVar settings from Section [EffectsQuality@3] File [E:/Epic Games/asistivna/Asistivna/Saved/Config/Windows/Scalability.ini]
[2021.12.26-16.29.01:481][  0]LogConfig: Setting CVar [[r.TranslucencyLightingVolumeDim:64]]
[2021.12.26-16.29.01:481][  0]LogConfig: Setting CVar [[r.RefractionQuality:2]]
[2021.12.26-16.29.01:481][  0]LogConfig: Setting CVar [[r.SSR.Quality:3]]
[2021.12.26-16.29.01:481][  0]LogConfig: Setting CVar [[r.SSR.HalfResSceneColor:0]]
[2021.12.26-16.29.01:481][  0]LogConfig: Setting CVar [[r.SceneColorFormat:4]]
[2021.12.26-16.29.01:481][  0]LogConfig: Setting CVar [[r.DetailMode:2]]
[2021.12.26-16.29.01:481][  0]LogConfig: Setting CVar [[r.TranslucencyVolumeBlur:1]]
[2021.12.26-16.29.01:481][  0]LogConfig: Setting CVar [[r.MaterialQualityLevel:1 ; High quality]]
[2021.12.26-16.29.01:481][  0]LogConfig: Setting CVar [[r.SSS.Scale:1]]
[2021.12.26-16.29.01:481][  0]LogConfig: Setting CVar [[r.SSS.SampleSet:2]]
[2021.12.26-16.29.01:481][  0]LogConfig: Setting CVar [[r.SSS.Quality:1]]
[2021.12.26-16.29.01:481][  0]LogConfig: Setting CVar [[r.SSS.HalfRes:1]]
[2021.12.26-16.29.01:482][  0]LogConfig: Setting CVar [[r.SSGI.Quality:3]]
[2021.12.26-16.29.01:482][  0]LogConfig: Setting CVar [[r.EmitterSpawnRateScale:1.0]]
[2021.12.26-16.29.01:482][  0]LogConfig: Setting CVar [[r.ParticleLightQuality:2]]
[2021.12.26-16.29.01:482][  0]LogConfig: Setting CVar [[r.SkyAtmosphere.AerialPerspectiveLUT.FastApplyOnOpaque:1 ; Always have FastSkyLUT 1 in this case to avoid wrong sky]]
[2021.12.26-16.29.01:482][  0]LogConfig: Setting CVar [[r.SkyAtmosphere.AerialPerspectiveLUT.SampleCountPerSlice:1]]
[2021.12.26-16.29.01:482][  0]LogConfig: Setting CVar [[r.SkyAtmosphere.AerialPerspectiveLUT.DepthResolution:16.0]]
[2021.12.26-16.29.01:482][  0]LogConfig: Setting CVar [[r.SkyAtmosphere.FastSkyLUT:1]]
[2021.12.26-16.29.01:482][  0]LogConfig: Setting CVar [[r.SkyAtmosphere.FastSkyLUT.SampleCountMin:4.0]]
[2021.12.26-16.29.01:482][  0]LogConfig: Setting CVar [[r.SkyAtmosphere.FastSkyLUT.SampleCountMax:32.0]]
[2021.12.26-16.29.01:482][  0]LogConfig: Setting CVar [[r.SkyAtmosphere.SampleCountMin:4.0]]
[2021.12.26-16.29.01:482][  0]LogConfig: Setting CVar [[r.SkyAtmosphere.SampleCountMax:32.0]]
[2021.12.26-16.29.01:482][  0]LogConfig: Setting CVar [[r.SkyAtmosphere.TransmittanceLUT.UseSmallFormat:0]]
[2021.12.26-16.29.01:482][  0]LogConfig: Setting CVar [[r.SkyAtmosphere.TransmittanceLUT.SampleCount:10.0]]
[2021.12.26-16.29.01:482][  0]LogConfig: Setting CVar [[r.SkyAtmosphere.MultiScatteringLUT.SampleCount:15.0]]
[2021.12.26-16.29.01:482][  0]LogConfig: Applying CVar settings from Section [FoliageQuality@3] File [E:/Epic Games/asistivna/Asistivna/Saved/Config/Windows/Scalability.ini]
[2021.12.26-16.29.01:482][  0]LogConfig: Setting CVar [[foliage.DensityScale:1.0]]
[2021.12.26-16.29.01:482][  0]LogConfig: Setting CVar [[grass.DensityScale:1.0]]
[2021.12.26-16.29.01:482][  0]LogConfig: Applying CVar settings from Section [ShadingQuality@3] File [E:/Epic Games/asistivna/Asistivna/Saved/Config/Windows/Scalability.ini]
[2021.12.26-16.29.01:482][  0]LogConfig: Setting CVar [[r.HairStrands.SkyLighting.SampleCount:16]]
[2021.12.26-16.29.01:482][  0]LogConfig: Setting CVar [[r.HairStrands.SkyLighting.JitterIntegration:0]]
[2021.12.26-16.29.01:482][  0]LogConfig: Setting CVar [[r.HairStrands.SkyAO.SampleCount:16]]
[2021.12.26-16.29.01:482][  0]LogInit: Selected Device Profile: [Windows]
[2021.12.26-16.29.01:482][  0]LogInit: Applying CVar settings loaded from the selected device profile: [Windows]
[2021.12.26-16.29.01:485][  0]LogHAL: Display: Platform has ~ 16 GB [17065848832 / 17179869184 / 16], which maps to Larger [LargestMinGB=32, LargerMinGB=12, DefaultMinGB=8, SmallerMinGB=6, SmallestMinGB=0)
[2021.12.26-16.29.01:485][  0]LogInit: Going up to parent DeviceProfile []
[2021.12.26-16.29.01:485][  0]LogConfig: Applying CVar settings from Section [ViewDistanceQuality@3] File [E:/Epic Games/asistivna/Asistivna/Saved/Config/Windows/Scalability.ini]
[2021.12.26-16.29.01:485][  0]LogConfig: Setting CVar [[r.SkeletalMeshLODBias:0]]
[2021.12.26-16.29.01:485][  0]LogConfig: Setting CVar [[r.ViewDistanceScale:1.0]]
[2021.12.26-16.29.01:485][  0]LogConfig: Applying CVar settings from Section [AntiAliasingQuality@3] File [E:/Epic Games/asistivna/Asistivna/Saved/Config/Windows/Scalability.ini]
[2021.12.26-16.29.01:485][  0]LogConfig: Setting CVar [[r.PostProcessAAQuality:4]]
[2021.12.26-16.29.01:485][  0]LogConfig: Applying CVar settings from Section [ShadowQuality@3] File [E:/Epic Games/asistivna/Asistivna/Saved/Config/Windows/Scalability.ini]
[2021.12.26-16.29.01:485][  0]LogConfig: Setting CVar [[r.LightFunctionQuality:1]]
[2021.12.26-16.29.01:485][  0]LogConfig: Setting CVar [[r.ShadowQuality:5]]
[2021.12.26-16.29.01:485][  0]LogConfig: Setting CVar [[r.Shadow.CSM.MaxCascades:10]]
[2021.12.26-16.29.01:485][  0]LogConfig: Setting CVar [[r.Shadow.MaxResolution:2048]]
[2021.12.26-16.29.01:485][  0]LogConfig: Setting CVar [[r.Shadow.MaxCSMResolution:2048]]
[2021.12.26-16.29.01:485][  0]LogConfig: Setting CVar [[r.Shadow.RadiusThreshold:0.01]]
[2021.12.26-16.29.01:485][  0]LogConfig: Setting CVar [[r.Shadow.DistanceScale:1.0]]
[2021.12.26-16.29.01:485][  0]LogConfig: Setting CVar [[r.Shadow.CSM.TransitionScale:1.0]]
[2021.12.26-16.29.01:485][  0]LogConfig: Setting CVar [[r.Shadow.PreShadowResolutionFactor:1.0]]
[2021.12.26-16.29.01:485][  0]LogConfig: Setting CVar [[r.DistanceFieldShadowing:1]]
[2021.12.26-16.29.01:485][  0]LogConfig: Setting CVar [[r.DistanceFieldAO:1]]
[2021.12.26-16.29.01:485][  0]LogConfig: Setting CVar [[r.AOQuality:2]]
[2021.12.26-16.29.01:485][  0]LogConfig: Setting CVar [[r.VolumetricFog:1]]
[2021.12.26-16.29.01:485][  0]LogConfig: Setting CVar [[r.VolumetricFog.GridPixelSize:8]]
[2021.12.26-16.29.01:485][  0]LogConfig: Setting CVar [[r.VolumetricFog.GridSizeZ:128]]
[2021.12.26-16.29.01:485][  0]LogConfig: Setting CVar [[r.VolumetricFog.HistoryMissSupersampleCount:4]]
[2021.12.26-16.29.01:485][  0]LogConfig: Setting CVar [[r.LightMaxDrawDistanceScale:1]]
[2021.12.26-16.29.01:485][  0]LogConfig: Setting CVar [[r.CapsuleShadows:1]]
[2021.12.26-16.29.01:485][  0]LogConfig: Applying CVar settings from Section [PostProcessQuality@3] File [E:/Epic Games/asistivna/Asistivna/Saved/Config/Windows/Scalability.ini]
[2021.12.26-16.29.01:485][  0]LogConfig: Setting CVar [[r.MotionBlurQuality:4]]
[2021.12.26-16.29.01:485][  0]LogConfig: Setting CVar [[r.AmbientOcclusionMipLevelFactor:0.4]]
[2021.12.26-16.29.01:485][  0]LogConfig: Setting CVar [[r.AmbientOcclusionMaxQuality:100]]
[2021.12.26-16.29.01:486][  0]LogConfig: Setting CVar [[r.AmbientOcclusionLevels:-1]]
[2021.12.26-16.29.01:486][  0]LogConfig: Setting CVar [[r.AmbientOcclusionRadiusScale:1.0]]
[2021.12.26-16.29.01:486][  0]LogConfig: Setting CVar [[r.DepthOfFieldQuality:2]]
[2021.12.26-16.29.01:486][  0]LogConfig: Setting CVar [[r.RenderTargetPoolMin:400]]
[2021.12.26-16.29.01:486][  0]LogConfig: Setting CVar [[r.LensFlareQuality:2]]
[2021.12.26-16.29.01:486][  0]LogConfig: Setting CVar [[r.SceneColorFringeQuality:1]]
[2021.12.26-16.29.01:486][  0]LogConfig: Setting CVar [[r.EyeAdaptationQuality:2]]
[2021.12.26-16.29.01:486][  0]LogConfig: Setting CVar [[r.BloomQuality:5]]
[2021.12.26-16.29.01:486][  0]LogConfig: Setting CVar [[r.FastBlurThreshold:100]]
[2021.12.26-16.29.01:486][  0]LogConfig: Setting CVar [[r.Upscale.Quality:3]]
[2021.12.26-16.29.01:486][  0]LogConfig: Setting CVar [[r.Tonemapper.GrainQuantization:1]]
[2021.12.26-16.29.01:486][  0]LogConfig: Setting CVar [[r.LightShaftQuality:1]]
[2021.12.26-16.29.01:486][  0]LogConfig: Setting CVar [[r.Filter.SizeScale:1]]
[2021.12.26-16.29.01:486][  0]LogConfig: Setting CVar [[r.Tonemapper.Quality:5]]
[2021.12.26-16.29.01:486][  0]LogConfig: Setting CVar [[r.DOF.Gather.AccumulatorQuality:1        ; higher gathering accumulator quality]]
[2021.12.26-16.29.01:486][  0]LogConfig: Setting CVar [[r.DOF.Gather.PostfilterMethod:1          ; Median3x3 postfilering method]]
[2021.12.26-16.29.01:486][  0]LogConfig: Setting CVar [[r.DOF.Gather.EnableBokehSettings:0       ; no bokeh simulation when gathering]]
[2021.12.26-16.29.01:486][  0]LogConfig: Setting CVar [[r.DOF.Gather.RingCount:4                 ; medium number of samples when gathering]]
[2021.12.26-16.29.01:486][  0]LogConfig: Setting CVar [[r.DOF.Scatter.ForegroundCompositing:1    ; additive foreground scattering]]
[2021.12.26-16.29.01:486][  0]LogConfig: Setting CVar [[r.DOF.Scatter.BackgroundCompositing:2    ; additive background scattering]]
[2021.12.26-16.29.01:486][  0]LogConfig: Setting CVar [[r.DOF.Scatter.EnableBokehSettings:1      ; bokeh simulation when scattering]]
[2021.12.26-16.29.01:486][  0]LogConfig: Setting CVar [[r.DOF.Scatter.MaxSpriteRatio:0.1         ; only a maximum of 10% of scattered bokeh]]
[2021.12.26-16.29.01:486][  0]LogConfig: Setting CVar [[r.DOF.Recombine.Quality:1                ; cheap slight out of focus]]
[2021.12.26-16.29.01:486][  0]LogConfig: Setting CVar [[r.DOF.Recombine.EnableBokehSettings:0    ; no bokeh simulation on slight out of focus]]
[2021.12.26-16.29.01:486][  0]LogConfig: Setting CVar [[r.DOF.TemporalAAQuality:1                ; more stable temporal accumulation]]
[2021.12.26-16.29.01:486][  0]LogConfig: Setting CVar [[r.DOF.Kernel.MaxForegroundRadius:0.025]]
[2021.12.26-16.29.01:486][  0]LogConfig: Setting CVar [[r.DOF.Kernel.MaxBackgroundRadius:0.025]]
[2021.12.26-16.29.01:486][  0]LogConfig: Applying CVar settings from Section [TextureQuality@3] File [E:/Epic Games/asistivna/Asistivna/Saved/Config/Windows/Scalability.ini]
[2021.12.26-16.29.01:486][  0]LogConfig: Setting CVar [[r.Streaming.MipBias:0]]
[2021.12.26-16.29.01:486][  0]LogConfig: Setting CVar [[r.Streaming.AmortizeCPUToGPUCopy:0]]
[2021.12.26-16.29.01:486][  0]LogConfig: Setting CVar [[r.Streaming.MaxNumTexturesToStreamPerFrame:0]]
[2021.12.26-16.29.01:486][  0]LogConfig: Setting CVar [[r.Streaming.Boost:1]]
[2021.12.26-16.29.01:486][  0]LogConfig: Setting CVar [[r.MaxAnisotropy:8]]
[2021.12.26-16.29.01:486][  0]LogConfig: Setting CVar [[r.VT.MaxAnisotropy:8]]
[2021.12.26-16.29.01:486][  0]LogConfig: Setting CVar [[r.Streaming.LimitPoolSizeToVRAM:0]]
[2021.12.26-16.29.01:487][  0]LogConfig: Setting CVar [[r.Streaming.PoolSize:1000]]
[2021.12.26-16.29.01:487][  0]LogConfig: Setting CVar [[r.Streaming.MaxEffectiveScreenSize:0]]
[2021.12.26-16.29.01:487][  0]LogConfig: Applying CVar settings from Section [EffectsQuality@3] File [E:/Epic Games/asistivna/Asistivna/Saved/Config/Windows/Scalability.ini]
[2021.12.26-16.29.01:487][  0]LogConfig: Setting CVar [[r.TranslucencyLightingVolumeDim:64]]
[2021.12.26-16.29.01:487][  0]LogConfig: Setting CVar [[r.RefractionQuality:2]]
[2021.12.26-16.29.01:487][  0]LogConfig: Setting CVar [[r.SSR.Quality:3]]
[2021.12.26-16.29.01:487][  0]LogConfig: Setting CVar [[r.SSR.HalfResSceneColor:0]]
[2021.12.26-16.29.01:487][  0]LogConfig: Setting CVar [[r.SceneColorFormat:4]]
[2021.12.26-16.29.01:487][  0]LogConfig: Setting CVar [[r.DetailMode:2]]
[2021.12.26-16.29.01:487][  0]LogConfig: Setting CVar [[r.TranslucencyVolumeBlur:1]]
[2021.12.26-16.29.01:487][  0]LogConfig: Setting CVar [[r.MaterialQualityLevel:1 ; High quality]]
[2021.12.26-16.29.01:487][  0]LogConfig: Setting CVar [[r.SSS.Scale:1]]
[2021.12.26-16.29.01:487][  0]LogConfig: Setting CVar [[r.SSS.SampleSet:2]]
[2021.12.26-16.29.01:487][  0]LogConfig: Setting CVar [[r.SSS.Quality:1]]
[2021.12.26-16.29.01:487][  0]LogConfig: Setting CVar [[r.SSS.HalfRes:1]]
[2021.12.26-16.29.01:487][  0]LogConfig: Setting CVar [[r.SSGI.Quality:3]]
[2021.12.26-16.29.01:487][  0]LogConfig: Setting CVar [[r.EmitterSpawnRateScale:1.0]]
[2021.12.26-16.29.01:487][  0]LogConfig: Setting CVar [[r.ParticleLightQuality:2]]
[2021.12.26-16.29.01:487][  0]LogConfig: Setting CVar [[r.SkyAtmosphere.AerialPerspectiveLUT.FastApplyOnOpaque:1 ; Always have FastSkyLUT 1 in this case to avoid wrong sky]]
[2021.12.26-16.29.01:487][  0]LogConfig: Setting CVar [[r.SkyAtmosphere.AerialPerspectiveLUT.SampleCountPerSlice:1]]
[2021.12.26-16.29.01:487][  0]LogConfig: Setting CVar [[r.SkyAtmosphere.AerialPerspectiveLUT.DepthResolution:16.0]]
[2021.12.26-16.29.01:487][  0]LogConfig: Setting CVar [[r.SkyAtmosphere.FastSkyLUT:1]]
[2021.12.26-16.29.01:487][  0]LogConfig: Setting CVar [[r.SkyAtmosphere.FastSkyLUT.SampleCountMin:4.0]]
[2021.12.26-16.29.01:487][  0]LogConfig: Setting CVar [[r.SkyAtmosphere.FastSkyLUT.SampleCountMax:32.0]]
[2021.12.26-16.29.01:487][  0]LogConfig: Setting CVar [[r.SkyAtmosphere.SampleCountMin:4.0]]
[2021.12.26-16.29.01:487][  0]LogConfig: Setting CVar [[r.SkyAtmosphere.SampleCountMax:32.0]]
[2021.12.26-16.29.01:487][  0]LogConfig: Setting CVar [[r.SkyAtmosphere.TransmittanceLUT.UseSmallFormat:0]]
[2021.12.26-16.29.01:487][  0]LogConfig: Setting CVar [[r.SkyAtmosphere.TransmittanceLUT.SampleCount:10.0]]
[2021.12.26-16.29.01:487][  0]LogConfig: Setting CVar [[r.SkyAtmosphere.MultiScatteringLUT.SampleCount:15.0]]
[2021.12.26-16.29.01:487][  0]LogConfig: Applying CVar settings from Section [FoliageQuality@3] File [E:/Epic Games/asistivna/Asistivna/Saved/Config/Windows/Scalability.ini]
[2021.12.26-16.29.01:487][  0]LogConfig: Setting CVar [[foliage.DensityScale:1.0]]
[2021.12.26-16.29.01:487][  0]LogConfig: Setting CVar [[grass.DensityScale:1.0]]
[2021.12.26-16.29.01:487][  0]LogConfig: Applying CVar settings from Section [ShadingQuality@3] File [E:/Epic Games/asistivna/Asistivna/Saved/Config/Windows/Scalability.ini]
[2021.12.26-16.29.01:487][  0]LogConfig: Setting CVar [[r.HairStrands.SkyLighting.SampleCount:16]]
[2021.12.26-16.29.01:487][  0]LogConfig: Setting CVar [[r.HairStrands.SkyLighting.JitterIntegration:0]]
[2021.12.26-16.29.01:488][  0]LogConfig: Setting CVar [[r.HairStrands.SkyAO.SampleCount:16]]
[2021.12.26-16.29.01:488][  0]LogConfig: Applying CVar settings from Section [Startup] File [../../../Engine/Config/ConsoleVariables.ini]
[2021.12.26-16.29.01:488][  0]LogConfig: Setting CVar [[net.UseAdaptiveNetUpdateFrequency:0]]
[2021.12.26-16.29.01:488][  0]LogConfig: Setting CVar [[p.chaos.AllowCreatePhysxBodies:1]]
[2021.12.26-16.29.01:488][  0]LogConfig: Applying CVar settings from Section [ConsoleVariables] File [E:/Epic Games/asistivna/Asistivna/Saved/Config/Windows/Engine.ini]
[2021.12.26-16.29.01:488][  0]LogInit: Computer: DESKTOP-TAMJ42K
[2021.12.26-16.29.01:488][  0]LogInit: User: luka
[2021.12.26-16.29.01:488][  0]LogInit: CPU Page size=4096, Cores=6
[2021.12.26-16.29.01:488][  0]LogInit: High frequency timer resolution =10.000000 MHz
[2021.12.26-16.29.01:488][  0]LogMemory: Memory total: Physical=15.9GB (16GB approx)
[2021.12.26-16.29.01:488][  0]LogMemory: Platform Memory Stats for Windows
[2021.12.26-16.29.01:488][  0]LogMemory: Process Physical Memory: 106.82 MB used, 106.82 MB peak
[2021.12.26-16.29.01:488][  0]LogMemory: Process Virtual Memory: 101.51 MB used, 101.51 MB peak
[2021.12.26-16.29.01:488][  0]LogMemory: Physical Memory: 11989.19 MB used,  4286.07 MB free, 16275.26 MB total
[2021.12.26-16.29.01:488][  0]LogMemory: Virtual Memory: 5161.14 MB used,  134212568.00 MB free, 134217728.00 MB total
[2021.12.26-16.29.01:492][  0]LogWindows: WindowsPlatformFeatures enabled
[2021.12.26-16.29.01:588][  0]LogInit: Using OS detected language (en-US).
[2021.12.26-16.29.01:588][  0]LogInit: Using OS detected locale (en-US).
[2021.12.26-16.29.01:589][  0]LogTextLocalizationManager: No specific localization for 'en-US' exists, so the 'en' localization will be used.
[2021.12.26-16.29.01:694][  0]LogInit: Setting process to per monitor DPI aware
[2021.12.26-16.29.01:719][  0]LogSlate: New Slate User Created.  User Index 0, Is Virtual User: 0
[2021.12.26-16.29.01:719][  0]LogSlate: Slate User Registered.  User Index 0, Is Virtual User: 0
[2021.12.26-16.29.01:799][  0]LogHMD: Failed to initialize OpenVR with code 110
[2021.12.26-16.29.01:799][  0]LogD3D11RHI: D3D11 min allowed feature level: 11_0
[2021.12.26-16.29.01:799][  0]LogD3D11RHI: D3D11 max allowed feature level: 11_0
[2021.12.26-16.29.01:799][  0]LogD3D11RHI: D3D11 adapters:
[2021.12.26-16.29.01:952][  0]LogD3D11RHI:    0. 'NVIDIA GeForce GTX 1660 Ti' (Feature Level 11_0)
[2021.12.26-16.29.01:952][  0]LogD3D11RHI:       5991/0/8137 MB DedicatedVideo/DedicatedSystem/SharedSystem, Outputs:2, VendorId:0x10de
[2021.12.26-16.29.01:955][  0]LogD3D11RHI:    1. 'Microsoft Basic Render Driver' (Feature Level 11_0)
[2021.12.26-16.29.01:955][  0]LogD3D11RHI:       0/0/8137 MB DedicatedVideo/DedicatedSystem/SharedSystem, Outputs:0, VendorId:0x1414
[2021.12.26-16.29.01:955][  0]LogD3D11RHI: Chosen D3D11 Adapter: 0
[2021.12.26-16.29.01:966][  0]LogD3D11RHI: Creating new Direct3DDevice
[2021.12.26-16.29.01:966][  0]LogD3D11RHI:     GPU DeviceId: 0x2182 (for the marketing name, search the web for "GPU Device Id")
[2021.12.26-16.29.01:966][  0]LogWindows: EnumDisplayDevices:
[2021.12.26-16.29.01:966][  0]LogWindows:    0. 'NVIDIA GeForce GTX 1660 Ti' (P:1 D:1)
[2021.12.26-16.29.01:966][  0]LogWindows:    1. 'NVIDIA GeForce GTX 1660 Ti' (P:0 D:1)
[2021.12.26-16.29.01:967][  0]LogWindows:    2. 'NVIDIA GeForce GTX 1660 Ti' (P:0 D:0)
[2021.12.26-16.29.01:967][  0]LogWindows:    3. 'NVIDIA GeForce GTX 1660 Ti' (P:0 D:0)
[2021.12.26-16.29.01:967][  0]LogWindows: DebugString: FoundDriverCount:4 
[2021.12.26-16.29.01:967][  0]LogD3D11RHI:     Adapter Name: NVIDIA GeForce GTX 1660 Ti
[2021.12.26-16.29.01:967][  0]LogD3D11RHI:   Driver Version: 461.09 (internal:27.21.14.6109, unified:461.09)
[2021.12.26-16.29.01:967][  0]LogD3D11RHI:      Driver Date: 12-31-2020
[2021.12.26-16.29.01:967][  0]LogRHI: Texture pool is 4193 MB (70% of 5991 MB)
[2021.12.26-16.29.02:085][  0]LogD3D11RHI: RHI has support for 64 bit atomics
[2021.12.26-16.29.02:085][  0]LogD3D11RHI: Async texture creation enabled
[2021.12.26-16.29.02:098][  0]LogD3D11RHI: GPU Timing Frequency: 1000.000000 (Debug: 2 1)
[2021.12.26-16.29.02:271][  0]LogTargetPlatformManager: Display: Loaded TargetPlatform 'AllDesktop'
[2021.12.26-16.29.02:293][  0]LogTargetPlatformManager: Display: Loaded TargetPlatform 'Android'
[2021.12.26-16.29.02:293][  0]LogTargetPlatformManager: Display: Loaded TargetPlatform 'Android_ASTC'
[2021.12.26-16.29.02:293][  0]LogTargetPlatformManager: Display: Loaded TargetPlatform 'Android_ATC'
[2021.12.26-16.29.02:293][  0]LogTargetPlatformManager: Display: Loaded TargetPlatform 'Android_DXT'
[2021.12.26-16.29.02:293][  0]LogTargetPlatformManager: Display: Loaded TargetPlatform 'Android_ETC1'
[2021.12.26-16.29.02:293][  0]LogTargetPlatformManager: Display: Loaded TargetPlatform 'Android_ETC1a'
[2021.12.26-16.29.02:293][  0]LogTargetPlatformManager: Display: Loaded TargetPlatform 'Android_ETC2'
[2021.12.26-16.29.02:293][  0]LogTargetPlatformManager: Display: Loaded TargetPlatform 'Android_PVRTC'
[2021.12.26-16.29.02:293][  0]LogTargetPlatformManager: Display: Loaded TargetPlatform 'AndroidClient'
[2021.12.26-16.29.02:293][  0]LogTargetPlatformManager: Display: Loaded TargetPlatform 'Android_ASTCClient'
[2021.12.26-16.29.02:293][  0]LogTargetPlatformManager: Display: Loaded TargetPlatform 'Android_ATCClient'
[2021.12.26-16.29.02:293][  0]LogTargetPlatformManager: Display: Loaded TargetPlatform 'Android_DXTClient'
[2021.12.26-16.29.02:294][  0]LogTargetPlatformManager: Display: Loaded TargetPlatform 'Android_ETC1Client'
[2021.12.26-16.29.02:294][  0]LogTargetPlatformManager: Display: Loaded TargetPlatform 'Android_ETC1aClient'
[2021.12.26-16.29.02:294][  0]LogTargetPlatformManager: Display: Loaded TargetPlatform 'Android_ETC2Client'
[2021.12.26-16.29.02:294][  0]LogTargetPlatformManager: Display: Loaded TargetPlatform 'Android_PVRTCClient'
[2021.12.26-16.29.02:294][  0]LogTargetPlatformManager: Display: Loaded TargetPlatform 'Android_Multi'
[2021.12.26-16.29.02:294][  0]LogTargetPlatformManager: Display: Loaded TargetPlatform 'Android_MultiClient'
[2021.12.26-16.29.02:309][  0]LogTargetPlatformManager: Display: Loaded TargetPlatform 'IOSClient'
[2021.12.26-16.29.02:309][  0]LogTargetPlatformManager: Display: Loaded TargetPlatform 'IOS'
[2021.12.26-16.29.02:314][  0]LogTargetPlatformManager: Display: Loaded TargetPlatform 'LinuxNoEditor'
[2021.12.26-16.29.02:319][  0]LogTargetPlatformManager: Display: Loaded TargetPlatform 'LinuxClient'
[2021.12.26-16.29.02:325][  0]LogTargetPlatformManager: Display: Loaded TargetPlatform 'LinuxServer'
[2021.12.26-16.29.02:330][  0]LogTargetPlatformManager: Display: Loaded TargetPlatform 'LinuxAArch64NoEditor'
[2021.12.26-16.29.02:335][  0]LogTargetPlatformManager: Display: Loaded TargetPlatform 'LinuxAArch64Client'
[2021.12.26-16.29.02:341][  0]LogTargetPlatformManager: Display: Loaded TargetPlatform 'LinuxAArch64Server'
[2021.12.26-16.29.02:361][  0]LogTargetPlatformManager: Display: Loaded TargetPlatform 'Lumin'
[2021.12.26-16.29.02:361][  0]LogTargetPlatformManager: Display: Loaded TargetPlatform 'LuminClient'
[2021.12.26-16.29.02:371][  0]LogTargetPlatformManager: Display: Loaded TargetPlatform 'TVOSClient'
[2021.12.26-16.29.02:372][  0]LogTargetPlatformManager: Display: Loaded TargetPlatform 'TVOS'
[2021.12.26-16.29.02:377][  0]LogTargetPlatformManager: Display: Loaded TargetPlatform 'WindowsNoEditor'
[2021.12.26-16.29.02:383][  0]LogTargetPlatformManager: Display: Loaded TargetPlatform 'Windows'
[2021.12.26-16.29.02:388][  0]LogTargetPlatformManager: Display: Loaded TargetPlatform 'WindowsClient'
[2021.12.26-16.29.02:393][  0]LogTargetPlatformManager: Display: Loaded TargetPlatform 'WindowsServer'
[2021.12.26-16.29.02:393][  0]LogTargetPlatformManager: Display: Building Assets For Windows
[2021.12.26-16.29.02:398][  0]LogAudioDebug: Display: Lib vorbis DLL was dynamically loaded.
[2021.12.26-16.29.02:424][  0]LogShaderCompilers: Guid format shader working directory is 11 characters bigger than the processId version (E:/Epic Games/asistivna/Asistivna/Intermediate/Shaders/WorkingDirectory/39268/).
[2021.12.26-16.29.02:424][  0]LogShaderCompilers: Cleaned the shader compiler working directory 'C:/Users/luka/AppData/Local/Temp/UnrealShaderWorkingDir/E24024F34E50E94B0F5386A15B285918/'.
[2021.12.26-16.29.02:425][  0]LogXGEController: Cleaning working directory: C:/Users/luka/AppData/Local/Temp/UnrealXGEWorkingDir/
[2021.12.26-16.29.02:425][  0]LogXGEController: Cannot use XGE Controller as Incredibuild is not installed on this machine.
[2021.12.26-16.29.02:425][  0]LogShaderCompilers: Cannot use XGE Shader Compiler as Incredibuild is not installed on this machine.
[2021.12.26-16.29.02:425][  0]LogShaderCompilers: Display: Using Local Shader Compiler.
[2021.12.26-16.29.02:897][  0]LogDerivedDataCache: Display: Max Cache Size: 512 MB
[2021.12.26-16.29.02:933][  0]LogDerivedDataCache: Loaded boot cache 0.04s 78MB C:/Users/luka/AppData/Local/UnrealEngine/4.24/DerivedDataCache/Boot.ddc.
[2021.12.26-16.29.02:933][  0]LogDerivedDataCache: Display: Loaded Boot cache: C:/Users/luka/AppData/Local/UnrealEngine/4.24/DerivedDataCache/Boot.ddc
[2021.12.26-16.29.02:933][  0]LogDerivedDataCache: FDerivedDataBackendGraph:  Pak pak cache file E:/Epic Games/asistivna/Asistivna/DerivedDataCache/DDC.ddp not found, will not use a pak cache.
[2021.12.26-16.29.02:933][  0]LogDerivedDataCache: Unable to find inner node Pak for hierarchical cache Hierarchy.
[2021.12.26-16.29.02:933][  0]LogDerivedDataCache: FDerivedDataBackendGraph:  CompressedPak pak cache file E:/Epic Games/asistivna/Asistivna/DerivedDataCache/Compressed.ddp not found, will not use a pak cache.
[2021.12.26-16.29.02:933][  0]LogDerivedDataCache: Unable to find inner node CompressedPak for hierarchical cache Hierarchy.
[2021.12.26-16.29.02:942][  0]LogDerivedDataCache: Display: Pak cache opened for reading ../../../Engine/DerivedDataCache/Compressed.ddp.
[2021.12.26-16.29.02:942][  0]LogDerivedDataCache: FDerivedDataBackendGraph:  EnterprisePak pak cache file ../../../Enterprise/DerivedDataCache/Compressed.ddp not found, will not use a pak cache.
[2021.12.26-16.29.02:942][  0]LogDerivedDataCache: Unable to find inner node EnterprisePak for hierarchical cache Hierarchy.
[2021.12.26-16.29.02:943][  0]LogDerivedDataCache: Using Local data cache path C:/Users/luka/AppData/Local/UnrealEngine/Common/DerivedDataCache: Writable
[2021.12.26-16.29.02:943][  0]LogDerivedDataCache: Shared data cache path not found in *engine.ini, will not use an Shared cache.
[2021.12.26-16.29.02:943][  0]LogDerivedDataCache: Unable to find inner node Shared for hierarchical cache Hierarchy.
[2021.12.26-16.29.02:960][  0]LogMaterial: Verifying Global Shaders for PCD3D_SM5
[2021.12.26-16.29.02:962][  0]LogSlate: Using FreeType 2.10.0
[2021.12.26-16.29.02:962][  0]LogSlate: SlateFontServices - WITH_FREETYPE: 1, WITH_HARFBUZZ: 1
[2021.12.26-16.29.02:997][  0]LogAssetRegistry: FAssetRegistry took 0.0025 seconds to start up
[2021.12.26-16.29.03:197][  0]LogInit: Selected Device Profile: [Windows]
[2021.12.26-16.29.03:302][  0]LogMeshReduction: Using QuadricMeshReduction for automatic static mesh reduction
[2021.12.26-16.29.03:302][  0]LogMeshReduction: Using SimplygonMeshReduction for automatic skeletal mesh reduction
[2021.12.26-16.29.03:302][  0]LogMeshReduction: Using ProxyLODMeshReduction for automatic mesh merging
[2021.12.26-16.29.03:302][  0]LogMeshReduction: No distributed automatic mesh merging module available
[2021.12.26-16.29.03:302][  0]LogMeshMerging: No distributed automatic mesh merging module available
[2021.12.26-16.29.03:311][  0]LogNetVersion: Asistivna 1.0.0, NetCL: 10570792, EngineNetVer: 13, GameNetVer: 0 (Checksum: 2527849711)
[2021.12.26-16.29.03:934][  0]LogPackageLocalizationCache: Processed 10 localized package path(s) for 1 prioritized culture(s) in 0.015560 seconds
[2021.12.26-16.29.03:938][  0]LogUObjectArray: 46750 objects as part of root set at end of initial load.
[2021.12.26-16.29.03:938][  0]LogUObjectAllocator: 8137160 out of 0 bytes used by permanent object pool.
[2021.12.26-16.29.03:938][  0]LogUObjectArray: CloseDisregardForGC: 0/0 objects in disregard for GC pool
[2021.12.26-16.29.04:225][  0]LogTcpMessaging: Initializing TcpMessaging bridge
[2021.12.26-16.29.04:228][  0]LogUdpMessaging: Initializing bridge on interface 0.0.0.0:0 to multicast group 230.0.0.1:6666.
[2021.12.26-16.29.04:302][  0]SourceControl: Source control is disabled
[2021.12.26-16.29.04:303][  0]SourceControl: Source control is disabled
[2021.12.26-16.29.04:304][  0]SourceControl: Source control is disabled
[2021.12.26-16.29.04:305][  0]SourceControl: Source control is disabled
[2021.12.26-16.29.04:306][  0]SourceControl: Source control is disabled
[2021.12.26-16.29.04:372][  0]LogAndroidPermission: UAndroidPermissionCallbackProxy::GetInstance
[2021.12.26-16.29.04:380][  0]LogAudioCaptureCore: Display: No Audio Capture implementations found. Audio input will be silent.
[2021.12.26-16.29.04:380][  0]LogAudioCaptureCore: Display: No Audio Capture implementations found. Audio input will be silent.
[2021.12.26-16.29.04:438][  0]LogOcInput: OculusInput pre-init called
[2021.12.26-16.29.04:445][  0]LogWindows: Failed to load 'OVRPlugin.dll' (GetLastError=126)
[2021.12.26-16.29.04:445][  0]LogWindows: File 'OVRPlugin.dll' does not exist
[2021.12.26-16.29.04:494][  0]LogEngine: Initializing Engine...
[2021.12.26-16.29.04:495][  0]LogHMD: Failed to initialize OpenVR with code 110
[2021.12.26-16.29.04:495][  0]LogStats: UGameplayTagsManager::InitializeManager -  0.000 s
[2021.12.26-16.29.04:703][  0]LogInit: Initializing FReadOnlyCVARCache
[2021.12.26-16.29.04:710][  0]LogAIModule: Creating AISystem for world Untitled
[2021.12.26-16.29.04:723][  0]LogAudioMixer: Display: Audio Mixer Platform Settings:
[2021.12.26-16.29.04:723][  0]LogAudioMixer: Display: 	Sample Rate:						  48000
[2021.12.26-16.29.04:723][  0]LogAudioMixer: Display: 	Callback Buffer Frame Size Requested: 1024
[2021.12.26-16.29.04:723][  0]LogAudioMixer: Display: 	Callback Buffer Frame Size To Use:	  1024
[2021.12.26-16.29.04:723][  0]LogAudioMixer: Display: 	Number of buffers to queue:			  2
[2021.12.26-16.29.04:723][  0]LogAudioMixer: Display: 	Max Channels (voices):				  32
[2021.12.26-16.29.04:723][  0]LogAudioMixer: Display: 	Number of Async Source Workers:		  0
[2021.12.26-16.29.04:723][  0]LogAudio: Display: AudioDevice MaxSources: 32
[2021.12.26-16.29.04:724][  0]LogAudio: Display: Using built-in audio occlusion.
[2021.12.26-16.29.04:724][  0]LogAudioMixer: Display: Initializing audio mixer.
[2021.12.26-16.29.04:734][  0]LogAudioMixer: Display: Audio Device Output Speaker Info:
[2021.12.26-16.29.04:734][  0]LogAudioMixer: Display: Name: Speakers (Realtek(R) Audio)
[2021.12.26-16.29.04:734][  0]LogAudioMixer: Display: Is Default: Yes
[2021.12.26-16.29.04:734][  0]LogAudioMixer: Display: Sample Rate: 48000
[2021.12.26-16.29.04:734][  0]LogAudioMixer: Display: Channel Count Used: 2
[2021.12.26-16.29.04:735][  0]LogAudioMixer: Display: Device Channel Count: 2
[2021.12.26-16.29.04:735][  0]LogAudioMixer: Display: Channel Order:
[2021.12.26-16.29.04:735][  0]LogAudioMixer: Display: 0: FrontLeft
[2021.12.26-16.29.04:735][  0]LogAudioMixer: Display: 1: FrontRight
[2021.12.26-16.29.04:752][  0]LogAudioMixer: Display: Using Audio Device Speakers (Realtek(R) Audio)
[2021.12.26-16.29.04:756][  0]LogInit: FAudioDevice initialized.
[2021.12.26-16.29.04:756][  0]LogNetVersion: Set ProjectVersion to 1.0.0.0. Version Checksum will be recalculated on next use.
[2021.12.26-16.29.04:793][  0]LogDerivedDataCache: Saved boot cache 0.04s 78MB C:/Users/luka/AppData/Local/UnrealEngine/4.24/DerivedDataCache/Boot.ddc.
[2021.12.26-16.29.04:793][  0]LogInit: Texture streaming: Enabled
[2021.12.26-16.29.04:802][  0]LogEngineSessionManager: EngineSessionManager initialized
[2021.12.26-16.29.04:802][  0]LogEditorSessionSummary: Verbose: Initializing EditorSessionSummaryWriter for editor session tracking
[2021.12.26-16.29.04:803][  0]LogEditorSessionSummary: EditorSessionSummaryWriter initialized
[2021.12.26-16.29.04:820][  0]LogInit: Transaction tracking system initialized
[2021.12.26-16.29.04:829][  0]BlueprintLog: New page: Editor Load
[2021.12.26-16.29.04:856][  0]LocalizationService: Localization service is disabled
[2021.12.26-16.29.05:025][  0]LogFileCache: Scanning file cache for directory 'E:/Epic Games/asistivna/Asistivna/Content/' took 0.00s
[2021.12.26-16.29.05:025][  0]LogCook: Display: Max memory allowance for cook 16384mb min free memory 0mb
[2021.12.26-16.29.05:025][  0]LogCook: Display: Mobile HDR setting 1
[2021.12.26-16.29.05:447][  0]SourceControl: Source control is disabled
[2021.12.26-16.29.05:447][  0]Cmd: MAP LOAD FILE="E:/Epic Games/asistivna/Asistivna/Content/RollingCPP/Maps/RollingExampleMap.umap" TEMPLATE=0 SHOWPROGRESS=1 FEATURELEVEL=3
[2021.12.26-16.29.05:448][  0]LightingResults: New page: Lighting Build
[2021.12.26-16.29.05:448][  0]LogWorld: UWorld::CleanupWorld for Untitled, bSessionEnded=true, bCleanupResources=true
[2021.12.26-16.29.05:448][  0]LogSlate: InvalidateAllWidgets triggered.  All widgets were invalidated
[2021.12.26-16.29.05:448][  0]MapCheck: New page: Map Check
[2021.12.26-16.29.05:448][  0]LightingResults: New page: Lighting Build
[2021.12.26-16.29.05:470][  0]LogUObjectHash: Compacting FUObjectHashTables data took   1.53ms
[2021.12.26-16.29.05:543][  0]LogAIModule: Creating AISystem for world RollingExampleMap
[2021.12.26-16.29.05:553][  0]LogEditorServer: Finished looking for orphan Actors (0.000 secs)
[2021.12.26-16.29.05:578][  0]LogUObjectHash: Compacting FUObjectHashTables data took   1.64ms
[2021.12.26-16.29.05:578][  0]Cmd: MAP CHECKDEP NOCLEARLOG
[2021.12.26-16.29.05:578][  0]MapCheck: Map check complete: 0 Error(s), 0 Warning(s), took 0.108ms to complete.
[2021.12.26-16.29.05:578][  0]LogFileHelpers: Loading map 'RollingExampleMap' took 0.131
[2021.12.26-16.29.05:704][  0]LogSlate: Updating window title bar state: overlay mode, drag disabled, window buttons hidden, title bar hidden
[2021.12.26-16.29.05:708][  0]LogSlate: Updating window title bar state: overlay mode, drag disabled, window buttons hidden, title bar hidden
[2021.12.26-16.29.05:712][  0]LogSlate: Updating window title bar state: overlay mode, drag disabled, window buttons hidden, title bar hidden
[2021.12.26-16.29.05:716][  0]LogSlate: Updating window title bar state: overlay mode, drag disabled, window buttons hidden, title bar hidden
[2021.12.26-16.29.05:720][  0]LogCollectionManager: Loaded 0 collections in 0.001292 seconds
[2021.12.26-16.29.05:732][  0]LogFileCache: Scanning file cache for directory 'E:/Epic Games/asistivna/Asistivna/Saved/Collections/' took 0.00s
[2021.12.26-16.29.05:732][  0]LogFileCache: Scanning file cache for directory 'E:/Epic Games/asistivna/Asistivna/Content/Developers/luka/Collections/' took 0.00s
[2021.12.26-16.29.05:732][  0]LogFileCache: Scanning file cache for directory 'E:/Epic Games/asistivna/Asistivna/Content/Collections/' took 0.00s
[2021.12.26-16.29.05:733][  0]LogContentBrowser: Native class hierarchy populated in 0.0070 seconds. Added 3018 classes and 719 folders.
[2021.12.26-16.29.05:734][  0]LogContentBrowser: Native class hierarchy updated for 'WidgetCarousel' in 0.0002 seconds. Added 0 classes and 0 folders.
[2021.12.26-16.29.05:765][  0]LogContentBrowser: Native class hierarchy updated for 'AddContentDialog' in 0.0002 seconds. Added 0 classes and 0 folders.
[2021.12.26-16.29.05:768][  0]LogContentBrowser: Native class hierarchy updated for 'SceneOutliner' in 0.0002 seconds. Added 2 classes and 3 folders.
[2021.12.26-16.29.05:799][  0]LogSlate: Took 0.000120 seconds to synchronously load lazily loaded font '../../../Engine/Content/Slate/Fonts/Roboto-Regular.ttf' (155K)
[2021.12.26-16.29.05:801][  0]LogSlate: Took 0.000107 seconds to synchronously load lazily loaded font '../../../Engine/Content/Slate/Fonts/Roboto-Bold.ttf' (160K)
[2021.12.26-16.29.05:804][  0]LogSlate: Took 0.000090 seconds to synchronously load lazily loaded font '../../../Engine/Content/Editor/Slate/Fonts/FontAwesome.ttf' (139K)
[2021.12.26-16.29.05:859][  0]LogRenderer: Reallocating scene render targets to support 1208x600 Format 10 NumSamples 1 (Frame:1).
[2021.12.26-16.29.05:983][  0]LogContentBrowser: Native class hierarchy updated for 'HierarchicalLODOutliner' in 0.0004 seconds. Added 0 classes and 0 folders.
[2021.12.26-16.29.05:984][  0]LogLoad: (Engine Initialization) Total time: 5.53 seconds
[2021.12.26-16.29.05:984][  0]LogLoad: (Engine Initialization) Total Blueprint compile time: 0.00 seconds
[2021.12.26-16.29.06:020][  0]LogAssetRegistry: Asset discovery search completed in 3.0241 seconds
[2021.12.26-16.29.06:022][  0]LogCollectionManager: Fixed up redirectors for 0 collections in 0.000006 seconds (updated 0 objects)
[2021.12.26-16.29.06:043][  0]LogContentStreaming: Texture pool size now 1000 MB
[2021.12.26-16.29.06:065][  0]LogSlate: Took 0.000079 seconds to synchronously load lazily loaded font '../../../Engine/Content/Slate/Fonts/Roboto-Light.ttf' (167K)
[2021.12.26-16.29.07:966][170]LogEditorViewport: Clicking on Actor (LMB): MyAsistivnaBall_C (MyAsistivnaBall)
[2021.12.26-16.29.08:696][227]LogSlate: Took 0.000124 seconds to synchronously load lazily loaded font '../../../Engine/Content/Slate/Fonts/Roboto-Italic.ttf' (157K)
[2021.12.26-16.29.19:607][485]LogSlate: Took 0.000110 seconds to synchronously load lazily loaded font '../../../Engine/Content/Slate/Fonts/Roboto-Light.ttf' (167K)
[2021.12.26-16.29.19:739][485]Cmd: OBJ SAVEPACKAGE PACKAGE="/Game/RollingCPP/Maps/RollingExampleMap" FILE="E:/Epic Games/asistivna/Asistivna/Content/RollingCPP/Maps/RollingExampleMap.umap" SILENT=true AUTOSAVING=false KEEPDIRTY=false
[2021.12.26-16.29.19:760][485]LogUObjectHash: Compacting FUObjectHashTables data took   0.63ms
[2021.12.26-16.29.19:861][485]LogSavePackage: Moving 'E:/Epic Games/asistivna/Asistivna/Saved/RollingExampleMap98E607C4436CA785E952C59C6CF9ABD2.tmp' to 'E:/Epic Games/asistivna/Asistivna/Content/RollingCPP/Maps/RollingExampleMap.umap'
[2021.12.26-16.29.19:878][485]AssetCheck: New page: Asset Save: RollingExampleMap
[2021.12.26-16.29.19:878][485]LogContentValidation: Display: Validating World /Game/RollingCPP/Maps/RollingExampleMap.RollingExampleMap
[2021.12.26-16.29.20:784][542]LogTemp: Repeating last play command: Selected Viewport
[2021.12.26-16.29.20:788][542]LogBlueprintUserMessages: Early PlayInEditor Detection: Level '/Game/RollingCPP/Maps/RollingExampleMap.RollingExampleMap:PersistentLevel' has LevelScriptBlueprint '/Game/RollingCPP/Maps/RollingExampleMap.RollingExampleMap:PersistentLevel.RollingExampleMap' with GeneratedClass '/Game/RollingCPP/Maps/RollingExampleMap.RollingExampleMap_C' with ClassGeneratedBy '/Game/RollingCPP/Maps/RollingExampleMap.RollingExampleMap:PersistentLevel.RollingExampleMap'
[2021.12.26-16.29.20:788][542]LogPlayLevel: PlayLevel: No blueprints needed recompiling
[2021.12.26-16.29.20:789][542]PIE: New page: PIE session: RollingExampleMap (Dec 26, 2021, 6:29:20 PM)
[2021.12.26-16.29.20:790][542]LogOnline: OSS: Creating online subsystem instance for: NULL
[2021.12.26-16.29.20:791][542]LogOnline: OSS: TryLoadSubsystemAndSetDefault: Loaded subsystem for module [NULL]
[2021.12.26-16.29.20:791][542]LogPlayLevel: Creating play world package: /Game/RollingCPP/Maps/UEDPIE_0_RollingExampleMap
[2021.12.26-16.29.20:803][542]LogPlayLevel: PIE: StaticDuplicateObject took: (0.011662s)
[2021.12.26-16.29.20:804][542]LogAIModule: Creating AISystem for world RollingExampleMap
[2021.12.26-16.29.20:804][542]LogPlayLevel: PIE: World Init took: (0.000752s)
[2021.12.26-16.29.20:804][542]LogPlayLevel: PIE: Created PIE world by copying editor world from /Game/RollingCPP/Maps/RollingExampleMap.RollingExampleMap to /Game/RollingCPP/Maps/UEDPIE_0_RollingExampleMap.RollingExampleMap (0.012679s)
[2021.12.26-16.29.20:824][542]LogUObjectHash: Compacting FUObjectHashTables data took   1.43ms
[2021.12.26-16.29.20:825][542]LogAudioMixer: Display: Audio Mixer Platform Settings:
[2021.12.26-16.29.20:825][542]LogAudioMixer: Display: 	Sample Rate:						  48000
[2021.12.26-16.29.20:826][542]LogAudioMixer: Display: 	Callback Buffer Frame Size Requested: 1024
[2021.12.26-16.29.20:826][542]LogAudioMixer: Display: 	Callback Buffer Frame Size To Use:	  1024
[2021.12.26-16.29.20:826][542]LogAudioMixer: Display: 	Number of buffers to queue:			  2
[2021.12.26-16.29.20:826][542]LogAudioMixer: Display: 	Max Channels (voices):				  32
[2021.12.26-16.29.20:826][542]LogAudioMixer: Display: 	Number of Async Source Workers:		  0
[2021.12.26-16.29.20:826][542]LogAudio: Display: AudioDevice MaxSources: 32
[2021.12.26-16.29.20:826][542]LogAudio: Display: Using built-in audio occlusion.
[2021.12.26-16.29.20:826][542]LogAudioMixer: Display: Initializing audio mixer.
[2021.12.26-16.29.20:832][542]LogAudioMixer: Display: Audio Device Output Speaker Info:
[2021.12.26-16.29.20:832][542]LogAudioMixer: Display: Name: Speakers (Realtek(R) Audio)
[2021.12.26-16.29.20:832][542]LogAudioMixer: Display: Is Default: Yes
[2021.12.26-16.29.20:832][542]LogAudioMixer: Display: Sample Rate: 48000
[2021.12.26-16.29.20:832][542]LogAudioMixer: Display: Channel Count Used: 2
[2021.12.26-16.29.20:832][542]LogAudioMixer: Display: Device Channel Count: 2
[2021.12.26-16.29.20:832][542]LogAudioMixer: Display: Channel Order:
[2021.12.26-16.29.20:832][542]LogAudioMixer: Display: 0: FrontLeft
[2021.12.26-16.29.20:832][542]LogAudioMixer: Display: 1: FrontRight
[2021.12.26-16.29.20:842][542]LogAudioMixer: Display: Using Audio Device Speakers (Realtek(R) Audio)
[2021.12.26-16.29.20:844][542]LogInit: FAudioDevice initialized.
[2021.12.26-16.29.20:868][542]LogLoad: Game class is 'MyAsistivnaGameMode_C'
[2021.12.26-16.29.20:870][542]LogWorld: Bringing World /Game/RollingCPP/Maps/UEDPIE_0_RollingExampleMap.RollingExampleMap up for play (max tick rate 0) at 2021.12.26-17.29.20
[2021.12.26-16.29.20:870][542]LogWorld: Bringing up level for play took: 0.001846
[2021.12.26-16.29.20:870][542]LogOnline: OSS: Creating online subsystem instance for: :Context_3
[2021.12.26-16.29.20:873][542]LogContentBrowser: Native class hierarchy updated for 'MovieSceneCapture' in 0.0003 seconds. Added 20 classes and 0 folders.
[2021.12.26-16.29.20:873][542]PIE: Play in editor start time for /Game/RollingCPP/Maps/UEDPIE_0_RollingExampleMap -0.556
[2021.12.26-16.29.20:874][542]LogBlueprintUserMessages: Late PlayInEditor Detection: Level '/Game/RollingCPP/Maps/RollingExampleMap.RollingExampleMap:PersistentLevel' has LevelScriptBlueprint '/Game/RollingCPP/Maps/RollingExampleMap.RollingExampleMap:PersistentLevel.RollingExampleMap' with GeneratedClass '/Game/RollingCPP/Maps/RollingExampleMap.RollingExampleMap_C' with ClassGeneratedBy '/Game/RollingCPP/Maps/RollingExampleMap.RollingExampleMap:PersistentLevel.RollingExampleMap'
[2021.12.26-16.29.36:296][346]LogAudioMixer: Display: No commands were queued while flushing the source manager.
[2021.12.26-16.29.36:306][346]LogAudioMixer: Display: Flush succeeded in the source manager command queue (1).
[2021.12.26-16.29.36:326][346]LogAudioMixer: Display: Flush succeeded the source manager command queue (2).
[2021.12.26-16.29.36:326][346]LogBlueprintUserMessages: Early EndPlayMap Detection: Level '/Game/RollingCPP/Maps/RollingExampleMap.RollingExampleMap:PersistentLevel' has LevelScriptBlueprint '/Game/RollingCPP/Maps/RollingExampleMap.RollingExampleMap:PersistentLevel.RollingExampleMap' with GeneratedClass '/Game/RollingCPP/Maps/RollingExampleMap.RollingExampleMap_C' with ClassGeneratedBy '/Game/RollingCPP/Maps/RollingExampleMap.RollingExampleMap:PersistentLevel.RollingExampleMap'
[2021.12.26-16.29.36:326][346]LogSlate: Updating window title bar state: overlay mode, drag disabled, window buttons hidden, title bar hidden
[2021.12.26-16.29.36:327][346]LogWorld: BeginTearingDown for /Game/RollingCPP/Maps/UEDPIE_0_RollingExampleMap
[2021.12.26-16.29.36:327][346]LogAudioMixer: Display: No commands were queued while flushing the source manager.
[2021.12.26-16.29.36:327][346]LogWorld: UWorld::CleanupWorld for RollingExampleMap, bSessionEnded=true, bCleanupResources=true
[2021.12.26-16.29.36:327][346]LogSlate: InvalidateAllWidgets triggered.  All widgets were invalidated
[2021.12.26-16.29.36:337][346]LogPlayLevel: Display: Shutting down PIE online subsystems
[2021.12.26-16.29.36:337][346]LogBlueprintUserMessages: Late EndPlayMap Detection: Level '/Game/RollingCPP/Maps/RollingExampleMap.RollingExampleMap:PersistentLevel' has LevelScriptBlueprint '/Game/RollingCPP/Maps/RollingExampleMap.RollingExampleMap:PersistentLevel.RollingExampleMap' with GeneratedClass '/Game/RollingCPP/Maps/RollingExampleMap.RollingExampleMap_C' with ClassGeneratedBy '/Game/RollingCPP/Maps/RollingExampleMap.RollingExampleMap:PersistentLevel.RollingExampleMap'
[2021.12.26-16.29.36:340][346]LogSlate: InvalidateAllWidgets triggered.  All widgets were invalidated
[2021.12.26-16.29.36:360][346]LogAudioMixer: Display: No commands were queued while flushing the source manager.
[2021.12.26-16.29.36:364][346]LogSlate: Updating window title bar state: overlay mode, drag disabled, window buttons hidden, title bar hidden
[2021.12.26-16.29.36:366][346]LogUObjectHash: Compacting FUObjectHashTables data took   1.38ms
[2021.12.26-16.29.36:399][349]LogPlayLevel: Display: Destroying online subsystem :Context_3
[2021.12.26-16.29.37:576][475]LogEditorViewport: Clicking on Actor (LMB): MyAsistivnaBall_C (MyAsistivnaBall)
[2021.12.26-16.29.46:771][379]LogTemp: Repeating last play command: Selected Viewport
[2021.12.26-16.29.46:775][379]LogBlueprintUserMessages: Early PlayInEditor Detection: Level '/Game/RollingCPP/Maps/RollingExampleMap.RollingExampleMap:PersistentLevel' has LevelScriptBlueprint '/Game/RollingCPP/Maps/RollingExampleMap.RollingExampleMap:PersistentLevel.RollingExampleMap' with GeneratedClass '/Game/RollingCPP/Maps/RollingExampleMap.RollingExampleMap_C' with ClassGeneratedBy '/Game/RollingCPP/Maps/RollingExampleMap.RollingExampleMap:PersistentLevel.RollingExampleMap'
[2021.12.26-16.29.46:775][379]LogPlayLevel: PlayLevel: No blueprints needed recompiling
[2021.12.26-16.29.46:775][379]PIE: New page: PIE session: RollingExampleMap (Dec 26, 2021, 6:29:46 PM)
[2021.12.26-16.29.46:776][379]LogPlayLevel: Creating play world package: /Game/RollingCPP/Maps/UEDPIE_0_RollingExampleMap
[2021.12.26-16.29.46:787][379]LogPlayLevel: PIE: StaticDuplicateObject took: (0.011756s)
[2021.12.26-16.29.46:788][379]LogAIModule: Creating AISystem for world RollingExampleMap
[2021.12.26-16.29.46:788][379]LogPlayLevel: PIE: World Init took: (0.000866s)
[2021.12.26-16.29.46:788][379]LogPlayLevel: PIE: Created PIE world by copying editor world from /Game/RollingCPP/Maps/RollingExampleMap.RollingExampleMap to /Game/RollingCPP/Maps/UEDPIE_0_RollingExampleMap.RollingExampleMap (0.012809s)
[2021.12.26-16.29.46:809][379]LogUObjectHash: Compacting FUObjectHashTables data took   1.28ms
[2021.12.26-16.29.46:811][379]LogAudioMixer: Display: Audio Mixer Platform Settings:
[2021.12.26-16.29.46:811][379]LogAudioMixer: Display: 	Sample Rate:						  48000
[2021.12.26-16.29.46:811][379]LogAudioMixer: Display: 	Callback Buffer Frame Size Requested: 1024
[2021.12.26-16.29.46:811][379]LogAudioMixer: Display: 	Callback Buffer Frame Size To Use:	  1024
[2021.12.26-16.29.46:811][379]LogAudioMixer: Display: 	Number of buffers to queue:			  2
[2021.12.26-16.29.46:811][379]LogAudioMixer: Display: 	Max Channels (voices):				  32
[2021.12.26-16.29.46:811][379]LogAudioMixer: Display: 	Number of Async Source Workers:		  0
[2021.12.26-16.29.46:811][379]LogAudio: Display: AudioDevice MaxSources: 32
[2021.12.26-16.29.46:811][379]LogAudio: Display: Using built-in audio occlusion.
[2021.12.26-16.29.46:811][379]LogAudioMixer: Display: Initializing audio mixer.
[2021.12.26-16.29.46:817][379]LogAudioMixer: Display: Audio Device Output Speaker Info:
[2021.12.26-16.29.46:817][379]LogAudioMixer: Display: Name: Speakers (Realtek(R) Audio)
[2021.12.26-16.29.46:817][379]LogAudioMixer: Display: Is Default: Yes
[2021.12.26-16.29.46:817][379]LogAudioMixer: Display: Sample Rate: 48000
[2021.12.26-16.29.46:817][379]LogAudioMixer: Display: Channel Count Used: 2
[2021.12.26-16.29.46:817][379]LogAudioMixer: Display: Device Channel Count: 2
[2021.12.26-16.29.46:817][379]LogAudioMixer: Display: Channel Order:
[2021.12.26-16.29.46:817][379]LogAudioMixer: Display: 0: FrontLeft
[2021.12.26-16.29.46:817][379]LogAudioMixer: Display: 1: FrontRight
[2021.12.26-16.29.46:827][379]LogAudioMixer: Display: Using Audio Device Speakers (Realtek(R) Audio)
[2021.12.26-16.29.46:829][379]LogInit: FAudioDevice initialized.
[2021.12.26-16.29.46:909][379]LogLoad: Game class is 'MyAsistivnaGameMode_C'
[2021.12.26-16.29.46:911][379]LogWorld: Bringing World /Game/RollingCPP/Maps/UEDPIE_0_RollingExampleMap.RollingExampleMap up for play (max tick rate 0) at 2021.12.26-17.29.46
[2021.12.26-16.29.46:911][379]LogWorld: Bringing up level for play took: 0.001729
[2021.12.26-16.29.46:912][379]LogOnline: OSS: Creating online subsystem instance for: :Context_4
[2021.12.26-16.29.46:913][379]PIE: Play in editor start time for /Game/RollingCPP/Maps/UEDPIE_0_RollingExampleMap -0.516
[2021.12.26-16.29.46:913][379]LogBlueprintUserMessages: Late PlayInEditor Detection: Level '/Game/RollingCPP/Maps/RollingExampleMap.RollingExampleMap:PersistentLevel' has LevelScriptBlueprint '/Game/RollingCPP/Maps/RollingExampleMap.RollingExampleMap:PersistentLevel.RollingExampleMap' with GeneratedClass '/Game/RollingCPP/Maps/RollingExampleMap.RollingExampleMap_C' with ClassGeneratedBy '/Game/RollingCPP/Maps/RollingExampleMap.RollingExampleMap:PersistentLevel.RollingExampleMap'
[2021.12.26-16.29.52:220][973]LogAudioMixer: Display: No commands were queued while flushing the source manager.
[2021.12.26-16.29.52:226][973]LogAudioMixer: Display: Flush succeeded in the source manager command queue (1).
[2021.12.26-16.29.52:245][973]LogAudioMixer: Display: Flush succeeded the source manager command queue (2).
[2021.12.26-16.29.52:246][973]LogBlueprintUserMessages: Early EndPlayMap Detection: Level '/Game/RollingCPP/Maps/RollingExampleMap.RollingExampleMap:PersistentLevel' has LevelScriptBlueprint '/Game/RollingCPP/Maps/RollingExampleMap.RollingExampleMap:PersistentLevel.RollingExampleMap' with GeneratedClass '/Game/RollingCPP/Maps/RollingExampleMap.RollingExampleMap_C' with ClassGeneratedBy '/Game/RollingCPP/Maps/RollingExampleMap.RollingExampleMap:PersistentLevel.RollingExampleMap'
[2021.12.26-16.29.52:246][973]LogSlate: Updating window title bar state: overlay mode, drag disabled, window buttons hidden, title bar hidden
[2021.12.26-16.29.52:246][973]LogWorld: BeginTearingDown for /Game/RollingCPP/Maps/UEDPIE_0_RollingExampleMap
[2021.12.26-16.29.52:246][973]LogAudioMixer: Display: No commands were queued while flushing the source manager.
[2021.12.26-16.29.52:246][973]LogWorld: UWorld::CleanupWorld for RollingExampleMap, bSessionEnded=true, bCleanupResources=true
[2021.12.26-16.29.52:247][973]LogSlate: InvalidateAllWidgets triggered.  All widgets were invalidated
[2021.12.26-16.29.52:290][973]LogPlayLevel: Display: Shutting down PIE online subsystems
[2021.12.26-16.29.52:291][973]LogBlueprintUserMessages: Late EndPlayMap Detection: Level '/Game/RollingCPP/Maps/RollingExampleMap.RollingExampleMap:PersistentLevel' has LevelScriptBlueprint '/Game/RollingCPP/Maps/RollingExampleMap.RollingExampleMap:PersistentLevel.RollingExampleMap' with GeneratedClass '/Game/RollingCPP/Maps/RollingExampleMap.RollingExampleMap_C' with ClassGeneratedBy '/Game/RollingCPP/Maps/RollingExampleMap.RollingExampleMap:PersistentLevel.RollingExampleMap'
[2021.12.26-16.29.52:293][973]LogSlate: InvalidateAllWidgets triggered.  All widgets were invalidated
[2021.12.26-16.29.52:313][973]LogAudioMixer: Display: No commands were queued while flushing the source manager.
[2021.12.26-16.29.52:316][973]LogSlate: Updating window title bar state: overlay mode, drag disabled, window buttons hidden, title bar hidden
[2021.12.26-16.29.52:319][973]LogUObjectHash: Compacting FUObjectHashTables data took   1.35ms
[2021.12.26-16.29.52:329][974]LogPlayLevel: Display: Destroying online subsystem :Context_4
[2021.12.26-16.29.55:082][284]LogEditorViewport: Clicking on Actor (LMB): MyAsistivnaBall_C (MyAsistivnaBall)
[2021.12.26-16.30.04:152][331]LogTemp: Repeating last play command: Selected Viewport
[2021.12.26-16.30.04:157][331]LogBlueprintUserMessages: Early PlayInEditor Detection: Level '/Game/RollingCPP/Maps/RollingExampleMap.RollingExampleMap:PersistentLevel' has LevelScriptBlueprint '/Game/RollingCPP/Maps/RollingExampleMap.RollingExampleMap:PersistentLevel.RollingExampleMap' with GeneratedClass '/Game/RollingCPP/Maps/RollingExampleMap.RollingExampleMap_C' with ClassGeneratedBy '/Game/RollingCPP/Maps/RollingExampleMap.RollingExampleMap:PersistentLevel.RollingExampleMap'
[2021.12.26-16.30.04:157][331]LogPlayLevel: PlayLevel: No blueprints needed recompiling
[2021.12.26-16.30.04:157][331]PIE: New page: PIE session: RollingExampleMap (Dec 26, 2021, 6:30:04 PM)
[2021.12.26-16.30.04:157][331]LogPlayLevel: Creating play world package: /Game/RollingCPP/Maps/UEDPIE_0_RollingExampleMap
[2021.12.26-16.30.04:169][331]LogPlayLevel: PIE: StaticDuplicateObject took: (0.011697s)
[2021.12.26-16.30.04:169][331]LogAIModule: Creating AISystem for world RollingExampleMap
[2021.12.26-16.30.04:169][331]LogPlayLevel: PIE: World Init took: (0.000743s)
[2021.12.26-16.30.04:169][331]LogPlayLevel: PIE: Created PIE world by copying editor world from /Game/RollingCPP/Maps/RollingExampleMap.RollingExampleMap to /Game/RollingCPP/Maps/UEDPIE_0_RollingExampleMap.RollingExampleMap (0.012623s)
[2021.12.26-16.30.04:190][331]LogUObjectHash: Compacting FUObjectHashTables data took   1.28ms
[2021.12.26-16.30.04:192][331]LogAudioMixer: Display: Audio Mixer Platform Settings:
[2021.12.26-16.30.04:192][331]LogAudioMixer: Display: 	Sample Rate:						  48000
[2021.12.26-16.30.04:192][331]LogAudioMixer: Display: 	Callback Buffer Frame Size Requested: 1024
[2021.12.26-16.30.04:192][331]LogAudioMixer: Display: 	Callback Buffer Frame Size To Use:	  1024
[2021.12.26-16.30.04:192][331]LogAudioMixer: Display: 	Number of buffers to queue:			  2
[2021.12.26-16.30.04:192][331]LogAudioMixer: Display: 	Max Channels (voices):				  32
[2021.12.26-16.30.04:192][331]LogAudioMixer: Display: 	Number of Async Source Workers:		  0
[2021.12.26-16.30.04:192][331]LogAudio: Display: AudioDevice MaxSources: 32
[2021.12.26-16.30.04:192][331]LogAudio: Display: Using built-in audio occlusion.
[2021.12.26-16.30.04:192][331]LogAudioMixer: Display: Initializing audio mixer.
[2021.12.26-16.30.04:198][331]LogAudioMixer: Display: Audio Device Output Speaker Info:
[2021.12.26-16.30.04:198][331]LogAudioMixer: Display: Name: Speakers (Realtek(R) Audio)
[2021.12.26-16.30.04:198][331]LogAudioMixer: Display: Is Default: Yes
[2021.12.26-16.30.04:198][331]LogAudioMixer: Display: Sample Rate: 48000
[2021.12.26-16.30.04:198][331]LogAudioMixer: Display: Channel Count Used: 2
[2021.12.26-16.30.04:198][331]LogAudioMixer: Display: Device Channel Count: 2
[2021.12.26-16.30.04:198][331]LogAudioMixer: Display: Channel Order:
[2021.12.26-16.30.04:198][331]LogAudioMixer: Display: 0: FrontLeft
[2021.12.26-16.30.04:198][331]LogAudioMixer: Display: 1: FrontRight
[2021.12.26-16.30.04:209][331]LogAudioMixer: Display: Using Audio Device Speakers (Realtek(R) Audio)
[2021.12.26-16.30.04:210][331]LogInit: FAudioDevice initialized.
[2021.12.26-16.30.04:238][331]LogLoad: Game class is 'MyAsistivnaGameMode_C'
[2021.12.26-16.30.04:240][331]LogWorld: Bringing World /Game/RollingCPP/Maps/UEDPIE_0_RollingExampleMap.RollingExampleMap up for play (max tick rate 0) at 2021.12.26-17.30.04
[2021.12.26-16.30.04:240][331]LogWorld: Bringing up level for play took: 0.001758
[2021.12.26-16.30.04:240][331]LogOnline: OSS: Creating online subsystem instance for: :Context_5
[2021.12.26-16.30.04:242][331]PIE: Play in editor start time for /Game/RollingCPP/Maps/UEDPIE_0_RollingExampleMap 0.813
[2021.12.26-16.30.04:242][331]LogBlueprintUserMessages: Late PlayInEditor Detection: Level '/Game/RollingCPP/Maps/RollingExampleMap.RollingExampleMap:PersistentLevel' has LevelScriptBlueprint '/Game/RollingCPP/Maps/RollingExampleMap.RollingExampleMap:PersistentLevel.RollingExampleMap' with GeneratedClass '/Game/RollingCPP/Maps/RollingExampleMap.RollingExampleMap_C' with ClassGeneratedBy '/Game/RollingCPP/Maps/RollingExampleMap.RollingExampleMap:PersistentLevel.RollingExampleMap'
[2021.12.26-16.30.12:296][280]LogAudioMixer: Display: No commands were queued while flushing the source manager.
[2021.12.26-16.30.12:316][280]LogAudioMixer: Display: Flush succeeded in the source manager command queue (1).
[2021.12.26-16.30.12:336][280]LogAudioMixer: Display: Flush succeeded the source manager command queue (2).
[2021.12.26-16.30.12:336][280]LogBlueprintUserMessages: Early EndPlayMap Detection: Level '/Game/RollingCPP/Maps/RollingExampleMap.RollingExampleMap:PersistentLevel' has LevelScriptBlueprint '/Game/RollingCPP/Maps/RollingExampleMap.RollingExampleMap:PersistentLevel.RollingExampleMap' with GeneratedClass '/Game/RollingCPP/Maps/RollingExampleMap.RollingExampleMap_C' with ClassGeneratedBy '/Game/RollingCPP/Maps/RollingExampleMap.RollingExampleMap:PersistentLevel.RollingExampleMap'
[2021.12.26-16.30.12:336][280]LogSlate: Updating window title bar state: overlay mode, drag disabled, window buttons hidden, title bar hidden
[2021.12.26-16.30.12:336][280]LogWorld: BeginTearingDown for /Game/RollingCPP/Maps/UEDPIE_0_RollingExampleMap
[2021.12.26-16.30.12:336][280]LogAudioMixer: Display: No commands were queued while flushing the source manager.
[2021.12.26-16.30.12:336][280]LogWorld: UWorld::CleanupWorld for RollingExampleMap, bSessionEnded=true, bCleanupResources=true
[2021.12.26-16.30.12:337][280]LogSlate: InvalidateAllWidgets triggered.  All widgets were invalidated
[2021.12.26-16.30.12:345][280]LogPlayLevel: Display: Shutting down PIE online subsystems
[2021.12.26-16.30.12:345][280]LogBlueprintUserMessages: Late EndPlayMap Detection: Level '/Game/RollingCPP/Maps/RollingExampleMap.RollingExampleMap:PersistentLevel' has LevelScriptBlueprint '/Game/RollingCPP/Maps/RollingExampleMap.RollingExampleMap:PersistentLevel.RollingExampleMap' with GeneratedClass '/Game/RollingCPP/Maps/RollingExampleMap.RollingExampleMap_C' with ClassGeneratedBy '/Game/RollingCPP/Maps/RollingExampleMap.RollingExampleMap:PersistentLevel.RollingExampleMap'
[2021.12.26-16.30.12:348][280]LogSlate: InvalidateAllWidgets triggered.  All widgets were invalidated
[2021.12.26-16.30.12:368][280]LogAudioMixer: Display: No commands were queued while flushing the source manager.
[2021.12.26-16.30.12:371][280]LogSlate: Updating window title bar state: overlay mode, drag disabled, window buttons hidden, title bar hidden
[2021.12.26-16.30.12:374][280]LogUObjectHash: Compacting FUObjectHashTables data took   1.24ms
[2021.12.26-16.30.12:403][282]LogPlayLevel: Display: Destroying online subsystem :Context_5
[2021.12.26-16.30.13:730][440]LogEditorViewport: Clicking on Actor (LMB): MyAsistivnaBall_C (MyAsistivnaBall)
[2021.12.26-16.30.17:404][862]LogTemp: Repeating last play command: Selected Viewport
[2021.12.26-16.30.17:408][862]LogBlueprintUserMessages: Early PlayInEditor Detection: Level '/Game/RollingCPP/Maps/RollingExampleMap.RollingExampleMap:PersistentLevel' has LevelScriptBlueprint '/Game/RollingCPP/Maps/RollingExampleMap.RollingExampleMap:PersistentLevel.RollingExampleMap' with GeneratedClass '/Game/RollingCPP/Maps/RollingExampleMap.RollingExampleMap_C' with ClassGeneratedBy '/Game/RollingCPP/Maps/RollingExampleMap.RollingExampleMap:PersistentLevel.RollingExampleMap'
[2021.12.26-16.30.17:408][862]LogPlayLevel: PlayLevel: No blueprints needed recompiling
[2021.12.26-16.30.17:408][862]PIE: New page: PIE session: RollingExampleMap (Dec 26, 2021, 6:30:17 PM)
[2021.12.26-16.30.17:408][862]LogPlayLevel: Creating play world package: /Game/RollingCPP/Maps/UEDPIE_0_RollingExampleMap
[2021.12.26-16.30.17:420][862]LogPlayLevel: PIE: StaticDuplicateObject took: (0.011526s)
[2021.12.26-16.30.17:421][862]LogAIModule: Creating AISystem for world RollingExampleMap
[2021.12.26-16.30.17:421][862]LogPlayLevel: PIE: World Init took: (0.001086s)
[2021.12.26-16.30.17:421][862]LogPlayLevel: PIE: Created PIE world by copying editor world from /Game/RollingCPP/Maps/RollingExampleMap.RollingExampleMap to /Game/RollingCPP/Maps/UEDPIE_0_RollingExampleMap.RollingExampleMap (0.012869s)
[2021.12.26-16.30.17:443][862]LogUObjectHash: Compacting FUObjectHashTables data took   1.29ms
[2021.12.26-16.30.17:443][862]LogAudioMixer: Display: Audio Mixer Platform Settings:
[2021.12.26-16.30.17:443][862]LogAudioMixer: Display: 	Sample Rate:						  48000
[2021.12.26-16.30.17:444][862]LogAudioMixer: Display: 	Callback Buffer Frame Size Requested: 1024
[2021.12.26-16.30.17:444][862]LogAudioMixer: Display: 	Callback Buffer Frame Size To Use:	  1024
[2021.12.26-16.30.17:444][862]LogAudioMixer: Display: 	Number of buffers to queue:			  2
[2021.12.26-16.30.17:444][862]LogAudioMixer: Display: 	Max Channels (voices):				  32
[2021.12.26-16.30.17:444][862]LogAudioMixer: Display: 	Number of Async Source Workers:		  0
[2021.12.26-16.30.17:444][862]LogAudio: Display: AudioDevice MaxSources: 32
[2021.12.26-16.30.17:444][862]LogAudio: Display: Using built-in audio occlusion.
[2021.12.26-16.30.17:444][862]LogAudioMixer: Display: Initializing audio mixer.
[2021.12.26-16.30.17:450][862]LogAudioMixer: Display: Audio Device Output Speaker Info:
[2021.12.26-16.30.17:450][862]LogAudioMixer: Display: Name: Speakers (Realtek(R) Audio)
[2021.12.26-16.30.17:450][862]LogAudioMixer: Display: Is Default: Yes
[2021.12.26-16.30.17:450][862]LogAudioMixer: Display: Sample Rate: 48000
[2021.12.26-16.30.17:450][862]LogAudioMixer: Display: Channel Count Used: 2
[2021.12.26-16.30.17:450][862]LogAudioMixer: Display: Device Channel Count: 2
[2021.12.26-16.30.17:450][862]LogAudioMixer: Display: Channel Order:
[2021.12.26-16.30.17:450][862]LogAudioMixer: Display: 0: FrontLeft
[2021.12.26-16.30.17:450][862]LogAudioMixer: Display: 1: FrontRight
[2021.12.26-16.30.17:460][862]LogAudioMixer: Display: Using Audio Device Speakers (Realtek(R) Audio)
[2021.12.26-16.30.17:462][862]LogInit: FAudioDevice initialized.
[2021.12.26-16.30.17:469][862]LogLoad: Game class is 'MyAsistivnaGameMode_C'
[2021.12.26-16.30.17:471][862]LogWorld: Bringing World /Game/RollingCPP/Maps/UEDPIE_0_RollingExampleMap.RollingExampleMap up for play (max tick rate 0) at 2021.12.26-17.30.17
[2021.12.26-16.30.17:471][862]LogWorld: Bringing up level for play took: 0.001780
[2021.12.26-16.30.17:471][862]LogOnline: OSS: Creating online subsystem instance for: :Context_6
[2021.12.26-16.30.17:473][862]PIE: Play in editor start time for /Game/RollingCPP/Maps/UEDPIE_0_RollingExampleMap 0.044
[2021.12.26-16.30.17:473][862]LogBlueprintUserMessages: Late PlayInEditor Detection: Level '/Game/RollingCPP/Maps/RollingExampleMap.RollingExampleMap:PersistentLevel' has LevelScriptBlueprint '/Game/RollingCPP/Maps/RollingExampleMap.RollingExampleMap:PersistentLevel.RollingExampleMap' with GeneratedClass '/Game/RollingCPP/Maps/RollingExampleMap.RollingExampleMap_C' with ClassGeneratedBy '/Game/RollingCPP/Maps/RollingExampleMap.RollingExampleMap:PersistentLevel.RollingExampleMap'
[2021.12.26-16.30.36:241][103]LogAudioMixer: Display: No commands were queued while flushing the source manager.
[2021.12.26-16.30.36:256][103]LogAudioMixer: Display: Flush succeeded in the source manager command queue (1).
[2021.12.26-16.30.36:276][103]LogAudioMixer: Display: Flush succeeded the source manager command queue (2).
[2021.12.26-16.30.36:276][103]LogBlueprintUserMessages: Early EndPlayMap Detection: Level '/Game/RollingCPP/Maps/RollingExampleMap.RollingExampleMap:PersistentLevel' has LevelScriptBlueprint '/Game/RollingCPP/Maps/RollingExampleMap.RollingExampleMap:PersistentLevel.RollingExampleMap' with GeneratedClass '/Game/RollingCPP/Maps/RollingExampleMap.RollingExampleMap_C' with ClassGeneratedBy '/Game/RollingCPP/Maps/RollingExampleMap.RollingExampleMap:PersistentLevel.RollingExampleMap'
[2021.12.26-16.30.36:276][103]LogSlate: Updating window title bar state: overlay mode, drag disabled, window buttons hidden, title bar hidden
[2021.12.26-16.30.36:276][103]LogWorld: BeginTearingDown for /Game/RollingCPP/Maps/UEDPIE_0_RollingExampleMap
[2021.12.26-16.30.36:276][103]LogAudioMixer: Display: No commands were queued while flushing the source manager.
[2021.12.26-16.30.36:276][103]LogWorld: UWorld::CleanupWorld for RollingExampleMap, bSessionEnded=true, bCleanupResources=true
[2021.12.26-16.30.36:277][103]LogSlate: InvalidateAllWidgets triggered.  All widgets were invalidated
[2021.12.26-16.30.36:285][103]LogPlayLevel: Display: Shutting down PIE online subsystems
[2021.12.26-16.30.36:285][103]LogBlueprintUserMessages: Late EndPlayMap Detection: Level '/Game/RollingCPP/Maps/RollingExampleMap.RollingExampleMap:PersistentLevel' has LevelScriptBlueprint '/Game/RollingCPP/Maps/RollingExampleMap.RollingExampleMap:PersistentLevel.RollingExampleMap' with GeneratedClass '/Game/RollingCPP/Maps/RollingExampleMap.RollingExampleMap_C' with ClassGeneratedBy '/Game/RollingCPP/Maps/RollingExampleMap.RollingExampleMap:PersistentLevel.RollingExampleMap'
[2021.12.26-16.30.36:288][103]LogSlate: InvalidateAllWidgets triggered.  All widgets were invalidated
[2021.12.26-16.30.36:308][103]LogAudioMixer: Display: No commands were queued while flushing the source manager.
[2021.12.26-16.30.36:311][103]LogSlate: Updating window title bar state: overlay mode, drag disabled, window buttons hidden, title bar hidden
[2021.12.26-16.30.36:314][103]LogUObjectHash: Compacting FUObjectHashTables data took   1.46ms
[2021.12.26-16.30.36:345][105]LogPlayLevel: Display: Destroying online subsystem :Context_6
[2021.12.26-16.30.37:554][250]LogEditorViewport: Clicking on Actor (LMB): StaticMeshActor (Ground)
[2021.12.26-16.30.42:680][848]LogTemp: Repeating last play command: Selected Viewport
[2021.12.26-16.30.42:684][848]LogBlueprintUserMessages: Early PlayInEditor Detection: Level '/Game/RollingCPP/Maps/RollingExampleMap.RollingExampleMap:PersistentLevel' has LevelScriptBlueprint '/Game/RollingCPP/Maps/RollingExampleMap.RollingExampleMap:PersistentLevel.RollingExampleMap' with GeneratedClass '/Game/RollingCPP/Maps/RollingExampleMap.RollingExampleMap_C' with ClassGeneratedBy '/Game/RollingCPP/Maps/RollingExampleMap.RollingExampleMap:PersistentLevel.RollingExampleMap'
[2021.12.26-16.30.42:685][848]LogPlayLevel: PlayLevel: No blueprints needed recompiling
[2021.12.26-16.30.42:685][848]PIE: New page: PIE session: RollingExampleMap (Dec 26, 2021, 6:30:42 PM)
[2021.12.26-16.30.42:685][848]LogPlayLevel: Creating play world package: /Game/RollingCPP/Maps/UEDPIE_0_RollingExampleMap
[2021.12.26-16.30.42:699][848]LogPlayLevel: PIE: StaticDuplicateObject took: (0.013949s)
[2021.12.26-16.30.42:699][848]LogAIModule: Creating AISystem for world RollingExampleMap
[2021.12.26-16.30.42:700][848]LogPlayLevel: PIE: World Init took: (0.000702s)
[2021.12.26-16.30.42:700][848]LogPlayLevel: PIE: Created PIE world by copying editor world from /Game/RollingCPP/Maps/RollingExampleMap.RollingExampleMap to /Game/RollingCPP/Maps/UEDPIE_0_RollingExampleMap.RollingExampleMap (0.014866s)
[2021.12.26-16.30.42:721][848]LogUObjectHash: Compacting FUObjectHashTables data took   1.52ms
[2021.12.26-16.30.42:722][848]LogAudioMixer: Display: Audio Mixer Platform Settings:
[2021.12.26-16.30.42:722][848]LogAudioMixer: Display: 	Sample Rate:						  48000
[2021.12.26-16.30.42:722][848]LogAudioMixer: Display: 	Callback Buffer Frame Size Requested: 1024
[2021.12.26-16.30.42:722][848]LogAudioMixer: Display: 	Callback Buffer Frame Size To Use:	  1024
[2021.12.26-16.30.42:722][848]LogAudioMixer: Display: 	Number of buffers to queue:			  2
[2021.12.26-16.30.42:722][848]LogAudioMixer: Display: 	Max Channels (voices):				  32
[2021.12.26-16.30.42:722][848]LogAudioMixer: Display: 	Number of Async Source Workers:		  0
[2021.12.26-16.30.42:723][848]LogAudio: Display: AudioDevice MaxSources: 32
[2021.12.26-16.30.42:723][848]LogAudio: Display: Using built-in audio occlusion.
[2021.12.26-16.30.42:723][848]LogAudioMixer: Display: Initializing audio mixer.
[2021.12.26-16.30.42:733][848]LogAudioMixer: Display: Audio Device Output Speaker Info:
[2021.12.26-16.30.42:733][848]LogAudioMixer: Display: Name: Speakers (Realtek(R) Audio)
[2021.12.26-16.30.42:733][848]LogAudioMixer: Display: Is Default: Yes
[2021.12.26-16.30.42:733][848]LogAudioMixer: Display: Sample Rate: 48000
[2021.12.26-16.30.42:733][848]LogAudioMixer: Display: Channel Count Used: 2
[2021.12.26-16.30.42:733][848]LogAudioMixer: Display: Device Channel Count: 2
[2021.12.26-16.30.42:733][848]LogAudioMixer: Display: Channel Order:
[2021.12.26-16.30.42:733][848]LogAudioMixer: Display: 0: FrontLeft
[2021.12.26-16.30.42:733][848]LogAudioMixer: Display: 1: FrontRight
[2021.12.26-16.30.42:743][848]LogAudioMixer: Display: Using Audio Device Speakers (Realtek(R) Audio)
[2021.12.26-16.30.42:744][848]LogInit: FAudioDevice initialized.
[2021.12.26-16.30.42:788][848]LogLoad: Game class is 'MyAsistivnaGameMode_C'
[2021.12.26-16.30.42:790][848]LogWorld: Bringing World /Game/RollingCPP/Maps/UEDPIE_0_RollingExampleMap.RollingExampleMap up for play (max tick rate 0) at 2021.12.26-17.30.42
[2021.12.26-16.30.42:790][848]LogWorld: Bringing up level for play took: 0.001708
[2021.12.26-16.30.42:790][848]LogOnline: OSS: Creating online subsystem instance for: :Context_7
[2021.12.26-16.30.42:792][848]PIE: Play in editor start time for /Game/RollingCPP/Maps/UEDPIE_0_RollingExampleMap -0.637
[2021.12.26-16.30.42:792][848]LogBlueprintUserMessages: Late PlayInEditor Detection: Level '/Game/RollingCPP/Maps/RollingExampleMap.RollingExampleMap:PersistentLevel' has LevelScriptBlueprint '/Game/RollingCPP/Maps/RollingExampleMap.RollingExampleMap:PersistentLevel.RollingExampleMap' with GeneratedClass '/Game/RollingCPP/Maps/RollingExampleMap.RollingExampleMap_C' with ClassGeneratedBy '/Game/RollingCPP/Maps/RollingExampleMap.RollingExampleMap:PersistentLevel.RollingExampleMap'
[2021.12.26-16.30.49:298][609]LogAudioMixer: Display: No commands were queued while flushing the source manager.
[2021.12.26-16.30.49:315][609]LogAudioMixer: Display: Flush succeeded in the source manager command queue (1).
[2021.12.26-16.30.49:336][609]LogAudioMixer: Display: Flush succeeded the source manager command queue (2).
[2021.12.26-16.30.49:336][609]LogBlueprintUserMessages: Early EndPlayMap Detection: Level '/Game/RollingCPP/Maps/RollingExampleMap.RollingExampleMap:PersistentLevel' has LevelScriptBlueprint '/Game/RollingCPP/Maps/RollingExampleMap.RollingExampleMap:PersistentLevel.RollingExampleMap' with GeneratedClass '/Game/RollingCPP/Maps/RollingExampleMap.RollingExampleMap_C' with ClassGeneratedBy '/Game/RollingCPP/Maps/RollingExampleMap.RollingExampleMap:PersistentLevel.RollingExampleMap'
[2021.12.26-16.30.49:336][609]LogSlate: Updating window title bar state: overlay mode, drag disabled, window buttons hidden, title bar hidden
[2021.12.26-16.30.49:336][609]LogWorld: BeginTearingDown for /Game/RollingCPP/Maps/UEDPIE_0_RollingExampleMap
[2021.12.26-16.30.49:336][609]LogAudioMixer: Display: No commands were queued while flushing the source manager.
[2021.12.26-16.30.49:337][609]LogWorld: UWorld::CleanupWorld for RollingExampleMap, bSessionEnded=true, bCleanupResources=true
[2021.12.26-16.30.49:337][609]LogSlate: InvalidateAllWidgets triggered.  All widgets were invalidated
[2021.12.26-16.30.49:343][609]LogPlayLevel: Display: Shutting down PIE online subsystems
[2021.12.26-16.30.49:343][609]LogBlueprintUserMessages: Late EndPlayMap Detection: Level '/Game/RollingCPP/Maps/RollingExampleMap.RollingExampleMap:PersistentLevel' has LevelScriptBlueprint '/Game/RollingCPP/Maps/RollingExampleMap.RollingExampleMap:PersistentLevel.RollingExampleMap' with GeneratedClass '/Game/RollingCPP/Maps/RollingExampleMap.RollingExampleMap_C' with ClassGeneratedBy '/Game/RollingCPP/Maps/RollingExampleMap.RollingExampleMap:PersistentLevel.RollingExampleMap'
[2021.12.26-16.30.49:346][609]LogSlate: InvalidateAllWidgets triggered.  All widgets were invalidated
[2021.12.26-16.30.49:366][609]LogAudioMixer: Display: No commands were queued while flushing the source manager.
[2021.12.26-16.30.49:369][609]LogSlate: Updating window title bar state: overlay mode, drag disabled, window buttons hidden, title bar hidden
[2021.12.26-16.30.49:371][609]LogUObjectHash: Compacting FUObjectHashTables data took   1.29ms
[2021.12.26-16.30.49:403][612]LogPlayLevel: Display: Destroying online subsystem :Context_7
