Log file open, 12/18/21 17:12:35
LogWindows: Failed to load 'aqProf.dll' (GetLastError=126)
LogWindows: File 'aqProf.dll' does not exist
LogWindows: Failed to load 'VtuneApi.dll' (GetLastError=126)
LogWindows: File 'VtuneApi.dll' does not exist
LogWindows: Failed to load 'VtuneApi32e.dll' (GetLastError=126)
LogWindows: File 'VtuneApi32e.dll' does not exist
LogConsoleResponse: Display: Failed to find resolution value strings in scalability ini. Falling back to default.
LogInit: Display: Running engine for game: Asistivna
LogPlatformFile: Not using cached read wrapper
LogTaskGraph: Started task graph with 5 named threads and 23 total threads with 3 sets of task threads.
LogStats: Stats thread started at 60.538507
LogD3D11RHI: Loaded GFSDK_Aftermath_Lib.x64.dll
LogICUInternationalization: ICU TimeZone Detection - Raw Offset: +1:00, Platform Override: ''
LogPluginManager: Mounting plugin Paper2D
LogPluginManager: Mounting plugin AISupport
LogPluginManager: Mounting plugin LightPropagationVolume
LogPluginManager: Mounting plugin ActorLayerUtilities
LogPluginManager: Mounting plugin AnimationSharing
LogPluginManager: Mounting plugin CLionSourceCodeAccess
LogPluginManager: Mounting plugin CodeLiteSourceCodeAccess
LogPluginManager: Mounting plugin GitSourceControl
LogPluginManager: Mounting plugin KDevelopSourceCodeAccess
LogPluginManager: Mounting plugin NullSourceCodeAccess
LogPluginManager: Mounting plugin PerforceSourceControl
LogPluginManager: Mounting plugin PlasticSourceControl
LogPluginManager: Mounting plugin SubversionSourceControl
LogPluginManager: Mounting plugin UObjectPlugin
LogPluginManager: Mounting plugin VisualStudioCodeSourceCodeAccess
LogPluginManager: Mounting plugin VisualStudioSourceCodeAccess
LogPluginManager: Mounting plugin XCodeSourceCodeAccess
LogPluginManager: Mounting plugin AssetManagerEditor
LogPluginManager: Mounting plugin CryptoKeys
LogPluginManager: Mounting plugin CurveEditorTools
LogPluginManager: Mounting plugin DataValidation
LogPluginManager: Mounting plugin FacialAnimation
LogPluginManager: Mounting plugin GameplayTagsEditor
LogPluginManager: Mounting plugin MacGraphicsSwitching
LogPluginManager: Mounting plugin MaterialAnalyzer
LogPluginManager: Mounting plugin MobileLauncherProfileWizard
LogPluginManager: Mounting plugin PluginBrowser
LogPluginManager: Mounting plugin SpeedTreeImporter
LogPluginManager: Mounting plugin DatasmithContent
LogPluginManager: Mounting plugin VariantManagerContent
LogPluginManager: Mounting plugin AlembicImporter
LogPluginManager: Mounting plugin AutomationUtils
LogPluginManager: Mounting plugin BackChannel
LogPluginManager: Mounting plugin CharacterAI
LogPluginManager: Mounting plugin GeometryCache
LogPluginManager: Mounting plugin PlatformCrypto
LogPluginManager: Mounting plugin ProxyLODPlugin
LogPluginManager: Mounting plugin SkeletalReduction
LogPluginManager: Mounting plugin MagicLeap
LogPluginManager: Mounting plugin MagicLeapMedia
LogPluginManager: Mounting plugin MLSDK
LogPluginManager: Mounting plugin AndroidMedia
LogPluginManager: Mounting plugin AvfMedia
LogPluginManager: Mounting plugin ImgMedia
LogPluginManager: Mounting plugin MediaCompositing
LogPluginManager: Mounting plugin MediaPlayerEditor
LogPluginManager: Mounting plugin WebMMedia
LogPluginManager: Mounting plugin WmfMedia
LogPluginManager: Mounting plugin TcpMessaging
LogPluginManager: Mounting plugin UdpMessaging
LogPluginManager: Mounting plugin ActorSequence
LogPluginManager: Mounting plugin LevelSequenceEditor
LogPluginManager: Mounting plugin MatineeToLevelSequence
LogPluginManager: Mounting plugin NetcodeUnitTest
LogPluginManager: Mounting plugin NUTUnrealEngine4
LogPluginManager: Mounting plugin OnlineSubsystemGooglePlay
LogPluginManager: Mounting plugin OnlineSubsystemIOS
LogPluginManager: Mounting plugin OnlineSubsystem
LogPluginManager: Mounting plugin OnlineSubsystemNull
LogPluginManager: Mounting plugin OnlineSubsystemUtils
LogPluginManager: Mounting plugin LauncherChunkInstaller
LogPluginManager: Mounting plugin AndroidDeviceProfileSelector
LogPluginManager: Mounting plugin AndroidMoviePlayer
LogPluginManager: Mounting plugin AndroidPermission
LogPluginManager: Mounting plugin AppleImageUtils
LogPluginManager: Mounting plugin AppleMoviePlayer
LogPluginManager: Mounting plugin ArchVisCharacter
LogPluginManager: Mounting plugin AssetTags
LogPluginManager: Mounting plugin AudioCapture
LogPluginManager: Mounting plugin CableComponent
LogPluginManager: Mounting plugin CustomMeshComponent
LogPluginManager: Mounting plugin EditableMesh
LogPluginManager: Mounting plugin ExampleDeviceProfileSelector
LogPluginManager: Mounting plugin GoogleCloudMessaging
LogPluginManager: Mounting plugin IOSDeviceProfileSelector
LogPluginManager: Mounting plugin LinuxDeviceProfileSelector
LogPluginManager: Mounting plugin LocationServicesBPLibrary
LogPluginManager: Mounting plugin MobilePatchingUtils
LogPluginManager: Mounting plugin OculusVR
LogPluginManager: Mounting plugin PhysXVehicles
LogPluginManager: Mounting plugin PostSplashScreen
LogPluginManager: Mounting plugin ProceduralMeshComponent
LogPluginManager: Mounting plugin RuntimePhysXCooking
LogPluginManager: Mounting plugin SignificanceManager
LogPluginManager: Mounting plugin SteamVR
LogPluginManager: Mounting plugin WebMMoviePlayer
LogPluginManager: Mounting plugin WindowsMoviePlayer
LogPluginManager: Mounting plugin ScreenshotTools
LogInit: Using libcurl 7.55.1-DEV
LogInit:  - built for x86_64-pc-win32
LogInit:  - supports SSL with OpenSSL/1.1.1
LogInit:  - supports HTTP deflate (compression) using libz 1.2.8
LogInit:  - other features:
LogInit:      CURL_VERSION_SSL
LogInit:      CURL_VERSION_LIBZ
LogInit:      CURL_VERSION_IPV6
LogInit:      CURL_VERSION_ASYNCHDNS
LogInit:      CURL_VERSION_LARGEFILE
LogInit:      CURL_VERSION_IDN
LogInit:  CurlRequestOptions (configurable via config and command line):
LogInit:  - bVerifyPeer = true  - Libcurl will verify peer certificate
LogInit:  - bUseHttpProxy = false  - Libcurl will NOT use HTTP proxy
LogInit:  - bDontReuseConnections = false  - Libcurl will reuse connections
LogInit:  - MaxHostConnections = 16  - Libcurl will limit the number of connections to a host
LogInit:  - LocalHostAddr = Default
LogInit:  - BufferSize = 65536
LogOnline: OSS: Creating online subsystem instance for: NULL
LogInit: WinSock: version 1.1 (2.2), MaxSocks=32767, MaxUdp=65467
LogOnline: OSS: TryLoadSubsystemAndSetDefault: Loaded subsystem for module [NULL]
LogInit: Build: ++UE4+Release-4.24-CL-11590370
LogInit: Engine Version: 4.24.3-11590370+++UE4+Release-4.24
LogInit: Compatible Engine Version: 4.24.0-10570792+++UE4+Release-4.24
LogInit: Net CL: 10570792
LogInit: OS: Windows 10 (Release 2009) (), CPU: Intel(R) Core(TM) i7-6700HQ CPU @ 2.60GHz, GPU: Intel(R) HD Graphics 530
LogInit: Compiled (64-bit): Feb 24 2020 15:39:18
LogInit: Compiled with Visual C++: 19.16.27032.01
LogInit: Build Configuration: Development
LogInit: Branch Name: ++UE4+Release-4.24
LogInit: Command Line: 
LogInit: Base Directory: D:/Games/EpicGames/Games/Anno/UE_4.24/Engine/Binaries/Win64/
LogInit: Installed Engine Build: 1
LogDevObjectVersion: Number of dev versions registered: 25
LogDevObjectVersion:   Dev-Blueprints (B0D832E4-1F89-4F0D-ACCF-7EB736FD4AA2): 10
LogDevObjectVersion:   Dev-Build (E1C64328-A22C-4D53-A36C-8E866417BD8C): 0
LogDevObjectVersion:   Dev-Core (375EC13C-06E4-48FB-B500-84F0262A717E): 3
LogDevObjectVersion:   Dev-Editor (E4B068ED-F494-42E9-A231-DA0B2E46BB41): 37
LogDevObjectVersion:   Dev-Framework (CFFC743F-43B0-4480-9391-14DF171D2073): 36
LogDevObjectVersion:   Dev-Mobile (B02B49B5-BB20-44E9-A304-32B752E40360): 2
LogDevObjectVersion:   Dev-Networking (A4E4105C-59A1-49B5-A7C5-40C4547EDFEE): 0
LogDevObjectVersion:   Dev-Online (39C831C9-5AE6-47DC-9A44-9C173E1C8E7C): 0
LogDevObjectVersion:   Dev-Physics (78F01B33-EBEA-4F98-B9B4-84EACCB95AA2): 2
LogDevObjectVersion:   Dev-Platform (6631380F-2D4D-43E0-8009-CF276956A95A): 0
LogDevObjectVersion:   Dev-Rendering (12F88B9F-8875-4AFC-A67C-D90C383ABD29): 36
LogDevObjectVersion:   Dev-Sequencer (7B5AE74C-D270-4C10-A958-57980B212A5A): 11
LogDevObjectVersion:   Dev-VR (D7296918-1DD6-4BDD-9DE2-64A83CC13884): 2
LogDevObjectVersion:   Dev-LoadTimes (C2A15278-BFE7-4AFE-6C17-90FF531DF755): 1
LogDevObjectVersion:   Private-Geometry (6EACA3D4-40EC-4CC1-B786-8BED09428FC5): 3
LogDevObjectVersion:   Dev-AnimPhys (29E575DD-E0A3-4627-9D10-D276232CDCEA): 17
LogDevObjectVersion:   Dev-Anim (AF43A65D-7FD3-4947-9873-3E8ED9C1BB05): 2
LogDevObjectVersion:   Dev-ReflectionCapture (6B266CEC-1EC7-4B8F-A30B-E4D90942FC07): 1
LogDevObjectVersion:   Dev-Automation (0DF73D61-A23F-47EA-B727-89E90C41499A): 1
LogDevObjectVersion:   FortniteMain (601D1886-AC64-4F84-AA16-D3DE0DEAC7D6): 31
LogDevObjectVersion:   Dev-Enterprise (9DFFBCD6-494F-0158-E221-12823C92A888): 8
LogDevObjectVersion:   Dev-Niagara (F2AED0AC-9AFE-416F-8664-AA7FFA26D6FC): 1
LogDevObjectVersion:   Dev-Destruction (174F1F0B-B4C6-45A5-B13F-2EE8D0FB917D): 9
LogDevObjectVersion:   Dev-Physics-Ext (35F94A83-E258-406C-A318-09F59610247C): 8
LogDevObjectVersion:   Dev-CineCamera (B2E18506-4273-CFC2-A54E-F4BB758BBA07): 1
LogInit: Presizing for max 25165824 objects, including 0 objects not considered by GC, pre-allocating 0 bytes for permanent pool.
LogInit: Object subsystem initialized
LogConfig: Setting CVar [[con.DebugEarlyDefault:1]]
LogConfig: Setting CVar [[r.setres:1280x720]]
[2021.12.18-16.13.03:553][  0]LogConfig: Setting CVar [[r.VSync:0]]
[2021.12.18-16.13.03:553][  0]LogConfig: Setting CVar [[r.RHICmdBypass:0]]
[2021.12.18-16.13.03:571][  0]LogConfig: Applying CVar settings from Section [/Script/Engine.RendererSettings] File [D:/Programiranje/Faks/Asistivna/asistivna/asistivna/Saved/Config/Windows/Engine.ini]
[2021.12.18-16.13.03:571][  0]LogConfig: Setting CVar [[r.GPUCrashDebugging:0]]
[2021.12.18-16.13.03:571][  0]LogConfig: Applying CVar settings from Section [/Script/Engine.RendererOverrideSettings] File [D:/Programiranje/Faks/Asistivna/asistivna/asistivna/Saved/Config/Windows/Engine.ini]
[2021.12.18-16.13.03:571][  0]LogConfig: Applying CVar settings from Section [/Script/Engine.StreamingSettings] File [D:/Programiranje/Faks/Asistivna/asistivna/asistivna/Saved/Config/Windows/Engine.ini]
[2021.12.18-16.13.03:571][  0]LogConfig: Setting CVar [[s.MinBulkDataSizeForAsyncLoading:131072]]
[2021.12.18-16.13.03:571][  0]LogConfig: Setting CVar [[s.AsyncLoadingThreadEnabled:0]]
[2021.12.18-16.13.03:571][  0]LogConfig: Setting CVar [[s.EventDrivenLoaderEnabled:1]]
[2021.12.18-16.13.03:571][  0]LogConfig: Setting CVar [[s.WarnIfTimeLimitExceeded:0]]
[2021.12.18-16.13.03:571][  0]LogConfig: Setting CVar [[s.TimeLimitExceededMultiplier:1.5]]
[2021.12.18-16.13.03:571][  0]LogConfig: Setting CVar [[s.TimeLimitExceededMinTime:0.005]]
[2021.12.18-16.13.03:571][  0]LogConfig: Setting CVar [[s.UseBackgroundLevelStreaming:1]]
[2021.12.18-16.13.03:571][  0]LogConfig: Setting CVar [[s.PriorityAsyncLoadingExtraTime:15.0]]
[2021.12.18-16.13.03:571][  0]LogConfig: Setting CVar [[s.LevelStreamingActorsUpdateTimeLimit:5.0]]
[2021.12.18-16.13.03:571][  0]LogConfig: Setting CVar [[s.PriorityLevelStreamingActorsUpdateExtraTime:5.0]]
[2021.12.18-16.13.03:571][  0]LogConfig: Setting CVar [[s.LevelStreamingComponentsRegistrationGranularity:10]]
[2021.12.18-16.13.03:571][  0]LogConfig: Setting CVar [[s.UnregisterComponentsTimeLimit:1.0]]
[2021.12.18-16.13.03:571][  0]LogConfig: Setting CVar [[s.LevelStreamingComponentsUnregistrationGranularity:5]]
[2021.12.18-16.13.03:571][  0]LogConfig: Setting CVar [[s.FlushStreamingOnExit:1]]
[2021.12.18-16.13.03:571][  0]LogConfig: Applying CVar settings from Section [/Script/Engine.GarbageCollectionSettings] File [D:/Programiranje/Faks/Asistivna/asistivna/asistivna/Saved/Config/Windows/Engine.ini]
[2021.12.18-16.13.03:571][  0]LogConfig: Setting CVar [[gc.MaxObjectsNotConsideredByGC:1]]
[2021.12.18-16.13.03:572][  0]LogConfig: Setting CVar [[gc.SizeOfPermanentObjectPool:0]]
[2021.12.18-16.13.03:572][  0]LogConfig: Setting CVar [[gc.FlushStreamingOnGC:0]]
[2021.12.18-16.13.03:572][  0]LogConfig: Setting CVar [[gc.NumRetriesBeforeForcingGC:10]]
[2021.12.18-16.13.03:572][  0]LogConfig: Setting CVar [[gc.AllowParallelGC:1]]
[2021.12.18-16.13.03:572][  0]LogConfig: Setting CVar [[gc.TimeBetweenPurgingPendingKillObjects:61.1]]
[2021.12.18-16.13.03:572][  0]LogConfig: Setting CVar [[gc.MaxObjectsInEditor:25165824]]
[2021.12.18-16.13.03:572][  0]LogConfig: Setting CVar [[gc.IncrementalBeginDestroyEnabled:1]]
[2021.12.18-16.13.03:572][  0]LogConfig: Setting CVar [[gc.CreateGCClusters:1]]
[2021.12.18-16.13.03:572][  0]LogConfig: Setting CVar [[gc.MinGCClusterSize:5]]
[2021.12.18-16.13.03:572][  0]LogConfig: Setting CVar [[gc.ActorClusteringEnabled:0]]
[2021.12.18-16.13.03:572][  0]LogConfig: Setting CVar [[gc.BlueprintClusteringEnabled:0]]
[2021.12.18-16.13.03:572][  0]LogConfig: Setting CVar [[gc.UseDisregardForGCOnDedicatedServers:0]]
[2021.12.18-16.13.03:572][  0]LogConfig: Applying CVar settings from Section [/Script/Engine.NetworkSettings] File [D:/Programiranje/Faks/Asistivna/asistivna/asistivna/Saved/Config/Windows/Engine.ini]
[2021.12.18-16.13.03:572][  0]LogConfig: Applying CVar settings from Section [/Script/UnrealEd.CookerSettings] File [D:/Programiranje/Faks/Asistivna/asistivna/asistivna/Saved/Config/Windows/Engine.ini]
[2021.12.18-16.13.04:019][  0]LogConfig: Applying CVar settings from Section [ViewDistanceQuality@3] File [D:/Programiranje/Faks/Asistivna/asistivna/asistivna/Saved/Config/Windows/Scalability.ini]
[2021.12.18-16.13.04:019][  0]LogConfig: Setting CVar [[r.SkeletalMeshLODBias:0]]
[2021.12.18-16.13.04:020][  0]LogConfig: Setting CVar [[r.ViewDistanceScale:1.0]]
[2021.12.18-16.13.04:020][  0]LogConfig: Applying CVar settings from Section [AntiAliasingQuality@3] File [D:/Programiranje/Faks/Asistivna/asistivna/asistivna/Saved/Config/Windows/Scalability.ini]
[2021.12.18-16.13.04:020][  0]LogConfig: Setting CVar [[r.PostProcessAAQuality:4]]
[2021.12.18-16.13.04:020][  0]LogConfig: Applying CVar settings from Section [ShadowQuality@3] File [D:/Programiranje/Faks/Asistivna/asistivna/asistivna/Saved/Config/Windows/Scalability.ini]
[2021.12.18-16.13.04:020][  0]LogConfig: Setting CVar [[r.LightFunctionQuality:1]]
[2021.12.18-16.13.04:020][  0]LogConfig: Setting CVar [[r.ShadowQuality:5]]
[2021.12.18-16.13.04:020][  0]LogConfig: Setting CVar [[r.Shadow.CSM.MaxCascades:10]]
[2021.12.18-16.13.04:020][  0]LogConfig: Setting CVar [[r.Shadow.MaxResolution:2048]]
[2021.12.18-16.13.04:020][  0]LogConfig: Setting CVar [[r.Shadow.MaxCSMResolution:2048]]
[2021.12.18-16.13.04:020][  0]LogConfig: Setting CVar [[r.Shadow.RadiusThreshold:0.01]]
[2021.12.18-16.13.04:020][  0]LogConfig: Setting CVar [[r.Shadow.DistanceScale:1.0]]
[2021.12.18-16.13.04:020][  0]LogConfig: Setting CVar [[r.Shadow.CSM.TransitionScale:1.0]]
[2021.12.18-16.13.04:020][  0]LogConfig: Setting CVar [[r.Shadow.PreShadowResolutionFactor:1.0]]
[2021.12.18-16.13.04:020][  0]LogConfig: Setting CVar [[r.DistanceFieldShadowing:1]]
[2021.12.18-16.13.04:020][  0]LogConfig: Setting CVar [[r.DistanceFieldAO:1]]
[2021.12.18-16.13.04:020][  0]LogConfig: Setting CVar [[r.AOQuality:2]]
[2021.12.18-16.13.04:020][  0]LogConfig: Setting CVar [[r.VolumetricFog:1]]
[2021.12.18-16.13.04:020][  0]LogConfig: Setting CVar [[r.VolumetricFog.GridPixelSize:8]]
[2021.12.18-16.13.04:020][  0]LogConfig: Setting CVar [[r.VolumetricFog.GridSizeZ:128]]
[2021.12.18-16.13.04:020][  0]LogConfig: Setting CVar [[r.VolumetricFog.HistoryMissSupersampleCount:4]]
[2021.12.18-16.13.04:020][  0]LogConfig: Setting CVar [[r.LightMaxDrawDistanceScale:1]]
[2021.12.18-16.13.04:020][  0]LogConfig: Setting CVar [[r.CapsuleShadows:1]]
[2021.12.18-16.13.04:020][  0]LogConfig: Applying CVar settings from Section [PostProcessQuality@3] File [D:/Programiranje/Faks/Asistivna/asistivna/asistivna/Saved/Config/Windows/Scalability.ini]
[2021.12.18-16.13.04:021][  0]LogConfig: Setting CVar [[r.MotionBlurQuality:4]]
[2021.12.18-16.13.04:021][  0]LogConfig: Setting CVar [[r.AmbientOcclusionMipLevelFactor:0.4]]
[2021.12.18-16.13.04:021][  0]LogConfig: Setting CVar [[r.AmbientOcclusionMaxQuality:100]]
[2021.12.18-16.13.04:021][  0]LogConfig: Setting CVar [[r.AmbientOcclusionLevels:-1]]
[2021.12.18-16.13.04:021][  0]LogConfig: Setting CVar [[r.AmbientOcclusionRadiusScale:1.0]]
[2021.12.18-16.13.04:021][  0]LogConfig: Setting CVar [[r.DepthOfFieldQuality:2]]
[2021.12.18-16.13.04:021][  0]LogConfig: Setting CVar [[r.RenderTargetPoolMin:400]]
[2021.12.18-16.13.04:021][  0]LogConfig: Setting CVar [[r.LensFlareQuality:2]]
[2021.12.18-16.13.04:021][  0]LogConfig: Setting CVar [[r.SceneColorFringeQuality:1]]
[2021.12.18-16.13.04:021][  0]LogConfig: Setting CVar [[r.EyeAdaptationQuality:2]]
[2021.12.18-16.13.04:021][  0]LogConfig: Setting CVar [[r.BloomQuality:5]]
[2021.12.18-16.13.04:021][  0]LogConfig: Setting CVar [[r.FastBlurThreshold:100]]
[2021.12.18-16.13.04:021][  0]LogConfig: Setting CVar [[r.Upscale.Quality:3]]
[2021.12.18-16.13.04:021][  0]LogConfig: Setting CVar [[r.Tonemapper.GrainQuantization:1]]
[2021.12.18-16.13.04:021][  0]LogConfig: Setting CVar [[r.LightShaftQuality:1]]
[2021.12.18-16.13.04:021][  0]LogConfig: Setting CVar [[r.Filter.SizeScale:1]]
[2021.12.18-16.13.04:021][  0]LogConfig: Setting CVar [[r.Tonemapper.Quality:5]]
[2021.12.18-16.13.04:021][  0]LogConfig: Setting CVar [[r.DOF.Gather.AccumulatorQuality:1        ; higher gathering accumulator quality]]
[2021.12.18-16.13.04:021][  0]LogConfig: Setting CVar [[r.DOF.Gather.PostfilterMethod:1          ; Median3x3 postfilering method]]
[2021.12.18-16.13.04:021][  0]LogConfig: Setting CVar [[r.DOF.Gather.EnableBokehSettings:0       ; no bokeh simulation when gathering]]
[2021.12.18-16.13.04:021][  0]LogConfig: Setting CVar [[r.DOF.Gather.RingCount:4                 ; medium number of samples when gathering]]
[2021.12.18-16.13.04:021][  0]LogConfig: Setting CVar [[r.DOF.Scatter.ForegroundCompositing:1    ; additive foreground scattering]]
[2021.12.18-16.13.04:021][  0]LogConfig: Setting CVar [[r.DOF.Scatter.BackgroundCompositing:2    ; additive background scattering]]
[2021.12.18-16.13.04:021][  0]LogConfig: Setting CVar [[r.DOF.Scatter.EnableBokehSettings:1      ; bokeh simulation when scattering]]
[2021.12.18-16.13.04:021][  0]LogConfig: Setting CVar [[r.DOF.Scatter.MaxSpriteRatio:0.1         ; only a maximum of 10% of scattered bokeh]]
[2021.12.18-16.13.04:021][  0]LogConfig: Setting CVar [[r.DOF.Recombine.Quality:1                ; cheap slight out of focus]]
[2021.12.18-16.13.04:021][  0]LogConfig: Setting CVar [[r.DOF.Recombine.EnableBokehSettings:0    ; no bokeh simulation on slight out of focus]]
[2021.12.18-16.13.04:021][  0]LogConfig: Setting CVar [[r.DOF.TemporalAAQuality:1                ; more stable temporal accumulation]]
[2021.12.18-16.13.04:021][  0]LogConfig: Setting CVar [[r.DOF.Kernel.MaxForegroundRadius:0.025]]
[2021.12.18-16.13.04:021][  0]LogConfig: Setting CVar [[r.DOF.Kernel.MaxBackgroundRadius:0.025]]
[2021.12.18-16.13.04:022][  0]LogConfig: Applying CVar settings from Section [TextureQuality@3] File [D:/Programiranje/Faks/Asistivna/asistivna/asistivna/Saved/Config/Windows/Scalability.ini]
[2021.12.18-16.13.04:022][  0]LogConfig: Setting CVar [[r.Streaming.MipBias:0]]
[2021.12.18-16.13.04:022][  0]LogConfig: Setting CVar [[r.Streaming.AmortizeCPUToGPUCopy:0]]
[2021.12.18-16.13.04:022][  0]LogConfig: Setting CVar [[r.Streaming.MaxNumTexturesToStreamPerFrame:0]]
[2021.12.18-16.13.04:022][  0]LogConfig: Setting CVar [[r.Streaming.Boost:1]]
[2021.12.18-16.13.04:022][  0]LogConfig: Setting CVar [[r.MaxAnisotropy:8]]
[2021.12.18-16.13.04:022][  0]LogConfig: Setting CVar [[r.VT.MaxAnisotropy:8]]
[2021.12.18-16.13.04:022][  0]LogConfig: Setting CVar [[r.Streaming.LimitPoolSizeToVRAM:0]]
[2021.12.18-16.13.04:022][  0]LogConfig: Setting CVar [[r.Streaming.PoolSize:1000]]
[2021.12.18-16.13.04:022][  0]LogConfig: Setting CVar [[r.Streaming.MaxEffectiveScreenSize:0]]
[2021.12.18-16.13.04:022][  0]LogConfig: Applying CVar settings from Section [EffectsQuality@3] File [D:/Programiranje/Faks/Asistivna/asistivna/asistivna/Saved/Config/Windows/Scalability.ini]
[2021.12.18-16.13.04:022][  0]LogConfig: Setting CVar [[r.TranslucencyLightingVolumeDim:64]]
[2021.12.18-16.13.04:022][  0]LogConfig: Setting CVar [[r.RefractionQuality:2]]
[2021.12.18-16.13.04:022][  0]LogConfig: Setting CVar [[r.SSR.Quality:3]]
[2021.12.18-16.13.04:022][  0]LogConfig: Setting CVar [[r.SSR.HalfResSceneColor:0]]
[2021.12.18-16.13.04:022][  0]LogConfig: Setting CVar [[r.SceneColorFormat:4]]
[2021.12.18-16.13.04:022][  0]LogConfig: Setting CVar [[r.DetailMode:2]]
[2021.12.18-16.13.04:022][  0]LogConfig: Setting CVar [[r.TranslucencyVolumeBlur:1]]
[2021.12.18-16.13.04:022][  0]LogConfig: Setting CVar [[r.MaterialQualityLevel:1 ; High quality]]
[2021.12.18-16.13.04:022][  0]LogConfig: Setting CVar [[r.SSS.Scale:1]]
[2021.12.18-16.13.04:022][  0]LogConfig: Setting CVar [[r.SSS.SampleSet:2]]
[2021.12.18-16.13.04:022][  0]LogConfig: Setting CVar [[r.SSS.Quality:1]]
[2021.12.18-16.13.04:022][  0]LogConfig: Setting CVar [[r.SSS.HalfRes:1]]
[2021.12.18-16.13.04:022][  0]LogConfig: Setting CVar [[r.SSGI.Quality:3]]
[2021.12.18-16.13.04:022][  0]LogConfig: Setting CVar [[r.EmitterSpawnRateScale:1.0]]
[2021.12.18-16.13.04:022][  0]LogConfig: Setting CVar [[r.ParticleLightQuality:2]]
[2021.12.18-16.13.04:022][  0]LogConfig: Setting CVar [[r.SkyAtmosphere.AerialPerspectiveLUT.FastApplyOnOpaque:1 ; Always have FastSkyLUT 1 in this case to avoid wrong sky]]
[2021.12.18-16.13.04:022][  0]LogConfig: Setting CVar [[r.SkyAtmosphere.AerialPerspectiveLUT.SampleCountPerSlice:1]]
[2021.12.18-16.13.04:022][  0]LogConfig: Setting CVar [[r.SkyAtmosphere.AerialPerspectiveLUT.DepthResolution:16.0]]
[2021.12.18-16.13.04:022][  0]LogConfig: Setting CVar [[r.SkyAtmosphere.FastSkyLUT:1]]
[2021.12.18-16.13.04:022][  0]LogConfig: Setting CVar [[r.SkyAtmosphere.FastSkyLUT.SampleCountMin:4.0]]
[2021.12.18-16.13.04:022][  0]LogConfig: Setting CVar [[r.SkyAtmosphere.FastSkyLUT.SampleCountMax:32.0]]
[2021.12.18-16.13.04:022][  0]LogConfig: Setting CVar [[r.SkyAtmosphere.SampleCountMin:4.0]]
[2021.12.18-16.13.04:022][  0]LogConfig: Setting CVar [[r.SkyAtmosphere.SampleCountMax:32.0]]
[2021.12.18-16.13.04:022][  0]LogConfig: Setting CVar [[r.SkyAtmosphere.TransmittanceLUT.UseSmallFormat:0]]
[2021.12.18-16.13.04:022][  0]LogConfig: Setting CVar [[r.SkyAtmosphere.TransmittanceLUT.SampleCount:10.0]]
[2021.12.18-16.13.04:023][  0]LogConfig: Setting CVar [[r.SkyAtmosphere.MultiScatteringLUT.SampleCount:15.0]]
[2021.12.18-16.13.04:023][  0]LogConfig: Applying CVar settings from Section [FoliageQuality@3] File [D:/Programiranje/Faks/Asistivna/asistivna/asistivna/Saved/Config/Windows/Scalability.ini]
[2021.12.18-16.13.04:023][  0]LogConfig: Setting CVar [[foliage.DensityScale:1.0]]
[2021.12.18-16.13.04:023][  0]LogConfig: Setting CVar [[grass.DensityScale:1.0]]
[2021.12.18-16.13.04:023][  0]LogConfig: Applying CVar settings from Section [ShadingQuality@3] File [D:/Programiranje/Faks/Asistivna/asistivna/asistivna/Saved/Config/Windows/Scalability.ini]
[2021.12.18-16.13.04:023][  0]LogConfig: Setting CVar [[r.HairStrands.SkyLighting.SampleCount:16]]
[2021.12.18-16.13.04:023][  0]LogConfig: Setting CVar [[r.HairStrands.SkyLighting.JitterIntegration:0]]
[2021.12.18-16.13.04:023][  0]LogConfig: Setting CVar [[r.HairStrands.SkyAO.SampleCount:16]]
[2021.12.18-16.13.04:218][  0]LogInit: Selected Device Profile: [Windows]
[2021.12.18-16.13.04:218][  0]LogInit: Applying CVar settings loaded from the selected device profile: [Windows]
[2021.12.18-16.13.04:429][  0]LogHAL: Display: Platform has ~ 16 GB [17073315840 / 17179869184 / 16], which maps to Larger [LargestMinGB=32, LargerMinGB=12, DefaultMinGB=8, SmallerMinGB=6, SmallestMinGB=0)
[2021.12.18-16.13.04:429][  0]LogInit: Going up to parent DeviceProfile []
[2021.12.18-16.13.04:429][  0]LogConfig: Applying CVar settings from Section [ViewDistanceQuality@3] File [D:/Programiranje/Faks/Asistivna/asistivna/asistivna/Saved/Config/Windows/Scalability.ini]
[2021.12.18-16.13.04:429][  0]LogConfig: Setting CVar [[r.SkeletalMeshLODBias:0]]
[2021.12.18-16.13.04:429][  0]LogConfig: Setting CVar [[r.ViewDistanceScale:1.0]]
[2021.12.18-16.13.04:429][  0]LogConfig: Applying CVar settings from Section [AntiAliasingQuality@3] File [D:/Programiranje/Faks/Asistivna/asistivna/asistivna/Saved/Config/Windows/Scalability.ini]
[2021.12.18-16.13.04:429][  0]LogConfig: Setting CVar [[r.PostProcessAAQuality:4]]
[2021.12.18-16.13.04:430][  0]LogConfig: Applying CVar settings from Section [ShadowQuality@3] File [D:/Programiranje/Faks/Asistivna/asistivna/asistivna/Saved/Config/Windows/Scalability.ini]
[2021.12.18-16.13.04:430][  0]LogConfig: Setting CVar [[r.LightFunctionQuality:1]]
[2021.12.18-16.13.04:430][  0]LogConfig: Setting CVar [[r.ShadowQuality:5]]
[2021.12.18-16.13.04:430][  0]LogConfig: Setting CVar [[r.Shadow.CSM.MaxCascades:10]]
[2021.12.18-16.13.04:430][  0]LogConfig: Setting CVar [[r.Shadow.MaxResolution:2048]]
[2021.12.18-16.13.04:430][  0]LogConfig: Setting CVar [[r.Shadow.MaxCSMResolution:2048]]
[2021.12.18-16.13.04:430][  0]LogConfig: Setting CVar [[r.Shadow.RadiusThreshold:0.01]]
[2021.12.18-16.13.04:430][  0]LogConfig: Setting CVar [[r.Shadow.DistanceScale:1.0]]
[2021.12.18-16.13.04:430][  0]LogConfig: Setting CVar [[r.Shadow.CSM.TransitionScale:1.0]]
[2021.12.18-16.13.04:430][  0]LogConfig: Setting CVar [[r.Shadow.PreShadowResolutionFactor:1.0]]
[2021.12.18-16.13.04:430][  0]LogConfig: Setting CVar [[r.DistanceFieldShadowing:1]]
[2021.12.18-16.13.04:430][  0]LogConfig: Setting CVar [[r.DistanceFieldAO:1]]
[2021.12.18-16.13.04:430][  0]LogConfig: Setting CVar [[r.AOQuality:2]]
[2021.12.18-16.13.04:430][  0]LogConfig: Setting CVar [[r.VolumetricFog:1]]
[2021.12.18-16.13.04:430][  0]LogConfig: Setting CVar [[r.VolumetricFog.GridPixelSize:8]]
[2021.12.18-16.13.04:430][  0]LogConfig: Setting CVar [[r.VolumetricFog.GridSizeZ:128]]
[2021.12.18-16.13.04:430][  0]LogConfig: Setting CVar [[r.VolumetricFog.HistoryMissSupersampleCount:4]]
[2021.12.18-16.13.04:430][  0]LogConfig: Setting CVar [[r.LightMaxDrawDistanceScale:1]]
[2021.12.18-16.13.04:430][  0]LogConfig: Setting CVar [[r.CapsuleShadows:1]]
[2021.12.18-16.13.04:430][  0]LogConfig: Applying CVar settings from Section [PostProcessQuality@3] File [D:/Programiranje/Faks/Asistivna/asistivna/asistivna/Saved/Config/Windows/Scalability.ini]
[2021.12.18-16.13.04:430][  0]LogConfig: Setting CVar [[r.MotionBlurQuality:4]]
[2021.12.18-16.13.04:430][  0]LogConfig: Setting CVar [[r.AmbientOcclusionMipLevelFactor:0.4]]
[2021.12.18-16.13.04:430][  0]LogConfig: Setting CVar [[r.AmbientOcclusionMaxQuality:100]]
[2021.12.18-16.13.04:430][  0]LogConfig: Setting CVar [[r.AmbientOcclusionLevels:-1]]
[2021.12.18-16.13.04:430][  0]LogConfig: Setting CVar [[r.AmbientOcclusionRadiusScale:1.0]]
[2021.12.18-16.13.04:431][  0]LogConfig: Setting CVar [[r.DepthOfFieldQuality:2]]
[2021.12.18-16.13.04:431][  0]LogConfig: Setting CVar [[r.RenderTargetPoolMin:400]]
[2021.12.18-16.13.04:431][  0]LogConfig: Setting CVar [[r.LensFlareQuality:2]]
[2021.12.18-16.13.04:431][  0]LogConfig: Setting CVar [[r.SceneColorFringeQuality:1]]
[2021.12.18-16.13.04:431][  0]LogConfig: Setting CVar [[r.EyeAdaptationQuality:2]]
[2021.12.18-16.13.04:431][  0]LogConfig: Setting CVar [[r.BloomQuality:5]]
[2021.12.18-16.13.04:431][  0]LogConfig: Setting CVar [[r.FastBlurThreshold:100]]
[2021.12.18-16.13.04:431][  0]LogConfig: Setting CVar [[r.Upscale.Quality:3]]
[2021.12.18-16.13.04:431][  0]LogConfig: Setting CVar [[r.Tonemapper.GrainQuantization:1]]
[2021.12.18-16.13.04:431][  0]LogConfig: Setting CVar [[r.LightShaftQuality:1]]
[2021.12.18-16.13.04:431][  0]LogConfig: Setting CVar [[r.Filter.SizeScale:1]]
[2021.12.18-16.13.04:431][  0]LogConfig: Setting CVar [[r.Tonemapper.Quality:5]]
[2021.12.18-16.13.04:431][  0]LogConfig: Setting CVar [[r.DOF.Gather.AccumulatorQuality:1        ; higher gathering accumulator quality]]
[2021.12.18-16.13.04:431][  0]LogConfig: Setting CVar [[r.DOF.Gather.PostfilterMethod:1          ; Median3x3 postfilering method]]
[2021.12.18-16.13.04:431][  0]LogConfig: Setting CVar [[r.DOF.Gather.EnableBokehSettings:0       ; no bokeh simulation when gathering]]
[2021.12.18-16.13.04:431][  0]LogConfig: Setting CVar [[r.DOF.Gather.RingCount:4                 ; medium number of samples when gathering]]
[2021.12.18-16.13.04:431][  0]LogConfig: Setting CVar [[r.DOF.Scatter.ForegroundCompositing:1    ; additive foreground scattering]]
[2021.12.18-16.13.04:431][  0]LogConfig: Setting CVar [[r.DOF.Scatter.BackgroundCompositing:2    ; additive background scattering]]
[2021.12.18-16.13.04:431][  0]LogConfig: Setting CVar [[r.DOF.Scatter.EnableBokehSettings:1      ; bokeh simulation when scattering]]
[2021.12.18-16.13.04:431][  0]LogConfig: Setting CVar [[r.DOF.Scatter.MaxSpriteRatio:0.1         ; only a maximum of 10% of scattered bokeh]]
[2021.12.18-16.13.04:431][  0]LogConfig: Setting CVar [[r.DOF.Recombine.Quality:1                ; cheap slight out of focus]]
[2021.12.18-16.13.04:431][  0]LogConfig: Setting CVar [[r.DOF.Recombine.EnableBokehSettings:0    ; no bokeh simulation on slight out of focus]]
[2021.12.18-16.13.04:431][  0]LogConfig: Setting CVar [[r.DOF.TemporalAAQuality:1                ; more stable temporal accumulation]]
[2021.12.18-16.13.04:431][  0]LogConfig: Setting CVar [[r.DOF.Kernel.MaxForegroundRadius:0.025]]
[2021.12.18-16.13.04:431][  0]LogConfig: Setting CVar [[r.DOF.Kernel.MaxBackgroundRadius:0.025]]
[2021.12.18-16.13.04:431][  0]LogConfig: Applying CVar settings from Section [TextureQuality@3] File [D:/Programiranje/Faks/Asistivna/asistivna/asistivna/Saved/Config/Windows/Scalability.ini]
[2021.12.18-16.13.04:431][  0]LogConfig: Setting CVar [[r.Streaming.MipBias:0]]
[2021.12.18-16.13.04:431][  0]LogConfig: Setting CVar [[r.Streaming.AmortizeCPUToGPUCopy:0]]
[2021.12.18-16.13.04:431][  0]LogConfig: Setting CVar [[r.Streaming.MaxNumTexturesToStreamPerFrame:0]]
[2021.12.18-16.13.04:431][  0]LogConfig: Setting CVar [[r.Streaming.Boost:1]]
[2021.12.18-16.13.04:431][  0]LogConfig: Setting CVar [[r.MaxAnisotropy:8]]
[2021.12.18-16.13.04:431][  0]LogConfig: Setting CVar [[r.VT.MaxAnisotropy:8]]
[2021.12.18-16.13.04:431][  0]LogConfig: Setting CVar [[r.Streaming.LimitPoolSizeToVRAM:0]]
[2021.12.18-16.13.04:431][  0]LogConfig: Setting CVar [[r.Streaming.PoolSize:1000]]
[2021.12.18-16.13.04:431][  0]LogConfig: Setting CVar [[r.Streaming.MaxEffectiveScreenSize:0]]
[2021.12.18-16.13.04:431][  0]LogConfig: Applying CVar settings from Section [EffectsQuality@3] File [D:/Programiranje/Faks/Asistivna/asistivna/asistivna/Saved/Config/Windows/Scalability.ini]
[2021.12.18-16.13.04:431][  0]LogConfig: Setting CVar [[r.TranslucencyLightingVolumeDim:64]]
[2021.12.18-16.13.04:431][  0]LogConfig: Setting CVar [[r.RefractionQuality:2]]
[2021.12.18-16.13.04:431][  0]LogConfig: Setting CVar [[r.SSR.Quality:3]]
[2021.12.18-16.13.04:431][  0]LogConfig: Setting CVar [[r.SSR.HalfResSceneColor:0]]
[2021.12.18-16.13.04:432][  0]LogConfig: Setting CVar [[r.SceneColorFormat:4]]
[2021.12.18-16.13.04:432][  0]LogConfig: Setting CVar [[r.DetailMode:2]]
[2021.12.18-16.13.04:432][  0]LogConfig: Setting CVar [[r.TranslucencyVolumeBlur:1]]
[2021.12.18-16.13.04:432][  0]LogConfig: Setting CVar [[r.MaterialQualityLevel:1 ; High quality]]
[2021.12.18-16.13.04:432][  0]LogConfig: Setting CVar [[r.SSS.Scale:1]]
[2021.12.18-16.13.04:432][  0]LogConfig: Setting CVar [[r.SSS.SampleSet:2]]
[2021.12.18-16.13.04:432][  0]LogConfig: Setting CVar [[r.SSS.Quality:1]]
[2021.12.18-16.13.04:432][  0]LogConfig: Setting CVar [[r.SSS.HalfRes:1]]
[2021.12.18-16.13.04:432][  0]LogConfig: Setting CVar [[r.SSGI.Quality:3]]
[2021.12.18-16.13.04:432][  0]LogConfig: Setting CVar [[r.EmitterSpawnRateScale:1.0]]
[2021.12.18-16.13.04:432][  0]LogConfig: Setting CVar [[r.ParticleLightQuality:2]]
[2021.12.18-16.13.04:432][  0]LogConfig: Setting CVar [[r.SkyAtmosphere.AerialPerspectiveLUT.FastApplyOnOpaque:1 ; Always have FastSkyLUT 1 in this case to avoid wrong sky]]
[2021.12.18-16.13.04:432][  0]LogConfig: Setting CVar [[r.SkyAtmosphere.AerialPerspectiveLUT.SampleCountPerSlice:1]]
[2021.12.18-16.13.04:432][  0]LogConfig: Setting CVar [[r.SkyAtmosphere.AerialPerspectiveLUT.DepthResolution:16.0]]
[2021.12.18-16.13.04:432][  0]LogConfig: Setting CVar [[r.SkyAtmosphere.FastSkyLUT:1]]
[2021.12.18-16.13.04:432][  0]LogConfig: Setting CVar [[r.SkyAtmosphere.FastSkyLUT.SampleCountMin:4.0]]
[2021.12.18-16.13.04:432][  0]LogConfig: Setting CVar [[r.SkyAtmosphere.FastSkyLUT.SampleCountMax:32.0]]
[2021.12.18-16.13.04:432][  0]LogConfig: Setting CVar [[r.SkyAtmosphere.SampleCountMin:4.0]]
[2021.12.18-16.13.04:432][  0]LogConfig: Setting CVar [[r.SkyAtmosphere.SampleCountMax:32.0]]
[2021.12.18-16.13.04:432][  0]LogConfig: Setting CVar [[r.SkyAtmosphere.TransmittanceLUT.UseSmallFormat:0]]
[2021.12.18-16.13.04:432][  0]LogConfig: Setting CVar [[r.SkyAtmosphere.TransmittanceLUT.SampleCount:10.0]]
[2021.12.18-16.13.04:432][  0]LogConfig: Setting CVar [[r.SkyAtmosphere.MultiScatteringLUT.SampleCount:15.0]]
[2021.12.18-16.13.04:432][  0]LogConfig: Applying CVar settings from Section [FoliageQuality@3] File [D:/Programiranje/Faks/Asistivna/asistivna/asistivna/Saved/Config/Windows/Scalability.ini]
[2021.12.18-16.13.04:432][  0]LogConfig: Setting CVar [[foliage.DensityScale:1.0]]
[2021.12.18-16.13.04:432][  0]LogConfig: Setting CVar [[grass.DensityScale:1.0]]
[2021.12.18-16.13.04:432][  0]LogConfig: Applying CVar settings from Section [ShadingQuality@3] File [D:/Programiranje/Faks/Asistivna/asistivna/asistivna/Saved/Config/Windows/Scalability.ini]
[2021.12.18-16.13.04:432][  0]LogConfig: Setting CVar [[r.HairStrands.SkyLighting.SampleCount:16]]
[2021.12.18-16.13.04:432][  0]LogConfig: Setting CVar [[r.HairStrands.SkyLighting.JitterIntegration:0]]
[2021.12.18-16.13.04:432][  0]LogConfig: Setting CVar [[r.HairStrands.SkyAO.SampleCount:16]]
[2021.12.18-16.13.04:432][  0]LogConfig: Applying CVar settings from Section [Startup] File [../../../Engine/Config/ConsoleVariables.ini]
[2021.12.18-16.13.04:632][  0]LogConfig: Setting CVar [[net.UseAdaptiveNetUpdateFrequency:0]]
[2021.12.18-16.13.04:632][  0]LogConfig: Setting CVar [[p.chaos.AllowCreatePhysxBodies:1]]
[2021.12.18-16.13.04:632][  0]LogConfig: Applying CVar settings from Section [ConsoleVariables] File [D:/Programiranje/Faks/Asistivna/asistivna/asistivna/Saved/Config/Windows/Engine.ini]
[2021.12.18-16.13.04:790][  0]LogInit: Computer: DESKTOP-E12DJCI
[2021.12.18-16.13.04:790][  0]LogInit: User: Anton
[2021.12.18-16.13.04:790][  0]LogInit: CPU Page size=4096, Cores=4
[2021.12.18-16.13.04:790][  0]LogInit: High frequency timer resolution =10.000000 MHz
[2021.12.18-16.13.04:791][  0]LogMemory: Memory total: Physical=15.9GB (16GB approx)
[2021.12.18-16.13.04:791][  0]LogMemory: Platform Memory Stats for Windows
[2021.12.18-16.13.04:791][  0]LogMemory: Process Physical Memory: 105.80 MB used, 105.80 MB peak
[2021.12.18-16.13.04:791][  0]LogMemory: Process Virtual Memory: 100.53 MB used, 100.53 MB peak
[2021.12.18-16.13.04:791][  0]LogMemory: Physical Memory: 6818.38 MB used,  9464.00 MB free, 16282.38 MB total
[2021.12.18-16.13.04:791][  0]LogMemory: Virtual Memory: 5151.13 MB used,  134212576.00 MB free, 134217728.00 MB total
[2021.12.18-16.13.04:819][  0]LogWindows: WindowsPlatformFeatures enabled
[2021.12.18-16.13.14:470][  0]LogInit: Using OS detected language (en-US).
[2021.12.18-16.13.14:471][  0]LogInit: Using OS detected locale (hr-HR).
[2021.12.18-16.13.15:051][  0]LogTextLocalizationManager: No specific localization for 'en-US' exists, so the 'en' localization will be used.
[2021.12.18-16.13.21:011][  0]LogInit: Setting process to per monitor DPI aware
[2021.12.18-16.13.23:636][  0]LogSlate: New Slate User Created.  User Index 0, Is Virtual User: 0
[2021.12.18-16.13.23:636][  0]LogSlate: Slate User Registered.  User Index 0, Is Virtual User: 0
[2021.12.18-16.13.34:116][  0]LogHMD: Failed to initialize OpenVR with code 110
[2021.12.18-16.13.34:116][  0]LogD3D11RHI: D3D11 min allowed feature level: 11_0
[2021.12.18-16.13.34:116][  0]LogD3D11RHI: D3D11 max allowed feature level: 11_0
[2021.12.18-16.13.34:116][  0]LogD3D11RHI: D3D11 adapters:
[2021.12.18-16.13.35:603][  0]LogD3D11RHI:    0. 'NVIDIA GeForce GTX 960M' (Feature Level 11_0)
[2021.12.18-16.13.35:603][  0]LogD3D11RHI:       4055/0/8141 MB DedicatedVideo/DedicatedSystem/SharedSystem, Outputs:1, VendorId:0x10de
[2021.12.18-16.13.35:685][  0]LogD3D11RHI:    1. 'Intel(R) HD Graphics 530' (Feature Level 11_0)
[2021.12.18-16.13.35:685][  0]LogD3D11RHI:       128/0/8141 MB DedicatedVideo/DedicatedSystem/SharedSystem, Outputs:0, VendorId:0x8086
[2021.12.18-16.13.35:710][  0]LogD3D11RHI:    2. 'Microsoft Basic Render Driver' (Feature Level 11_0)
[2021.12.18-16.13.35:710][  0]LogD3D11RHI:       0/0/8141 MB DedicatedVideo/DedicatedSystem/SharedSystem, Outputs:0, VendorId:0x1414
[2021.12.18-16.13.35:710][  0]LogD3D11RHI: Chosen D3D11 Adapter: 0
[2021.12.18-16.13.35:805][  0]LogD3D11RHI: Creating new Direct3DDevice
[2021.12.18-16.13.35:805][  0]LogD3D11RHI:     GPU DeviceId: 0x139b (for the marketing name, search the web for "GPU Device Id")
[2021.12.18-16.13.35:805][  0]LogWindows: EnumDisplayDevices:
[2021.12.18-16.13.35:805][  0]LogWindows:    0. 'Intel(R) HD Graphics 530' (P:1 D:1)
[2021.12.18-16.13.35:805][  0]LogWindows:    1. 'Intel(R) HD Graphics 530' (P:0 D:0)
[2021.12.18-16.13.35:806][  0]LogWindows:    2. 'Intel(R) HD Graphics 530' (P:0 D:0)
[2021.12.18-16.13.35:806][  0]LogWindows: DebugString: PrimaryIsNotTheChoosenAdapter PrimaryIsNotTheChoosenAdapter PrimaryIsNotTheChoosenAdapter FoundDriverCount:0 
[2021.12.18-16.13.35:806][  0]LogD3D11RHI:     Adapter Name: NVIDIA GeForce GTX 960M
[2021.12.18-16.13.35:806][  0]LogD3D11RHI:   Driver Version: Unknown (internal:Unknown, unified:Unknown)
[2021.12.18-16.13.35:806][  0]LogD3D11RHI:      Driver Date: Unknown
[2021.12.18-16.13.35:806][  0]LogRHI: Texture pool is 2839 MB (70% of 4055 MB)
[2021.12.18-16.13.36:224][  0]LogD3D11RHI: RHI has support for 64 bit atomics
[2021.12.18-16.13.36:376][  0]LogD3D11RHI: Async texture creation enabled
[2021.12.18-16.13.37:709][  0]LogD3D11RHI: GPU Timing Frequency: 1000.000000 (Debug: 2 1)
[2021.12.18-16.13.41:054][  0]LogTargetPlatformManager: Display: Loaded TargetPlatform 'AllDesktop'
[2021.12.18-16.13.41:535][  0]LogTargetPlatformManager: Display: Loaded TargetPlatform 'Android'
[2021.12.18-16.13.41:535][  0]LogTargetPlatformManager: Display: Loaded TargetPlatform 'Android_ASTC'
[2021.12.18-16.13.41:535][  0]LogTargetPlatformManager: Display: Loaded TargetPlatform 'Android_ATC'
[2021.12.18-16.13.41:535][  0]LogTargetPlatformManager: Display: Loaded TargetPlatform 'Android_DXT'
[2021.12.18-16.13.41:536][  0]LogTargetPlatformManager: Display: Loaded TargetPlatform 'Android_ETC1'
[2021.12.18-16.13.41:536][  0]LogTargetPlatformManager: Display: Loaded TargetPlatform 'Android_ETC1a'
[2021.12.18-16.13.41:536][  0]LogTargetPlatformManager: Display: Loaded TargetPlatform 'Android_ETC2'
[2021.12.18-16.13.41:536][  0]LogTargetPlatformManager: Display: Loaded TargetPlatform 'Android_PVRTC'
[2021.12.18-16.13.41:536][  0]LogTargetPlatformManager: Display: Loaded TargetPlatform 'AndroidClient'
[2021.12.18-16.13.41:536][  0]LogTargetPlatformManager: Display: Loaded TargetPlatform 'Android_ASTCClient'
[2021.12.18-16.13.41:536][  0]LogTargetPlatformManager: Display: Loaded TargetPlatform 'Android_ATCClient'
[2021.12.18-16.13.41:536][  0]LogTargetPlatformManager: Display: Loaded TargetPlatform 'Android_DXTClient'
[2021.12.18-16.13.41:536][  0]LogTargetPlatformManager: Display: Loaded TargetPlatform 'Android_ETC1Client'
[2021.12.18-16.13.41:536][  0]LogTargetPlatformManager: Display: Loaded TargetPlatform 'Android_ETC1aClient'
[2021.12.18-16.13.41:536][  0]LogTargetPlatformManager: Display: Loaded TargetPlatform 'Android_ETC2Client'
[2021.12.18-16.13.41:536][  0]LogTargetPlatformManager: Display: Loaded TargetPlatform 'Android_PVRTCClient'
[2021.12.18-16.13.41:536][  0]LogTargetPlatformManager: Display: Loaded TargetPlatform 'Android_Multi'
[2021.12.18-16.13.41:536][  0]LogTargetPlatformManager: Display: Loaded TargetPlatform 'Android_MultiClient'
[2021.12.18-16.13.42:638][  0]LogTargetPlatformManager: Display: Loaded TargetPlatform 'IOSClient'
[2021.12.18-16.13.42:638][  0]LogTargetPlatformManager: Display: Loaded TargetPlatform 'IOS'
[2021.12.18-16.13.42:985][  0]LogTargetPlatformManager: Display: Loaded TargetPlatform 'LinuxNoEditor'
[2021.12.18-16.13.43:471][  0]LogTargetPlatformManager: Display: Loaded TargetPlatform 'LinuxClient'
[2021.12.18-16.13.43:978][  0]LogTargetPlatformManager: Display: Loaded TargetPlatform 'LinuxServer'
[2021.12.18-16.13.44:389][  0]LogTargetPlatformManager: Display: Loaded TargetPlatform 'LinuxAArch64NoEditor'
[2021.12.18-16.13.44:435][  0]LogTargetPlatformManager: Display: Loaded TargetPlatform 'LinuxAArch64Client'
[2021.12.18-16.13.44:799][  0]LogTargetPlatformManager: Display: Loaded TargetPlatform 'LinuxAArch64Server'
[2021.12.18-16.13.44:935][  0]LogTargetPlatformManager: Display: Loaded TargetPlatform 'Lumin'
[2021.12.18-16.13.44:935][  0]LogTargetPlatformManager: Display: Loaded TargetPlatform 'LuminClient'
[2021.12.18-16.13.45:662][  0]LogTargetPlatformManager: Display: Loaded TargetPlatform 'TVOSClient'
[2021.12.18-16.13.45:662][  0]LogTargetPlatformManager: Display: Loaded TargetPlatform 'TVOS'
[2021.12.18-16.13.46:260][  0]LogTargetPlatformManager: Display: Loaded TargetPlatform 'WindowsNoEditor'
[2021.12.18-16.13.46:633][  0]LogTargetPlatformManager: Display: Loaded TargetPlatform 'Windows'
[2021.12.18-16.13.47:044][  0]LogTargetPlatformManager: Display: Loaded TargetPlatform 'WindowsClient'
[2021.12.18-16.13.47:222][  0]LogTargetPlatformManager: Display: Loaded TargetPlatform 'WindowsServer'
[2021.12.18-16.13.47:222][  0]LogTargetPlatformManager: Display: Building Assets For Windows
[2021.12.18-16.13.49:009][  0]LogAudioDebug: Display: Lib vorbis DLL was dynamically loaded.
[2021.12.18-16.13.56:177][  0]LogShaderCompilers: Guid format shader working directory is -26 characters bigger than the processId version (../../../../../../../../Programiranje/Faks/Asistivna/asistivna/asistivna/Intermediate/Shaders/WorkingDirectory/5988/).
[2021.12.18-16.13.56:177][  0]LogShaderCompilers: Cleaned the shader compiler working directory 'C:/Users/Anton/AppData/Local/Temp/UnrealShaderWorkingDir/ED18BF274867288AEF47F9BC06C13F50/'.
[2021.12.18-16.13.56:525][  0]LogXGEController: Cleaning working directory: C:/Users/Anton/AppData/Local/Temp/UnrealXGEWorkingDir/
[2021.12.18-16.13.56:526][  0]LogXGEController: Cannot use XGE Controller as Incredibuild is not installed on this machine.
[2021.12.18-16.13.56:728][  0]LogShaderCompilers: Cannot use XGE Shader Compiler as Incredibuild is not installed on this machine.
[2021.12.18-16.13.56:728][  0]LogShaderCompilers: Display: Using Local Shader Compiler.
[2021.12.18-16.14.13:578][  0]LogDerivedDataCache: Display: Max Cache Size: 512 MB
[2021.12.18-16.14.13:717][  0]LogDerivedDataCache: Loaded boot cache 0.14s 78MB C:/Users/Anton/AppData/Local/UnrealEngine/4.24/DerivedDataCache/Boot.ddc.
[2021.12.18-16.14.13:718][  0]LogDerivedDataCache: Display: Loaded Boot cache: C:/Users/Anton/AppData/Local/UnrealEngine/4.24/DerivedDataCache/Boot.ddc
[2021.12.18-16.14.13:718][  0]LogDerivedDataCache: FDerivedDataBackendGraph:  Pak pak cache file ../../../../../../../../Programiranje/Faks/Asistivna/asistivna/asistivna/DerivedDataCache/DDC.ddp not found, will not use a pak cache.
[2021.12.18-16.14.13:718][  0]LogDerivedDataCache: Unable to find inner node Pak for hierarchical cache Hierarchy.
[2021.12.18-16.14.13:718][  0]LogDerivedDataCache: FDerivedDataBackendGraph:  CompressedPak pak cache file ../../../../../../../../Programiranje/Faks/Asistivna/asistivna/asistivna/DerivedDataCache/Compressed.ddp not found, will not use a pak cache.
[2021.12.18-16.14.13:718][  0]LogDerivedDataCache: Unable to find inner node CompressedPak for hierarchical cache Hierarchy.
[2021.12.18-16.14.14:029][  0]LogDerivedDataCache: Display: Pak cache opened for reading ../../../Engine/DerivedDataCache/Compressed.ddp.
[2021.12.18-16.14.14:030][  0]LogDerivedDataCache: FDerivedDataBackendGraph:  EnterprisePak pak cache file ../../../Enterprise/DerivedDataCache/Compressed.ddp not found, will not use a pak cache.
[2021.12.18-16.14.14:030][  0]LogDerivedDataCache: Unable to find inner node EnterprisePak for hierarchical cache Hierarchy.
[2021.12.18-16.14.14:032][  0]LogDerivedDataCache: Using Local data cache path C:/Users/Anton/AppData/Local/UnrealEngine/Common/DerivedDataCache: Writable
[2021.12.18-16.14.14:032][  0]LogDerivedDataCache: Shared data cache path not found in *engine.ini, will not use an Shared cache.
[2021.12.18-16.14.14:033][  0]LogDerivedDataCache: Unable to find inner node Shared for hierarchical cache Hierarchy.
[2021.12.18-16.14.14:508][  0]LogMaterial: Verifying Global Shaders for PCD3D_SM5
[2021.12.18-16.14.15:360][  0]LogSlate: Using FreeType 2.10.0
[2021.12.18-16.14.16:192][  0]LogSlate: SlateFontServices - WITH_FREETYPE: 1, WITH_HARFBUZZ: 1
[2021.12.18-16.14.21:314][  0]LogAssetRegistry: FAssetRegistry took 0.2227 seconds to start up
[2021.12.18-16.14.39:495][  0]LogInit: Selected Device Profile: [Windows]
[2021.12.18-16.14.50:951][  0]LogMeshReduction: Using QuadricMeshReduction for automatic static mesh reduction
[2021.12.18-16.14.50:951][  0]LogMeshReduction: Using SimplygonMeshReduction for automatic skeletal mesh reduction
[2021.12.18-16.14.50:951][  0]LogMeshReduction: Using ProxyLODMeshReduction for automatic mesh merging
[2021.12.18-16.14.50:951][  0]LogMeshReduction: No distributed automatic mesh merging module available
[2021.12.18-16.14.50:952][  0]LogMeshMerging: No distributed automatic mesh merging module available
[2021.12.18-16.14.53:355][  0]LogNetVersion: Asistivna 1.0.0, NetCL: 10570792, EngineNetVer: 13, GameNetVer: 0 (Checksum: 2527849711)
[2021.12.18-16.16.03:454][  0]LogPackageLocalizationCache: Processed 10 localized package path(s) for 1 prioritized culture(s) in 0.129750 seconds
[2021.12.18-16.16.03:481][  0]LogUObjectArray: 46750 objects as part of root set at end of initial load.
[2021.12.18-16.16.03:481][  0]LogUObjectAllocator: 8137160 out of 0 bytes used by permanent object pool.
[2021.12.18-16.16.03:481][  0]LogUObjectArray: CloseDisregardForGC: 0/0 objects in disregard for GC pool
[2021.12.18-16.16.28:160][  0]LogTcpMessaging: Initializing TcpMessaging bridge
[2021.12.18-16.16.28:528][  0]LogUdpMessaging: Initializing bridge on interface 0.0.0.0:0 to multicast group 230.0.0.1:6666.
[2021.12.18-16.16.35:267][  0]SourceControl: Source control is disabled
[2021.12.18-16.16.35:267][  0]SourceControl: Source control is disabled
[2021.12.18-16.16.35:742][  0]SourceControl: Source control is disabled
[2021.12.18-16.16.35:904][  0]SourceControl: Source control is disabled
[2021.12.18-16.16.36:240][  0]SourceControl: Source control is disabled
[2021.12.18-16.16.40:866][  0]LogAndroidPermission: UAndroidPermissionCallbackProxy::GetInstance
[2021.12.18-16.16.41:429][  0]LogAudioCaptureCore: Display: No Audio Capture implementations found. Audio input will be silent.
[2021.12.18-16.16.41:429][  0]LogAudioCaptureCore: Display: No Audio Capture implementations found. Audio input will be silent.
[2021.12.18-16.16.42:954][  0]LogOcInput: OculusInput pre-init called
[2021.12.18-16.16.43:447][  0]LogWindows: Failed to load 'OVRPlugin.dll' (GetLastError=126)
[2021.12.18-16.16.43:447][  0]LogWindows: File 'OVRPlugin.dll' does not exist
[2021.12.18-16.16.47:786][  0]LogEngine: Initializing Engine...
[2021.12.18-16.16.48:031][  0]LogHMD: Failed to initialize OpenVR with code 110
[2021.12.18-16.16.48:218][  0]LogStats: UGameplayTagsManager::InitializeManager -  0.113 s
[2021.12.18-16.16.51:158][  0]LogInit: Initializing FReadOnlyCVARCache
[2021.12.18-16.16.52:965][  0]LogAIModule: Creating AISystem for world Untitled
[2021.12.18-16.16.53:925][  0]LogAudioMixer: Display: Audio Mixer Platform Settings:
[2021.12.18-16.16.53:925][  0]LogAudioMixer: Display: 	Sample Rate:						  48000
[2021.12.18-16.16.53:925][  0]LogAudioMixer: Display: 	Callback Buffer Frame Size Requested: 1024
[2021.12.18-16.16.53:925][  0]LogAudioMixer: Display: 	Callback Buffer Frame Size To Use:	  1024
[2021.12.18-16.16.53:925][  0]LogAudioMixer: Display: 	Number of buffers to queue:			  2
[2021.12.18-16.16.53:925][  0]LogAudioMixer: Display: 	Max Channels (voices):				  32
[2021.12.18-16.16.53:925][  0]LogAudioMixer: Display: 	Number of Async Source Workers:		  0
[2021.12.18-16.16.53:925][  0]LogAudio: Display: AudioDevice MaxSources: 32
[2021.12.18-16.16.54:002][  0]LogAudio: Display: Using built-in audio occlusion.
[2021.12.18-16.16.54:002][  0]LogAudioMixer: Display: Initializing audio mixer.
[2021.12.18-16.16.54:463][  0]LogAudioMixer: Display: Audio Device Output Speaker Info:
[2021.12.18-16.16.54:463][  0]LogAudioMixer: Display: Name: Speakers (Conexant SmartAudio HD)
[2021.12.18-16.16.54:463][  0]LogAudioMixer: Display: Is Default: Yes
[2021.12.18-16.16.54:463][  0]LogAudioMixer: Display: Sample Rate: 48000
[2021.12.18-16.16.54:463][  0]LogAudioMixer: Display: Channel Count Used: 2
[2021.12.18-16.16.54:463][  0]LogAudioMixer: Display: Device Channel Count: 2
[2021.12.18-16.16.54:463][  0]LogAudioMixer: Display: Channel Order:
[2021.12.18-16.16.54:463][  0]LogAudioMixer: Display: 0: FrontLeft
[2021.12.18-16.16.54:463][  0]LogAudioMixer: Display: 1: FrontRight
[2021.12.18-16.16.54:908][  0]LogAudioMixer: Display: Using Audio Device Speakers (Conexant SmartAudio HD)
[2021.12.18-16.16.54:933][  0]LogInit: FAudioDevice initialized.
[2021.12.18-16.16.54:933][  0]LogNetVersion: Set ProjectVersion to 1.0.0.0. Version Checksum will be recalculated on next use.
[2021.12.18-16.16.55:063][  0]LogDerivedDataCache: Saved boot cache 0.13s 78MB C:/Users/Anton/AppData/Local/UnrealEngine/4.24/DerivedDataCache/Boot.ddc.
[2021.12.18-16.16.55:064][  0]LogInit: Texture streaming: Enabled
[2021.12.18-16.16.56:100][  0]LogEngineSessionManager: EngineSessionManager initialized
[2021.12.18-16.16.56:101][  0]LogEditorSessionSummary: Verbose: Initializing EditorSessionSummaryWriter for editor session tracking
[2021.12.18-16.16.56:115][  0]LogEditorSessionSummary: EditorSessionSummaryWriter initialized
[2021.12.18-16.16.59:633][  0]LogInit: Transaction tracking system initialized
[2021.12.18-16.17.02:590][  0]BlueprintLog: New page: Editor Load
[2021.12.18-16.17.11:418][  0]LocalizationService: Localization service is disabled
[2021.12.18-16.17.23:940][  0]LogFileCache: Scanning file cache for directory 'D:/Programiranje/Faks/Asistivna/asistivna/asistivna/Content/' took 0.00s
[2021.12.18-16.17.23:940][  0]LogCook: Display: Max memory allowance for cook 16384mb min free memory 0mb
[2021.12.18-16.17.23:941][  0]LogCook: Display: Mobile HDR setting 1
[2021.12.18-16.17.41:704][  0]SourceControl: Source control is disabled
[2021.12.18-16.17.41:859][  0]Cmd: MAP LOAD FILE="../../../../../../../../Programiranje/Faks/Asistivna/asistivna/asistivna/Content/RollingCPP/Maps/RollingExampleMap.umap" TEMPLATE=0 SHOWPROGRESS=1 FEATURELEVEL=3
[2021.12.18-16.17.42:061][  0]LightingResults: New page: Lighting Build
[2021.12.18-16.17.42:644][  0]LogWorld: UWorld::CleanupWorld for Untitled, bSessionEnded=true, bCleanupResources=true
[2021.12.18-16.17.42:688][  0]LogSlate: InvalidateAllWidgets triggered.  All widgets were invalidated
[2021.12.18-16.17.42:744][  0]MapCheck: New page: Map Check
[2021.12.18-16.17.42:744][  0]LightingResults: New page: Lighting Build
[2021.12.18-16.17.43:782][  0]LogUObjectHash: Compacting FUObjectHashTables data took   2.71ms
[2021.12.18-16.17.46:604][  0]LogLinker: Warning: While loading '../../../../../../../../Programiranje/Faks/Asistivna/asistivna/asistivna/Content/RollingCPP/Maps/RollingExampleMap.umap' failed to load '/Game/RollingCPP/Maps/RollingExampleMap_BuiltData': Can't find file.
[2021.12.18-16.17.46:604][  0]LogLinker: Warning: While loading '../../../../../../../../Programiranje/Faks/Asistivna/asistivna/asistivna/Content/RollingCPP/Maps/RollingExampleMap.umap' failed to load '/Game/RollingCPP/Maps/RollingExampleMap_BuiltData': Can't find file.
[2021.12.18-16.17.46:871][  0]LogLinker: Warning: While loading '../../../../../../../../Programiranje/Faks/Asistivna/asistivna/asistivna/Content/RollingCPP/Maps/RollingExampleMap.umap' failed to load '/Game/RollingCPP/Maps/RollingExampleMap_BuiltData': Can't find file.
[2021.12.18-16.17.46:872][  0]LogLinker: Warning: While loading '../../../../../../../../Programiranje/Faks/Asistivna/asistivna/asistivna/Content/RollingCPP/Maps/RollingExampleMap.umap' failed to load '/Game/RollingCPP/Maps/RollingExampleMap_BuiltData': Can't find file.
[2021.12.18-16.17.46:873][  0]LogLinker: Warning: Failed to load '/Game/RollingCPP/Maps/RollingExampleMap_BuiltData': Can't find file.
[2021.12.18-16.17.46:873][  0]LogLinker: Warning: Failed to load '/Game/RollingCPP/Maps/RollingExampleMap_BuiltData': Can't find file.
[2021.12.18-16.17.46:873][  0]LogLinker: Warning: Failed to load '/Game/RollingCPP/Maps/RollingExampleMap_BuiltData': Can't find file.
[2021.12.18-16.17.46:873][  0]LogLinker: Warning: Failed to load '/Game/RollingCPP/Maps/RollingExampleMap_BuiltData': Can't find file.
[2021.12.18-16.17.46:881][  0]LogLinker: Warning: While loading '../../../../../../../../Programiranje/Faks/Asistivna/asistivna/asistivna/Content/RollingCPP/Maps/RollingExampleMap.umap' failed to load '/Game/RollingCPP/Maps/RollingExampleMap_BuiltData': Can't find file.
[2021.12.18-16.17.46:881][  0]LoadErrors: Failed to load /Game/RollingCPP/Maps/RollingExampleMap_BuiltData.RollingExampleMap_BuiltData Referenced by PersistentLevel
[2021.12.18-16.17.46:881][  0]LogLinker: Warning: While loading '../../../../../../../../Programiranje/Faks/Asistivna/asistivna/asistivna/Content/RollingCPP/Maps/RollingExampleMap.umap' failed to load '/Game/RollingCPP/Maps/RollingExampleMap_BuiltData': Can't find file.
[2021.12.18-16.17.46:881][  0]LoadErrors: Failed to load /Game/RollingCPP/Maps/RollingExampleMap_BuiltData.RollingExampleMap_BuiltData Referenced by PersistentLevel
[2021.12.18-16.17.48:160][  0]LogAIModule: Creating AISystem for world RollingExampleMap
[2021.12.18-16.17.50:696][  0]LogEditorServer: Finished looking for orphan Actors (0.000 secs)
[2021.12.18-16.17.51:297][  0]LogUObjectHash: Compacting FUObjectHashTables data took   2.51ms
[2021.12.18-16.17.51:298][  0]Cmd: MAP CHECKDEP NOCLEARLOG
[2021.12.18-16.17.51:355][  0]MapCheck: Map check complete: 0 Error(s), 0 Warning(s), took 57,245ms to complete.
[2021.12.18-16.17.51:355][  0]LogFileHelpers: Loading map 'RollingExampleMap' took 9.573
[2021.12.18-16.17.56:831][  0]LogSlate: Updating window title bar state: overlay mode, drag disabled, window buttons hidden, title bar hidden
[2021.12.18-16.17.56:947][  0]LogSlate: Updating window title bar state: overlay mode, drag disabled, window buttons hidden, title bar hidden
[2021.12.18-16.17.56:956][  0]LogSlate: Updating window title bar state: overlay mode, drag disabled, window buttons hidden, title bar hidden
[2021.12.18-16.17.56:972][  0]LogSlate: Updating window title bar state: overlay mode, drag disabled, window buttons hidden, title bar hidden
[2021.12.18-16.17.57:753][  0]LogCollectionManager: Loaded 0 collections in 0.001030 seconds
[2021.12.18-16.17.58:993][  0]LogFileCache: Scanning file cache for directory 'D:/Programiranje/Faks/Asistivna/asistivna/asistivna/Saved/Collections/' took 0.00s
[2021.12.18-16.17.58:993][  0]LogFileCache: Scanning file cache for directory 'D:/Programiranje/Faks/Asistivna/asistivna/asistivna/Content/Developers/Anton/Collections/' took 0.00s
[2021.12.18-16.17.58:993][  0]LogFileCache: Scanning file cache for directory 'D:/Programiranje/Faks/Asistivna/asistivna/asistivna/Content/Collections/' took 0.00s
[2021.12.18-16.17.58:993][  0]LogContentBrowser: Native class hierarchy populated in 0.1726 seconds. Added 3018 classes and 719 folders.
[2021.12.18-16.17.59:468][  0]LogContentBrowser: Native class hierarchy updated for 'WidgetCarousel' in 0.0005 seconds. Added 0 classes and 0 folders.
[2021.12.18-16.18.03:994][  0]LogContentBrowser: Native class hierarchy updated for 'AddContentDialog' in 0.0005 seconds. Added 0 classes and 0 folders.
[2021.12.18-16.18.04:297][  0]LogContentBrowser: Native class hierarchy updated for 'SceneOutliner' in 0.0005 seconds. Added 2 classes and 3 folders.
[2021.12.18-16.18.06:582][  0]LogSlate: Took 0.023814 seconds to synchronously load lazily loaded font '../../../Engine/Content/Slate/Fonts/Roboto-Regular.ttf' (155K)
[2021.12.18-16.18.06:673][  0]LogSlate: Took 0.033132 seconds to synchronously load lazily loaded font '../../../Engine/Content/Slate/Fonts/Roboto-Bold.ttf' (160K)
[2021.12.18-16.18.06:912][  0]LogSlate: Took 0.034594 seconds to synchronously load lazily loaded font '../../../Engine/Content/Editor/Slate/Fonts/FontAwesome.ttf' (139K)
[2021.12.18-16.18.07:926][  0]LogRenderer: Reallocating scene render targets to support 1208x572 Format 10 NumSamples 1 (Frame:1).
[2021.12.18-16.18.08:662][  0]LogSlate: Took 0.031479 seconds to synchronously load lazily loaded font '../../../Engine/Content/Slate/Fonts/Roboto-Light.ttf' (167K)
[2021.12.18-16.18.09:161][  0]LogContentBrowser: Native class hierarchy updated for 'HierarchicalLODOutliner' in 0.0006 seconds. Added 0 classes and 0 folders.
[2021.12.18-16.18.09:161][  0]LogLoad: (Engine Initialization) Total time: 438.65 seconds
[2021.12.18-16.18.09:161][  0]LogLoad: (Engine Initialization) Total Blueprint compile time: 0.00 seconds
[2021.12.18-16.18.09:839][  0]LogContentStreaming: Texture pool size now 1000 MB
[2021.12.18-16.18.13:840][ 36]LogAssetRegistry: Asset discovery search completed in 232.5414 seconds
[2021.12.18-16.18.13:844][ 36]LogCollectionManager: Fixed up redirectors for 0 collections in 0.000018 seconds (updated 0 objects)
[2021.12.18-16.18.14:652][ 76]LogSlate: Window 'Message Log' being destroyed
[2021.12.18-16.18.14:663][ 76]LogSlate: Window 'Message Log' being destroyed
[2021.12.18-16.19.16:689][752]LogSlate: Took 0.000262 seconds to synchronously load lazily loaded font '../../../Engine/Content/Slate/Fonts/Roboto-Light.ttf' (167K)
[2021.12.18-16.19.16:713][752]LogAssetEditorSubsystem: Opening Asset editor for WidgetBlueprint /Game/Blueprints/widgets/MainWidget.MainWidget
[2021.12.18-16.19.17:554][752]LogContentBrowser: Native class hierarchy updated for 'BlueprintGraph' in 0.0007 seconds. Added 121 classes and 0 folders.
[2021.12.18-16.19.20:531][752]LogSlate: Took 0.023017 seconds to synchronously load lazily loaded font '../../../Engine/Content/Slate/Fonts/Roboto-BoldCondensed.ttf' (158K)
[2021.12.18-16.21.02:506][659]LogSlate: Took 0.015385 seconds to synchronously load lazily loaded font '../../../Engine/Content/Slate/Fonts/Roboto-Italic.ttf' (157K)
[2021.12.18-16.28.09:564][884]LogUObjectHash: Compacting FUObjectHashTables data took   6.36ms
[2021.12.18-16.28.09:565][884]LogFileHelpers: Editor autosave (incl. sublevels) for '/Game/RollingCPP/Maps/RollingExampleMap' took 0.074
[2021.12.18-16.28.09:666][884]OBJ SavePackage: Generating thumbnails for [0] asset(s) in package [/Game/Blueprints/widgets/MainWidget] ([1] browsable assets)...
[2021.12.18-16.28.09:666][884]OBJ SavePackage: Finished generating thumbnails for package [/Game/Blueprints/widgets/MainWidget]
[2021.12.18-16.28.09:851][884]LogSavePackage: Moving '../../../../../../../../Programiranje/Faks/Asistivna/asistivna/asistivna/Saved/MainWidget_Auto1733A3EA54746F3D0B6F122ABDB1BF075.tmp' to '../../../../../../../../Programiranje/Faks/Asistivna/asistivna/asistivna/Saved/Autosaves/Game/Blueprints/widgets/MainWidget_Auto1.uasset'
[2021.12.18-16.28.09:863][884]LogFileHelpers: Auto-saving content packages took 0.297
[2021.12.18-16.40.19:312][532]LogWindowsTextInputMethodSystem: Display: IME system now deactivated.
[2021.12.18-16.40.19:312][532]LogWindowsTextInputMethodSystem: Display: IME system now deactivated.
[2021.12.18-16.41.54:291][335]LogSlate: Window 'Project Settings' being destroyed
[2021.12.18-16.41.54:300][335]LogSlate: Window 'Project Settings' being destroyed
[2021.12.18-16.42.06:022][939]LogSlate: Window 'Project Settings' being destroyed
[2021.12.18-16.42.06:029][939]LogSlate: Window 'Project Settings' being destroyed
[2021.12.18-16.45.50:170][625]LogHotReload: New module detected: UE4Editor-Asistivna-0001.dll
[2021.12.18-16.45.53:559][636]LogHotReload: Starting Hot-Reload from IDE
[2021.12.18-16.45.53:735][636]LogUObjectHash: Compacting FUObjectHashTables data took  22.49ms
[2021.12.18-16.45.53:790][636]LogContentBrowser: Native class hierarchy updated for 'Asistivna' in 0.0007 seconds. Added 3 classes and 2 folders.
[2021.12.18-16.45.53:799][636]Display: HotReload successful (1 functions remapped  0 scriptstructs remapped)
[2021.12.18-16.45.54:200][636]LogUObjectHash: Compacting FUObjectHashTables data took   3.74ms
[2021.12.18-16.45.54:219][636]LogContentBrowser: Native class hierarchy populated in 0.0098 seconds. Added 3020 classes and 722 folders.
[2021.12.18-16.45.54:243][636]Display: HotReload took  0.7s.
[2021.12.18-16.48.11:339][132]LogTemp: Repeating last play command: Selected Viewport
[2021.12.18-16.48.11:374][132]LogBlueprintUserMessages: Early PlayInEditor Detection: Level '/Game/RollingCPP/Maps/RollingExampleMap.RollingExampleMap:PersistentLevel' has LevelScriptBlueprint '/Game/RollingCPP/Maps/RollingExampleMap.RollingExampleMap:PersistentLevel.RollingExampleMap' with GeneratedClass '/Game/RollingCPP/Maps/RollingExampleMap.RollingExampleMap_C' with ClassGeneratedBy '/Game/RollingCPP/Maps/RollingExampleMap.RollingExampleMap:PersistentLevel.RollingExampleMap'
[2021.12.18-16.48.11:374][132]BlueprintLog: New page: Pre-Play auto-recompile
[2021.12.18-16.48.11:376][132]LogPlayLevel: [PlayLevel] Compiling MainWidget before play...
[2021.12.18-16.48.11:771][132]LogUObjectHash: Compacting FUObjectHashTables data took   6.48ms
[2021.12.18-16.48.11:772][132]LogPlayLevel: PlayLevel: Blueprint regeneration took 397 ms (1 blueprints)
[2021.12.18-16.48.11:910][132]PIE: New page: PIE session: RollingExampleMap (18. pro 2021. 18:48:11)
[2021.12.18-16.48.12:077][132]LogOnline: OSS: Creating online subsystem instance for: NULL
[2021.12.18-16.48.12:095][132]LogOnline: OSS: TryLoadSubsystemAndSetDefault: Loaded subsystem for module [NULL]
[2021.12.18-16.48.12:095][132]LogPlayLevel: Creating play world package: /Game/RollingCPP/Maps/UEDPIE_0_RollingExampleMap
[2021.12.18-16.48.12:135][132]LogPlayLevel: PIE: StaticDuplicateObject took: (0.039969s)
[2021.12.18-16.48.12:137][132]LogAIModule: Creating AISystem for world RollingExampleMap
[2021.12.18-16.48.12:137][132]LogPlayLevel: PIE: World Init took: (0.002254s)
[2021.12.18-16.48.12:138][132]LogPlayLevel: PIE: Created PIE world by copying editor world from /Game/RollingCPP/Maps/RollingExampleMap.RollingExampleMap to /Game/RollingCPP/Maps/UEDPIE_0_RollingExampleMap.RollingExampleMap (0.042812s)
[2021.12.18-16.48.12:218][132]LogUObjectHash: Compacting FUObjectHashTables data took   4.17ms
[2021.12.18-16.48.12:219][132]LogAudioMixer: Display: Audio Mixer Platform Settings:
[2021.12.18-16.48.12:219][132]LogAudioMixer: Display: 	Sample Rate:						  48000
[2021.12.18-16.48.12:219][132]LogAudioMixer: Display: 	Callback Buffer Frame Size Requested: 1024
[2021.12.18-16.48.12:219][132]LogAudioMixer: Display: 	Callback Buffer Frame Size To Use:	  1024
[2021.12.18-16.48.12:219][132]LogAudioMixer: Display: 	Number of buffers to queue:			  2
[2021.12.18-16.48.12:219][132]LogAudioMixer: Display: 	Max Channels (voices):				  32
[2021.12.18-16.48.12:219][132]LogAudioMixer: Display: 	Number of Async Source Workers:		  0
[2021.12.18-16.48.12:219][132]LogAudio: Display: AudioDevice MaxSources: 32
[2021.12.18-16.48.12:219][132]LogAudio: Display: Using built-in audio occlusion.
[2021.12.18-16.48.12:219][132]LogAudioMixer: Display: Initializing audio mixer.
[2021.12.18-16.48.12:244][132]LogAudioMixer: Display: Audio Device Output Speaker Info:
[2021.12.18-16.48.12:244][132]LogAudioMixer: Display: Name: Speakers (Conexant SmartAudio HD)
[2021.12.18-16.48.12:244][132]LogAudioMixer: Display: Is Default: Yes
[2021.12.18-16.48.12:244][132]LogAudioMixer: Display: Sample Rate: 48000
[2021.12.18-16.48.12:244][132]LogAudioMixer: Display: Channel Count Used: 2
[2021.12.18-16.48.12:244][132]LogAudioMixer: Display: Device Channel Count: 2
[2021.12.18-16.48.12:244][132]LogAudioMixer: Display: Channel Order:
[2021.12.18-16.48.12:244][132]LogAudioMixer: Display: 0: FrontLeft
[2021.12.18-16.48.12:244][132]LogAudioMixer: Display: 1: FrontRight
[2021.12.18-16.48.12:400][132]LogAudioMixer: Display: Using Audio Device Speakers (Conexant SmartAudio HD)
[2021.12.18-16.48.12:403][132]LogInit: FAudioDevice initialized.
[2021.12.18-16.48.12:435][132]LogLoad: Game class is 'MyAsistivnaGameMode_C'
[2021.12.18-16.48.12:441][132]LogWorld: Bringing World /Game/RollingCPP/Maps/UEDPIE_0_RollingExampleMap.RollingExampleMap up for play (max tick rate 60) at 2021.12.18-17.48.12
[2021.12.18-16.48.12:470][132]LogWorld: Bringing up level for play took: 0.033183
[2021.12.18-16.48.12:470][132]LogOnline: OSS: Creating online subsystem instance for: :Context_6
[2021.12.18-16.48.12:704][132]LogContentBrowser: Native class hierarchy updated for 'MovieSceneCapture' in 0.0005 seconds. Added 20 classes and 0 folders.
[2021.12.18-16.48.12:741][132]PIE: Play in editor start time for /Game/RollingCPP/Maps/UEDPIE_0_RollingExampleMap 1,466
[2021.12.18-16.48.12:741][132]LogBlueprintUserMessages: Late PlayInEditor Detection: Level '/Game/RollingCPP/Maps/RollingExampleMap.RollingExampleMap:PersistentLevel' has LevelScriptBlueprint '/Game/RollingCPP/Maps/RollingExampleMap.RollingExampleMap:PersistentLevel.RollingExampleMap' with GeneratedClass '/Game/RollingCPP/Maps/RollingExampleMap.RollingExampleMap_C' with ClassGeneratedBy '/Game/RollingCPP/Maps/RollingExampleMap.RollingExampleMap:PersistentLevel.RollingExampleMap'
[2021.12.18-16.48.36:395][497]LogAudioMixer: Display: No commands were queued while flushing the source manager.
[2021.12.18-16.48.36:398][497]LogAudioMixer: Display: Flush succeeded in the source manager command queue (1).
[2021.12.18-16.48.36:428][497]LogAudioMixer: Display: Flush succeeded the source manager command queue (2).
[2021.12.18-16.48.36:428][497]LogBlueprintUserMessages: Early EndPlayMap Detection: Level '/Game/RollingCPP/Maps/RollingExampleMap.RollingExampleMap:PersistentLevel' has LevelScriptBlueprint '/Game/RollingCPP/Maps/RollingExampleMap.RollingExampleMap:PersistentLevel.RollingExampleMap' with GeneratedClass '/Game/RollingCPP/Maps/RollingExampleMap.RollingExampleMap_C' with ClassGeneratedBy '/Game/RollingCPP/Maps/RollingExampleMap.RollingExampleMap:PersistentLevel.RollingExampleMap'
[2021.12.18-16.48.36:639][497]LogSlate: Updating window title bar state: overlay mode, drag disabled, window buttons hidden, title bar hidden
[2021.12.18-16.48.36:639][497]LogWorld: BeginTearingDown for /Game/RollingCPP/Maps/UEDPIE_0_RollingExampleMap
[2021.12.18-16.48.36:639][497]LogAudioMixer: Display: No commands were queued while flushing the source manager.
[2021.12.18-16.48.36:660][497]LogWorld: UWorld::CleanupWorld for RollingExampleMap, bSessionEnded=true, bCleanupResources=true
[2021.12.18-16.48.36:679][497]LogSlate: InvalidateAllWidgets triggered.  All widgets were invalidated
[2021.12.18-16.48.36:687][497]LogPlayLevel: Display: Shutting down PIE online subsystems
[2021.12.18-16.48.36:687][497]LogBlueprintUserMessages: Late EndPlayMap Detection: Level '/Game/RollingCPP/Maps/RollingExampleMap.RollingExampleMap:PersistentLevel' has LevelScriptBlueprint '/Game/RollingCPP/Maps/RollingExampleMap.RollingExampleMap:PersistentLevel.RollingExampleMap' with GeneratedClass '/Game/RollingCPP/Maps/RollingExampleMap.RollingExampleMap_C' with ClassGeneratedBy '/Game/RollingCPP/Maps/RollingExampleMap.RollingExampleMap:PersistentLevel.RollingExampleMap'
[2021.12.18-16.48.36:693][497]LogSlate: InvalidateAllWidgets triggered.  All widgets were invalidated
[2021.12.18-16.48.36:759][497]LogAudioMixer: Display: No commands were queued while flushing the source manager.
[2021.12.18-16.48.36:762][497]LogSlate: Updating window title bar state: overlay mode, drag disabled, window buttons hidden, title bar hidden
[2021.12.18-16.48.36:855][497]LogUObjectHash: Compacting FUObjectHashTables data took   4.61ms
[2021.12.18-16.48.36:988][498]LogPlayLevel: Display: Destroying online subsystem :Context_6
[2021.12.18-16.49.44:282][423]Cmd: OBJ SAVEPACKAGE PACKAGE="/Game/Blueprints/widgets/MainWidget" FILE="../../../../../../../../Programiranje/Faks/Asistivna/asistivna/asistivna/Content/Blueprints/widgets/MainWidget.uasset" SILENT=true
[2021.12.18-16.49.44:299][423]LogSavePackage: Moving '../../../../../../../../Programiranje/Faks/Asistivna/asistivna/asistivna/Saved/MainWidgetD0D3D87244D9AC16B9DD1F88D2B35A95.tmp' to '../../../../../../../../Programiranje/Faks/Asistivna/asistivna/asistivna/Content/Blueprints/widgets/MainWidget.uasset'
[2021.12.18-16.49.44:323][423]AssetCheck: New page: Asset Save: MainWidget
[2021.12.18-16.49.44:323][423]LogContentValidation: Display: Validating WidgetBlueprint /Game/Blueprints/widgets/MainWidget.MainWidget
[2021.12.18-16.53.33:130][181]Cmd: OBJ SAVEPACKAGE PACKAGE="/Game/Blueprints/widgets/MainWidget" FILE="../../../../../../../../Programiranje/Faks/Asistivna/asistivna/asistivna/Content/Blueprints/widgets/MainWidget.uasset" SILENT=true
[2021.12.18-16.53.33:144][181]LogSavePackage: Moving '../../../../../../../../Programiranje/Faks/Asistivna/asistivna/asistivna/Saved/MainWidget6F3F0BF74545764D40DDE3A400CA4A23.tmp' to '../../../../../../../../Programiranje/Faks/Asistivna/asistivna/asistivna/Content/Blueprints/widgets/MainWidget.uasset'
[2021.12.18-16.53.33:163][181]AssetCheck: New page: Asset Save: MainWidget
[2021.12.18-16.53.33:163][181]LogContentValidation: Display: Validating WidgetBlueprint /Game/Blueprints/widgets/MainWidget.MainWidget
[2021.12.18-16.53.35:523][313]LogWorld: UWorld::CleanupWorld for World_3, bSessionEnded=true, bCleanupResources=true
[2021.12.18-16.53.35:523][313]LogSlate: InvalidateAllWidgets triggered.  All widgets were invalidated
[2021.12.18-16.53.35:537][313]LogWorld: UWorld::CleanupWorld for World_2, bSessionEnded=true, bCleanupResources=true
[2021.12.18-16.53.35:537][313]LogSlate: InvalidateAllWidgets triggered.  All widgets were invalidated
[2021.12.18-16.53.36:684][373]LogEditorViewport: Clicking on Actor (LMB): StaticMeshActor (Ground)
[2021.12.18-16.53.38:910][446]LogUObjectHash: Compacting FUObjectHashTables data took   5.15ms
[2021.12.18-16.53.39:178][446]LogSavePackage: Moving '../../../../../../../../Programiranje/Faks/Asistivna/asistivna/asistivna/Saved/RollingExampleMapBA58542A46264A72CF2CE0A706C327B7.tmp' to '../../../../../../../../Programiranje/Faks/Asistivna/asistivna/asistivna/Content/RollingCPP/Maps/RollingExampleMap.umap'
[2021.12.18-16.53.39:216][446]AssetCheck: New page: Asset Save: RollingExampleMap
[2021.12.18-16.53.39:216][446]LogContentValidation: Display: Validating World /Game/RollingCPP/Maps/RollingExampleMap.RollingExampleMap
[2021.12.18-16.54.06:213][588]LogHotReload: New module detected: UE4Editor-Asistivna-0002.dll
[2021.12.18-16.54.07:607][593]LogHotReload: Starting Hot-Reload from IDE
[2021.12.18-16.54.07:706][593]LogUObjectHash: Compacting FUObjectHashTables data took   7.35ms
[2021.12.18-16.54.07:740][593]LogContentBrowser: Native class hierarchy updated for 'Asistivna' in 0.0004 seconds. Added 3 classes and 2 folders.
[2021.12.18-16.54.07:744][593]Display: HotReload successful (1 functions remapped  0 scriptstructs remapped)
[2021.12.18-16.54.07:853][593]LogUObjectHash: Compacting FUObjectHashTables data took   1.92ms
[2021.12.18-16.54.07:871][593]LogContentBrowser: Native class hierarchy populated in 0.0096 seconds. Added 3020 classes and 722 folders.
[2021.12.18-16.54.07:875][593]Display: HotReload took  0.3s.
[2021.12.18-16.54.18:985][771]LogTemp: Repeating last play command: Selected Viewport
[2021.12.18-16.54.19:000][771]LogBlueprintUserMessages: Early PlayInEditor Detection: Level '/Game/RollingCPP/Maps/RollingExampleMap.RollingExampleMap:PersistentLevel' has LevelScriptBlueprint '/Game/RollingCPP/Maps/RollingExampleMap.RollingExampleMap:PersistentLevel.RollingExampleMap' with GeneratedClass '/Game/RollingCPP/Maps/RollingExampleMap.RollingExampleMap_C' with ClassGeneratedBy '/Game/RollingCPP/Maps/RollingExampleMap.RollingExampleMap:PersistentLevel.RollingExampleMap'
[2021.12.18-16.54.19:001][771]BlueprintLog: New page: Pre-Play auto-recompile
[2021.12.18-16.54.19:002][771]LogPlayLevel: [PlayLevel] Compiling MainWidget before play...
[2021.12.18-16.54.19:101][771]LogUObjectHash: Compacting FUObjectHashTables data took   4.53ms
[2021.12.18-16.54.19:101][771]LogPlayLevel: PlayLevel: Blueprint regeneration took 100 ms (1 blueprints)
[2021.12.18-16.54.19:101][771]PIE: New page: PIE session: RollingExampleMap (18. pro 2021. 18:54:19)
[2021.12.18-16.54.19:102][771]LogPlayLevel: Creating play world package: /Game/RollingCPP/Maps/UEDPIE_0_RollingExampleMap
[2021.12.18-16.54.19:125][771]LogPlayLevel: PIE: StaticDuplicateObject took: (0.022765s)
[2021.12.18-16.54.19:127][771]LogAIModule: Creating AISystem for world RollingExampleMap
[2021.12.18-16.54.19:128][771]LogPlayLevel: PIE: World Init took: (0.002347s)
[2021.12.18-16.54.19:128][771]LogPlayLevel: PIE: Created PIE world by copying editor world from /Game/RollingCPP/Maps/RollingExampleMap.RollingExampleMap to /Game/RollingCPP/Maps/UEDPIE_0_RollingExampleMap.RollingExampleMap (0.025593s)
[2021.12.18-16.54.19:199][771]LogUObjectHash: Compacting FUObjectHashTables data took   3.13ms
[2021.12.18-16.54.19:200][771]LogAudioMixer: Display: Audio Mixer Platform Settings:
[2021.12.18-16.54.19:200][771]LogAudioMixer: Display: 	Sample Rate:						  48000
[2021.12.18-16.54.19:200][771]LogAudioMixer: Display: 	Callback Buffer Frame Size Requested: 1024
[2021.12.18-16.54.19:200][771]LogAudioMixer: Display: 	Callback Buffer Frame Size To Use:	  1024
[2021.12.18-16.54.19:200][771]LogAudioMixer: Display: 	Number of buffers to queue:			  2
[2021.12.18-16.54.19:200][771]LogAudioMixer: Display: 	Max Channels (voices):				  32
[2021.12.18-16.54.19:200][771]LogAudioMixer: Display: 	Number of Async Source Workers:		  0
[2021.12.18-16.54.19:200][771]LogAudio: Display: AudioDevice MaxSources: 32
[2021.12.18-16.54.19:201][771]LogAudio: Display: Using built-in audio occlusion.
[2021.12.18-16.54.19:201][771]LogAudioMixer: Display: Initializing audio mixer.
[2021.12.18-16.54.19:218][771]LogAudioMixer: Display: Audio Device Output Speaker Info:
[2021.12.18-16.54.19:218][771]LogAudioMixer: Display: Name: Speakers (Conexant SmartAudio HD)
[2021.12.18-16.54.19:218][771]LogAudioMixer: Display: Is Default: Yes
[2021.12.18-16.54.19:218][771]LogAudioMixer: Display: Sample Rate: 48000
[2021.12.18-16.54.19:218][771]LogAudioMixer: Display: Channel Count Used: 2
[2021.12.18-16.54.19:218][771]LogAudioMixer: Display: Device Channel Count: 2
[2021.12.18-16.54.19:218][771]LogAudioMixer: Display: Channel Order:
[2021.12.18-16.54.19:219][771]LogAudioMixer: Display: 0: FrontLeft
[2021.12.18-16.54.19:219][771]LogAudioMixer: Display: 1: FrontRight
[2021.12.18-16.54.19:362][771]LogAudioMixer: Display: Using Audio Device Speakers (Conexant SmartAudio HD)
[2021.12.18-16.54.19:366][771]LogInit: FAudioDevice initialized.
[2021.12.18-16.54.19:378][771]LogLoad: Game class is 'MyAsistivnaGameMode_C'
[2021.12.18-16.54.19:383][771]LogWorld: Bringing World /Game/RollingCPP/Maps/UEDPIE_0_RollingExampleMap.RollingExampleMap up for play (max tick rate 60) at 2021.12.18-17.54.19
[2021.12.18-16.54.19:383][771]LogWorld: Bringing up level for play took: 0.003722
[2021.12.18-16.54.19:383][771]LogOnline: OSS: Creating online subsystem instance for: :Context_8
[2021.12.18-16.54.19:386][771]PIE: Play in editor start time for /Game/RollingCPP/Maps/UEDPIE_0_RollingExampleMap 0,112
[2021.12.18-16.54.19:387][771]LogBlueprintUserMessages: Late PlayInEditor Detection: Level '/Game/RollingCPP/Maps/RollingExampleMap.RollingExampleMap:PersistentLevel' has LevelScriptBlueprint '/Game/RollingCPP/Maps/RollingExampleMap.RollingExampleMap:PersistentLevel.RollingExampleMap' with GeneratedClass '/Game/RollingCPP/Maps/RollingExampleMap.RollingExampleMap_C' with ClassGeneratedBy '/Game/RollingCPP/Maps/RollingExampleMap.RollingExampleMap:PersistentLevel.RollingExampleMap'
[2021.12.18-16.54.40:696][ 36]LogAudioMixer: Display: No commands were queued while flushing the source manager.
[2021.12.18-16.54.40:698][ 36]LogAudioMixer: Display: Flush succeeded in the source manager command queue (1).
[2021.12.18-16.54.40:718][ 36]LogAudioMixer: Display: Flush succeeded the source manager command queue (2).
[2021.12.18-16.54.40:718][ 36]LogBlueprintUserMessages: Early EndPlayMap Detection: Level '/Game/RollingCPP/Maps/RollingExampleMap.RollingExampleMap:PersistentLevel' has LevelScriptBlueprint '/Game/RollingCPP/Maps/RollingExampleMap.RollingExampleMap:PersistentLevel.RollingExampleMap' with GeneratedClass '/Game/RollingCPP/Maps/RollingExampleMap.RollingExampleMap_C' with ClassGeneratedBy '/Game/RollingCPP/Maps/RollingExampleMap.RollingExampleMap:PersistentLevel.RollingExampleMap'
[2021.12.18-16.54.40:719][ 36]LogSlate: Updating window title bar state: overlay mode, drag disabled, window buttons hidden, title bar hidden
[2021.12.18-16.54.40:719][ 36]LogWorld: BeginTearingDown for /Game/RollingCPP/Maps/UEDPIE_0_RollingExampleMap
[2021.12.18-16.54.40:719][ 36]LogAudioMixer: Display: No commands were queued while flushing the source manager.
[2021.12.18-16.54.40:719][ 36]LogWorld: UWorld::CleanupWorld for RollingExampleMap, bSessionEnded=true, bCleanupResources=true
[2021.12.18-16.54.40:720][ 36]LogSlate: InvalidateAllWidgets triggered.  All widgets were invalidated
[2021.12.18-16.54.40:732][ 36]LogPlayLevel: Display: Shutting down PIE online subsystems
[2021.12.18-16.54.40:732][ 36]LogBlueprintUserMessages: Late EndPlayMap Detection: Level '/Game/RollingCPP/Maps/RollingExampleMap.RollingExampleMap:PersistentLevel' has LevelScriptBlueprint '/Game/RollingCPP/Maps/RollingExampleMap.RollingExampleMap:PersistentLevel.RollingExampleMap' with GeneratedClass '/Game/RollingCPP/Maps/RollingExampleMap.RollingExampleMap_C' with ClassGeneratedBy '/Game/RollingCPP/Maps/RollingExampleMap.RollingExampleMap:PersistentLevel.RollingExampleMap'
[2021.12.18-16.54.40:738][ 36]LogSlate: InvalidateAllWidgets triggered.  All widgets were invalidated
[2021.12.18-16.54.40:767][ 36]LogAudioMixer: Display: No commands were queued while flushing the source manager.
[2021.12.18-16.54.40:771][ 36]LogSlate: Updating window title bar state: overlay mode, drag disabled, window buttons hidden, title bar hidden
[2021.12.18-16.54.40:775][ 36]LogUObjectHash: Compacting FUObjectHashTables data took   2.68ms
[2021.12.18-16.54.40:797][ 37]LogPlayLevel: Display: Destroying online subsystem :Context_8
[2021.12.18-16.57.23:272][717]LogUObjectHash: Compacting FUObjectHashTables data took   0.89ms
[2021.12.18-16.57.23:521][717]LogSavePackage: Moving '../../../../../../../../Programiranje/Faks/Asistivna/asistivna/asistivna/Saved/RollingExampleMap6F34EE374136E6B1D28B0B94F73F0B08.tmp' to '../../../../../../../../Programiranje/Faks/Asistivna/asistivna/asistivna/Content/RollingCPP/Maps/RollingExampleMap.umap'
[2021.12.18-16.57.23:559][717]AssetCheck: New page: Asset Save: RollingExampleMap
[2021.12.18-16.57.23:559][717]LogContentValidation: Display: Validating World /Game/RollingCPP/Maps/RollingExampleMap.RollingExampleMap
[2021.12.18-16.57.27:749][867]LogUObjectHash: Compacting FUObjectHashTables data took   2.66ms
[2021.12.18-16.57.27:873][867]LogSlate: Window 'Asistivna - Unreal Editor' being destroyed
[2021.12.18-16.57.28:139][868]Cmd: QUIT_EDITOR
[2021.12.18-16.57.28:139][868]LogCore: Engine exit requested (reason: UUnrealEdEngine::CloseEditor())
[2021.12.18-16.57.28:175][868]LogCore: Engine exit requested (reason: EngineExit() was called; note: exit was already requested)
[2021.12.18-16.57.28:175][868]LogAudioMixer: Display: No commands were queued while flushing the source manager.
