Log file open, 12/02/21 18:18:30
LogWindows: Failed to load 'aqProf.dll' (GetLastError=126)
LogWindows: File 'aqProf.dll' does not exist
LogWindows: Failed to load 'VtuneApi.dll' (GetLastError=126)
LogWindows: File 'VtuneApi.dll' does not exist
LogWindows: Failed to load 'VtuneApi32e.dll' (GetLastError=126)
LogWindows: File 'VtuneApi32e.dll' does not exist
LogConsoleResponse: Display: Failed to find resolution value strings in scalability ini. Falling back to default.
LogInit: Display: Running engine for game: Asistivna
LogPlatformFile: Not using cached read wrapper
LogTaskGraph: Started task graph with 5 named threads and 23 total threads with 3 sets of task threads.
LogStats: Stats thread started at 1.770653
LogD3D11RHI: Loaded GFSDK_Aftermath_Lib.x64.dll
LogICUInternationalization: ICU TimeZone Detection - Raw Offset: +1:00, Platform Override: ''
LogPluginManager: Mounting plugin Paper2D
LogPluginManager: Mounting plugin AISupport
LogPluginManager: Mounting plugin LightPropagationVolume
LogPluginManager: Mounting plugin ActorLayerUtilities
LogPluginManager: Mounting plugin AnimationSharing
LogPluginManager: Mounting plugin CLionSourceCodeAccess
LogPluginManager: Mounting plugin CodeLiteSourceCodeAccess
LogPluginManager: Mounting plugin GitSourceControl
LogPluginManager: Mounting plugin KDevelopSourceCodeAccess
LogPluginManager: Mounting plugin NullSourceCodeAccess
LogPluginManager: Mounting plugin PerforceSourceControl
LogPluginManager: Mounting plugin PlasticSourceControl
LogPluginManager: Mounting plugin SubversionSourceControl
LogPluginManager: Mounting plugin UObjectPlugin
LogPluginManager: Mounting plugin VisualStudioCodeSourceCodeAccess
LogPluginManager: Mounting plugin VisualStudioSourceCodeAccess
LogPluginManager: Mounting plugin XCodeSourceCodeAccess
LogPluginManager: Mounting plugin AssetManagerEditor
LogPluginManager: Mounting plugin CryptoKeys
LogPluginManager: Mounting plugin CurveEditorTools
LogPluginManager: Mounting plugin DataValidation
LogPluginManager: Mounting plugin FacialAnimation
LogPluginManager: Mounting plugin GameplayTagsEditor
LogPluginManager: Mounting plugin MacGraphicsSwitching
LogPluginManager: Mounting plugin MaterialAnalyzer
LogPluginManager: Mounting plugin MobileLauncherProfileWizard
LogPluginManager: Mounting plugin PluginBrowser
LogPluginManager: Mounting plugin SpeedTreeImporter
LogPluginManager: Mounting plugin DatasmithContent
LogPluginManager: Mounting plugin VariantManagerContent
LogPluginManager: Mounting plugin AlembicImporter
LogPluginManager: Mounting plugin AutomationUtils
LogPluginManager: Mounting plugin BackChannel
LogPluginManager: Mounting plugin CharacterAI
LogPluginManager: Mounting plugin GeometryCache
LogPluginManager: Mounting plugin PlatformCrypto
LogPluginManager: Mounting plugin ProxyLODPlugin
LogPluginManager: Mounting plugin SkeletalReduction
LogPluginManager: Mounting plugin MagicLeap
LogPluginManager: Mounting plugin MagicLeapMedia
LogPluginManager: Mounting plugin MLSDK
LogPluginManager: Mounting plugin AndroidMedia
LogPluginManager: Mounting plugin AvfMedia
LogPluginManager: Mounting plugin ImgMedia
LogPluginManager: Mounting plugin MediaCompositing
LogPluginManager: Mounting plugin MediaPlayerEditor
LogPluginManager: Mounting plugin WebMMedia
LogPluginManager: Mounting plugin WmfMedia
LogPluginManager: Mounting plugin TcpMessaging
LogPluginManager: Mounting plugin UdpMessaging
LogPluginManager: Mounting plugin ActorSequence
LogPluginManager: Mounting plugin LevelSequenceEditor
LogPluginManager: Mounting plugin MatineeToLevelSequence
LogPluginManager: Mounting plugin NetcodeUnitTest
LogPluginManager: Mounting plugin NUTUnrealEngine4
LogPluginManager: Mounting plugin OnlineSubsystemGooglePlay
LogPluginManager: Mounting plugin OnlineSubsystemIOS
LogPluginManager: Mounting plugin OnlineSubsystem
LogPluginManager: Mounting plugin OnlineSubsystemNull
LogPluginManager: Mounting plugin OnlineSubsystemUtils
LogPluginManager: Mounting plugin LauncherChunkInstaller
LogPluginManager: Mounting plugin AndroidDeviceProfileSelector
LogPluginManager: Mounting plugin AndroidMoviePlayer
LogPluginManager: Mounting plugin AndroidPermission
LogPluginManager: Mounting plugin AppleImageUtils
LogPluginManager: Mounting plugin AppleMoviePlayer
LogPluginManager: Mounting plugin ArchVisCharacter
LogPluginManager: Mounting plugin AssetTags
LogPluginManager: Mounting plugin AudioCapture
LogPluginManager: Mounting plugin CableComponent
LogPluginManager: Mounting plugin CustomMeshComponent
LogPluginManager: Mounting plugin EditableMesh
LogPluginManager: Mounting plugin ExampleDeviceProfileSelector
LogPluginManager: Mounting plugin GoogleCloudMessaging
LogPluginManager: Mounting plugin IOSDeviceProfileSelector
LogPluginManager: Mounting plugin LinuxDeviceProfileSelector
LogPluginManager: Mounting plugin LocationServicesBPLibrary
LogPluginManager: Mounting plugin MobilePatchingUtils
LogPluginManager: Mounting plugin OculusVR
LogPluginManager: Mounting plugin PhysXVehicles
LogPluginManager: Mounting plugin PostSplashScreen
LogPluginManager: Mounting plugin ProceduralMeshComponent
LogPluginManager: Mounting plugin RuntimePhysXCooking
LogPluginManager: Mounting plugin SignificanceManager
LogPluginManager: Mounting plugin SteamVR
LogPluginManager: Mounting plugin WebMMoviePlayer
LogPluginManager: Mounting plugin WindowsMoviePlayer
LogPluginManager: Mounting plugin ScreenshotTools
LogInit: Using libcurl 7.55.1-DEV
LogInit:  - built for x86_64-pc-win32
LogInit:  - supports SSL with OpenSSL/1.1.1
LogInit:  - supports HTTP deflate (compression) using libz 1.2.8
LogInit:  - other features:
LogInit:      CURL_VERSION_SSL
LogInit:      CURL_VERSION_LIBZ
LogInit:      CURL_VERSION_IPV6
LogInit:      CURL_VERSION_ASYNCHDNS
LogInit:      CURL_VERSION_LARGEFILE
LogInit:      CURL_VERSION_IDN
LogInit:  CurlRequestOptions (configurable via config and command line):
LogInit:  - bVerifyPeer = true  - Libcurl will verify peer certificate
LogInit:  - bUseHttpProxy = false  - Libcurl will NOT use HTTP proxy
LogInit:  - bDontReuseConnections = false  - Libcurl will reuse connections
LogInit:  - MaxHostConnections = 16  - Libcurl will limit the number of connections to a host
LogInit:  - LocalHostAddr = Default
LogInit:  - BufferSize = 65536
LogOnline: OSS: Creating online subsystem instance for: NULL
LogInit: WinSock: version 1.1 (2.2), MaxSocks=32767, MaxUdp=65467
LogOnline: OSS: TryLoadSubsystemAndSetDefault: Loaded subsystem for module [NULL]
LogInit: Build: ++UE4+Release-4.24-CL-11590370
LogInit: Engine Version: 4.24.3-11590370+++UE4+Release-4.24
LogInit: Compatible Engine Version: 4.24.0-10570792+++UE4+Release-4.24
LogInit: Net CL: 10570792
LogInit: OS: Windows 10 (Release 2009) (), CPU: AMD FX(tm)-8300 Eight-Core Processor           , GPU: AMD Radeon R7 200 Series
LogInit: Compiled (64-bit): Feb 24 2020 15:39:18
LogInit: Compiled with Visual C++: 19.16.27032.01
LogInit: Build Configuration: Development
LogInit: Branch Name: ++UE4+Release-4.24
LogInit: Command Line:  -skipcompile
LogInit: Base Directory: C:/Program Files/Epic Games/UE_4.24/Engine/Binaries/Win64/
LogInit: Installed Engine Build: 1
LogDevObjectVersion: Number of dev versions registered: 25
LogDevObjectVersion:   Dev-Blueprints (B0D832E4-1F89-4F0D-ACCF-7EB736FD4AA2): 10
LogDevObjectVersion:   Dev-Build (E1C64328-A22C-4D53-A36C-8E866417BD8C): 0
LogDevObjectVersion:   Dev-Core (375EC13C-06E4-48FB-B500-84F0262A717E): 3
LogDevObjectVersion:   Dev-Editor (E4B068ED-F494-42E9-A231-DA0B2E46BB41): 37
LogDevObjectVersion:   Dev-Framework (CFFC743F-43B0-4480-9391-14DF171D2073): 36
LogDevObjectVersion:   Dev-Mobile (B02B49B5-BB20-44E9-A304-32B752E40360): 2
LogDevObjectVersion:   Dev-Networking (A4E4105C-59A1-49B5-A7C5-40C4547EDFEE): 0
LogDevObjectVersion:   Dev-Online (39C831C9-5AE6-47DC-9A44-9C173E1C8E7C): 0
LogDevObjectVersion:   Dev-Physics (78F01B33-EBEA-4F98-B9B4-84EACCB95AA2): 2
LogDevObjectVersion:   Dev-Platform (6631380F-2D4D-43E0-8009-CF276956A95A): 0
LogDevObjectVersion:   Dev-Rendering (12F88B9F-8875-4AFC-A67C-D90C383ABD29): 36
LogDevObjectVersion:   Dev-Sequencer (7B5AE74C-D270-4C10-A958-57980B212A5A): 11
LogDevObjectVersion:   Dev-VR (D7296918-1DD6-4BDD-9DE2-64A83CC13884): 2
LogDevObjectVersion:   Dev-LoadTimes (C2A15278-BFE7-4AFE-6C17-90FF531DF755): 1
LogDevObjectVersion:   Private-Geometry (6EACA3D4-40EC-4CC1-B786-8BED09428FC5): 3
LogDevObjectVersion:   Dev-AnimPhys (29E575DD-E0A3-4627-9D10-D276232CDCEA): 17
LogDevObjectVersion:   Dev-Anim (AF43A65D-7FD3-4947-9873-3E8ED9C1BB05): 2
LogDevObjectVersion:   Dev-ReflectionCapture (6B266CEC-1EC7-4B8F-A30B-E4D90942FC07): 1
LogDevObjectVersion:   Dev-Automation (0DF73D61-A23F-47EA-B727-89E90C41499A): 1
LogDevObjectVersion:   FortniteMain (601D1886-AC64-4F84-AA16-D3DE0DEAC7D6): 31
LogDevObjectVersion:   Dev-Enterprise (9DFFBCD6-494F-0158-E221-12823C92A888): 8
LogDevObjectVersion:   Dev-Niagara (F2AED0AC-9AFE-416F-8664-AA7FFA26D6FC): 1
LogDevObjectVersion:   Dev-Destruction (174F1F0B-B4C6-45A5-B13F-2EE8D0FB917D): 9
LogDevObjectVersion:   Dev-Physics-Ext (35F94A83-E258-406C-A318-09F59610247C): 8
LogDevObjectVersion:   Dev-CineCamera (B2E18506-4273-CFC2-A54E-F4BB758BBA07): 1
LogInit: Presizing for max 25165824 objects, including 0 objects not considered by GC, pre-allocating 0 bytes for permanent pool.
LogInit: Object subsystem initialized
LogConfig: Setting CVar [[con.DebugEarlyDefault:1]]
LogConfig: Setting CVar [[r.setres:1280x720]]
[2021.12.02-17.18.32:391][  0]LogConfig: Setting CVar [[r.VSync:0]]
[2021.12.02-17.18.32:391][  0]LogConfig: Setting CVar [[r.RHICmdBypass:0]]
[2021.12.02-17.18.32:393][  0]LogConfig: Applying CVar settings from Section [/Script/Engine.RendererSettings] File [D:/Epic Games/asistivna/Asistivna/Saved/Config/Windows/Engine.ini]
[2021.12.02-17.18.32:393][  0]LogConfig: Setting CVar [[r.GPUCrashDebugging:0]]
[2021.12.02-17.18.32:393][  0]LogConfig: Applying CVar settings from Section [/Script/Engine.RendererOverrideSettings] File [D:/Epic Games/asistivna/Asistivna/Saved/Config/Windows/Engine.ini]
[2021.12.02-17.18.32:393][  0]LogConfig: Applying CVar settings from Section [/Script/Engine.StreamingSettings] File [D:/Epic Games/asistivna/Asistivna/Saved/Config/Windows/Engine.ini]
[2021.12.02-17.18.32:393][  0]LogConfig: Setting CVar [[s.MinBulkDataSizeForAsyncLoading:131072]]
[2021.12.02-17.18.32:393][  0]LogConfig: Setting CVar [[s.AsyncLoadingThreadEnabled:0]]
[2021.12.02-17.18.32:394][  0]LogConfig: Setting CVar [[s.EventDrivenLoaderEnabled:1]]
[2021.12.02-17.18.32:394][  0]LogConfig: Setting CVar [[s.WarnIfTimeLimitExceeded:0]]
[2021.12.02-17.18.32:394][  0]LogConfig: Setting CVar [[s.TimeLimitExceededMultiplier:1.5]]
[2021.12.02-17.18.32:394][  0]LogConfig: Setting CVar [[s.TimeLimitExceededMinTime:0.005]]
[2021.12.02-17.18.32:394][  0]LogConfig: Setting CVar [[s.UseBackgroundLevelStreaming:1]]
[2021.12.02-17.18.32:395][  0]LogConfig: Setting CVar [[s.PriorityAsyncLoadingExtraTime:15.0]]
[2021.12.02-17.18.32:395][  0]LogConfig: Setting CVar [[s.LevelStreamingActorsUpdateTimeLimit:5.0]]
[2021.12.02-17.18.32:395][  0]LogConfig: Setting CVar [[s.PriorityLevelStreamingActorsUpdateExtraTime:5.0]]
[2021.12.02-17.18.32:395][  0]LogConfig: Setting CVar [[s.LevelStreamingComponentsRegistrationGranularity:10]]
[2021.12.02-17.18.32:395][  0]LogConfig: Setting CVar [[s.UnregisterComponentsTimeLimit:1.0]]
[2021.12.02-17.18.32:395][  0]LogConfig: Setting CVar [[s.LevelStreamingComponentsUnregistrationGranularity:5]]
[2021.12.02-17.18.32:395][  0]LogConfig: Setting CVar [[s.FlushStreamingOnExit:1]]
[2021.12.02-17.18.32:396][  0]LogConfig: Applying CVar settings from Section [/Script/Engine.GarbageCollectionSettings] File [D:/Epic Games/asistivna/Asistivna/Saved/Config/Windows/Engine.ini]
[2021.12.02-17.18.32:396][  0]LogConfig: Setting CVar [[gc.MaxObjectsNotConsideredByGC:1]]
[2021.12.02-17.18.32:396][  0]LogConfig: Setting CVar [[gc.SizeOfPermanentObjectPool:0]]
[2021.12.02-17.18.32:396][  0]LogConfig: Setting CVar [[gc.FlushStreamingOnGC:0]]
[2021.12.02-17.18.32:396][  0]LogConfig: Setting CVar [[gc.NumRetriesBeforeForcingGC:10]]
[2021.12.02-17.18.32:397][  0]LogConfig: Setting CVar [[gc.AllowParallelGC:1]]
[2021.12.02-17.18.32:397][  0]LogConfig: Setting CVar [[gc.TimeBetweenPurgingPendingKillObjects:61.1]]
[2021.12.02-17.18.32:397][  0]LogConfig: Setting CVar [[gc.MaxObjectsInEditor:25165824]]
[2021.12.02-17.18.32:397][  0]LogConfig: Setting CVar [[gc.IncrementalBeginDestroyEnabled:1]]
[2021.12.02-17.18.32:397][  0]LogConfig: Setting CVar [[gc.CreateGCClusters:1]]
[2021.12.02-17.18.32:398][  0]LogConfig: Setting CVar [[gc.MinGCClusterSize:5]]
[2021.12.02-17.18.32:398][  0]LogConfig: Setting CVar [[gc.ActorClusteringEnabled:0]]
[2021.12.02-17.18.32:398][  0]LogConfig: Setting CVar [[gc.BlueprintClusteringEnabled:0]]
[2021.12.02-17.18.32:398][  0]LogConfig: Setting CVar [[gc.UseDisregardForGCOnDedicatedServers:0]]
[2021.12.02-17.18.32:398][  0]LogConfig: Applying CVar settings from Section [/Script/Engine.NetworkSettings] File [D:/Epic Games/asistivna/Asistivna/Saved/Config/Windows/Engine.ini]
[2021.12.02-17.18.32:398][  0]LogConfig: Applying CVar settings from Section [/Script/UnrealEd.CookerSettings] File [D:/Epic Games/asistivna/Asistivna/Saved/Config/Windows/Engine.ini]
[2021.12.02-17.18.32:422][  0]LogConfig: Applying CVar settings from Section [ViewDistanceQuality@3] File [D:/Epic Games/asistivna/Asistivna/Saved/Config/Windows/Scalability.ini]
[2021.12.02-17.18.32:422][  0]LogConfig: Setting CVar [[r.SkeletalMeshLODBias:0]]
[2021.12.02-17.18.32:422][  0]LogConfig: Setting CVar [[r.ViewDistanceScale:1.0]]
[2021.12.02-17.18.32:423][  0]LogConfig: Applying CVar settings from Section [AntiAliasingQuality@3] File [D:/Epic Games/asistivna/Asistivna/Saved/Config/Windows/Scalability.ini]
[2021.12.02-17.18.32:423][  0]LogConfig: Setting CVar [[r.PostProcessAAQuality:4]]
[2021.12.02-17.18.32:423][  0]LogConfig: Applying CVar settings from Section [ShadowQuality@3] File [D:/Epic Games/asistivna/Asistivna/Saved/Config/Windows/Scalability.ini]
[2021.12.02-17.18.32:423][  0]LogConfig: Setting CVar [[r.LightFunctionQuality:1]]
[2021.12.02-17.18.32:423][  0]LogConfig: Setting CVar [[r.ShadowQuality:5]]
[2021.12.02-17.18.32:423][  0]LogConfig: Setting CVar [[r.Shadow.CSM.MaxCascades:10]]
[2021.12.02-17.18.32:424][  0]LogConfig: Setting CVar [[r.Shadow.MaxResolution:2048]]
[2021.12.02-17.18.32:424][  0]LogConfig: Setting CVar [[r.Shadow.MaxCSMResolution:2048]]
[2021.12.02-17.18.32:424][  0]LogConfig: Setting CVar [[r.Shadow.RadiusThreshold:0.01]]
[2021.12.02-17.18.32:424][  0]LogConfig: Setting CVar [[r.Shadow.DistanceScale:1.0]]
[2021.12.02-17.18.32:424][  0]LogConfig: Setting CVar [[r.Shadow.CSM.TransitionScale:1.0]]
[2021.12.02-17.18.32:424][  0]LogConfig: Setting CVar [[r.Shadow.PreShadowResolutionFactor:1.0]]
[2021.12.02-17.18.32:425][  0]LogConfig: Setting CVar [[r.DistanceFieldShadowing:1]]
[2021.12.02-17.18.32:425][  0]LogConfig: Setting CVar [[r.DistanceFieldAO:1]]
[2021.12.02-17.18.32:425][  0]LogConfig: Setting CVar [[r.AOQuality:2]]
[2021.12.02-17.18.32:425][  0]LogConfig: Setting CVar [[r.VolumetricFog:1]]
[2021.12.02-17.18.32:425][  0]LogConfig: Setting CVar [[r.VolumetricFog.GridPixelSize:8]]
[2021.12.02-17.18.32:425][  0]LogConfig: Setting CVar [[r.VolumetricFog.GridSizeZ:128]]
[2021.12.02-17.18.32:425][  0]LogConfig: Setting CVar [[r.VolumetricFog.HistoryMissSupersampleCount:4]]
[2021.12.02-17.18.32:426][  0]LogConfig: Setting CVar [[r.LightMaxDrawDistanceScale:1]]
[2021.12.02-17.18.32:426][  0]LogConfig: Setting CVar [[r.CapsuleShadows:1]]
[2021.12.02-17.18.32:426][  0]LogConfig: Applying CVar settings from Section [PostProcessQuality@3] File [D:/Epic Games/asistivna/Asistivna/Saved/Config/Windows/Scalability.ini]
[2021.12.02-17.18.32:426][  0]LogConfig: Setting CVar [[r.MotionBlurQuality:4]]
[2021.12.02-17.18.32:426][  0]LogConfig: Setting CVar [[r.AmbientOcclusionMipLevelFactor:0.4]]
[2021.12.02-17.18.32:426][  0]LogConfig: Setting CVar [[r.AmbientOcclusionMaxQuality:100]]
[2021.12.02-17.18.32:427][  0]LogConfig: Setting CVar [[r.AmbientOcclusionLevels:-1]]
[2021.12.02-17.18.32:427][  0]LogConfig: Setting CVar [[r.AmbientOcclusionRadiusScale:1.0]]
[2021.12.02-17.18.32:427][  0]LogConfig: Setting CVar [[r.DepthOfFieldQuality:2]]
[2021.12.02-17.18.32:428][  0]LogConfig: Setting CVar [[r.RenderTargetPoolMin:400]]
[2021.12.02-17.18.32:429][  0]LogConfig: Setting CVar [[r.LensFlareQuality:2]]
[2021.12.02-17.18.32:429][  0]LogConfig: Setting CVar [[r.SceneColorFringeQuality:1]]
[2021.12.02-17.18.32:429][  0]LogConfig: Setting CVar [[r.EyeAdaptationQuality:2]]
[2021.12.02-17.18.32:430][  0]LogConfig: Setting CVar [[r.BloomQuality:5]]
[2021.12.02-17.18.32:430][  0]LogConfig: Setting CVar [[r.FastBlurThreshold:100]]
[2021.12.02-17.18.32:430][  0]LogConfig: Setting CVar [[r.Upscale.Quality:3]]
[2021.12.02-17.18.32:430][  0]LogConfig: Setting CVar [[r.Tonemapper.GrainQuantization:1]]
[2021.12.02-17.18.32:430][  0]LogConfig: Setting CVar [[r.LightShaftQuality:1]]
[2021.12.02-17.18.32:430][  0]LogConfig: Setting CVar [[r.Filter.SizeScale:1]]
[2021.12.02-17.18.32:430][  0]LogConfig: Setting CVar [[r.Tonemapper.Quality:5]]
[2021.12.02-17.18.32:431][  0]LogConfig: Setting CVar [[r.DOF.Gather.AccumulatorQuality:1        ; higher gathering accumulator quality]]
[2021.12.02-17.18.32:431][  0]LogConfig: Setting CVar [[r.DOF.Gather.PostfilterMethod:1          ; Median3x3 postfilering method]]
[2021.12.02-17.18.32:431][  0]LogConfig: Setting CVar [[r.DOF.Gather.EnableBokehSettings:0       ; no bokeh simulation when gathering]]
[2021.12.02-17.18.32:431][  0]LogConfig: Setting CVar [[r.DOF.Gather.RingCount:4                 ; medium number of samples when gathering]]
[2021.12.02-17.18.32:431][  0]LogConfig: Setting CVar [[r.DOF.Scatter.ForegroundCompositing:1    ; additive foreground scattering]]
[2021.12.02-17.18.32:432][  0]LogConfig: Setting CVar [[r.DOF.Scatter.BackgroundCompositing:2    ; additive background scattering]]
[2021.12.02-17.18.32:432][  0]LogConfig: Setting CVar [[r.DOF.Scatter.EnableBokehSettings:1      ; bokeh simulation when scattering]]
[2021.12.02-17.18.32:432][  0]LogConfig: Setting CVar [[r.DOF.Scatter.MaxSpriteRatio:0.1         ; only a maximum of 10% of scattered bokeh]]
[2021.12.02-17.18.32:432][  0]LogConfig: Setting CVar [[r.DOF.Recombine.Quality:1                ; cheap slight out of focus]]
[2021.12.02-17.18.32:432][  0]LogConfig: Setting CVar [[r.DOF.Recombine.EnableBokehSettings:0    ; no bokeh simulation on slight out of focus]]
[2021.12.02-17.18.32:432][  0]LogConfig: Setting CVar [[r.DOF.TemporalAAQuality:1                ; more stable temporal accumulation]]
[2021.12.02-17.18.32:432][  0]LogConfig: Setting CVar [[r.DOF.Kernel.MaxForegroundRadius:0.025]]
[2021.12.02-17.18.32:433][  0]LogConfig: Setting CVar [[r.DOF.Kernel.MaxBackgroundRadius:0.025]]
[2021.12.02-17.18.32:433][  0]LogConfig: Applying CVar settings from Section [TextureQuality@3] File [D:/Epic Games/asistivna/Asistivna/Saved/Config/Windows/Scalability.ini]
[2021.12.02-17.18.32:433][  0]LogConfig: Setting CVar [[r.Streaming.MipBias:0]]
[2021.12.02-17.18.32:433][  0]LogConfig: Setting CVar [[r.Streaming.AmortizeCPUToGPUCopy:0]]
[2021.12.02-17.18.32:433][  0]LogConfig: Setting CVar [[r.Streaming.MaxNumTexturesToStreamPerFrame:0]]
[2021.12.02-17.18.32:433][  0]LogConfig: Setting CVar [[r.Streaming.Boost:1]]
[2021.12.02-17.18.32:434][  0]LogConfig: Setting CVar [[r.MaxAnisotropy:8]]
[2021.12.02-17.18.32:434][  0]LogConfig: Setting CVar [[r.VT.MaxAnisotropy:8]]
[2021.12.02-17.18.32:434][  0]LogConfig: Setting CVar [[r.Streaming.LimitPoolSizeToVRAM:0]]
[2021.12.02-17.18.32:434][  0]LogConfig: Setting CVar [[r.Streaming.PoolSize:1000]]
[2021.12.02-17.18.32:434][  0]LogConfig: Setting CVar [[r.Streaming.MaxEffectiveScreenSize:0]]
[2021.12.02-17.18.32:435][  0]LogConfig: Applying CVar settings from Section [EffectsQuality@3] File [D:/Epic Games/asistivna/Asistivna/Saved/Config/Windows/Scalability.ini]
[2021.12.02-17.18.32:435][  0]LogConfig: Setting CVar [[r.TranslucencyLightingVolumeDim:64]]
[2021.12.02-17.18.32:435][  0]LogConfig: Setting CVar [[r.RefractionQuality:2]]
[2021.12.02-17.18.32:435][  0]LogConfig: Setting CVar [[r.SSR.Quality:3]]
[2021.12.02-17.18.32:435][  0]LogConfig: Setting CVar [[r.SSR.HalfResSceneColor:0]]
[2021.12.02-17.18.32:435][  0]LogConfig: Setting CVar [[r.SceneColorFormat:4]]
[2021.12.02-17.18.32:435][  0]LogConfig: Setting CVar [[r.DetailMode:2]]
[2021.12.02-17.18.32:435][  0]LogConfig: Setting CVar [[r.TranslucencyVolumeBlur:1]]
[2021.12.02-17.18.32:436][  0]LogConfig: Setting CVar [[r.MaterialQualityLevel:1 ; High quality]]
[2021.12.02-17.18.32:436][  0]LogConfig: Setting CVar [[r.SSS.Scale:1]]
[2021.12.02-17.18.32:436][  0]LogConfig: Setting CVar [[r.SSS.SampleSet:2]]
[2021.12.02-17.18.32:436][  0]LogConfig: Setting CVar [[r.SSS.Quality:1]]
[2021.12.02-17.18.32:436][  0]LogConfig: Setting CVar [[r.SSS.HalfRes:1]]
[2021.12.02-17.18.32:436][  0]LogConfig: Setting CVar [[r.SSGI.Quality:3]]
[2021.12.02-17.18.32:436][  0]LogConfig: Setting CVar [[r.EmitterSpawnRateScale:1.0]]
[2021.12.02-17.18.32:436][  0]LogConfig: Setting CVar [[r.ParticleLightQuality:2]]
[2021.12.02-17.18.32:436][  0]LogConfig: Setting CVar [[r.SkyAtmosphere.AerialPerspectiveLUT.FastApplyOnOpaque:1 ; Always have FastSkyLUT 1 in this case to avoid wrong sky]]
[2021.12.02-17.18.32:436][  0]LogConfig: Setting CVar [[r.SkyAtmosphere.AerialPerspectiveLUT.SampleCountPerSlice:1]]
[2021.12.02-17.18.32:437][  0]LogConfig: Setting CVar [[r.SkyAtmosphere.AerialPerspectiveLUT.DepthResolution:16.0]]
[2021.12.02-17.18.32:437][  0]LogConfig: Setting CVar [[r.SkyAtmosphere.FastSkyLUT:1]]
[2021.12.02-17.18.32:437][  0]LogConfig: Setting CVar [[r.SkyAtmosphere.FastSkyLUT.SampleCountMin:4.0]]
[2021.12.02-17.18.32:437][  0]LogConfig: Setting CVar [[r.SkyAtmosphere.FastSkyLUT.SampleCountMax:32.0]]
[2021.12.02-17.18.32:437][  0]LogConfig: Setting CVar [[r.SkyAtmosphere.SampleCountMin:4.0]]
[2021.12.02-17.18.32:437][  0]LogConfig: Setting CVar [[r.SkyAtmosphere.SampleCountMax:32.0]]
[2021.12.02-17.18.32:437][  0]LogConfig: Setting CVar [[r.SkyAtmosphere.TransmittanceLUT.UseSmallFormat:0]]
[2021.12.02-17.18.32:437][  0]LogConfig: Setting CVar [[r.SkyAtmosphere.TransmittanceLUT.SampleCount:10.0]]
[2021.12.02-17.18.32:438][  0]LogConfig: Setting CVar [[r.SkyAtmosphere.MultiScatteringLUT.SampleCount:15.0]]
[2021.12.02-17.18.32:438][  0]LogConfig: Applying CVar settings from Section [FoliageQuality@3] File [D:/Epic Games/asistivna/Asistivna/Saved/Config/Windows/Scalability.ini]
[2021.12.02-17.18.32:438][  0]LogConfig: Setting CVar [[foliage.DensityScale:1.0]]
[2021.12.02-17.18.32:438][  0]LogConfig: Setting CVar [[grass.DensityScale:1.0]]
[2021.12.02-17.18.32:439][  0]LogConfig: Applying CVar settings from Section [ShadingQuality@3] File [D:/Epic Games/asistivna/Asistivna/Saved/Config/Windows/Scalability.ini]
[2021.12.02-17.18.32:439][  0]LogConfig: Setting CVar [[r.HairStrands.SkyLighting.SampleCount:16]]
[2021.12.02-17.18.32:439][  0]LogConfig: Setting CVar [[r.HairStrands.SkyLighting.JitterIntegration:0]]
[2021.12.02-17.18.32:439][  0]LogConfig: Setting CVar [[r.HairStrands.SkyAO.SampleCount:16]]
[2021.12.02-17.18.32:441][  0]LogInit: Selected Device Profile: [Windows]
[2021.12.02-17.18.32:443][  0]LogInit: Applying CVar settings loaded from the selected device profile: [Windows]
[2021.12.02-17.18.32:453][  0]LogHAL: Display: Platform has ~ 16 GB [17142476800 / 17179869184 / 16], which maps to Larger [LargestMinGB=32, LargerMinGB=12, DefaultMinGB=8, SmallerMinGB=6, SmallestMinGB=0)
[2021.12.02-17.18.32:453][  0]LogInit: Going up to parent DeviceProfile []
[2021.12.02-17.18.32:454][  0]LogConfig: Applying CVar settings from Section [ViewDistanceQuality@Cine] File [D:/Epic Games/asistivna/Asistivna/Saved/Config/Windows/Scalability.ini]
[2021.12.02-17.18.32:455][  0]LogConfig: Setting CVar [[r.SkeletalMeshLODBias:0]]
[2021.12.02-17.18.32:455][  0]LogConfig: Setting CVar [[r.ViewDistanceScale:10.0]]
[2021.12.02-17.18.32:455][  0]LogConfig: Applying CVar settings from Section [AntiAliasingQuality@Cine] File [D:/Epic Games/asistivna/Asistivna/Saved/Config/Windows/Scalability.ini]
[2021.12.02-17.18.32:455][  0]LogConfig: Setting CVar [[r.PostProcessAAQuality:6]]
[2021.12.02-17.18.32:456][  0]LogConfig: Applying CVar settings from Section [ShadowQuality@Cine] File [D:/Epic Games/asistivna/Asistivna/Saved/Config/Windows/Scalability.ini]
[2021.12.02-17.18.32:456][  0]LogConfig: Setting CVar [[r.LightFunctionQuality:1]]
[2021.12.02-17.18.32:456][  0]LogConfig: Setting CVar [[r.ShadowQuality:5]]
[2021.12.02-17.18.32:456][  0]LogConfig: Setting CVar [[r.Shadow.CSM.MaxCascades:10]]
[2021.12.02-17.18.32:456][  0]LogConfig: Setting CVar [[r.Shadow.MaxResolution:4096]]
[2021.12.02-17.18.32:456][  0]LogConfig: Setting CVar [[r.Shadow.MaxCSMResolution:4096]]
[2021.12.02-17.18.32:457][  0]LogConfig: Setting CVar [[r.Shadow.RadiusThreshold:0]]
[2021.12.02-17.18.32:457][  0]LogConfig: Setting CVar [[r.Shadow.DistanceScale:1.0]]
[2021.12.02-17.18.32:457][  0]LogConfig: Setting CVar [[r.Shadow.CSM.TransitionScale:1.0]]
[2021.12.02-17.18.32:457][  0]LogConfig: Setting CVar [[r.Shadow.PreShadowResolutionFactor:1.0]]
[2021.12.02-17.18.32:457][  0]LogConfig: Setting CVar [[r.DistanceFieldShadowing:1]]
[2021.12.02-17.18.32:458][  0]LogConfig: Setting CVar [[r.DistanceFieldAO:1]]
[2021.12.02-17.18.32:458][  0]LogConfig: Setting CVar [[r.AOQuality:2]]
[2021.12.02-17.18.32:458][  0]LogConfig: Setting CVar [[r.VolumetricFog:1]]
[2021.12.02-17.18.32:458][  0]LogConfig: Setting CVar [[r.VolumetricFog.GridPixelSize:4]]
[2021.12.02-17.18.32:458][  0]LogConfig: Setting CVar [[r.VolumetricFog.GridSizeZ:128]]
[2021.12.02-17.18.32:458][  0]LogConfig: Setting CVar [[r.VolumetricFog.HistoryMissSupersampleCount:16]]
[2021.12.02-17.18.32:459][  0]LogConfig: Setting CVar [[r.LightMaxDrawDistanceScale:1]]
[2021.12.02-17.18.32:459][  0]LogConfig: Setting CVar [[r.CapsuleShadows:1]]
[2021.12.02-17.18.32:459][  0]LogConfig: Applying CVar settings from Section [PostProcessQuality@0] File [D:/Epic Games/asistivna/Asistivna/Saved/Config/Windows/Scalability.ini]
[2021.12.02-17.18.32:459][  0]LogConfig: Setting CVar [[r.MotionBlurQuality:0]]
[2021.12.02-17.18.32:459][  0]LogConfig: Setting CVar [[r.AmbientOcclusionMipLevelFactor:1.0]]
[2021.12.02-17.18.32:460][  0]LogConfig: Setting CVar [[r.AmbientOcclusionMaxQuality:0]]
[2021.12.02-17.18.32:460][  0]LogConfig: Setting CVar [[r.AmbientOcclusionLevels:0]]
[2021.12.02-17.18.32:460][  0]LogConfig: Setting CVar [[r.AmbientOcclusionRadiusScale:1.2]]
[2021.12.02-17.18.32:461][  0]LogConfig: Setting CVar [[r.DepthOfFieldQuality:0]]
[2021.12.02-17.18.32:461][  0]LogConfig: Setting CVar [[r.RenderTargetPoolMin:300]]
[2021.12.02-17.18.32:461][  0]LogConfig: Setting CVar [[r.LensFlareQuality:0]]
[2021.12.02-17.18.32:461][  0]LogConfig: Setting CVar [[r.SceneColorFringeQuality:0]]
[2021.12.02-17.18.32:462][  0]LogConfig: Setting CVar [[r.EyeAdaptationQuality:0]]
[2021.12.02-17.18.32:462][  0]LogConfig: Setting CVar [[r.BloomQuality:4]]
[2021.12.02-17.18.32:462][  0]LogConfig: Setting CVar [[r.FastBlurThreshold:0]]
[2021.12.02-17.18.32:462][  0]LogConfig: Setting CVar [[r.Upscale.Quality:1]]
[2021.12.02-17.18.32:462][  0]LogConfig: Setting CVar [[r.Tonemapper.GrainQuantization:0]]
[2021.12.02-17.18.32:462][  0]LogConfig: Setting CVar [[r.LightShaftQuality:0]]
[2021.12.02-17.18.32:463][  0]LogConfig: Setting CVar [[r.Filter.SizeScale:0.6]]
[2021.12.02-17.18.32:463][  0]LogConfig: Setting CVar [[r.Tonemapper.Quality:0]]
[2021.12.02-17.18.32:463][  0]LogConfig: Applying CVar settings from Section [TextureQuality@Cine] File [D:/Epic Games/asistivna/Asistivna/Saved/Config/Windows/Scalability.ini]
[2021.12.02-17.18.32:463][  0]LogConfig: Setting CVar [[r.Streaming.MipBias:0]]
[2021.12.02-17.18.32:463][  0]LogConfig: Setting CVar [[r.Streaming.AmortizeCPUToGPUCopy:0]]
[2021.12.02-17.18.32:464][  0]LogConfig: Setting CVar [[r.Streaming.MaxNumTexturesToStreamPerFrame:0]]
[2021.12.02-17.18.32:464][  0]LogConfig: Setting CVar [[r.Streaming.Boost:1]]
[2021.12.02-17.18.32:464][  0]LogConfig: Setting CVar [[r.MaxAnisotropy:8]]
[2021.12.02-17.18.32:464][  0]LogConfig: Setting CVar [[r.VT.MaxAnisotropy:8]]
[2021.12.02-17.18.32:464][  0]LogConfig: Setting CVar [[r.Streaming.LimitPoolSizeToVRAM:0]]
[2021.12.02-17.18.32:464][  0]LogConfig: Setting CVar [[r.Streaming.PoolSize:3000]]
[2021.12.02-17.18.32:465][  0]LogConfig: Setting CVar [[r.Streaming.MaxEffectiveScreenSize:0]]
[2021.12.02-17.18.32:465][  0]LogConfig: Applying CVar settings from Section [EffectsQuality@Cine] File [D:/Epic Games/asistivna/Asistivna/Saved/Config/Windows/Scalability.ini]
[2021.12.02-17.18.32:465][  0]LogConfig: Setting CVar [[r.TranslucencyLightingVolumeDim:64]]
[2021.12.02-17.18.32:465][  0]LogConfig: Setting CVar [[r.RefractionQuality:2]]
[2021.12.02-17.18.32:465][  0]LogConfig: Setting CVar [[r.SSR.Quality:4]]
[2021.12.02-17.18.32:465][  0]LogConfig: Setting CVar [[r.SSR.HalfResSceneColor:0]]
[2021.12.02-17.18.32:466][  0]LogConfig: Setting CVar [[r.SceneColorFormat:4]]
[2021.12.02-17.18.32:466][  0]LogConfig: Setting CVar [[r.DetailMode:2]]
[2021.12.02-17.18.32:466][  0]LogConfig: Setting CVar [[r.TranslucencyVolumeBlur:1]]
[2021.12.02-17.18.32:466][  0]LogConfig: Setting CVar [[r.MaterialQualityLevel:1 ; High quality]]
[2021.12.02-17.18.32:467][  0]LogConfig: Setting CVar [[r.SSS.Scale:1]]
[2021.12.02-17.18.32:467][  0]LogConfig: Setting CVar [[r.SSS.SampleSet:2]]
[2021.12.02-17.18.32:467][  0]LogConfig: Setting CVar [[r.SSS.Quality:1]]
[2021.12.02-17.18.32:467][  0]LogConfig: Setting CVar [[r.SSS.HalfRes:0]]
[2021.12.02-17.18.32:467][  0]LogConfig: Setting CVar [[r.SSGI.Quality:4]]
[2021.12.02-17.18.32:468][  0]LogConfig: Setting CVar [[r.EmitterSpawnRateScale:1.0]]
[2021.12.02-17.18.32:468][  0]LogConfig: Setting CVar [[r.ParticleLightQuality:2]]
[2021.12.02-17.18.32:468][  0]LogConfig: Setting CVar [[r.SkyAtmosphere.AerialPerspectiveLUT.FastApplyOnOpaque:0]]
[2021.12.02-17.18.32:468][  0]LogConfig: Setting CVar [[r.SkyAtmosphere.AerialPerspectiveLUT.SampleCountPerSlice:2]]
[2021.12.02-17.18.32:468][  0]LogConfig: Setting CVar [[r.SkyAtmosphere.AerialPerspectiveLUT.DepthResolution:32.0]]
[2021.12.02-17.18.32:468][  0]LogConfig: Setting CVar [[r.SkyAtmosphere.FastSkyLUT:0]]
[2021.12.02-17.18.32:468][  0]LogConfig: Setting CVar [[r.SkyAtmosphere.FastSkyLUT.SampleCountMin:4.0]]
[2021.12.02-17.18.32:469][  0]LogConfig: Setting CVar [[r.SkyAtmosphere.FastSkyLUT.SampleCountMax:32.0]]
[2021.12.02-17.18.32:469][  0]LogConfig: Setting CVar [[r.SkyAtmosphere.SampleCountMin:8.0]]
[2021.12.02-17.18.32:469][  0]LogConfig: Setting CVar [[r.SkyAtmosphere.SampleCountMax:32.0]]
[2021.12.02-17.18.32:469][  0]LogConfig: Setting CVar [[r.SkyAtmosphere.TransmittanceLUT.UseSmallFormat:0]]
[2021.12.02-17.18.32:469][  0]LogConfig: Setting CVar [[r.SkyAtmosphere.TransmittanceLUT.SampleCount:30.0]]
[2021.12.02-17.18.32:469][  0]LogConfig: Setting CVar [[r.SkyAtmosphere.MultiScatteringLUT.SampleCount:20.0]]
[2021.12.02-17.18.32:470][  0]LogConfig: Applying CVar settings from Section [FoliageQuality@Cine] File [D:/Epic Games/asistivna/Asistivna/Saved/Config/Windows/Scalability.ini]
[2021.12.02-17.18.32:470][  0]LogConfig: Setting CVar [[foliage.DensityScale:1.0]]
[2021.12.02-17.18.32:470][  0]LogConfig: Setting CVar [[grass.DensityScale:1.0]]
[2021.12.02-17.18.32:470][  0]LogConfig: Applying CVar settings from Section [ShadingQuality@3] File [D:/Epic Games/asistivna/Asistivna/Saved/Config/Windows/Scalability.ini]
[2021.12.02-17.18.32:470][  0]LogConfig: Setting CVar [[r.HairStrands.SkyLighting.SampleCount:16]]
[2021.12.02-17.18.32:470][  0]LogConfig: Setting CVar [[r.HairStrands.SkyLighting.JitterIntegration:0]]
[2021.12.02-17.18.32:470][  0]LogConfig: Setting CVar [[r.HairStrands.SkyAO.SampleCount:16]]
[2021.12.02-17.18.32:470][  0]LogConfig: Applying CVar settings from Section [Startup] File [../../../Engine/Config/ConsoleVariables.ini]
[2021.12.02-17.18.32:471][  0]LogConfig: Setting CVar [[net.UseAdaptiveNetUpdateFrequency:0]]
[2021.12.02-17.18.32:472][  0]LogConfig: Setting CVar [[p.chaos.AllowCreatePhysxBodies:1]]
[2021.12.02-17.18.32:472][  0]LogConfig: Applying CVar settings from Section [ConsoleVariables] File [D:/Epic Games/asistivna/Asistivna/Saved/Config/Windows/Engine.ini]
[2021.12.02-17.18.32:474][  0]LogInit: Computer: DESKTOP-HA56RLI
[2021.12.02-17.18.32:475][  0]LogInit: User: LUKA
[2021.12.02-17.18.32:475][  0]LogInit: CPU Page size=4096, Cores=4
[2021.12.02-17.18.32:475][  0]LogInit: High frequency timer resolution =14.318180 MHz
[2021.12.02-17.18.32:475][  0]LogMemory: Memory total: Physical=16.0GB (16GB approx)
[2021.12.02-17.18.32:476][  0]LogMemory: Platform Memory Stats for Windows
[2021.12.02-17.18.32:476][  0]LogMemory: Process Physical Memory: 106.77 MB used, 106.78 MB peak
[2021.12.02-17.18.32:476][  0]LogMemory: Process Virtual Memory: 100.89 MB used, 100.89 MB peak
[2021.12.02-17.18.32:476][  0]LogMemory: Physical Memory: 12236.36 MB used,  4111.98 MB free, 16348.34 MB total
[2021.12.02-17.18.32:476][  0]LogMemory: Virtual Memory: 5140.96 MB used,  134212584.00 MB free, 134217728.00 MB total
[2021.12.02-17.18.32:502][  0]LogWindows: WindowsPlatformFeatures enabled
[2021.12.02-17.18.34:013][  0]LogInit: Using OS detected language (hr-HR).
[2021.12.02-17.18.34:014][  0]LogInit: Using OS detected locale (en-150).
[2021.12.02-17.18.34:020][  0]LogTextLocalizationManager: No localization for 'hr-HR' exists, so 'en' will be used for the language.
[2021.12.02-17.18.34:721][  0]LogInit: Setting process to per monitor DPI aware
[2021.12.02-17.18.35:010][  0]LogSlate: New Slate User Created.  User Index 0, Is Virtual User: 0
[2021.12.02-17.18.35:011][  0]LogSlate: Slate User Registered.  User Index 0, Is Virtual User: 0
[2021.12.02-17.18.35:964][  0]LogHMD: Failed to initialize OpenVR with code 102
[2021.12.02-17.18.35:968][  0]LogD3D11RHI: D3D11 min allowed feature level: 11_0
[2021.12.02-17.18.35:972][  0]LogD3D11RHI: D3D11 max allowed feature level: 11_0
[2021.12.02-17.18.35:972][  0]LogD3D11RHI: D3D11 adapters:
[2021.12.02-17.18.36:635][  0]LogD3D11RHI:    0. 'AMD Radeon R7 200 Series' (Feature Level 11_0)
[2021.12.02-17.18.36:636][  0]LogD3D11RHI:       2028/0/8174 MB DedicatedVideo/DedicatedSystem/SharedSystem, Outputs:2, VendorId:0x1002
[2021.12.02-17.18.36:719][  0]LogD3D11RHI:    1. 'Microsoft Basic Render Driver' (Feature Level 11_0)
[2021.12.02-17.18.36:719][  0]LogD3D11RHI:       0/0/8174 MB DedicatedVideo/DedicatedSystem/SharedSystem, Outputs:0, VendorId:0x1414
[2021.12.02-17.18.36:719][  0]LogD3D11RHI: Chosen D3D11 Adapter: 0
[2021.12.02-17.18.36:745][  0]LogD3D11RHI: Creating new Direct3DDevice
[2021.12.02-17.18.36:758][  0]LogD3D11RHI:     GPU DeviceId: 0x6613 (for the marketing name, search the web for "GPU Device Id")
[2021.12.02-17.18.36:758][  0]LogWindows: EnumDisplayDevices:
[2021.12.02-17.18.36:759][  0]LogWindows:    0. 'AMD Radeon R7 200 Series' (P:1 D:1)
[2021.12.02-17.18.36:766][  0]LogWindows:    1. 'AMD Radeon R7 200 Series' (P:0 D:1)
[2021.12.02-17.18.36:779][  0]LogWindows:    2. 'AMD Radeon R7 200 Series' (P:0 D:0)
[2021.12.02-17.18.36:781][  0]LogWindows:    3. 'AMD Radeon R7 200 Series' (P:0 D:0)
[2021.12.02-17.18.36:788][  0]LogWindows: DebugString: FoundDriverCount:4 
[2021.12.02-17.18.36:789][  0]LogD3D11RHI:     Adapter Name: AMD Radeon R7 200 Series
[2021.12.02-17.18.36:789][  0]LogD3D11RHI:   Driver Version: Adrenalin 20.10.35.02 (internal:27.20.1034.6, unified:27.20.1034.6)
[2021.12.02-17.18.36:790][  0]LogD3D11RHI:      Driver Date: 8-21-2020
[2021.12.02-17.18.36:790][  0]LogRHI: Texture pool is 1419 MB (70% of 2028 MB)
[2021.12.02-17.18.37:177][  0]LogD3D11RHI: RHI does not have support for 64 bit atomics
[2021.12.02-17.18.37:178][  0]LogD3D11RHI: Async texture creation enabled
[2021.12.02-17.18.37:362][  0]LogD3D11RHI: GPU Timing Frequency: 27.000000 (Debug: 2 1)
[2021.12.02-17.18.39:360][  0]LogTargetPlatformManager: Display: Loaded TargetPlatform 'AllDesktop'
[2021.12.02-17.18.39:600][  0]LogTargetPlatformManager: Display: Loaded TargetPlatform 'Android'
[2021.12.02-17.18.39:601][  0]LogTargetPlatformManager: Display: Loaded TargetPlatform 'Android_ASTC'
[2021.12.02-17.18.39:601][  0]LogTargetPlatformManager: Display: Loaded TargetPlatform 'Android_ATC'
[2021.12.02-17.18.39:602][  0]LogTargetPlatformManager: Display: Loaded TargetPlatform 'Android_DXT'
[2021.12.02-17.18.39:602][  0]LogTargetPlatformManager: Display: Loaded TargetPlatform 'Android_ETC1'
[2021.12.02-17.18.39:602][  0]LogTargetPlatformManager: Display: Loaded TargetPlatform 'Android_ETC1a'
[2021.12.02-17.18.39:603][  0]LogTargetPlatformManager: Display: Loaded TargetPlatform 'Android_ETC2'
[2021.12.02-17.18.39:603][  0]LogTargetPlatformManager: Display: Loaded TargetPlatform 'Android_PVRTC'
[2021.12.02-17.18.39:603][  0]LogTargetPlatformManager: Display: Loaded TargetPlatform 'AndroidClient'
[2021.12.02-17.18.39:603][  0]LogTargetPlatformManager: Display: Loaded TargetPlatform 'Android_ASTCClient'
[2021.12.02-17.18.39:603][  0]LogTargetPlatformManager: Display: Loaded TargetPlatform 'Android_ATCClient'
[2021.12.02-17.18.39:603][  0]LogTargetPlatformManager: Display: Loaded TargetPlatform 'Android_DXTClient'
[2021.12.02-17.18.39:604][  0]LogTargetPlatformManager: Display: Loaded TargetPlatform 'Android_ETC1Client'
[2021.12.02-17.18.39:604][  0]LogTargetPlatformManager: Display: Loaded TargetPlatform 'Android_ETC1aClient'
[2021.12.02-17.18.39:604][  0]LogTargetPlatformManager: Display: Loaded TargetPlatform 'Android_ETC2Client'
[2021.12.02-17.18.39:604][  0]LogTargetPlatformManager: Display: Loaded TargetPlatform 'Android_PVRTCClient'
[2021.12.02-17.18.39:604][  0]LogTargetPlatformManager: Display: Loaded TargetPlatform 'Android_Multi'
[2021.12.02-17.18.39:604][  0]LogTargetPlatformManager: Display: Loaded TargetPlatform 'Android_MultiClient'
[2021.12.02-17.18.39:754][  0]LogTargetPlatformManager: Display: Loaded TargetPlatform 'IOSClient'
[2021.12.02-17.18.39:754][  0]LogTargetPlatformManager: Display: Loaded TargetPlatform 'IOS'
[2021.12.02-17.18.39:905][  0]LogTargetPlatformManager: Display: Loaded TargetPlatform 'LinuxNoEditor'
[2021.12.02-17.18.39:953][  0]LogTargetPlatformManager: Display: Loaded TargetPlatform 'LinuxClient'
[2021.12.02-17.18.40:003][  0]LogTargetPlatformManager: Display: Loaded TargetPlatform 'LinuxServer'
[2021.12.02-17.18.40:043][  0]LogTargetPlatformManager: Display: Loaded TargetPlatform 'LinuxAArch64NoEditor'
[2021.12.02-17.18.40:097][  0]LogTargetPlatformManager: Display: Loaded TargetPlatform 'LinuxAArch64Client'
[2021.12.02-17.18.40:235][  0]LogTargetPlatformManager: Display: Loaded TargetPlatform 'LinuxAArch64Server'
[2021.12.02-17.18.40:312][  0]LogTargetPlatformManager: Display: Loaded TargetPlatform 'Lumin'
[2021.12.02-17.18.40:313][  0]LogTargetPlatformManager: Display: Loaded TargetPlatform 'LuminClient'
[2021.12.02-17.18.40:372][  0]LogTargetPlatformManager: Display: Loaded TargetPlatform 'TVOSClient'
[2021.12.02-17.18.40:374][  0]LogTargetPlatformManager: Display: Loaded TargetPlatform 'TVOS'
[2021.12.02-17.18.40:414][  0]LogTargetPlatformManager: Display: Loaded TargetPlatform 'WindowsNoEditor'
[2021.12.02-17.18.40:566][  0]LogTargetPlatformManager: Display: Loaded TargetPlatform 'Windows'
[2021.12.02-17.18.40:609][  0]LogTargetPlatformManager: Display: Loaded TargetPlatform 'WindowsClient'
[2021.12.02-17.18.40:658][  0]LogTargetPlatformManager: Display: Loaded TargetPlatform 'WindowsServer'
[2021.12.02-17.18.40:658][  0]LogTargetPlatformManager: Display: Building Assets For Windows
[2021.12.02-17.18.45:677][  0]LogAudioDebug: Display: Lib vorbis DLL was dynamically loaded.
[2021.12.02-17.18.46:296][  0]LogShaderCompilers: Guid format shader working directory is 12 characters bigger than the processId version (D:/Epic Games/asistivna/Asistivna/Intermediate/Shaders/WorkingDirectory/9996/).
[2021.12.02-17.18.46:297][  0]LogShaderCompilers: Cleaned the shader compiler working directory 'C:/Users/LUKA/AppData/Local/Temp/UnrealShaderWorkingDir/CEF640664DE96CA90A388AAF4BF1D0CF/'.
[2021.12.02-17.18.46:299][  0]LogXGEController: Cleaning working directory: C:/Users/LUKA/AppData/Local/Temp/UnrealXGEWorkingDir/
[2021.12.02-17.18.46:300][  0]LogXGEController: Cannot use XGE Controller as Incredibuild is not installed on this machine.
[2021.12.02-17.18.46:301][  0]LogShaderCompilers: Cannot use XGE Shader Compiler as Incredibuild is not installed on this machine.
[2021.12.02-17.18.46:301][  0]LogShaderCompilers: Display: Using Local Shader Compiler.
[2021.12.02-17.18.49:296][  0]LogDerivedDataCache: Display: Max Cache Size: 512 MB
[2021.12.02-17.18.50:633][  0]LogDerivedDataCache: Loaded boot cache 1.34s 279MB C:/Users/LUKA/AppData/Local/UnrealEngine/4.24/DerivedDataCache/Boot.ddc.
[2021.12.02-17.18.50:634][  0]LogDerivedDataCache: Display: Loaded Boot cache: C:/Users/LUKA/AppData/Local/UnrealEngine/4.24/DerivedDataCache/Boot.ddc
[2021.12.02-17.18.50:634][  0]LogDerivedDataCache: FDerivedDataBackendGraph:  Pak pak cache file D:/Epic Games/asistivna/Asistivna/DerivedDataCache/DDC.ddp not found, will not use a pak cache.
[2021.12.02-17.18.50:634][  0]LogDerivedDataCache: Unable to find inner node Pak for hierarchical cache Hierarchy.
[2021.12.02-17.18.50:634][  0]LogDerivedDataCache: FDerivedDataBackendGraph:  CompressedPak pak cache file D:/Epic Games/asistivna/Asistivna/DerivedDataCache/Compressed.ddp not found, will not use a pak cache.
[2021.12.02-17.18.50:634][  0]LogDerivedDataCache: Unable to find inner node CompressedPak for hierarchical cache Hierarchy.
[2021.12.02-17.18.50:658][  0]LogDerivedDataCache: Display: Pak cache opened for reading ../../../Engine/DerivedDataCache/Compressed.ddp.
[2021.12.02-17.18.50:658][  0]LogDerivedDataCache: FDerivedDataBackendGraph:  EnterprisePak pak cache file ../../../Enterprise/DerivedDataCache/Compressed.ddp not found, will not use a pak cache.
[2021.12.02-17.18.50:659][  0]LogDerivedDataCache: Unable to find inner node EnterprisePak for hierarchical cache Hierarchy.
[2021.12.02-17.18.50:663][  0]LogDerivedDataCache: Using Local data cache path C:/Users/LUKA/AppData/Local/UnrealEngine/Common/DerivedDataCache: Writable
[2021.12.02-17.18.50:664][  0]LogDerivedDataCache: Shared data cache path not found in *engine.ini, will not use an Shared cache.
[2021.12.02-17.18.50:664][  0]LogDerivedDataCache: Unable to find inner node Shared for hierarchical cache Hierarchy.
[2021.12.02-17.18.50:750][  0]LogMaterial: Verifying Global Shaders for PCD3D_SM5
[2021.12.02-17.18.50:763][  0]LogSlate: Using FreeType 2.10.0
[2021.12.02-17.18.50:773][  0]LogSlate: SlateFontServices - WITH_FREETYPE: 1, WITH_HARFBUZZ: 1
[2021.12.02-17.18.51:133][  0]LogAssetRegistry: FAssetRegistry took 0.0143 seconds to start up
[2021.12.02-17.18.52:507][  0]LogInit: Selected Device Profile: [Windows]
[2021.12.02-17.18.53:536][  0]LogMeshReduction: Using QuadricMeshReduction for automatic static mesh reduction
[2021.12.02-17.18.53:537][  0]LogMeshReduction: Using SimplygonMeshReduction for automatic skeletal mesh reduction
[2021.12.02-17.18.53:537][  0]LogMeshReduction: Using ProxyLODMeshReduction for automatic mesh merging
[2021.12.02-17.18.53:537][  0]LogMeshReduction: No distributed automatic mesh merging module available
[2021.12.02-17.18.53:537][  0]LogMeshMerging: No distributed automatic mesh merging module available
[2021.12.02-17.18.53:609][  0]LogNetVersion: Asistivna 1.0.0, NetCL: 10570792, EngineNetVer: 13, GameNetVer: 0 (Checksum: 2527849711)
[2021.12.02-17.18.57:371][  0]LogPackageLocalizationCache: Processed 10 localized package path(s) for 1 prioritized culture(s) in 0.075507 seconds
[2021.12.02-17.18.57:387][  0]LogUObjectArray: 46750 objects as part of root set at end of initial load.
[2021.12.02-17.18.57:387][  0]LogUObjectAllocator: 8137160 out of 0 bytes used by permanent object pool.
[2021.12.02-17.18.57:387][  0]LogUObjectArray: CloseDisregardForGC: 0/0 objects in disregard for GC pool
[2021.12.02-17.18.59:974][  0]LogTcpMessaging: Initializing TcpMessaging bridge
[2021.12.02-17.19.00:006][  0]LogUdpMessaging: Initializing bridge on interface 0.0.0.0:0 to multicast group 230.0.0.1:6666.
[2021.12.02-17.19.00:681][  0]SourceControl: Source control is disabled
[2021.12.02-17.19.00:682][  0]SourceControl: Source control is disabled
[2021.12.02-17.19.00:711][  0]SourceControl: Source control is disabled
[2021.12.02-17.19.00:734][  0]SourceControl: Source control is disabled
[2021.12.02-17.19.00:755][  0]SourceControl: Source control is disabled
[2021.12.02-17.19.01:651][  0]LogAndroidPermission: UAndroidPermissionCallbackProxy::GetInstance
[2021.12.02-17.19.01:821][  0]LogAudioCaptureCore: Display: No Audio Capture implementations found. Audio input will be silent.
[2021.12.02-17.19.01:822][  0]LogAudioCaptureCore: Display: No Audio Capture implementations found. Audio input will be silent.
[2021.12.02-17.19.02:204][  0]LogOcInput: OculusInput pre-init called
[2021.12.02-17.19.02:311][  0]LogWindows: Failed to load 'OVRPlugin.dll' (GetLastError=126)
[2021.12.02-17.19.02:312][  0]LogWindows: File 'OVRPlugin.dll' does not exist
[2021.12.02-17.19.02:698][  0]LogEngine: Initializing Engine...
[2021.12.02-17.19.02:707][  0]LogHMD: Failed to initialize OpenVR with code 102
[2021.12.02-17.19.02:714][  0]LogStats: UGameplayTagsManager::InitializeManager -  0.002 s
[2021.12.02-17.19.03:505][  0]LogInit: Initializing FReadOnlyCVARCache
[2021.12.02-17.19.03:602][  0]LogAIModule: Creating AISystem for world Untitled
[2021.12.02-17.19.03:645][  0]LogAudioMixer: Display: Audio Mixer Platform Settings:
[2021.12.02-17.19.03:646][  0]LogAudioMixer: Display: 	Sample Rate:						  48000
[2021.12.02-17.19.03:646][  0]LogAudioMixer: Display: 	Callback Buffer Frame Size Requested: 1024
[2021.12.02-17.19.03:646][  0]LogAudioMixer: Display: 	Callback Buffer Frame Size To Use:	  1024
[2021.12.02-17.19.03:647][  0]LogAudioMixer: Display: 	Number of buffers to queue:			  2
[2021.12.02-17.19.03:647][  0]LogAudioMixer: Display: 	Max Channels (voices):				  32
[2021.12.02-17.19.03:647][  0]LogAudioMixer: Display: 	Number of Async Source Workers:		  0
[2021.12.02-17.19.03:648][  0]LogAudio: Display: AudioDevice MaxSources: 32
[2021.12.02-17.19.03:651][  0]LogAudio: Display: Using built-in audio occlusion.
[2021.12.02-17.19.03:652][  0]LogAudioMixer: Display: Initializing audio mixer.
[2021.12.02-17.19.03:763][  0]LogAudioMixer: Display: Audio Device Output Speaker Info:
[2021.12.02-17.19.03:763][  0]LogAudioMixer: Display: Name: Speakers (High Definition Audio Device)
[2021.12.02-17.19.03:764][  0]LogAudioMixer: Display: Is Default: Yes
[2021.12.02-17.19.03:764][  0]LogAudioMixer: Display: Sample Rate: 48000
[2021.12.02-17.19.03:764][  0]LogAudioMixer: Display: Channel Count Used: 2
[2021.12.02-17.19.03:764][  0]LogAudioMixer: Display: Device Channel Count: 2
[2021.12.02-17.19.03:764][  0]LogAudioMixer: Display: Channel Order:
[2021.12.02-17.19.03:764][  0]LogAudioMixer: Display: 0: FrontLeft
[2021.12.02-17.19.03:765][  0]LogAudioMixer: Display: 1: FrontRight
[2021.12.02-17.19.03:838][  0]LogAudioMixer: Display: Using Audio Device Speakers (High Definition Audio Device)
[2021.12.02-17.19.03:859][  0]LogInit: FAudioDevice initialized.
[2021.12.02-17.19.03:860][  0]LogNetVersion: Set ProjectVersion to 1.0.0.0. Version Checksum will be recalculated on next use.
[2021.12.02-17.19.04:313][  0]LogDerivedDataCache: Saved boot cache 0.45s 78MB C:/Users/LUKA/AppData/Local/UnrealEngine/4.24/DerivedDataCache/Boot.ddc.
[2021.12.02-17.19.04:314][  0]LogInit: Texture streaming: Enabled
[2021.12.02-17.19.04:474][  0]LogEngineSessionManager: EngineSessionManager initialized
[2021.12.02-17.19.04:474][  0]LogEditorSessionSummary: Verbose: Initializing EditorSessionSummaryWriter for editor session tracking
[2021.12.02-17.19.04:484][  0]LogEditorSessionSummary: EditorSessionSummaryWriter initialized
[2021.12.02-17.19.04:779][  0]LogInit: Transaction tracking system initialized
[2021.12.02-17.19.05:337][  0]BlueprintLog: New page: Editor Load
[2021.12.02-17.19.05:824][  0]LocalizationService: Localization service is disabled
[2021.12.02-17.19.07:976][  0]LogFileCache: Scanning file cache for directory 'D:/Epic Games/asistivna/Asistivna/Content/' took 0.01s
[2021.12.02-17.19.07:976][  0]LogCook: Display: Max memory allowance for cook 16384mb min free memory 0mb
[2021.12.02-17.19.07:977][  0]LogCook: Display: Mobile HDR setting 1
[2021.12.02-17.19.10:072][  0]SourceControl: Source control is disabled
[2021.12.02-17.19.10:075][  0]Cmd: MAP LOAD FILE="D:/Epic Games/asistivna/Asistivna/Content/RollingCPP/Maps/RollingExampleMap.umap" TEMPLATE=0 SHOWPROGRESS=1 FEATURELEVEL=3
[2021.12.02-17.19.10:077][  0]LightingResults: New page: Lighting Build
[2021.12.02-17.19.10:084][  0]LogWorld: UWorld::CleanupWorld for Untitled, bSessionEnded=true, bCleanupResources=true
[2021.12.02-17.19.10:085][  0]LogSlate: InvalidateAllWidgets triggered.  All widgets were invalidated
[2021.12.02-17.19.10:087][  0]MapCheck: New page: Map Check
[2021.12.02-17.19.10:087][  0]LightingResults: New page: Lighting Build
[2021.12.02-17.19.10:204][  0]LogUObjectHash: Compacting FUObjectHashTables data took   4.38ms
[2021.12.02-17.19.11:031][  0]LogAIModule: Creating AISystem for world RollingExampleMap
[2021.12.02-17.19.11:076][  0]LogEditorServer: Finished looking for orphan Actors (0.000 secs)
[2021.12.02-17.19.11:208][  0]LogUObjectHash: Compacting FUObjectHashTables data took   3.89ms
[2021.12.02-17.19.11:209][  0]Cmd: MAP CHECKDEP NOCLEARLOG
[2021.12.02-17.19.11:209][  0]MapCheck: Map check complete: 0 Error(s), 0 Warning(s), took 0.495ms to complete.
[2021.12.02-17.19.11:210][  0]LogFileHelpers: Loading map 'RollingExampleMap' took 1.136
[2021.12.02-17.19.13:914][  0]LogSlate: Updating window title bar state: overlay mode, drag disabled, window buttons hidden, title bar hidden
[2021.12.02-17.19.13:926][  0]LogSlate: Updating window title bar state: overlay mode, drag disabled, window buttons hidden, title bar hidden
[2021.12.02-17.19.13:938][  0]LogSlate: Updating window title bar state: overlay mode, drag disabled, window buttons hidden, title bar hidden
[2021.12.02-17.19.13:949][  0]LogSlate: Updating window title bar state: overlay mode, drag disabled, window buttons hidden, title bar hidden
[2021.12.02-17.19.14:057][  0]LogCollectionManager: Loaded 0 collections in 0.003692 seconds
[2021.12.02-17.19.14:114][  0]LogFileCache: Scanning file cache for directory 'D:/Epic Games/asistivna/Asistivna/Saved/Collections/' took 0.00s
[2021.12.02-17.19.14:114][  0]LogFileCache: Scanning file cache for directory 'D:/Epic Games/asistivna/Asistivna/Content/Developers/LUKA/Collections/' took 0.01s
[2021.12.02-17.19.14:114][  0]LogFileCache: Scanning file cache for directory 'D:/Epic Games/asistivna/Asistivna/Content/Collections/' took 0.00s
[2021.12.02-17.19.14:115][  0]LogContentBrowser: Native class hierarchy populated in 0.0191 seconds. Added 3017 classes and 719 folders.
[2021.12.02-17.19.14:131][  0]LogContentBrowser: Native class hierarchy updated for 'WidgetCarousel' in 0.0010 seconds. Added 0 classes and 0 folders.
[2021.12.02-17.19.14:460][  0]LogContentBrowser: Native class hierarchy updated for 'AddContentDialog' in 0.0006 seconds. Added 0 classes and 0 folders.
[2021.12.02-17.19.14:578][  0]LogContentBrowser: Native class hierarchy updated for 'SceneOutliner' in 0.0008 seconds. Added 2 classes and 3 folders.
[2021.12.02-17.19.14:902][  0]LogSlate: Took 0.001385 seconds to synchronously load lazily loaded font '../../../Engine/Content/Slate/Fonts/Roboto-Regular.ttf' (155K)
[2021.12.02-17.19.14:910][  0]LogSlate: Took 0.001437 seconds to synchronously load lazily loaded font '../../../Engine/Content/Slate/Fonts/Roboto-Bold.ttf' (160K)
[2021.12.02-17.19.14:922][  0]LogSlate: Took 0.001498 seconds to synchronously load lazily loaded font '../../../Engine/Content/Editor/Slate/Fonts/FontAwesome.ttf' (139K)
[2021.12.02-17.19.15:142][  0]LogRenderer: Reallocating scene render targets to support 1012x488 Format 10 NumSamples 1 (Frame:1).
[2021.12.02-17.19.15:583][  0]LogContentBrowser: Native class hierarchy updated for 'HierarchicalLODOutliner' in 0.0006 seconds. Added 0 classes and 0 folders.
[2021.12.02-17.19.15:584][  0]LogLoad: (Engine Initialization) Total time: 58.76 seconds
[2021.12.02-17.19.15:584][  0]LogLoad: (Engine Initialization) Total Blueprint compile time: 0.00 seconds
[2021.12.02-17.19.15:728][  0]LogContentStreaming: Texture pool size now 3000 MB
[2021.12.02-17.19.15:774][  0]LogSlate: Took 0.001663 seconds to synchronously load lazily loaded font '../../../Engine/Content/Slate/Fonts/Roboto-Light.ttf' (167K)
[2021.12.02-17.19.16:605][  7]LogAssetRegistry: Asset discovery search completed in 25.4795 seconds
[2021.12.02-17.19.16:614][  7]LogCollectionManager: Fixed up redirectors for 0 collections in 0.000055 seconds (updated 0 objects)
[2021.12.02-17.19.50:198][329]LogSlate: Took 0.000414 seconds to synchronously load lazily loaded font '../../../Engine/Content/Slate/Fonts/Roboto-Light.ttf' (167K)
[2021.12.02-17.19.50:346][329]LogSlate: WidgetSwitcher ('None') active index changed to -1
[2021.12.02-17.19.50:348][329]LogSlate: WidgetSwitcher ('None') active index changed to 0
[2021.12.02-17.19.50:460][329]LogSlate: Took 0.001756 seconds to synchronously load lazily loaded font '../../../Engine/Content/Slate/Fonts/Roboto-BoldCondensed.ttf' (158K)
[2021.12.02-17.19.53:989][432]LogSlate: WidgetSwitcher ('None') active index changed to 1
[2021.12.02-17.20.11:308][ 16]Candidate modules for hot reload:
[2021.12.02-17.20.11:308][ 16]  Asistivna
[2021.12.02-17.20.11:308][ 16]Launching UnrealBuildTool... [C:/Program Files/Epic Games/UE_4.24/Engine/Binaries/DotNET/UnrealBuildTool.exe  -ModuleWithSuffix=Asistivna,3690 Win64 Development -TargetType=Editor -Project="D:/Epic Games/asistivna/Asistivna/Asistivna.uproject" "D:/Epic Games/asistivna/Asistivna/Asistivna.uproject"  -IgnoreJunk]
[2021.12.02-17.25.41:728][ 16]CompilerResultsLog: New page: Compilation - 2 Dec 2021, 19:25:41
[2021.12.02-17.25.41:728][ 16]CompilerResultsLog: Using 'git status' to determine working set for adaptive non-unity build (D:\Epic Games\asistivna).
[2021.12.02-17.25.41:729][ 16]CompilerResultsLog: Creating makefile for AsistivnaEditor (.uproject file is newer)
[2021.12.02-17.25.41:729][ 16]CompilerResultsLog: Parsing headers for AsistivnaEditor
[2021.12.02-17.25.41:729][ 16]CompilerResultsLog:   Running UnrealHeaderTool "D:\Epic Games\asistivna\Asistivna\Asistivna.uproject" "D:\Epic Games\asistivna\Asistivna\Intermediate\Build\Win64\AsistivnaEditor\Development\AsistivnaEditor.uhtmanifest" -LogCmds="loginit warning, logexit warning, logdatabase error" -Unattended -WarningsAsErrors -installed
[2021.12.02-17.25.41:729][ 16]CompilerResultsLog: Reflection code generated for AsistivnaEditor in 19,8523062 seconds
[2021.12.02-17.25.41:730][ 16]CompilerResultsLog: Building AsistivnaEditor...
[2021.12.02-17.25.41:730][ 16]CompilerResultsLog: Using Visual Studio 2019 14.29.30136 toolchain (D:\Visual Studio\VC\Tools\MSVC\14.29.30133) and Windows 10.0.18362.0 SDK (C:\Program Files (x86)\Windows Kits\10).
[2021.12.02-17.25.41:730][ 16]CompilerResultsLog: Building 11 actions with 8 processes...
[2021.12.02-17.25.41:730][ 16]CompilerResultsLog:   [1/11] Asistivna.init.gen.cpp
[2021.12.02-17.25.41:730][ 16]CompilerResultsLog:   [2/11] Ball.cpp
[2021.12.02-17.25.41:730][ 16]CompilerResultsLog:   [3/11] AsistivnaGameMode.cpp
[2021.12.02-17.25.41:731][ 16]CompilerResultsLog:   [4/11] Asistivna.cpp
[2021.12.02-17.25.41:731][ 16]CompilerResultsLog:   [5/11] AsistivnaGameMode.gen.cpp
[2021.12.02-17.25.41:731][ 16]CompilerResultsLog:   [6/11] Ball.gen.cpp
[2021.12.02-17.25.41:731][ 16]CompilerResultsLog:   [7/11] AsistivnaBall.gen.cpp
[2021.12.02-17.25.41:732][ 16]CompilerResultsLog:   [8/11] AsistivnaBall.cpp
[2021.12.02-17.25.41:732][ 16]CompilerResultsLog:   [9/11] UE4Editor-Asistivna-3690.lib
[2021.12.02-17.25.41:732][ 16]CompilerResultsLog:      Creating library D:\Epic Games\asistivna\Asistivna\Intermediate\Build\Win64\UE4Editor\Development\Asistivna\UE4Editor-Asistivna-3690.lib and object D:\Epic Games\asistivna\Asistivna\Intermediate\Build\Win64\UE4Editor\Development\Asistivna\UE4Editor-Asistivna-3690.exp
[2021.12.02-17.25.41:732][ 16]CompilerResultsLog:   [10/11] UE4Editor-Asistivna-3690.dll
[2021.12.02-17.25.41:732][ 16]CompilerResultsLog:      Creating library D:\Epic Games\asistivna\Asistivna\Intermediate\Build\Win64\UE4Editor\Development\Asistivna\UE4Editor-Asistivna-3690.suppressed.lib and object D:\Epic Games\asistivna\Asistivna\Intermediate\Build\Win64\UE4Editor\Development\Asistivna\UE4Editor-Asistivna-3690.suppressed.exp
[2021.12.02-17.25.41:733][ 16]CompilerResultsLog:   [11/11] AsistivnaEditor.target
[2021.12.02-17.25.41:739][ 16]CompilerResultsLog: Total time in Parallel executor: 303,79 seconds
[2021.12.02-17.25.41:740][ 16]CompilerResultsLog: Total execution time: 330,11 seconds
[2021.12.02-17.25.41:741][ 16]LogMainFrame: MainFrame: Module compiling took 330.443 seconds
[2021.12.02-17.25.41:848][ 16]LogUObjectHash: Compacting FUObjectHashTables data took   2.29ms
[2021.12.02-17.25.41:920][ 16]LogClass: Could not find existing class Ball in package /Script/Asistivna for HotReload, assuming new class
[2021.12.02-17.25.41:926][ 16]LogContentBrowser: Native class hierarchy updated for 'Asistivna' in 0.0007 seconds. Added 3 classes and 2 folders.
[2021.12.02-17.25.41:931][ 16]Display: HotReload successful (0 functions remapped  0 scriptstructs remapped)
[2021.12.02-17.25.42:734][ 16]LogUObjectHash: Compacting FUObjectHashTables data took   3.00ms
[2021.12.02-17.25.42:760][ 16]LogContentBrowser: Native class hierarchy populated in 0.0160 seconds. Added 3020 classes and 722 folders.
[2021.12.02-17.25.42:761][ 16]Display: HotReload took 331.6s.
[2021.12.02-17.25.42:764][ 16]Warning: HotReload operation took 331.6s.
[2021.12.02-17.25.43:928][ 16]LogSlate: Window 'Add C++ Class' being destroyed
[2021.12.02-17.25.44:103][ 17]LogHotReload: New module detected: UE4Editor-Asistivna-3690.dll
[2021.12.02-17.25.44:181][ 18]LogHotReload: Starting Hot-Reload from IDE
[2021.12.02-17.25.44:435][ 18]LogUObjectHash: Compacting FUObjectHashTables data took  25.70ms
[2021.12.02-17.25.44:498][ 18]LogContentBrowser: Native class hierarchy updated for 'Asistivna' in 0.0025 seconds. Added 3 classes and 2 folders.
[2021.12.02-17.25.44:751][ 18]Display: HotReload successful (0 functions remapped  0 scriptstructs remapped)
[2021.12.02-17.25.44:866][ 18]LogUObjectHash: Compacting FUObjectHashTables data took   6.37ms
[2021.12.02-17.25.44:909][ 18]LogContentBrowser: Native class hierarchy populated in 0.0305 seconds. Added 3020 classes and 722 folders.
[2021.12.02-17.25.44:916][ 18]Display: HotReload took  0.7s.
