Log file open, 12/26/21 17:15:57
LogWindows: Failed to load 'aqProf.dll' (GetLastError=126)
LogWindows: File 'aqProf.dll' does not exist
LogWindows: Failed to load 'VtuneApi.dll' (GetLastError=126)
LogWindows: File 'VtuneApi.dll' does not exist
LogWindows: Failed to load 'VtuneApi32e.dll' (GetLastError=126)
LogWindows: File 'VtuneApi32e.dll' does not exist
LogConsoleResponse: Display: Failed to find resolution value strings in scalability ini. Falling back to default.
LogInit: Display: Running engine for game: Asistivna
LogPlatformFile: Not using cached read wrapper
LogTaskGraph: Started task graph with 5 named threads and 35 total threads with 3 sets of task threads.
LogStats: Stats thread started at 0.117400
LogD3D11RHI: Loaded GFSDK_Aftermath_Lib.x64.dll
LogICUInternationalization: ICU TimeZone Detection - Raw Offset: +1:00, Platform Override: ''
LogPluginManager: Mounting plugin Paper2D
LogPluginManager: Mounting plugin AISupport
LogPluginManager: Mounting plugin LightPropagationVolume
LogPluginManager: Mounting plugin ActorLayerUtilities
LogPluginManager: Mounting plugin AnimationSharing
LogPluginManager: Mounting plugin CLionSourceCodeAccess
LogPluginManager: Mounting plugin CodeLiteSourceCodeAccess
LogPluginManager: Mounting plugin GitSourceControl
LogPluginManager: Mounting plugin KDevelopSourceCodeAccess
LogPluginManager: Mounting plugin NullSourceCodeAccess
LogPluginManager: Mounting plugin PerforceSourceControl
LogPluginManager: Mounting plugin PlasticSourceControl
LogPluginManager: Mounting plugin SubversionSourceControl
LogPluginManager: Mounting plugin UObjectPlugin
LogPluginManager: Mounting plugin VisualStudioCodeSourceCodeAccess
LogPluginManager: Mounting plugin VisualStudioSourceCodeAccess
LogPluginManager: Mounting plugin XCodeSourceCodeAccess
LogPluginManager: Mounting plugin AssetManagerEditor
LogPluginManager: Mounting plugin CryptoKeys
LogPluginManager: Mounting plugin CurveEditorTools
LogPluginManager: Mounting plugin DataValidation
LogPluginManager: Mounting plugin FacialAnimation
LogPluginManager: Mounting plugin GameplayTagsEditor
LogPluginManager: Mounting plugin MacGraphicsSwitching
LogPluginManager: Mounting plugin MaterialAnalyzer
LogPluginManager: Mounting plugin MobileLauncherProfileWizard
LogPluginManager: Mounting plugin PluginBrowser
LogPluginManager: Mounting plugin SpeedTreeImporter
LogPluginManager: Mounting plugin DatasmithContent
LogPluginManager: Mounting plugin VariantManagerContent
LogPluginManager: Mounting plugin AlembicImporter
LogPluginManager: Mounting plugin AutomationUtils
LogPluginManager: Mounting plugin BackChannel
LogPluginManager: Mounting plugin CharacterAI
LogPluginManager: Mounting plugin GeometryCache
LogPluginManager: Mounting plugin PlatformCrypto
LogPluginManager: Mounting plugin ProxyLODPlugin
LogPluginManager: Mounting plugin SkeletalReduction
LogPluginManager: Mounting plugin MagicLeap
LogPluginManager: Mounting plugin MagicLeapMedia
LogPluginManager: Mounting plugin MLSDK
LogPluginManager: Mounting plugin AndroidMedia
LogPluginManager: Mounting plugin AvfMedia
LogPluginManager: Mounting plugin ImgMedia
LogPluginManager: Mounting plugin MediaCompositing
LogPluginManager: Mounting plugin MediaPlayerEditor
LogPluginManager: Mounting plugin WebMMedia
LogPluginManager: Mounting plugin WmfMedia
LogPluginManager: Mounting plugin TcpMessaging
LogPluginManager: Mounting plugin UdpMessaging
LogPluginManager: Mounting plugin ActorSequence
LogPluginManager: Mounting plugin LevelSequenceEditor
LogPluginManager: Mounting plugin MatineeToLevelSequence
LogPluginManager: Mounting plugin NetcodeUnitTest
LogPluginManager: Mounting plugin NUTUnrealEngine4
LogPluginManager: Mounting plugin OnlineSubsystemGooglePlay
LogPluginManager: Mounting plugin OnlineSubsystemIOS
LogPluginManager: Mounting plugin OnlineSubsystem
LogPluginManager: Mounting plugin OnlineSubsystemNull
LogPluginManager: Mounting plugin OnlineSubsystemUtils
LogPluginManager: Mounting plugin LauncherChunkInstaller
LogPluginManager: Mounting plugin AndroidDeviceProfileSelector
LogPluginManager: Mounting plugin AndroidMoviePlayer
LogPluginManager: Mounting plugin AndroidPermission
LogPluginManager: Mounting plugin AppleImageUtils
LogPluginManager: Mounting plugin AppleMoviePlayer
LogPluginManager: Mounting plugin ArchVisCharacter
LogPluginManager: Mounting plugin AssetTags
LogPluginManager: Mounting plugin AudioCapture
LogPluginManager: Mounting plugin CableComponent
LogPluginManager: Mounting plugin CustomMeshComponent
LogPluginManager: Mounting plugin EditableMesh
LogPluginManager: Mounting plugin ExampleDeviceProfileSelector
LogPluginManager: Mounting plugin GoogleCloudMessaging
LogPluginManager: Mounting plugin IOSDeviceProfileSelector
LogPluginManager: Mounting plugin LinuxDeviceProfileSelector
LogPluginManager: Mounting plugin LocationServicesBPLibrary
LogPluginManager: Mounting plugin MobilePatchingUtils
LogPluginManager: Mounting plugin OculusVR
LogPluginManager: Mounting plugin PhysXVehicles
LogPluginManager: Mounting plugin PostSplashScreen
LogPluginManager: Mounting plugin ProceduralMeshComponent
LogPluginManager: Mounting plugin RuntimePhysXCooking
LogPluginManager: Mounting plugin SignificanceManager
LogPluginManager: Mounting plugin SteamVR
LogPluginManager: Mounting plugin WebMMoviePlayer
LogPluginManager: Mounting plugin WindowsMoviePlayer
LogPluginManager: Mounting plugin ScreenshotTools
LogInit: Using libcurl 7.55.1-DEV
LogInit:  - built for x86_64-pc-win32
LogInit:  - supports SSL with OpenSSL/1.1.1
LogInit:  - supports HTTP deflate (compression) using libz 1.2.8
LogInit:  - other features:
LogInit:      CURL_VERSION_SSL
LogInit:      CURL_VERSION_LIBZ
LogInit:      CURL_VERSION_IPV6
LogInit:      CURL_VERSION_ASYNCHDNS
LogInit:      CURL_VERSION_LARGEFILE
LogInit:      CURL_VERSION_IDN
LogInit:  CurlRequestOptions (configurable via config and command line):
LogInit:  - bVerifyPeer = true  - Libcurl will verify peer certificate
LogInit:  - bUseHttpProxy = false  - Libcurl will NOT use HTTP proxy
LogInit:  - bDontReuseConnections = false  - Libcurl will reuse connections
LogInit:  - MaxHostConnections = 16  - Libcurl will limit the number of connections to a host
LogInit:  - LocalHostAddr = Default
LogInit:  - BufferSize = 65536
LogOnline: OSS: Creating online subsystem instance for: NULL
LogInit: WinSock: version 1.1 (2.2), MaxSocks=32767, MaxUdp=65467
LogOnline: OSS: TryLoadSubsystemAndSetDefault: Loaded subsystem for module [NULL]
LogInit: Build: ++UE4+Release-4.24-CL-11590370
LogInit: Engine Version: 4.24.3-11590370+++UE4+Release-4.24
LogInit: Compatible Engine Version: 4.24.0-10570792+++UE4+Release-4.24
LogInit: Net CL: 10570792
LogInit: OS: Windows 10 (Release 2009) (), CPU: AMD Ryzen 5 5600X 6-Core Processor             , GPU: NVIDIA GeForce GTX 1660 Ti
LogInit: Compiled (64-bit): Feb 24 2020 15:39:18
LogInit: Compiled with Visual C++: 19.16.27032.01
LogInit: Build Configuration: Development
LogInit: Branch Name: ++UE4+Release-4.24
LogInit: Command Line:  -skipcompile
LogInit: Base Directory: C:/Program Files/Epic Games/UE_4.24/Engine/Binaries/Win64/
LogInit: Installed Engine Build: 1
LogDevObjectVersion: Number of dev versions registered: 25
LogDevObjectVersion:   Dev-Blueprints (B0D832E4-1F89-4F0D-ACCF-7EB736FD4AA2): 10
LogDevObjectVersion:   Dev-Build (E1C64328-A22C-4D53-A36C-8E866417BD8C): 0
LogDevObjectVersion:   Dev-Core (375EC13C-06E4-48FB-B500-84F0262A717E): 3
LogDevObjectVersion:   Dev-Editor (E4B068ED-F494-42E9-A231-DA0B2E46BB41): 37
LogDevObjectVersion:   Dev-Framework (CFFC743F-43B0-4480-9391-14DF171D2073): 36
LogDevObjectVersion:   Dev-Mobile (B02B49B5-BB20-44E9-A304-32B752E40360): 2
LogDevObjectVersion:   Dev-Networking (A4E4105C-59A1-49B5-A7C5-40C4547EDFEE): 0
LogDevObjectVersion:   Dev-Online (39C831C9-5AE6-47DC-9A44-9C173E1C8E7C): 0
LogDevObjectVersion:   Dev-Physics (78F01B33-EBEA-4F98-B9B4-84EACCB95AA2): 2
LogDevObjectVersion:   Dev-Platform (6631380F-2D4D-43E0-8009-CF276956A95A): 0
LogDevObjectVersion:   Dev-Rendering (12F88B9F-8875-4AFC-A67C-D90C383ABD29): 36
LogDevObjectVersion:   Dev-Sequencer (7B5AE74C-D270-4C10-A958-57980B212A5A): 11
LogDevObjectVersion:   Dev-VR (D7296918-1DD6-4BDD-9DE2-64A83CC13884): 2
LogDevObjectVersion:   Dev-LoadTimes (C2A15278-BFE7-4AFE-6C17-90FF531DF755): 1
LogDevObjectVersion:   Private-Geometry (6EACA3D4-40EC-4CC1-B786-8BED09428FC5): 3
LogDevObjectVersion:   Dev-AnimPhys (29E575DD-E0A3-4627-9D10-D276232CDCEA): 17
LogDevObjectVersion:   Dev-Anim (AF43A65D-7FD3-4947-9873-3E8ED9C1BB05): 2
LogDevObjectVersion:   Dev-ReflectionCapture (6B266CEC-1EC7-4B8F-A30B-E4D90942FC07): 1
LogDevObjectVersion:   Dev-Automation (0DF73D61-A23F-47EA-B727-89E90C41499A): 1
LogDevObjectVersion:   FortniteMain (601D1886-AC64-4F84-AA16-D3DE0DEAC7D6): 31
LogDevObjectVersion:   Dev-Enterprise (9DFFBCD6-494F-0158-E221-12823C92A888): 8
LogDevObjectVersion:   Dev-Niagara (F2AED0AC-9AFE-416F-8664-AA7FFA26D6FC): 1
LogDevObjectVersion:   Dev-Destruction (174F1F0B-B4C6-45A5-B13F-2EE8D0FB917D): 9
LogDevObjectVersion:   Dev-Physics-Ext (35F94A83-E258-406C-A318-09F59610247C): 8
LogDevObjectVersion:   Dev-CineCamera (B2E18506-4273-CFC2-A54E-F4BB758BBA07): 1
LogInit: Presizing for max 25165824 objects, including 0 objects not considered by GC, pre-allocating 0 bytes for permanent pool.
LogInit: Object subsystem initialized
LogConfig: Setting CVar [[con.DebugEarlyDefault:1]]
LogConfig: Setting CVar [[r.setres:1280x720]]
[2021.12.26-16.15.58:154][  0]LogConfig: Setting CVar [[r.VSync:0]]
[2021.12.26-16.15.58:154][  0]LogConfig: Setting CVar [[r.RHICmdBypass:0]]
[2021.12.26-16.15.58:154][  0]LogConfig: Applying CVar settings from Section [/Script/Engine.RendererSettings] File [E:/Epic Games/asistivna/Asistivna/Saved/Config/Windows/Engine.ini]
[2021.12.26-16.15.58:154][  0]LogConfig: Setting CVar [[r.GPUCrashDebugging:0]]
[2021.12.26-16.15.58:154][  0]LogConfig: Applying CVar settings from Section [/Script/Engine.RendererOverrideSettings] File [E:/Epic Games/asistivna/Asistivna/Saved/Config/Windows/Engine.ini]
[2021.12.26-16.15.58:154][  0]LogConfig: Applying CVar settings from Section [/Script/Engine.StreamingSettings] File [E:/Epic Games/asistivna/Asistivna/Saved/Config/Windows/Engine.ini]
[2021.12.26-16.15.58:154][  0]LogConfig: Setting CVar [[s.MinBulkDataSizeForAsyncLoading:131072]]
[2021.12.26-16.15.58:154][  0]LogConfig: Setting CVar [[s.AsyncLoadingThreadEnabled:0]]
[2021.12.26-16.15.58:154][  0]LogConfig: Setting CVar [[s.EventDrivenLoaderEnabled:1]]
[2021.12.26-16.15.58:154][  0]LogConfig: Setting CVar [[s.WarnIfTimeLimitExceeded:0]]
[2021.12.26-16.15.58:154][  0]LogConfig: Setting CVar [[s.TimeLimitExceededMultiplier:1.5]]
[2021.12.26-16.15.58:154][  0]LogConfig: Setting CVar [[s.TimeLimitExceededMinTime:0.005]]
[2021.12.26-16.15.58:154][  0]LogConfig: Setting CVar [[s.UseBackgroundLevelStreaming:1]]
[2021.12.26-16.15.58:154][  0]LogConfig: Setting CVar [[s.PriorityAsyncLoadingExtraTime:15.0]]
[2021.12.26-16.15.58:154][  0]LogConfig: Setting CVar [[s.LevelStreamingActorsUpdateTimeLimit:5.0]]
[2021.12.26-16.15.58:155][  0]LogConfig: Setting CVar [[s.PriorityLevelStreamingActorsUpdateExtraTime:5.0]]
[2021.12.26-16.15.58:155][  0]LogConfig: Setting CVar [[s.LevelStreamingComponentsRegistrationGranularity:10]]
[2021.12.26-16.15.58:155][  0]LogConfig: Setting CVar [[s.UnregisterComponentsTimeLimit:1.0]]
[2021.12.26-16.15.58:155][  0]LogConfig: Setting CVar [[s.LevelStreamingComponentsUnregistrationGranularity:5]]
[2021.12.26-16.15.58:155][  0]LogConfig: Setting CVar [[s.FlushStreamingOnExit:1]]
[2021.12.26-16.15.58:155][  0]LogConfig: Applying CVar settings from Section [/Script/Engine.GarbageCollectionSettings] File [E:/Epic Games/asistivna/Asistivna/Saved/Config/Windows/Engine.ini]
[2021.12.26-16.15.58:155][  0]LogConfig: Setting CVar [[gc.MaxObjectsNotConsideredByGC:1]]
[2021.12.26-16.15.58:155][  0]LogConfig: Setting CVar [[gc.SizeOfPermanentObjectPool:0]]
[2021.12.26-16.15.58:155][  0]LogConfig: Setting CVar [[gc.FlushStreamingOnGC:0]]
[2021.12.26-16.15.58:155][  0]LogConfig: Setting CVar [[gc.NumRetriesBeforeForcingGC:10]]
[2021.12.26-16.15.58:155][  0]LogConfig: Setting CVar [[gc.AllowParallelGC:1]]
[2021.12.26-16.15.58:155][  0]LogConfig: Setting CVar [[gc.TimeBetweenPurgingPendingKillObjects:61.1]]
[2021.12.26-16.15.58:155][  0]LogConfig: Setting CVar [[gc.MaxObjectsInEditor:25165824]]
[2021.12.26-16.15.58:155][  0]LogConfig: Setting CVar [[gc.IncrementalBeginDestroyEnabled:1]]
[2021.12.26-16.15.58:155][  0]LogConfig: Setting CVar [[gc.CreateGCClusters:1]]
[2021.12.26-16.15.58:155][  0]LogConfig: Setting CVar [[gc.MinGCClusterSize:5]]
[2021.12.26-16.15.58:155][  0]LogConfig: Setting CVar [[gc.ActorClusteringEnabled:0]]
[2021.12.26-16.15.58:155][  0]LogConfig: Setting CVar [[gc.BlueprintClusteringEnabled:0]]
[2021.12.26-16.15.58:155][  0]LogConfig: Setting CVar [[gc.UseDisregardForGCOnDedicatedServers:0]]
[2021.12.26-16.15.58:155][  0]LogConfig: Applying CVar settings from Section [/Script/Engine.NetworkSettings] File [E:/Epic Games/asistivna/Asistivna/Saved/Config/Windows/Engine.ini]
[2021.12.26-16.15.58:155][  0]LogConfig: Applying CVar settings from Section [/Script/UnrealEd.CookerSettings] File [E:/Epic Games/asistivna/Asistivna/Saved/Config/Windows/Engine.ini]
[2021.12.26-16.15.58:160][  0]LogConfig: Applying CVar settings from Section [ViewDistanceQuality@3] File [E:/Epic Games/asistivna/Asistivna/Saved/Config/Windows/Scalability.ini]
[2021.12.26-16.15.58:160][  0]LogConfig: Setting CVar [[r.SkeletalMeshLODBias:0]]
[2021.12.26-16.15.58:160][  0]LogConfig: Setting CVar [[r.ViewDistanceScale:1.0]]
[2021.12.26-16.15.58:160][  0]LogConfig: Applying CVar settings from Section [AntiAliasingQuality@3] File [E:/Epic Games/asistivna/Asistivna/Saved/Config/Windows/Scalability.ini]
[2021.12.26-16.15.58:160][  0]LogConfig: Setting CVar [[r.PostProcessAAQuality:4]]
[2021.12.26-16.15.58:160][  0]LogConfig: Applying CVar settings from Section [ShadowQuality@3] File [E:/Epic Games/asistivna/Asistivna/Saved/Config/Windows/Scalability.ini]
[2021.12.26-16.15.58:160][  0]LogConfig: Setting CVar [[r.LightFunctionQuality:1]]
[2021.12.26-16.15.58:160][  0]LogConfig: Setting CVar [[r.ShadowQuality:5]]
[2021.12.26-16.15.58:160][  0]LogConfig: Setting CVar [[r.Shadow.CSM.MaxCascades:10]]
[2021.12.26-16.15.58:160][  0]LogConfig: Setting CVar [[r.Shadow.MaxResolution:2048]]
[2021.12.26-16.15.58:160][  0]LogConfig: Setting CVar [[r.Shadow.MaxCSMResolution:2048]]
[2021.12.26-16.15.58:160][  0]LogConfig: Setting CVar [[r.Shadow.RadiusThreshold:0.01]]
[2021.12.26-16.15.58:160][  0]LogConfig: Setting CVar [[r.Shadow.DistanceScale:1.0]]
[2021.12.26-16.15.58:160][  0]LogConfig: Setting CVar [[r.Shadow.CSM.TransitionScale:1.0]]
[2021.12.26-16.15.58:160][  0]LogConfig: Setting CVar [[r.Shadow.PreShadowResolutionFactor:1.0]]
[2021.12.26-16.15.58:160][  0]LogConfig: Setting CVar [[r.DistanceFieldShadowing:1]]
[2021.12.26-16.15.58:160][  0]LogConfig: Setting CVar [[r.DistanceFieldAO:1]]
[2021.12.26-16.15.58:160][  0]LogConfig: Setting CVar [[r.AOQuality:2]]
[2021.12.26-16.15.58:160][  0]LogConfig: Setting CVar [[r.VolumetricFog:1]]
[2021.12.26-16.15.58:160][  0]LogConfig: Setting CVar [[r.VolumetricFog.GridPixelSize:8]]
[2021.12.26-16.15.58:160][  0]LogConfig: Setting CVar [[r.VolumetricFog.GridSizeZ:128]]
[2021.12.26-16.15.58:160][  0]LogConfig: Setting CVar [[r.VolumetricFog.HistoryMissSupersampleCount:4]]
[2021.12.26-16.15.58:160][  0]LogConfig: Setting CVar [[r.LightMaxDrawDistanceScale:1]]
[2021.12.26-16.15.58:160][  0]LogConfig: Setting CVar [[r.CapsuleShadows:1]]
[2021.12.26-16.15.58:160][  0]LogConfig: Applying CVar settings from Section [PostProcessQuality@3] File [E:/Epic Games/asistivna/Asistivna/Saved/Config/Windows/Scalability.ini]
[2021.12.26-16.15.58:160][  0]LogConfig: Setting CVar [[r.MotionBlurQuality:4]]
[2021.12.26-16.15.58:160][  0]LogConfig: Setting CVar [[r.AmbientOcclusionMipLevelFactor:0.4]]
[2021.12.26-16.15.58:160][  0]LogConfig: Setting CVar [[r.AmbientOcclusionMaxQuality:100]]
[2021.12.26-16.15.58:160][  0]LogConfig: Setting CVar [[r.AmbientOcclusionLevels:-1]]
[2021.12.26-16.15.58:161][  0]LogConfig: Setting CVar [[r.AmbientOcclusionRadiusScale:1.0]]
[2021.12.26-16.15.58:161][  0]LogConfig: Setting CVar [[r.DepthOfFieldQuality:2]]
[2021.12.26-16.15.58:161][  0]LogConfig: Setting CVar [[r.RenderTargetPoolMin:400]]
[2021.12.26-16.15.58:161][  0]LogConfig: Setting CVar [[r.LensFlareQuality:2]]
[2021.12.26-16.15.58:161][  0]LogConfig: Setting CVar [[r.SceneColorFringeQuality:1]]
[2021.12.26-16.15.58:161][  0]LogConfig: Setting CVar [[r.EyeAdaptationQuality:2]]
[2021.12.26-16.15.58:161][  0]LogConfig: Setting CVar [[r.BloomQuality:5]]
[2021.12.26-16.15.58:161][  0]LogConfig: Setting CVar [[r.FastBlurThreshold:100]]
[2021.12.26-16.15.58:161][  0]LogConfig: Setting CVar [[r.Upscale.Quality:3]]
[2021.12.26-16.15.58:161][  0]LogConfig: Setting CVar [[r.Tonemapper.GrainQuantization:1]]
[2021.12.26-16.15.58:161][  0]LogConfig: Setting CVar [[r.LightShaftQuality:1]]
[2021.12.26-16.15.58:161][  0]LogConfig: Setting CVar [[r.Filter.SizeScale:1]]
[2021.12.26-16.15.58:161][  0]LogConfig: Setting CVar [[r.Tonemapper.Quality:5]]
[2021.12.26-16.15.58:161][  0]LogConfig: Setting CVar [[r.DOF.Gather.AccumulatorQuality:1        ; higher gathering accumulator quality]]
[2021.12.26-16.15.58:161][  0]LogConfig: Setting CVar [[r.DOF.Gather.PostfilterMethod:1          ; Median3x3 postfilering method]]
[2021.12.26-16.15.58:161][  0]LogConfig: Setting CVar [[r.DOF.Gather.EnableBokehSettings:0       ; no bokeh simulation when gathering]]
[2021.12.26-16.15.58:161][  0]LogConfig: Setting CVar [[r.DOF.Gather.RingCount:4                 ; medium number of samples when gathering]]
[2021.12.26-16.15.58:161][  0]LogConfig: Setting CVar [[r.DOF.Scatter.ForegroundCompositing:1    ; additive foreground scattering]]
[2021.12.26-16.15.58:161][  0]LogConfig: Setting CVar [[r.DOF.Scatter.BackgroundCompositing:2    ; additive background scattering]]
[2021.12.26-16.15.58:161][  0]LogConfig: Setting CVar [[r.DOF.Scatter.EnableBokehSettings:1      ; bokeh simulation when scattering]]
[2021.12.26-16.15.58:161][  0]LogConfig: Setting CVar [[r.DOF.Scatter.MaxSpriteRatio:0.1         ; only a maximum of 10% of scattered bokeh]]
[2021.12.26-16.15.58:161][  0]LogConfig: Setting CVar [[r.DOF.Recombine.Quality:1                ; cheap slight out of focus]]
[2021.12.26-16.15.58:161][  0]LogConfig: Setting CVar [[r.DOF.Recombine.EnableBokehSettings:0    ; no bokeh simulation on slight out of focus]]
[2021.12.26-16.15.58:161][  0]LogConfig: Setting CVar [[r.DOF.TemporalAAQuality:1                ; more stable temporal accumulation]]
[2021.12.26-16.15.58:161][  0]LogConfig: Setting CVar [[r.DOF.Kernel.MaxForegroundRadius:0.025]]
[2021.12.26-16.15.58:161][  0]LogConfig: Setting CVar [[r.DOF.Kernel.MaxBackgroundRadius:0.025]]
[2021.12.26-16.15.58:161][  0]LogConfig: Applying CVar settings from Section [TextureQuality@3] File [E:/Epic Games/asistivna/Asistivna/Saved/Config/Windows/Scalability.ini]
[2021.12.26-16.15.58:161][  0]LogConfig: Setting CVar [[r.Streaming.MipBias:0]]
[2021.12.26-16.15.58:161][  0]LogConfig: Setting CVar [[r.Streaming.AmortizeCPUToGPUCopy:0]]
[2021.12.26-16.15.58:161][  0]LogConfig: Setting CVar [[r.Streaming.MaxNumTexturesToStreamPerFrame:0]]
[2021.12.26-16.15.58:161][  0]LogConfig: Setting CVar [[r.Streaming.Boost:1]]
[2021.12.26-16.15.58:162][  0]LogConfig: Setting CVar [[r.MaxAnisotropy:8]]
[2021.12.26-16.15.58:162][  0]LogConfig: Setting CVar [[r.VT.MaxAnisotropy:8]]
[2021.12.26-16.15.58:162][  0]LogConfig: Setting CVar [[r.Streaming.LimitPoolSizeToVRAM:0]]
[2021.12.26-16.15.58:162][  0]LogConfig: Setting CVar [[r.Streaming.PoolSize:1000]]
[2021.12.26-16.15.58:162][  0]LogConfig: Setting CVar [[r.Streaming.MaxEffectiveScreenSize:0]]
[2021.12.26-16.15.58:162][  0]LogConfig: Applying CVar settings from Section [EffectsQuality@3] File [E:/Epic Games/asistivna/Asistivna/Saved/Config/Windows/Scalability.ini]
[2021.12.26-16.15.58:162][  0]LogConfig: Setting CVar [[r.TranslucencyLightingVolumeDim:64]]
[2021.12.26-16.15.58:162][  0]LogConfig: Setting CVar [[r.RefractionQuality:2]]
[2021.12.26-16.15.58:162][  0]LogConfig: Setting CVar [[r.SSR.Quality:3]]
[2021.12.26-16.15.58:162][  0]LogConfig: Setting CVar [[r.SSR.HalfResSceneColor:0]]
[2021.12.26-16.15.58:162][  0]LogConfig: Setting CVar [[r.SceneColorFormat:4]]
[2021.12.26-16.15.58:162][  0]LogConfig: Setting CVar [[r.DetailMode:2]]
[2021.12.26-16.15.58:162][  0]LogConfig: Setting CVar [[r.TranslucencyVolumeBlur:1]]
[2021.12.26-16.15.58:162][  0]LogConfig: Setting CVar [[r.MaterialQualityLevel:1 ; High quality]]
[2021.12.26-16.15.58:162][  0]LogConfig: Setting CVar [[r.SSS.Scale:1]]
[2021.12.26-16.15.58:162][  0]LogConfig: Setting CVar [[r.SSS.SampleSet:2]]
[2021.12.26-16.15.58:162][  0]LogConfig: Setting CVar [[r.SSS.Quality:1]]
[2021.12.26-16.15.58:162][  0]LogConfig: Setting CVar [[r.SSS.HalfRes:1]]
[2021.12.26-16.15.58:162][  0]LogConfig: Setting CVar [[r.SSGI.Quality:3]]
[2021.12.26-16.15.58:162][  0]LogConfig: Setting CVar [[r.EmitterSpawnRateScale:1.0]]
[2021.12.26-16.15.58:162][  0]LogConfig: Setting CVar [[r.ParticleLightQuality:2]]
[2021.12.26-16.15.58:162][  0]LogConfig: Setting CVar [[r.SkyAtmosphere.AerialPerspectiveLUT.FastApplyOnOpaque:1 ; Always have FastSkyLUT 1 in this case to avoid wrong sky]]
[2021.12.26-16.15.58:162][  0]LogConfig: Setting CVar [[r.SkyAtmosphere.AerialPerspectiveLUT.SampleCountPerSlice:1]]
[2021.12.26-16.15.58:162][  0]LogConfig: Setting CVar [[r.SkyAtmosphere.AerialPerspectiveLUT.DepthResolution:16.0]]
[2021.12.26-16.15.58:162][  0]LogConfig: Setting CVar [[r.SkyAtmosphere.FastSkyLUT:1]]
[2021.12.26-16.15.58:162][  0]LogConfig: Setting CVar [[r.SkyAtmosphere.FastSkyLUT.SampleCountMin:4.0]]
[2021.12.26-16.15.58:162][  0]LogConfig: Setting CVar [[r.SkyAtmosphere.FastSkyLUT.SampleCountMax:32.0]]
[2021.12.26-16.15.58:162][  0]LogConfig: Setting CVar [[r.SkyAtmosphere.SampleCountMin:4.0]]
[2021.12.26-16.15.58:162][  0]LogConfig: Setting CVar [[r.SkyAtmosphere.SampleCountMax:32.0]]
[2021.12.26-16.15.58:162][  0]LogConfig: Setting CVar [[r.SkyAtmosphere.TransmittanceLUT.UseSmallFormat:0]]
[2021.12.26-16.15.58:162][  0]LogConfig: Setting CVar [[r.SkyAtmosphere.TransmittanceLUT.SampleCount:10.0]]
[2021.12.26-16.15.58:163][  0]LogConfig: Setting CVar [[r.SkyAtmosphere.MultiScatteringLUT.SampleCount:15.0]]
[2021.12.26-16.15.58:163][  0]LogConfig: Applying CVar settings from Section [FoliageQuality@3] File [E:/Epic Games/asistivna/Asistivna/Saved/Config/Windows/Scalability.ini]
[2021.12.26-16.15.58:163][  0]LogConfig: Setting CVar [[foliage.DensityScale:1.0]]
[2021.12.26-16.15.58:163][  0]LogConfig: Setting CVar [[grass.DensityScale:1.0]]
[2021.12.26-16.15.58:163][  0]LogConfig: Applying CVar settings from Section [ShadingQuality@3] File [E:/Epic Games/asistivna/Asistivna/Saved/Config/Windows/Scalability.ini]
[2021.12.26-16.15.58:163][  0]LogConfig: Setting CVar [[r.HairStrands.SkyLighting.SampleCount:16]]
[2021.12.26-16.15.58:163][  0]LogConfig: Setting CVar [[r.HairStrands.SkyLighting.JitterIntegration:0]]
[2021.12.26-16.15.58:163][  0]LogConfig: Setting CVar [[r.HairStrands.SkyAO.SampleCount:16]]
[2021.12.26-16.15.58:163][  0]LogInit: Selected Device Profile: [Windows]
[2021.12.26-16.15.58:163][  0]LogInit: Applying CVar settings loaded from the selected device profile: [Windows]
[2021.12.26-16.15.58:165][  0]LogHAL: Display: Platform has ~ 16 GB [17065848832 / 17179869184 / 16], which maps to Larger [LargestMinGB=32, LargerMinGB=12, DefaultMinGB=8, SmallerMinGB=6, SmallestMinGB=0)
[2021.12.26-16.15.58:165][  0]LogInit: Going up to parent DeviceProfile []
[2021.12.26-16.15.58:165][  0]LogConfig: Applying CVar settings from Section [ViewDistanceQuality@3] File [E:/Epic Games/asistivna/Asistivna/Saved/Config/Windows/Scalability.ini]
[2021.12.26-16.15.58:165][  0]LogConfig: Setting CVar [[r.SkeletalMeshLODBias:0]]
[2021.12.26-16.15.58:165][  0]LogConfig: Setting CVar [[r.ViewDistanceScale:1.0]]
[2021.12.26-16.15.58:165][  0]LogConfig: Applying CVar settings from Section [AntiAliasingQuality@3] File [E:/Epic Games/asistivna/Asistivna/Saved/Config/Windows/Scalability.ini]
[2021.12.26-16.15.58:165][  0]LogConfig: Setting CVar [[r.PostProcessAAQuality:4]]
[2021.12.26-16.15.58:165][  0]LogConfig: Applying CVar settings from Section [ShadowQuality@3] File [E:/Epic Games/asistivna/Asistivna/Saved/Config/Windows/Scalability.ini]
[2021.12.26-16.15.58:165][  0]LogConfig: Setting CVar [[r.LightFunctionQuality:1]]
[2021.12.26-16.15.58:165][  0]LogConfig: Setting CVar [[r.ShadowQuality:5]]
[2021.12.26-16.15.58:165][  0]LogConfig: Setting CVar [[r.Shadow.CSM.MaxCascades:10]]
[2021.12.26-16.15.58:165][  0]LogConfig: Setting CVar [[r.Shadow.MaxResolution:2048]]
[2021.12.26-16.15.58:165][  0]LogConfig: Setting CVar [[r.Shadow.MaxCSMResolution:2048]]
[2021.12.26-16.15.58:165][  0]LogConfig: Setting CVar [[r.Shadow.RadiusThreshold:0.01]]
[2021.12.26-16.15.58:165][  0]LogConfig: Setting CVar [[r.Shadow.DistanceScale:1.0]]
[2021.12.26-16.15.58:165][  0]LogConfig: Setting CVar [[r.Shadow.CSM.TransitionScale:1.0]]
[2021.12.26-16.15.58:165][  0]LogConfig: Setting CVar [[r.Shadow.PreShadowResolutionFactor:1.0]]
[2021.12.26-16.15.58:165][  0]LogConfig: Setting CVar [[r.DistanceFieldShadowing:1]]
[2021.12.26-16.15.58:165][  0]LogConfig: Setting CVar [[r.DistanceFieldAO:1]]
[2021.12.26-16.15.58:165][  0]LogConfig: Setting CVar [[r.AOQuality:2]]
[2021.12.26-16.15.58:165][  0]LogConfig: Setting CVar [[r.VolumetricFog:1]]
[2021.12.26-16.15.58:165][  0]LogConfig: Setting CVar [[r.VolumetricFog.GridPixelSize:8]]
[2021.12.26-16.15.58:166][  0]LogConfig: Setting CVar [[r.VolumetricFog.GridSizeZ:128]]
[2021.12.26-16.15.58:166][  0]LogConfig: Setting CVar [[r.VolumetricFog.HistoryMissSupersampleCount:4]]
[2021.12.26-16.15.58:166][  0]LogConfig: Setting CVar [[r.LightMaxDrawDistanceScale:1]]
[2021.12.26-16.15.58:166][  0]LogConfig: Setting CVar [[r.CapsuleShadows:1]]
[2021.12.26-16.15.58:166][  0]LogConfig: Applying CVar settings from Section [PostProcessQuality@3] File [E:/Epic Games/asistivna/Asistivna/Saved/Config/Windows/Scalability.ini]
[2021.12.26-16.15.58:166][  0]LogConfig: Setting CVar [[r.MotionBlurQuality:4]]
[2021.12.26-16.15.58:166][  0]LogConfig: Setting CVar [[r.AmbientOcclusionMipLevelFactor:0.4]]
[2021.12.26-16.15.58:166][  0]LogConfig: Setting CVar [[r.AmbientOcclusionMaxQuality:100]]
[2021.12.26-16.15.58:166][  0]LogConfig: Setting CVar [[r.AmbientOcclusionLevels:-1]]
[2021.12.26-16.15.58:166][  0]LogConfig: Setting CVar [[r.AmbientOcclusionRadiusScale:1.0]]
[2021.12.26-16.15.58:166][  0]LogConfig: Setting CVar [[r.DepthOfFieldQuality:2]]
[2021.12.26-16.15.58:166][  0]LogConfig: Setting CVar [[r.RenderTargetPoolMin:400]]
[2021.12.26-16.15.58:166][  0]LogConfig: Setting CVar [[r.LensFlareQuality:2]]
[2021.12.26-16.15.58:166][  0]LogConfig: Setting CVar [[r.SceneColorFringeQuality:1]]
[2021.12.26-16.15.58:166][  0]LogConfig: Setting CVar [[r.EyeAdaptationQuality:2]]
[2021.12.26-16.15.58:166][  0]LogConfig: Setting CVar [[r.BloomQuality:5]]
[2021.12.26-16.15.58:166][  0]LogConfig: Setting CVar [[r.FastBlurThreshold:100]]
[2021.12.26-16.15.58:166][  0]LogConfig: Setting CVar [[r.Upscale.Quality:3]]
[2021.12.26-16.15.58:166][  0]LogConfig: Setting CVar [[r.Tonemapper.GrainQuantization:1]]
[2021.12.26-16.15.58:166][  0]LogConfig: Setting CVar [[r.LightShaftQuality:1]]
[2021.12.26-16.15.58:166][  0]LogConfig: Setting CVar [[r.Filter.SizeScale:1]]
[2021.12.26-16.15.58:166][  0]LogConfig: Setting CVar [[r.Tonemapper.Quality:5]]
[2021.12.26-16.15.58:166][  0]LogConfig: Setting CVar [[r.DOF.Gather.AccumulatorQuality:1        ; higher gathering accumulator quality]]
[2021.12.26-16.15.58:166][  0]LogConfig: Setting CVar [[r.DOF.Gather.PostfilterMethod:1          ; Median3x3 postfilering method]]
[2021.12.26-16.15.58:166][  0]LogConfig: Setting CVar [[r.DOF.Gather.EnableBokehSettings:0       ; no bokeh simulation when gathering]]
[2021.12.26-16.15.58:166][  0]LogConfig: Setting CVar [[r.DOF.Gather.RingCount:4                 ; medium number of samples when gathering]]
[2021.12.26-16.15.58:166][  0]LogConfig: Setting CVar [[r.DOF.Scatter.ForegroundCompositing:1    ; additive foreground scattering]]
[2021.12.26-16.15.58:166][  0]LogConfig: Setting CVar [[r.DOF.Scatter.BackgroundCompositing:2    ; additive background scattering]]
[2021.12.26-16.15.58:166][  0]LogConfig: Setting CVar [[r.DOF.Scatter.EnableBokehSettings:1      ; bokeh simulation when scattering]]
[2021.12.26-16.15.58:166][  0]LogConfig: Setting CVar [[r.DOF.Scatter.MaxSpriteRatio:0.1         ; only a maximum of 10% of scattered bokeh]]
[2021.12.26-16.15.58:166][  0]LogConfig: Setting CVar [[r.DOF.Recombine.Quality:1                ; cheap slight out of focus]]
[2021.12.26-16.15.58:166][  0]LogConfig: Setting CVar [[r.DOF.Recombine.EnableBokehSettings:0    ; no bokeh simulation on slight out of focus]]
[2021.12.26-16.15.58:166][  0]LogConfig: Setting CVar [[r.DOF.TemporalAAQuality:1                ; more stable temporal accumulation]]
[2021.12.26-16.15.58:167][  0]LogConfig: Setting CVar [[r.DOF.Kernel.MaxForegroundRadius:0.025]]
[2021.12.26-16.15.58:167][  0]LogConfig: Setting CVar [[r.DOF.Kernel.MaxBackgroundRadius:0.025]]
[2021.12.26-16.15.58:167][  0]LogConfig: Applying CVar settings from Section [TextureQuality@3] File [E:/Epic Games/asistivna/Asistivna/Saved/Config/Windows/Scalability.ini]
[2021.12.26-16.15.58:167][  0]LogConfig: Setting CVar [[r.Streaming.MipBias:0]]
[2021.12.26-16.15.58:167][  0]LogConfig: Setting CVar [[r.Streaming.AmortizeCPUToGPUCopy:0]]
[2021.12.26-16.15.58:167][  0]LogConfig: Setting CVar [[r.Streaming.MaxNumTexturesToStreamPerFrame:0]]
[2021.12.26-16.15.58:167][  0]LogConfig: Setting CVar [[r.Streaming.Boost:1]]
[2021.12.26-16.15.58:167][  0]LogConfig: Setting CVar [[r.MaxAnisotropy:8]]
[2021.12.26-16.15.58:167][  0]LogConfig: Setting CVar [[r.VT.MaxAnisotropy:8]]
[2021.12.26-16.15.58:167][  0]LogConfig: Setting CVar [[r.Streaming.LimitPoolSizeToVRAM:0]]
[2021.12.26-16.15.58:167][  0]LogConfig: Setting CVar [[r.Streaming.PoolSize:1000]]
[2021.12.26-16.15.58:167][  0]LogConfig: Setting CVar [[r.Streaming.MaxEffectiveScreenSize:0]]
[2021.12.26-16.15.58:167][  0]LogConfig: Applying CVar settings from Section [EffectsQuality@3] File [E:/Epic Games/asistivna/Asistivna/Saved/Config/Windows/Scalability.ini]
[2021.12.26-16.15.58:167][  0]LogConfig: Setting CVar [[r.TranslucencyLightingVolumeDim:64]]
[2021.12.26-16.15.58:167][  0]LogConfig: Setting CVar [[r.RefractionQuality:2]]
[2021.12.26-16.15.58:167][  0]LogConfig: Setting CVar [[r.SSR.Quality:3]]
[2021.12.26-16.15.58:167][  0]LogConfig: Setting CVar [[r.SSR.HalfResSceneColor:0]]
[2021.12.26-16.15.58:167][  0]LogConfig: Setting CVar [[r.SceneColorFormat:4]]
[2021.12.26-16.15.58:167][  0]LogConfig: Setting CVar [[r.DetailMode:2]]
[2021.12.26-16.15.58:167][  0]LogConfig: Setting CVar [[r.TranslucencyVolumeBlur:1]]
[2021.12.26-16.15.58:167][  0]LogConfig: Setting CVar [[r.MaterialQualityLevel:1 ; High quality]]
[2021.12.26-16.15.58:167][  0]LogConfig: Setting CVar [[r.SSS.Scale:1]]
[2021.12.26-16.15.58:167][  0]LogConfig: Setting CVar [[r.SSS.SampleSet:2]]
[2021.12.26-16.15.58:167][  0]LogConfig: Setting CVar [[r.SSS.Quality:1]]
[2021.12.26-16.15.58:167][  0]LogConfig: Setting CVar [[r.SSS.HalfRes:1]]
[2021.12.26-16.15.58:167][  0]LogConfig: Setting CVar [[r.SSGI.Quality:3]]
[2021.12.26-16.15.58:167][  0]LogConfig: Setting CVar [[r.EmitterSpawnRateScale:1.0]]
[2021.12.26-16.15.58:167][  0]LogConfig: Setting CVar [[r.ParticleLightQuality:2]]
[2021.12.26-16.15.58:167][  0]LogConfig: Setting CVar [[r.SkyAtmosphere.AerialPerspectiveLUT.FastApplyOnOpaque:1 ; Always have FastSkyLUT 1 in this case to avoid wrong sky]]
[2021.12.26-16.15.58:167][  0]LogConfig: Setting CVar [[r.SkyAtmosphere.AerialPerspectiveLUT.SampleCountPerSlice:1]]
[2021.12.26-16.15.58:167][  0]LogConfig: Setting CVar [[r.SkyAtmosphere.AerialPerspectiveLUT.DepthResolution:16.0]]
[2021.12.26-16.15.58:167][  0]LogConfig: Setting CVar [[r.SkyAtmosphere.FastSkyLUT:1]]
[2021.12.26-16.15.58:167][  0]LogConfig: Setting CVar [[r.SkyAtmosphere.FastSkyLUT.SampleCountMin:4.0]]
[2021.12.26-16.15.58:167][  0]LogConfig: Setting CVar [[r.SkyAtmosphere.FastSkyLUT.SampleCountMax:32.0]]
[2021.12.26-16.15.58:168][  0]LogConfig: Setting CVar [[r.SkyAtmosphere.SampleCountMin:4.0]]
[2021.12.26-16.15.58:168][  0]LogConfig: Setting CVar [[r.SkyAtmosphere.SampleCountMax:32.0]]
[2021.12.26-16.15.58:168][  0]LogConfig: Setting CVar [[r.SkyAtmosphere.TransmittanceLUT.UseSmallFormat:0]]
[2021.12.26-16.15.58:168][  0]LogConfig: Setting CVar [[r.SkyAtmosphere.TransmittanceLUT.SampleCount:10.0]]
[2021.12.26-16.15.58:168][  0]LogConfig: Setting CVar [[r.SkyAtmosphere.MultiScatteringLUT.SampleCount:15.0]]
[2021.12.26-16.15.58:168][  0]LogConfig: Applying CVar settings from Section [FoliageQuality@3] File [E:/Epic Games/asistivna/Asistivna/Saved/Config/Windows/Scalability.ini]
[2021.12.26-16.15.58:168][  0]LogConfig: Setting CVar [[foliage.DensityScale:1.0]]
[2021.12.26-16.15.58:168][  0]LogConfig: Setting CVar [[grass.DensityScale:1.0]]
[2021.12.26-16.15.58:168][  0]LogConfig: Applying CVar settings from Section [ShadingQuality@3] File [E:/Epic Games/asistivna/Asistivna/Saved/Config/Windows/Scalability.ini]
[2021.12.26-16.15.58:168][  0]LogConfig: Setting CVar [[r.HairStrands.SkyLighting.SampleCount:16]]
[2021.12.26-16.15.58:168][  0]LogConfig: Setting CVar [[r.HairStrands.SkyLighting.JitterIntegration:0]]
[2021.12.26-16.15.58:168][  0]LogConfig: Setting CVar [[r.HairStrands.SkyAO.SampleCount:16]]
[2021.12.26-16.15.58:168][  0]LogConfig: Applying CVar settings from Section [Startup] File [../../../Engine/Config/ConsoleVariables.ini]
[2021.12.26-16.15.58:168][  0]LogConfig: Setting CVar [[net.UseAdaptiveNetUpdateFrequency:0]]
[2021.12.26-16.15.58:168][  0]LogConfig: Setting CVar [[p.chaos.AllowCreatePhysxBodies:1]]
[2021.12.26-16.15.58:168][  0]LogConfig: Applying CVar settings from Section [ConsoleVariables] File [E:/Epic Games/asistivna/Asistivna/Saved/Config/Windows/Engine.ini]
[2021.12.26-16.15.58:168][  0]LogInit: Computer: DESKTOP-TAMJ42K
[2021.12.26-16.15.58:168][  0]LogInit: User: luka
[2021.12.26-16.15.58:168][  0]LogInit: CPU Page size=4096, Cores=6
[2021.12.26-16.15.58:168][  0]LogInit: High frequency timer resolution =10.000000 MHz
[2021.12.26-16.15.58:169][  0]LogMemory: Memory total: Physical=15.9GB (16GB approx)
[2021.12.26-16.15.58:169][  0]LogMemory: Platform Memory Stats for Windows
[2021.12.26-16.15.58:169][  0]LogMemory: Process Physical Memory: 106.79 MB used, 106.79 MB peak
[2021.12.26-16.15.58:169][  0]LogMemory: Process Virtual Memory: 101.43 MB used, 101.43 MB peak
[2021.12.26-16.15.58:169][  0]LogMemory: Physical Memory: 12525.34 MB used,  3749.92 MB free, 16275.26 MB total
[2021.12.26-16.15.58:169][  0]LogMemory: Virtual Memory: 5161.14 MB used,  134212568.00 MB free, 134217728.00 MB total
[2021.12.26-16.15.58:172][  0]LogWindows: WindowsPlatformFeatures enabled
[2021.12.26-16.15.58:272][  0]LogInit: Using OS detected language (en-US).
[2021.12.26-16.15.58:272][  0]LogInit: Using OS detected locale (en-US).
[2021.12.26-16.15.58:273][  0]LogTextLocalizationManager: No specific localization for 'en-US' exists, so the 'en' localization will be used.
[2021.12.26-16.15.58:415][  0]LogInit: Setting process to per monitor DPI aware
[2021.12.26-16.15.58:477][  0]LogSlate: New Slate User Created.  User Index 0, Is Virtual User: 0
[2021.12.26-16.15.58:477][  0]LogSlate: Slate User Registered.  User Index 0, Is Virtual User: 0
[2021.12.26-16.15.58:575][  0]LogHMD: Failed to initialize OpenVR with code 110
[2021.12.26-16.15.58:575][  0]LogD3D11RHI: D3D11 min allowed feature level: 11_0
[2021.12.26-16.15.58:575][  0]LogD3D11RHI: D3D11 max allowed feature level: 11_0
[2021.12.26-16.15.58:575][  0]LogD3D11RHI: D3D11 adapters:
[2021.12.26-16.15.58:724][  0]LogD3D11RHI:    0. 'NVIDIA GeForce GTX 1660 Ti' (Feature Level 11_0)
[2021.12.26-16.15.58:724][  0]LogD3D11RHI:       5991/0/8137 MB DedicatedVideo/DedicatedSystem/SharedSystem, Outputs:2, VendorId:0x10de
[2021.12.26-16.15.58:727][  0]LogD3D11RHI:    1. 'Microsoft Basic Render Driver' (Feature Level 11_0)
[2021.12.26-16.15.58:727][  0]LogD3D11RHI:       0/0/8137 MB DedicatedVideo/DedicatedSystem/SharedSystem, Outputs:0, VendorId:0x1414
[2021.12.26-16.15.58:727][  0]LogD3D11RHI: Chosen D3D11 Adapter: 0
[2021.12.26-16.15.58:738][  0]LogD3D11RHI: Creating new Direct3DDevice
[2021.12.26-16.15.58:738][  0]LogD3D11RHI:     GPU DeviceId: 0x2182 (for the marketing name, search the web for "GPU Device Id")
[2021.12.26-16.15.58:738][  0]LogWindows: EnumDisplayDevices:
[2021.12.26-16.15.58:738][  0]LogWindows:    0. 'NVIDIA GeForce GTX 1660 Ti' (P:1 D:1)
[2021.12.26-16.15.58:739][  0]LogWindows:    1. 'NVIDIA GeForce GTX 1660 Ti' (P:0 D:1)
[2021.12.26-16.15.58:739][  0]LogWindows:    2. 'NVIDIA GeForce GTX 1660 Ti' (P:0 D:0)
[2021.12.26-16.15.58:739][  0]LogWindows:    3. 'NVIDIA GeForce GTX 1660 Ti' (P:0 D:0)
[2021.12.26-16.15.58:739][  0]LogWindows: DebugString: FoundDriverCount:4 
[2021.12.26-16.15.58:739][  0]LogD3D11RHI:     Adapter Name: NVIDIA GeForce GTX 1660 Ti
[2021.12.26-16.15.58:739][  0]LogD3D11RHI:   Driver Version: 461.09 (internal:27.21.14.6109, unified:461.09)
[2021.12.26-16.15.58:739][  0]LogD3D11RHI:      Driver Date: 12-31-2020
[2021.12.26-16.15.58:739][  0]LogRHI: Texture pool is 4193 MB (70% of 5991 MB)
[2021.12.26-16.15.58:846][  0]LogD3D11RHI: RHI has support for 64 bit atomics
[2021.12.26-16.15.58:846][  0]LogD3D11RHI: Async texture creation enabled
[2021.12.26-16.15.58:859][  0]LogD3D11RHI: GPU Timing Frequency: 1000.000000 (Debug: 2 1)
[2021.12.26-16.15.59:032][  0]LogTargetPlatformManager: Display: Loaded TargetPlatform 'AllDesktop'
[2021.12.26-16.15.59:054][  0]LogTargetPlatformManager: Display: Loaded TargetPlatform 'Android'
[2021.12.26-16.15.59:054][  0]LogTargetPlatformManager: Display: Loaded TargetPlatform 'Android_ASTC'
[2021.12.26-16.15.59:054][  0]LogTargetPlatformManager: Display: Loaded TargetPlatform 'Android_ATC'
[2021.12.26-16.15.59:054][  0]LogTargetPlatformManager: Display: Loaded TargetPlatform 'Android_DXT'
[2021.12.26-16.15.59:054][  0]LogTargetPlatformManager: Display: Loaded TargetPlatform 'Android_ETC1'
[2021.12.26-16.15.59:054][  0]LogTargetPlatformManager: Display: Loaded TargetPlatform 'Android_ETC1a'
[2021.12.26-16.15.59:054][  0]LogTargetPlatformManager: Display: Loaded TargetPlatform 'Android_ETC2'
[2021.12.26-16.15.59:054][  0]LogTargetPlatformManager: Display: Loaded TargetPlatform 'Android_PVRTC'
[2021.12.26-16.15.59:054][  0]LogTargetPlatformManager: Display: Loaded TargetPlatform 'AndroidClient'
[2021.12.26-16.15.59:054][  0]LogTargetPlatformManager: Display: Loaded TargetPlatform 'Android_ASTCClient'
[2021.12.26-16.15.59:054][  0]LogTargetPlatformManager: Display: Loaded TargetPlatform 'Android_ATCClient'
[2021.12.26-16.15.59:054][  0]LogTargetPlatformManager: Display: Loaded TargetPlatform 'Android_DXTClient'
[2021.12.26-16.15.59:054][  0]LogTargetPlatformManager: Display: Loaded TargetPlatform 'Android_ETC1Client'
[2021.12.26-16.15.59:054][  0]LogTargetPlatformManager: Display: Loaded TargetPlatform 'Android_ETC1aClient'
[2021.12.26-16.15.59:054][  0]LogTargetPlatformManager: Display: Loaded TargetPlatform 'Android_ETC2Client'
[2021.12.26-16.15.59:054][  0]LogTargetPlatformManager: Display: Loaded TargetPlatform 'Android_PVRTCClient'
[2021.12.26-16.15.59:054][  0]LogTargetPlatformManager: Display: Loaded TargetPlatform 'Android_Multi'
[2021.12.26-16.15.59:054][  0]LogTargetPlatformManager: Display: Loaded TargetPlatform 'Android_MultiClient'
[2021.12.26-16.15.59:069][  0]LogTargetPlatformManager: Display: Loaded TargetPlatform 'IOSClient'
[2021.12.26-16.15.59:069][  0]LogTargetPlatformManager: Display: Loaded TargetPlatform 'IOS'
[2021.12.26-16.15.59:075][  0]LogTargetPlatformManager: Display: Loaded TargetPlatform 'LinuxNoEditor'
[2021.12.26-16.15.59:080][  0]LogTargetPlatformManager: Display: Loaded TargetPlatform 'LinuxClient'
[2021.12.26-16.15.59:086][  0]LogTargetPlatformManager: Display: Loaded TargetPlatform 'LinuxServer'
[2021.12.26-16.15.59:092][  0]LogTargetPlatformManager: Display: Loaded TargetPlatform 'LinuxAArch64NoEditor'
[2021.12.26-16.15.59:097][  0]LogTargetPlatformManager: Display: Loaded TargetPlatform 'LinuxAArch64Client'
[2021.12.26-16.15.59:103][  0]LogTargetPlatformManager: Display: Loaded TargetPlatform 'LinuxAArch64Server'
[2021.12.26-16.15.59:119][  0]LogTargetPlatformManager: Display: Loaded TargetPlatform 'Lumin'
[2021.12.26-16.15.59:119][  0]LogTargetPlatformManager: Display: Loaded TargetPlatform 'LuminClient'
[2021.12.26-16.15.59:128][  0]LogTargetPlatformManager: Display: Loaded TargetPlatform 'TVOSClient'
[2021.12.26-16.15.59:128][  0]LogTargetPlatformManager: Display: Loaded TargetPlatform 'TVOS'
[2021.12.26-16.15.59:134][  0]LogTargetPlatformManager: Display: Loaded TargetPlatform 'WindowsNoEditor'
[2021.12.26-16.15.59:139][  0]LogTargetPlatformManager: Display: Loaded TargetPlatform 'Windows'
[2021.12.26-16.15.59:145][  0]LogTargetPlatformManager: Display: Loaded TargetPlatform 'WindowsClient'
[2021.12.26-16.15.59:151][  0]LogTargetPlatformManager: Display: Loaded TargetPlatform 'WindowsServer'
[2021.12.26-16.15.59:151][  0]LogTargetPlatformManager: Display: Building Assets For Windows
[2021.12.26-16.15.59:155][  0]LogAudioDebug: Display: Lib vorbis DLL was dynamically loaded.
[2021.12.26-16.15.59:184][  0]LogShaderCompilers: Guid format shader working directory is 11 characters bigger than the processId version (E:/Epic Games/asistivna/Asistivna/Intermediate/Shaders/WorkingDirectory/40680/).
[2021.12.26-16.15.59:184][  0]LogShaderCompilers: Cleaned the shader compiler working directory 'C:/Users/luka/AppData/Local/Temp/UnrealShaderWorkingDir/4B2C61A2480B6BD22160788A51B6AB1D/'.
[2021.12.26-16.15.59:184][  0]LogXGEController: Cleaning working directory: C:/Users/luka/AppData/Local/Temp/UnrealXGEWorkingDir/
[2021.12.26-16.15.59:184][  0]LogXGEController: Cannot use XGE Controller as Incredibuild is not installed on this machine.
[2021.12.26-16.15.59:184][  0]LogShaderCompilers: Cannot use XGE Shader Compiler as Incredibuild is not installed on this machine.
[2021.12.26-16.15.59:184][  0]LogShaderCompilers: Display: Using Local Shader Compiler.
[2021.12.26-16.15.59:647][  0]LogDerivedDataCache: Display: Max Cache Size: 512 MB
[2021.12.26-16.15.59:746][  0]LogDerivedDataCache: Loaded boot cache 0.10s 280MB C:/Users/luka/AppData/Local/UnrealEngine/4.24/DerivedDataCache/Boot.ddc.
[2021.12.26-16.15.59:746][  0]LogDerivedDataCache: Display: Loaded Boot cache: C:/Users/luka/AppData/Local/UnrealEngine/4.24/DerivedDataCache/Boot.ddc
[2021.12.26-16.15.59:746][  0]LogDerivedDataCache: FDerivedDataBackendGraph:  Pak pak cache file E:/Epic Games/asistivna/Asistivna/DerivedDataCache/DDC.ddp not found, will not use a pak cache.
[2021.12.26-16.15.59:746][  0]LogDerivedDataCache: Unable to find inner node Pak for hierarchical cache Hierarchy.
[2021.12.26-16.15.59:746][  0]LogDerivedDataCache: FDerivedDataBackendGraph:  CompressedPak pak cache file E:/Epic Games/asistivna/Asistivna/DerivedDataCache/Compressed.ddp not found, will not use a pak cache.
[2021.12.26-16.15.59:746][  0]LogDerivedDataCache: Unable to find inner node CompressedPak for hierarchical cache Hierarchy.
[2021.12.26-16.15.59:754][  0]LogDerivedDataCache: Display: Pak cache opened for reading ../../../Engine/DerivedDataCache/Compressed.ddp.
[2021.12.26-16.15.59:754][  0]LogDerivedDataCache: FDerivedDataBackendGraph:  EnterprisePak pak cache file ../../../Enterprise/DerivedDataCache/Compressed.ddp not found, will not use a pak cache.
[2021.12.26-16.15.59:754][  0]LogDerivedDataCache: Unable to find inner node EnterprisePak for hierarchical cache Hierarchy.
[2021.12.26-16.15.59:756][  0]LogDerivedDataCache: Using Local data cache path C:/Users/luka/AppData/Local/UnrealEngine/Common/DerivedDataCache: Writable
[2021.12.26-16.15.59:756][  0]LogDerivedDataCache: Shared data cache path not found in *engine.ini, will not use an Shared cache.
[2021.12.26-16.15.59:756][  0]LogDerivedDataCache: Unable to find inner node Shared for hierarchical cache Hierarchy.
[2021.12.26-16.15.59:773][  0]LogMaterial: Verifying Global Shaders for PCD3D_SM5
[2021.12.26-16.15.59:775][  0]LogSlate: Using FreeType 2.10.0
[2021.12.26-16.15.59:775][  0]LogSlate: SlateFontServices - WITH_FREETYPE: 1, WITH_HARFBUZZ: 1
[2021.12.26-16.15.59:811][  0]LogAssetRegistry: FAssetRegistry took 0.0027 seconds to start up
[2021.12.26-16.16.00:021][  0]LogInit: Selected Device Profile: [Windows]
[2021.12.26-16.16.00:125][  0]LogMeshReduction: Using QuadricMeshReduction for automatic static mesh reduction
[2021.12.26-16.16.00:126][  0]LogMeshReduction: Using SimplygonMeshReduction for automatic skeletal mesh reduction
[2021.12.26-16.16.00:126][  0]LogMeshReduction: Using ProxyLODMeshReduction for automatic mesh merging
[2021.12.26-16.16.00:126][  0]LogMeshReduction: No distributed automatic mesh merging module available
[2021.12.26-16.16.00:126][  0]LogMeshMerging: No distributed automatic mesh merging module available
[2021.12.26-16.16.00:134][  0]LogNetVersion: Asistivna 1.0.0, NetCL: 10570792, EngineNetVer: 13, GameNetVer: 0 (Checksum: 2527849711)
[2021.12.26-16.16.00:751][  0]LogPackageLocalizationCache: Processed 10 localized package path(s) for 1 prioritized culture(s) in 0.014217 seconds
[2021.12.26-16.16.00:755][  0]LogUObjectArray: 46750 objects as part of root set at end of initial load.
[2021.12.26-16.16.00:755][  0]LogUObjectAllocator: 8137160 out of 0 bytes used by permanent object pool.
[2021.12.26-16.16.00:755][  0]LogUObjectArray: CloseDisregardForGC: 0/0 objects in disregard for GC pool
[2021.12.26-16.16.01:062][  0]LogTcpMessaging: Initializing TcpMessaging bridge
[2021.12.26-16.16.01:065][  0]LogUdpMessaging: Initializing bridge on interface 0.0.0.0:0 to multicast group 230.0.0.1:6666.
[2021.12.26-16.16.01:139][  0]SourceControl: Source control is disabled
[2021.12.26-16.16.01:139][  0]SourceControl: Source control is disabled
[2021.12.26-16.16.01:140][  0]SourceControl: Source control is disabled
[2021.12.26-16.16.01:142][  0]SourceControl: Source control is disabled
[2021.12.26-16.16.01:143][  0]SourceControl: Source control is disabled
[2021.12.26-16.16.01:209][  0]LogAndroidPermission: UAndroidPermissionCallbackProxy::GetInstance
[2021.12.26-16.16.01:218][  0]LogAudioCaptureCore: Display: No Audio Capture implementations found. Audio input will be silent.
[2021.12.26-16.16.01:218][  0]LogAudioCaptureCore: Display: No Audio Capture implementations found. Audio input will be silent.
[2021.12.26-16.16.01:277][  0]LogOcInput: OculusInput pre-init called
[2021.12.26-16.16.01:284][  0]LogWindows: Failed to load 'OVRPlugin.dll' (GetLastError=126)
[2021.12.26-16.16.01:284][  0]LogWindows: File 'OVRPlugin.dll' does not exist
[2021.12.26-16.16.01:333][  0]LogEngine: Initializing Engine...
[2021.12.26-16.16.01:333][  0]LogHMD: Failed to initialize OpenVR with code 110
[2021.12.26-16.16.01:334][  0]LogStats: UGameplayTagsManager::InitializeManager -  0.000 s
[2021.12.26-16.16.01:536][  0]LogInit: Initializing FReadOnlyCVARCache
[2021.12.26-16.16.01:542][  0]LogAIModule: Creating AISystem for world Untitled
[2021.12.26-16.16.01:555][  0]LogAudioMixer: Display: Audio Mixer Platform Settings:
[2021.12.26-16.16.01:555][  0]LogAudioMixer: Display: 	Sample Rate:						  48000
[2021.12.26-16.16.01:555][  0]LogAudioMixer: Display: 	Callback Buffer Frame Size Requested: 1024
[2021.12.26-16.16.01:555][  0]LogAudioMixer: Display: 	Callback Buffer Frame Size To Use:	  1024
[2021.12.26-16.16.01:555][  0]LogAudioMixer: Display: 	Number of buffers to queue:			  2
[2021.12.26-16.16.01:555][  0]LogAudioMixer: Display: 	Max Channels (voices):				  32
[2021.12.26-16.16.01:555][  0]LogAudioMixer: Display: 	Number of Async Source Workers:		  0
[2021.12.26-16.16.01:555][  0]LogAudio: Display: AudioDevice MaxSources: 32
[2021.12.26-16.16.01:555][  0]LogAudio: Display: Using built-in audio occlusion.
[2021.12.26-16.16.01:555][  0]LogAudioMixer: Display: Initializing audio mixer.
[2021.12.26-16.16.01:566][  0]LogAudioMixer: Display: Audio Device Output Speaker Info:
[2021.12.26-16.16.01:566][  0]LogAudioMixer: Display: Name: Speakers (Realtek(R) Audio)
[2021.12.26-16.16.01:566][  0]LogAudioMixer: Display: Is Default: Yes
[2021.12.26-16.16.01:566][  0]LogAudioMixer: Display: Sample Rate: 48000
[2021.12.26-16.16.01:567][  0]LogAudioMixer: Display: Channel Count Used: 2
[2021.12.26-16.16.01:567][  0]LogAudioMixer: Display: Device Channel Count: 2
[2021.12.26-16.16.01:567][  0]LogAudioMixer: Display: Channel Order:
[2021.12.26-16.16.01:567][  0]LogAudioMixer: Display: 0: FrontLeft
[2021.12.26-16.16.01:567][  0]LogAudioMixer: Display: 1: FrontRight
[2021.12.26-16.16.01:583][  0]LogAudioMixer: Display: Using Audio Device Speakers (Realtek(R) Audio)
[2021.12.26-16.16.01:587][  0]LogInit: FAudioDevice initialized.
[2021.12.26-16.16.01:587][  0]LogNetVersion: Set ProjectVersion to 1.0.0.0. Version Checksum will be recalculated on next use.
[2021.12.26-16.16.01:645][  0]LogDerivedDataCache: Saved boot cache 0.06s 79MB C:/Users/luka/AppData/Local/UnrealEngine/4.24/DerivedDataCache/Boot.ddc.
[2021.12.26-16.16.01:646][  0]LogInit: Texture streaming: Enabled
[2021.12.26-16.16.01:656][  0]LogEngineSessionManager: EngineSessionManager initialized
[2021.12.26-16.16.01:656][  0]LogEngineSessionManager: EngineSessionManager sent abnormal shutdown report. Type=Debugger, SessionId={2BEDB8E6-428C-9D3B-2362-03A6707D8B66}
[2021.12.26-16.16.01:656][  0]LogEditorSessionSummary: Verbose: Initializing EditorSessionSummaryWriter for editor session tracking
[2021.12.26-16.16.01:657][  0]LogEditorSessionSummary: EditorSessionSummaryWriter initialized
[2021.12.26-16.16.01:675][  0]LogInit: Transaction tracking system initialized
[2021.12.26-16.16.01:685][  0]BlueprintLog: New page: Editor Load
[2021.12.26-16.16.01:714][  0]LocalizationService: Localization service is disabled
[2021.12.26-16.16.01:887][  0]LogFileCache: Scanning file cache for directory 'E:/Epic Games/asistivna/Asistivna/Content/' took 0.00s
[2021.12.26-16.16.01:887][  0]LogCook: Display: Max memory allowance for cook 16384mb min free memory 0mb
[2021.12.26-16.16.01:887][  0]LogCook: Display: Mobile HDR setting 1
[2021.12.26-16.16.02:314][  0]SourceControl: Source control is disabled
[2021.12.26-16.16.02:314][  0]Cmd: MAP LOAD FILE="E:/Epic Games/asistivna/Asistivna/Content/RollingCPP/Maps/RollingExampleMap.umap" TEMPLATE=0 SHOWPROGRESS=1 FEATURELEVEL=3
[2021.12.26-16.16.02:314][  0]LightingResults: New page: Lighting Build
[2021.12.26-16.16.02:314][  0]LogWorld: UWorld::CleanupWorld for Untitled, bSessionEnded=true, bCleanupResources=true
[2021.12.26-16.16.02:315][  0]LogSlate: InvalidateAllWidgets triggered.  All widgets were invalidated
[2021.12.26-16.16.02:315][  0]MapCheck: New page: Map Check
[2021.12.26-16.16.02:315][  0]LightingResults: New page: Lighting Build
[2021.12.26-16.16.02:336][  0]LogUObjectHash: Compacting FUObjectHashTables data took   1.62ms
[2021.12.26-16.16.02:409][  0]LogAIModule: Creating AISystem for world RollingExampleMap
[2021.12.26-16.16.02:414][  0]LogEditorServer: Finished looking for orphan Actors (0.000 secs)
[2021.12.26-16.16.02:439][  0]LogUObjectHash: Compacting FUObjectHashTables data took   1.62ms
[2021.12.26-16.16.02:439][  0]Cmd: MAP CHECKDEP NOCLEARLOG
[2021.12.26-16.16.02:439][  0]MapCheck: Map check complete: 0 Error(s), 0 Warning(s), took 0.095ms to complete.
[2021.12.26-16.16.02:440][  0]LogFileHelpers: Loading map 'RollingExampleMap' took 0.126
[2021.12.26-16.16.02:548][  0]LogSlate: Updating window title bar state: overlay mode, drag disabled, window buttons hidden, title bar hidden
[2021.12.26-16.16.02:553][  0]LogSlate: Updating window title bar state: overlay mode, drag disabled, window buttons hidden, title bar hidden
[2021.12.26-16.16.02:556][  0]LogSlate: Updating window title bar state: overlay mode, drag disabled, window buttons hidden, title bar hidden
[2021.12.26-16.16.02:560][  0]LogSlate: Updating window title bar state: overlay mode, drag disabled, window buttons hidden, title bar hidden
[2021.12.26-16.16.02:565][  0]LogCollectionManager: Loaded 0 collections in 0.001275 seconds
[2021.12.26-16.16.02:577][  0]LogFileCache: Scanning file cache for directory 'E:/Epic Games/asistivna/Asistivna/Saved/Collections/' took 0.00s
[2021.12.26-16.16.02:577][  0]LogFileCache: Scanning file cache for directory 'E:/Epic Games/asistivna/Asistivna/Content/Developers/luka/Collections/' took 0.00s
[2021.12.26-16.16.02:577][  0]LogFileCache: Scanning file cache for directory 'E:/Epic Games/asistivna/Asistivna/Content/Collections/' took 0.00s
[2021.12.26-16.16.02:577][  0]LogContentBrowser: Native class hierarchy populated in 0.0066 seconds. Added 3018 classes and 719 folders.
[2021.12.26-16.16.02:579][  0]LogContentBrowser: Native class hierarchy updated for 'WidgetCarousel' in 0.0002 seconds. Added 0 classes and 0 folders.
[2021.12.26-16.16.02:609][  0]LogContentBrowser: Native class hierarchy updated for 'AddContentDialog' in 0.0002 seconds. Added 0 classes and 0 folders.
[2021.12.26-16.16.02:613][  0]LogContentBrowser: Native class hierarchy updated for 'SceneOutliner' in 0.0002 seconds. Added 2 classes and 3 folders.
[2021.12.26-16.16.02:644][  0]LogSlate: Took 0.000108 seconds to synchronously load lazily loaded font '../../../Engine/Content/Slate/Fonts/Roboto-Regular.ttf' (155K)
[2021.12.26-16.16.02:645][  0]LogSlate: Took 0.000098 seconds to synchronously load lazily loaded font '../../../Engine/Content/Slate/Fonts/Roboto-Bold.ttf' (160K)
[2021.12.26-16.16.02:648][  0]LogSlate: Took 0.000078 seconds to synchronously load lazily loaded font '../../../Engine/Content/Editor/Slate/Fonts/FontAwesome.ttf' (139K)
[2021.12.26-16.16.02:696][  0]LogRenderer: Reallocating scene render targets to support 1208x600 Format 10 NumSamples 1 (Frame:1).
[2021.12.26-16.16.02:763][  0]LogContentBrowser: Native class hierarchy updated for 'HierarchicalLODOutliner' in 0.0003 seconds. Added 0 classes and 0 folders.
[2021.12.26-16.16.02:764][  0]LogLoad: (Engine Initialization) Total time: 5.58 seconds
[2021.12.26-16.16.02:764][  0]LogLoad: (Engine Initialization) Total Blueprint compile time: 0.00 seconds
[2021.12.26-16.16.02:794][  0]LogAssetRegistry: Asset discovery search completed in 2.9851 seconds
[2021.12.26-16.16.02:797][  0]LogCollectionManager: Fixed up redirectors for 0 collections in 0.000006 seconds (updated 0 objects)
[2021.12.26-16.16.02:945][  0]LogContentStreaming: Texture pool size now 1000 MB
[2021.12.26-16.16.02:966][  0]LogSlate: Took 0.000077 seconds to synchronously load lazily loaded font '../../../Engine/Content/Slate/Fonts/Roboto-Light.ttf' (167K)
[2021.12.26-16.16.06:445][386]LogTemp: Repeating last play command: Selected Viewport
[2021.12.26-16.16.06:449][386]LogBlueprintUserMessages: Early PlayInEditor Detection: Level '/Game/RollingCPP/Maps/RollingExampleMap.RollingExampleMap:PersistentLevel' has LevelScriptBlueprint '/Game/RollingCPP/Maps/RollingExampleMap.RollingExampleMap:PersistentLevel.RollingExampleMap' with GeneratedClass '/Game/RollingCPP/Maps/RollingExampleMap.RollingExampleMap_C' with ClassGeneratedBy '/Game/RollingCPP/Maps/RollingExampleMap.RollingExampleMap:PersistentLevel.RollingExampleMap'
[2021.12.26-16.16.06:449][386]LogPlayLevel: PlayLevel: No blueprints needed recompiling
[2021.12.26-16.16.06:450][386]PIE: New page: PIE session: RollingExampleMap (Dec 26, 2021, 6:16:06 PM)
[2021.12.26-16.16.06:451][386]LogOnline: OSS: Creating online subsystem instance for: NULL
[2021.12.26-16.16.06:452][386]LogOnline: OSS: TryLoadSubsystemAndSetDefault: Loaded subsystem for module [NULL]
[2021.12.26-16.16.06:452][386]LogPlayLevel: Creating play world package: /Game/RollingCPP/Maps/UEDPIE_0_RollingExampleMap
[2021.12.26-16.16.06:466][386]LogPlayLevel: PIE: StaticDuplicateObject took: (0.013501s)
[2021.12.26-16.16.06:467][386]LogAIModule: Creating AISystem for world RollingExampleMap
[2021.12.26-16.16.06:467][386]LogPlayLevel: PIE: World Init took: (0.000760s)
[2021.12.26-16.16.06:467][386]LogPlayLevel: PIE: Created PIE world by copying editor world from /Game/RollingCPP/Maps/RollingExampleMap.RollingExampleMap to /Game/RollingCPP/Maps/UEDPIE_0_RollingExampleMap.RollingExampleMap (0.014544s)
[2021.12.26-16.16.06:489][386]LogUObjectHash: Compacting FUObjectHashTables data took   1.30ms
[2021.12.26-16.16.06:492][386]LogAudioMixer: Display: Audio Mixer Platform Settings:
[2021.12.26-16.16.06:492][386]LogAudioMixer: Display: 	Sample Rate:						  48000
[2021.12.26-16.16.06:492][386]LogAudioMixer: Display: 	Callback Buffer Frame Size Requested: 1024
[2021.12.26-16.16.06:492][386]LogAudioMixer: Display: 	Callback Buffer Frame Size To Use:	  1024
[2021.12.26-16.16.06:492][386]LogAudioMixer: Display: 	Number of buffers to queue:			  2
[2021.12.26-16.16.06:492][386]LogAudioMixer: Display: 	Max Channels (voices):				  32
[2021.12.26-16.16.06:492][386]LogAudioMixer: Display: 	Number of Async Source Workers:		  0
[2021.12.26-16.16.06:492][386]LogAudio: Display: AudioDevice MaxSources: 32
[2021.12.26-16.16.06:493][386]LogAudio: Display: Using built-in audio occlusion.
[2021.12.26-16.16.06:493][386]LogAudioMixer: Display: Initializing audio mixer.
[2021.12.26-16.16.06:498][386]LogAudioMixer: Display: Audio Device Output Speaker Info:
[2021.12.26-16.16.06:498][386]LogAudioMixer: Display: Name: Speakers (Realtek(R) Audio)
[2021.12.26-16.16.06:499][386]LogAudioMixer: Display: Is Default: Yes
[2021.12.26-16.16.06:499][386]LogAudioMixer: Display: Sample Rate: 48000
[2021.12.26-16.16.06:499][386]LogAudioMixer: Display: Channel Count Used: 2
[2021.12.26-16.16.06:499][386]LogAudioMixer: Display: Device Channel Count: 2
[2021.12.26-16.16.06:499][386]LogAudioMixer: Display: Channel Order:
[2021.12.26-16.16.06:499][386]LogAudioMixer: Display: 0: FrontLeft
[2021.12.26-16.16.06:499][386]LogAudioMixer: Display: 1: FrontRight
[2021.12.26-16.16.06:508][386]LogAudioMixer: Display: Using Audio Device Speakers (Realtek(R) Audio)
[2021.12.26-16.16.06:510][386]LogInit: FAudioDevice initialized.
[2021.12.26-16.16.06:559][386]LogLoad: Game class is 'MyAsistivnaGameMode_C'
[2021.12.26-16.16.06:562][386]LogWorld: Bringing World /Game/RollingCPP/Maps/UEDPIE_0_RollingExampleMap.RollingExampleMap up for play (max tick rate 0) at 2021.12.26-17.16.06
[2021.12.26-16.16.06:563][386]LogWorld: Bringing up level for play took: 0.002145
[2021.12.26-16.16.06:563][386]LogOnline: OSS: Creating online subsystem instance for: :Context_1
[2021.12.26-16.16.06:566][386]LogContentBrowser: Native class hierarchy updated for 'MovieSceneCapture' in 0.0003 seconds. Added 20 classes and 0 folders.
[2021.12.26-16.16.06:567][386]PIE: Play in editor start time for /Game/RollingCPP/Maps/UEDPIE_0_RollingExampleMap -0.862
[2021.12.26-16.16.06:567][386]LogBlueprintUserMessages: Late PlayInEditor Detection: Level '/Game/RollingCPP/Maps/RollingExampleMap.RollingExampleMap:PersistentLevel' has LevelScriptBlueprint '/Game/RollingCPP/Maps/RollingExampleMap.RollingExampleMap:PersistentLevel.RollingExampleMap' with GeneratedClass '/Game/RollingCPP/Maps/RollingExampleMap.RollingExampleMap_C' with ClassGeneratedBy '/Game/RollingCPP/Maps/RollingExampleMap.RollingExampleMap:PersistentLevel.RollingExampleMap'
[2021.12.26-16.16.10:760][387]LogTemp: Resetting audio stream to device id 
[2021.12.26-16.16.10:768][387]LogAudioMixer: Display: Audio Device Output Speaker Info:
[2021.12.26-16.16.10:769][387]LogAudioMixer: Display: Name: Speakers (Realtek(R) Audio)
[2021.12.26-16.16.10:769][387]LogAudioMixer: Display: Is Default: Yes
[2021.12.26-16.16.10:769][387]LogAudioMixer: Display: Sample Rate: 48000
[2021.12.26-16.16.10:769][387]LogAudioMixer: Display: Channel Count Used: 2
[2021.12.26-16.16.10:769][387]LogAudioMixer: Display: Device Channel Count: 2
[2021.12.26-16.16.10:769][387]LogAudioMixer: Display: Channel Order:
[2021.12.26-16.16.10:769][387]LogAudioMixer: Display: 0: FrontLeft
[2021.12.26-16.16.10:769][387]LogAudioMixer: Display: 1: FrontRight
[2021.12.26-16.16.10:779][387]LogTemp: Resetting audio stream to device id 
[2021.12.26-16.16.10:786][387]LogAudioMixer: Display: Audio Device Output Speaker Info:
[2021.12.26-16.16.10:786][387]LogAudioMixer: Display: Name: Speakers (Realtek(R) Audio)
[2021.12.26-16.16.10:786][387]LogAudioMixer: Display: Is Default: Yes
[2021.12.26-16.16.10:786][387]LogAudioMixer: Display: Sample Rate: 48000
[2021.12.26-16.16.10:786][387]LogAudioMixer: Display: Channel Count Used: 2
[2021.12.26-16.16.10:786][387]LogAudioMixer: Display: Device Channel Count: 2
[2021.12.26-16.16.10:786][387]LogAudioMixer: Display: Channel Order:
[2021.12.26-16.16.10:786][387]LogAudioMixer: Display: 0: FrontLeft
[2021.12.26-16.16.10:786][387]LogAudioMixer: Display: 1: FrontRight
[2021.12.26-16.16.56:872][553]LogAudioMixer: Display: No commands were queued while flushing the source manager.
[2021.12.26-16.16.56:885][553]LogAudioMixer: Display: Flush succeeded in the source manager command queue (1).
[2021.12.26-16.16.56:905][553]LogAudioMixer: Display: Flush succeeded the source manager command queue (2).
[2021.12.26-16.16.56:905][553]LogBlueprintUserMessages: Early EndPlayMap Detection: Level '/Game/RollingCPP/Maps/RollingExampleMap.RollingExampleMap:PersistentLevel' has LevelScriptBlueprint '/Game/RollingCPP/Maps/RollingExampleMap.RollingExampleMap:PersistentLevel.RollingExampleMap' with GeneratedClass '/Game/RollingCPP/Maps/RollingExampleMap.RollingExampleMap_C' with ClassGeneratedBy '/Game/RollingCPP/Maps/RollingExampleMap.RollingExampleMap:PersistentLevel.RollingExampleMap'
[2021.12.26-16.16.56:908][553]LogSlate: Updating window title bar state: overlay mode, drag disabled, window buttons hidden, title bar hidden
[2021.12.26-16.16.56:908][553]LogWorld: BeginTearingDown for /Game/RollingCPP/Maps/UEDPIE_0_RollingExampleMap
[2021.12.26-16.16.56:909][553]LogAudioMixer: Display: No commands were queued while flushing the source manager.
[2021.12.26-16.16.56:910][553]LogWorld: UWorld::CleanupWorld for RollingExampleMap, bSessionEnded=true, bCleanupResources=true
[2021.12.26-16.16.56:911][553]LogSlate: InvalidateAllWidgets triggered.  All widgets were invalidated
[2021.12.26-16.16.56:923][553]LogPlayLevel: Display: Shutting down PIE online subsystems
[2021.12.26-16.16.56:924][553]LogBlueprintUserMessages: Late EndPlayMap Detection: Level '/Game/RollingCPP/Maps/RollingExampleMap.RollingExampleMap:PersistentLevel' has LevelScriptBlueprint '/Game/RollingCPP/Maps/RollingExampleMap.RollingExampleMap:PersistentLevel.RollingExampleMap' with GeneratedClass '/Game/RollingCPP/Maps/RollingExampleMap.RollingExampleMap_C' with ClassGeneratedBy '/Game/RollingCPP/Maps/RollingExampleMap.RollingExampleMap:PersistentLevel.RollingExampleMap'
[2021.12.26-16.16.56:927][553]LogSlate: InvalidateAllWidgets triggered.  All widgets were invalidated
[2021.12.26-16.16.56:950][553]LogAudioMixer: Display: No commands were queued while flushing the source manager.
[2021.12.26-16.16.56:954][553]LogSlate: Updating window title bar state: overlay mode, drag disabled, window buttons hidden, title bar hidden
[2021.12.26-16.16.56:961][553]LogUObjectHash: Compacting FUObjectHashTables data took   1.39ms
[2021.12.26-16.16.56:988][555]LogPlayLevel: Display: Destroying online subsystem :Context_1
[2021.12.26-16.16.57:729][613]LogTemp: Repeating last play command: Selected Viewport
[2021.12.26-16.16.57:733][613]LogBlueprintUserMessages: Early PlayInEditor Detection: Level '/Game/RollingCPP/Maps/RollingExampleMap.RollingExampleMap:PersistentLevel' has LevelScriptBlueprint '/Game/RollingCPP/Maps/RollingExampleMap.RollingExampleMap:PersistentLevel.RollingExampleMap' with GeneratedClass '/Game/RollingCPP/Maps/RollingExampleMap.RollingExampleMap_C' with ClassGeneratedBy '/Game/RollingCPP/Maps/RollingExampleMap.RollingExampleMap:PersistentLevel.RollingExampleMap'
[2021.12.26-16.16.57:733][613]LogPlayLevel: PlayLevel: No blueprints needed recompiling
[2021.12.26-16.16.57:734][613]PIE: New page: PIE session: RollingExampleMap (Dec 26, 2021, 6:16:57 PM)
[2021.12.26-16.16.57:734][613]LogPlayLevel: Creating play world package: /Game/RollingCPP/Maps/UEDPIE_0_RollingExampleMap
[2021.12.26-16.16.57:745][613]LogPlayLevel: PIE: StaticDuplicateObject took: (0.011357s)
[2021.12.26-16.16.57:746][613]LogAIModule: Creating AISystem for world RollingExampleMap
[2021.12.26-16.16.57:746][613]LogPlayLevel: PIE: World Init took: (0.001052s)
[2021.12.26-16.16.57:746][613]LogPlayLevel: PIE: Created PIE world by copying editor world from /Game/RollingCPP/Maps/RollingExampleMap.RollingExampleMap to /Game/RollingCPP/Maps/UEDPIE_0_RollingExampleMap.RollingExampleMap (0.012621s)
[2021.12.26-16.16.57:769][613]LogUObjectHash: Compacting FUObjectHashTables data took   1.25ms
[2021.12.26-16.16.57:770][613]LogAudioMixer: Display: Audio Mixer Platform Settings:
[2021.12.26-16.16.57:770][613]LogAudioMixer: Display: 	Sample Rate:						  48000
[2021.12.26-16.16.57:770][613]LogAudioMixer: Display: 	Callback Buffer Frame Size Requested: 1024
[2021.12.26-16.16.57:770][613]LogAudioMixer: Display: 	Callback Buffer Frame Size To Use:	  1024
[2021.12.26-16.16.57:770][613]LogAudioMixer: Display: 	Number of buffers to queue:			  2
[2021.12.26-16.16.57:770][613]LogAudioMixer: Display: 	Max Channels (voices):				  32
[2021.12.26-16.16.57:770][613]LogAudioMixer: Display: 	Number of Async Source Workers:		  0
[2021.12.26-16.16.57:771][613]LogAudio: Display: AudioDevice MaxSources: 32
[2021.12.26-16.16.57:771][613]LogAudio: Display: Using built-in audio occlusion.
[2021.12.26-16.16.57:771][613]LogAudioMixer: Display: Initializing audio mixer.
[2021.12.26-16.16.57:777][613]LogAudioMixer: Display: Audio Device Output Speaker Info:
[2021.12.26-16.16.57:777][613]LogAudioMixer: Display: Name: Speakers (Realtek(R) Audio)
[2021.12.26-16.16.57:777][613]LogAudioMixer: Display: Is Default: Yes
[2021.12.26-16.16.57:777][613]LogAudioMixer: Display: Sample Rate: 48000
[2021.12.26-16.16.57:777][613]LogAudioMixer: Display: Channel Count Used: 2
[2021.12.26-16.16.57:777][613]LogAudioMixer: Display: Device Channel Count: 2
[2021.12.26-16.16.57:777][613]LogAudioMixer: Display: Channel Order:
[2021.12.26-16.16.57:777][613]LogAudioMixer: Display: 0: FrontLeft
[2021.12.26-16.16.57:777][613]LogAudioMixer: Display: 1: FrontRight
[2021.12.26-16.16.57:787][613]LogAudioMixer: Display: Using Audio Device Speakers (Realtek(R) Audio)
[2021.12.26-16.16.57:789][613]LogInit: FAudioDevice initialized.
[2021.12.26-16.16.57:794][613]LogLoad: Game class is 'MyAsistivnaGameMode_C'
[2021.12.26-16.16.57:796][613]LogWorld: Bringing World /Game/RollingCPP/Maps/UEDPIE_0_RollingExampleMap.RollingExampleMap up for play (max tick rate 0) at 2021.12.26-17.16.57
[2021.12.26-16.16.57:796][613]LogWorld: Bringing up level for play took: 0.001895
[2021.12.26-16.16.57:796][613]LogOnline: OSS: Creating online subsystem instance for: :Context_2
[2021.12.26-16.16.57:799][613]PIE: Play in editor start time for /Game/RollingCPP/Maps/UEDPIE_0_RollingExampleMap 0.369
[2021.12.26-16.16.57:799][613]LogBlueprintUserMessages: Late PlayInEditor Detection: Level '/Game/RollingCPP/Maps/RollingExampleMap.RollingExampleMap:PersistentLevel' has LevelScriptBlueprint '/Game/RollingCPP/Maps/RollingExampleMap.RollingExampleMap:PersistentLevel.RollingExampleMap' with GeneratedClass '/Game/RollingCPP/Maps/RollingExampleMap.RollingExampleMap_C' with ClassGeneratedBy '/Game/RollingCPP/Maps/RollingExampleMap.RollingExampleMap:PersistentLevel.RollingExampleMap'
[2021.12.26-16.17.37:769][116]LogTemp: Resetting audio stream to device id 
[2021.12.26-16.17.37:777][116]LogAudioMixer: Display: Audio Device Output Speaker Info:
[2021.12.26-16.17.37:777][116]LogAudioMixer: Display: Name: Speakers (Realtek(R) Audio)
[2021.12.26-16.17.37:777][116]LogAudioMixer: Display: Is Default: Yes
[2021.12.26-16.17.37:777][116]LogAudioMixer: Display: Sample Rate: 48000
[2021.12.26-16.17.37:777][116]LogAudioMixer: Display: Channel Count Used: 2
[2021.12.26-16.17.37:777][116]LogAudioMixer: Display: Device Channel Count: 2
[2021.12.26-16.17.37:777][116]LogAudioMixer: Display: Channel Order:
[2021.12.26-16.17.37:777][116]LogAudioMixer: Display: 0: FrontLeft
[2021.12.26-16.17.37:777][116]LogAudioMixer: Display: 1: FrontRight
[2021.12.26-16.17.37:788][116]LogTemp: Resetting audio stream to device id 
[2021.12.26-16.17.37:794][116]LogAudioMixer: Display: Audio Device Output Speaker Info:
[2021.12.26-16.17.37:794][116]LogAudioMixer: Display: Name: Speakers (Realtek(R) Audio)
[2021.12.26-16.17.37:794][116]LogAudioMixer: Display: Is Default: Yes
[2021.12.26-16.17.37:794][116]LogAudioMixer: Display: Sample Rate: 48000
[2021.12.26-16.17.37:794][116]LogAudioMixer: Display: Channel Count Used: 2
[2021.12.26-16.17.37:794][116]LogAudioMixer: Display: Device Channel Count: 2
[2021.12.26-16.17.37:794][116]LogAudioMixer: Display: Channel Order:
[2021.12.26-16.17.37:794][116]LogAudioMixer: Display: 0: FrontLeft
[2021.12.26-16.17.37:795][116]LogAudioMixer: Display: 1: FrontRight
[2021.12.26-16.17.41:933][353]LogAudioMixer: Display: No commands were queued while flushing the source manager.
[2021.12.26-16.17.41:945][353]LogAudioMixer: Display: Flush succeeded in the source manager command queue (1).
[2021.12.26-16.17.41:975][353]LogAudioMixer: Display: Flush succeeded the source manager command queue (2).
[2021.12.26-16.17.41:975][353]LogBlueprintUserMessages: Early EndPlayMap Detection: Level '/Game/RollingCPP/Maps/RollingExampleMap.RollingExampleMap:PersistentLevel' has LevelScriptBlueprint '/Game/RollingCPP/Maps/RollingExampleMap.RollingExampleMap:PersistentLevel.RollingExampleMap' with GeneratedClass '/Game/RollingCPP/Maps/RollingExampleMap.RollingExampleMap_C' with ClassGeneratedBy '/Game/RollingCPP/Maps/RollingExampleMap.RollingExampleMap:PersistentLevel.RollingExampleMap'
[2021.12.26-16.17.41:975][353]LogSlate: Updating window title bar state: overlay mode, drag disabled, window buttons hidden, title bar hidden
[2021.12.26-16.17.41:975][353]LogWorld: BeginTearingDown for /Game/RollingCPP/Maps/UEDPIE_0_RollingExampleMap
[2021.12.26-16.17.41:975][353]LogAudioMixer: Display: No commands were queued while flushing the source manager.
[2021.12.26-16.17.41:976][353]LogWorld: UWorld::CleanupWorld for RollingExampleMap, bSessionEnded=true, bCleanupResources=true
[2021.12.26-16.17.41:976][353]LogSlate: InvalidateAllWidgets triggered.  All widgets were invalidated
[2021.12.26-16.17.41:986][353]LogPlayLevel: Display: Shutting down PIE online subsystems
[2021.12.26-16.17.41:986][353]LogBlueprintUserMessages: Late EndPlayMap Detection: Level '/Game/RollingCPP/Maps/RollingExampleMap.RollingExampleMap:PersistentLevel' has LevelScriptBlueprint '/Game/RollingCPP/Maps/RollingExampleMap.RollingExampleMap:PersistentLevel.RollingExampleMap' with GeneratedClass '/Game/RollingCPP/Maps/RollingExampleMap.RollingExampleMap_C' with ClassGeneratedBy '/Game/RollingCPP/Maps/RollingExampleMap.RollingExampleMap:PersistentLevel.RollingExampleMap'
[2021.12.26-16.17.41:989][353]LogSlate: InvalidateAllWidgets triggered.  All widgets were invalidated
[2021.12.26-16.17.42:008][353]LogAudioMixer: Display: No commands were queued while flushing the source manager.
[2021.12.26-16.17.42:011][353]LogSlate: Updating window title bar state: overlay mode, drag disabled, window buttons hidden, title bar hidden
[2021.12.26-16.17.42:013][353]LogUObjectHash: Compacting FUObjectHashTables data took   1.23ms
[2021.12.26-16.17.42:033][355]LogPlayLevel: Display: Destroying online subsystem :Context_2
[2021.12.26-16.17.44:171][596]LogEditorViewport: Clicking on Actor (LMB): StaticMeshActor (Ground)
[2021.12.26-16.17.49:958][275]LogTemp: Repeating last play command: Selected Viewport
[2021.12.26-16.17.49:962][275]LogBlueprintUserMessages: Early PlayInEditor Detection: Level '/Game/RollingCPP/Maps/RollingExampleMap.RollingExampleMap:PersistentLevel' has LevelScriptBlueprint '/Game/RollingCPP/Maps/RollingExampleMap.RollingExampleMap:PersistentLevel.RollingExampleMap' with GeneratedClass '/Game/RollingCPP/Maps/RollingExampleMap.RollingExampleMap_C' with ClassGeneratedBy '/Game/RollingCPP/Maps/RollingExampleMap.RollingExampleMap:PersistentLevel.RollingExampleMap'
[2021.12.26-16.17.49:962][275]LogPlayLevel: PlayLevel: No blueprints needed recompiling
[2021.12.26-16.17.49:962][275]PIE: New page: PIE session: RollingExampleMap (Dec 26, 2021, 6:17:49 PM)
[2021.12.26-16.17.49:963][275]LogPlayLevel: Creating play world package: /Game/RollingCPP/Maps/UEDPIE_0_RollingExampleMap
[2021.12.26-16.17.49:974][275]LogPlayLevel: PIE: StaticDuplicateObject took: (0.011568s)
[2021.12.26-16.17.49:975][275]LogAIModule: Creating AISystem for world RollingExampleMap
[2021.12.26-16.17.49:975][275]LogPlayLevel: PIE: World Init took: (0.000810s)
[2021.12.26-16.17.49:975][275]LogPlayLevel: PIE: Created PIE world by copying editor world from /Game/RollingCPP/Maps/RollingExampleMap.RollingExampleMap to /Game/RollingCPP/Maps/UEDPIE_0_RollingExampleMap.RollingExampleMap (0.012567s)
[2021.12.26-16.17.49:997][275]LogUObjectHash: Compacting FUObjectHashTables data took   1.33ms
[2021.12.26-16.17.49:999][275]LogAudioMixer: Display: Audio Mixer Platform Settings:
[2021.12.26-16.17.49:999][275]LogAudioMixer: Display: 	Sample Rate:						  48000
[2021.12.26-16.17.49:999][275]LogAudioMixer: Display: 	Callback Buffer Frame Size Requested: 1024
[2021.12.26-16.17.49:999][275]LogAudioMixer: Display: 	Callback Buffer Frame Size To Use:	  1024
[2021.12.26-16.17.49:999][275]LogAudioMixer: Display: 	Number of buffers to queue:			  2
[2021.12.26-16.17.49:999][275]LogAudioMixer: Display: 	Max Channels (voices):				  32
[2021.12.26-16.17.49:999][275]LogAudioMixer: Display: 	Number of Async Source Workers:		  0
[2021.12.26-16.17.49:999][275]LogAudio: Display: AudioDevice MaxSources: 32
[2021.12.26-16.17.49:999][275]LogAudio: Display: Using built-in audio occlusion.
[2021.12.26-16.17.49:999][275]LogAudioMixer: Display: Initializing audio mixer.
[2021.12.26-16.17.50:006][275]LogAudioMixer: Display: Audio Device Output Speaker Info:
[2021.12.26-16.17.50:006][275]LogAudioMixer: Display: Name: Speakers (Realtek(R) Audio)
[2021.12.26-16.17.50:006][275]LogAudioMixer: Display: Is Default: Yes
[2021.12.26-16.17.50:006][275]LogAudioMixer: Display: Sample Rate: 48000
[2021.12.26-16.17.50:006][275]LogAudioMixer: Display: Channel Count Used: 2
[2021.12.26-16.17.50:006][275]LogAudioMixer: Display: Device Channel Count: 2
[2021.12.26-16.17.50:006][275]LogAudioMixer: Display: Channel Order:
[2021.12.26-16.17.50:006][275]LogAudioMixer: Display: 0: FrontLeft
[2021.12.26-16.17.50:006][275]LogAudioMixer: Display: 1: FrontRight
[2021.12.26-16.17.50:017][275]LogAudioMixer: Display: Using Audio Device Speakers (Realtek(R) Audio)
[2021.12.26-16.17.50:019][275]LogInit: FAudioDevice initialized.
[2021.12.26-16.17.50:030][275]LogLoad: Game class is 'MyAsistivnaGameMode_C'
[2021.12.26-16.17.50:032][275]LogWorld: Bringing World /Game/RollingCPP/Maps/UEDPIE_0_RollingExampleMap.RollingExampleMap up for play (max tick rate 0) at 2021.12.26-17.17.50
[2021.12.26-16.17.50:032][275]LogWorld: Bringing up level for play took: 0.001848
[2021.12.26-16.17.50:032][275]LogOnline: OSS: Creating online subsystem instance for: :Context_5
[2021.12.26-16.17.50:034][275]PIE: Play in editor start time for /Game/RollingCPP/Maps/UEDPIE_0_RollingExampleMap 0.605
[2021.12.26-16.17.50:034][275]LogBlueprintUserMessages: Late PlayInEditor Detection: Level '/Game/RollingCPP/Maps/RollingExampleMap.RollingExampleMap:PersistentLevel' has LevelScriptBlueprint '/Game/RollingCPP/Maps/RollingExampleMap.RollingExampleMap:PersistentLevel.RollingExampleMap' with GeneratedClass '/Game/RollingCPP/Maps/RollingExampleMap.RollingExampleMap_C' with ClassGeneratedBy '/Game/RollingCPP/Maps/RollingExampleMap.RollingExampleMap:PersistentLevel.RollingExampleMap'
[2021.12.26-16.18.13:668][104]LogAudioMixer: Display: No commands were queued while flushing the source manager.
[2021.12.26-16.18.13:675][104]LogAudioMixer: Display: Flush succeeded in the source manager command queue (1).
[2021.12.26-16.18.13:695][104]LogAudioMixer: Display: Flush succeeded the source manager command queue (2).
[2021.12.26-16.18.13:695][104]LogBlueprintUserMessages: Early EndPlayMap Detection: Level '/Game/RollingCPP/Maps/RollingExampleMap.RollingExampleMap:PersistentLevel' has LevelScriptBlueprint '/Game/RollingCPP/Maps/RollingExampleMap.RollingExampleMap:PersistentLevel.RollingExampleMap' with GeneratedClass '/Game/RollingCPP/Maps/RollingExampleMap.RollingExampleMap_C' with ClassGeneratedBy '/Game/RollingCPP/Maps/RollingExampleMap.RollingExampleMap:PersistentLevel.RollingExampleMap'
[2021.12.26-16.18.13:696][104]LogSlate: Updating window title bar state: overlay mode, drag disabled, window buttons hidden, title bar hidden
[2021.12.26-16.18.13:696][104]LogWorld: BeginTearingDown for /Game/RollingCPP/Maps/UEDPIE_0_RollingExampleMap
[2021.12.26-16.18.13:696][104]LogAudioMixer: Display: No commands were queued while flushing the source manager.
[2021.12.26-16.18.13:696][104]LogWorld: UWorld::CleanupWorld for RollingExampleMap, bSessionEnded=true, bCleanupResources=true
[2021.12.26-16.18.13:697][104]LogSlate: InvalidateAllWidgets triggered.  All widgets were invalidated
[2021.12.26-16.18.13:707][104]LogPlayLevel: Display: Shutting down PIE online subsystems
[2021.12.26-16.18.13:707][104]LogBlueprintUserMessages: Late EndPlayMap Detection: Level '/Game/RollingCPP/Maps/RollingExampleMap.RollingExampleMap:PersistentLevel' has LevelScriptBlueprint '/Game/RollingCPP/Maps/RollingExampleMap.RollingExampleMap:PersistentLevel.RollingExampleMap' with GeneratedClass '/Game/RollingCPP/Maps/RollingExampleMap.RollingExampleMap_C' with ClassGeneratedBy '/Game/RollingCPP/Maps/RollingExampleMap.RollingExampleMap:PersistentLevel.RollingExampleMap'
[2021.12.26-16.18.13:710][104]LogSlate: InvalidateAllWidgets triggered.  All widgets were invalidated
[2021.12.26-16.18.13:730][104]LogAudioMixer: Display: No commands were queued while flushing the source manager.
[2021.12.26-16.18.13:733][104]LogSlate: Updating window title bar state: overlay mode, drag disabled, window buttons hidden, title bar hidden
[2021.12.26-16.18.13:736][104]LogUObjectHash: Compacting FUObjectHashTables data took   1.28ms
[2021.12.26-16.18.13:775][107]LogPlayLevel: Display: Destroying online subsystem :Context_5
[2021.12.26-16.18.32:019][154]LogEditorViewport: Clicking on Actor (LMB): MyAsistivnaBall_C (MyAsistivnaBall)
[2021.12.26-16.19.38:349][456]LogSlate: Took 0.000410 seconds to synchronously load lazily loaded font '../../../Engine/Content/Slate/Fonts/Roboto-Italic.ttf' (157K)
[2021.12.26-16.19.40:930][617]LogEditorViewport: Clicking on Actor (LMB): StaticMeshActor (Ground)
[2021.12.26-16.19.51:429][840]LogEditorViewport: Clicking on Actor (LMB): MyAsistivnaBall_C (MyAsistivnaBall)
[2021.12.26-16.20.40:210][133]LogTemp: Repeating last play command: Selected Viewport
[2021.12.26-16.20.40:214][133]LogBlueprintUserMessages: Early PlayInEditor Detection: Level '/Game/RollingCPP/Maps/RollingExampleMap.RollingExampleMap:PersistentLevel' has LevelScriptBlueprint '/Game/RollingCPP/Maps/RollingExampleMap.RollingExampleMap:PersistentLevel.RollingExampleMap' with GeneratedClass '/Game/RollingCPP/Maps/RollingExampleMap.RollingExampleMap_C' with ClassGeneratedBy '/Game/RollingCPP/Maps/RollingExampleMap.RollingExampleMap:PersistentLevel.RollingExampleMap'
[2021.12.26-16.20.40:215][133]LogPlayLevel: PlayLevel: No blueprints needed recompiling
[2021.12.26-16.20.40:215][133]PIE: New page: PIE session: RollingExampleMap (Dec 26, 2021, 6:20:40 PM)
[2021.12.26-16.20.40:215][133]LogPlayLevel: Creating play world package: /Game/RollingCPP/Maps/UEDPIE_0_RollingExampleMap
[2021.12.26-16.20.40:227][133]LogPlayLevel: PIE: StaticDuplicateObject took: (0.012283s)
[2021.12.26-16.20.40:228][133]LogAIModule: Creating AISystem for world RollingExampleMap
[2021.12.26-16.20.40:228][133]LogPlayLevel: PIE: World Init took: (0.001101s)
[2021.12.26-16.20.40:228][133]LogPlayLevel: PIE: Created PIE world by copying editor world from /Game/RollingCPP/Maps/RollingExampleMap.RollingExampleMap to /Game/RollingCPP/Maps/UEDPIE_0_RollingExampleMap.RollingExampleMap (0.013614s)
[2021.12.26-16.20.40:251][133]LogUObjectHash: Compacting FUObjectHashTables data took   1.86ms
[2021.12.26-16.20.40:254][133]LogAudioMixer: Display: Audio Mixer Platform Settings:
[2021.12.26-16.20.40:254][133]LogAudioMixer: Display: 	Sample Rate:						  48000
[2021.12.26-16.20.40:254][133]LogAudioMixer: Display: 	Callback Buffer Frame Size Requested: 1024
[2021.12.26-16.20.40:254][133]LogAudioMixer: Display: 	Callback Buffer Frame Size To Use:	  1024
[2021.12.26-16.20.40:254][133]LogAudioMixer: Display: 	Number of buffers to queue:			  2
[2021.12.26-16.20.40:254][133]LogAudioMixer: Display: 	Max Channels (voices):				  32
[2021.12.26-16.20.40:254][133]LogAudioMixer: Display: 	Number of Async Source Workers:		  0
[2021.12.26-16.20.40:255][133]LogAudio: Display: AudioDevice MaxSources: 32
[2021.12.26-16.20.40:255][133]LogAudio: Display: Using built-in audio occlusion.
[2021.12.26-16.20.40:255][133]LogAudioMixer: Display: Initializing audio mixer.
[2021.12.26-16.20.40:261][133]LogAudioMixer: Display: Audio Device Output Speaker Info:
[2021.12.26-16.20.40:261][133]LogAudioMixer: Display: Name: Speakers (Realtek(R) Audio)
[2021.12.26-16.20.40:261][133]LogAudioMixer: Display: Is Default: Yes
[2021.12.26-16.20.40:261][133]LogAudioMixer: Display: Sample Rate: 48000
[2021.12.26-16.20.40:261][133]LogAudioMixer: Display: Channel Count Used: 2
[2021.12.26-16.20.40:261][133]LogAudioMixer: Display: Device Channel Count: 2
[2021.12.26-16.20.40:261][133]LogAudioMixer: Display: Channel Order:
[2021.12.26-16.20.40:262][133]LogAudioMixer: Display: 0: FrontLeft
[2021.12.26-16.20.40:262][133]LogAudioMixer: Display: 1: FrontRight
[2021.12.26-16.20.40:272][133]LogAudioMixer: Display: Using Audio Device Speakers (Realtek(R) Audio)
[2021.12.26-16.20.40:274][133]LogInit: FAudioDevice initialized.
[2021.12.26-16.20.40:284][133]LogLoad: Game class is 'MyAsistivnaGameMode_C'
[2021.12.26-16.20.40:286][133]LogWorld: Bringing World /Game/RollingCPP/Maps/UEDPIE_0_RollingExampleMap.RollingExampleMap up for play (max tick rate 0) at 2021.12.26-17.20.40
[2021.12.26-16.20.40:287][133]LogWorld: Bringing up level for play took: 0.001908
[2021.12.26-16.20.40:287][133]LogOnline: OSS: Creating online subsystem instance for: :Context_6
[2021.12.26-16.20.40:289][133]PIE: Play in editor start time for /Game/RollingCPP/Maps/UEDPIE_0_RollingExampleMap 0.86
[2021.12.26-16.20.40:289][133]LogBlueprintUserMessages: Late PlayInEditor Detection: Level '/Game/RollingCPP/Maps/RollingExampleMap.RollingExampleMap:PersistentLevel' has LevelScriptBlueprint '/Game/RollingCPP/Maps/RollingExampleMap.RollingExampleMap:PersistentLevel.RollingExampleMap' with GeneratedClass '/Game/RollingCPP/Maps/RollingExampleMap.RollingExampleMap_C' with ClassGeneratedBy '/Game/RollingCPP/Maps/RollingExampleMap.RollingExampleMap:PersistentLevel.RollingExampleMap'
[2021.12.26-16.21.16:490][193]LogTemp: Resetting audio stream to device id 
[2021.12.26-16.21.16:498][193]LogAudioMixer: Display: Audio Device Output Speaker Info:
[2021.12.26-16.21.16:498][193]LogAudioMixer: Display: Name: Speakers (Realtek(R) Audio)
[2021.12.26-16.21.16:498][193]LogAudioMixer: Display: Is Default: Yes
[2021.12.26-16.21.16:498][193]LogAudioMixer: Display: Sample Rate: 48000
[2021.12.26-16.21.16:498][193]LogAudioMixer: Display: Channel Count Used: 2
[2021.12.26-16.21.16:498][193]LogAudioMixer: Display: Device Channel Count: 2
[2021.12.26-16.21.16:498][193]LogAudioMixer: Display: Channel Order:
[2021.12.26-16.21.16:498][193]LogAudioMixer: Display: 0: FrontLeft
[2021.12.26-16.21.16:498][193]LogAudioMixer: Display: 1: FrontRight
[2021.12.26-16.21.16:508][193]LogTemp: Resetting audio stream to device id 
[2021.12.26-16.21.16:514][193]LogAudioMixer: Display: Audio Device Output Speaker Info:
[2021.12.26-16.21.16:514][193]LogAudioMixer: Display: Name: Speakers (Realtek(R) Audio)
[2021.12.26-16.21.16:514][193]LogAudioMixer: Display: Is Default: Yes
[2021.12.26-16.21.16:514][193]LogAudioMixer: Display: Sample Rate: 48000
[2021.12.26-16.21.16:514][193]LogAudioMixer: Display: Channel Count Used: 2
[2021.12.26-16.21.16:514][193]LogAudioMixer: Display: Device Channel Count: 2
[2021.12.26-16.21.16:514][193]LogAudioMixer: Display: Channel Order:
[2021.12.26-16.21.16:514][193]LogAudioMixer: Display: 0: FrontLeft
[2021.12.26-16.21.16:514][193]LogAudioMixer: Display: 1: FrontRight
[2021.12.26-16.21.36:061][364]LogAudioMixer: Display: No commands were queued while flushing the source manager.
[2021.12.26-16.21.36:075][364]LogAudioMixer: Display: Flush succeeded in the source manager command queue (1).
[2021.12.26-16.21.36:095][364]LogAudioMixer: Display: Flush succeeded the source manager command queue (2).
[2021.12.26-16.21.36:095][364]LogBlueprintUserMessages: Early EndPlayMap Detection: Level '/Game/RollingCPP/Maps/RollingExampleMap.RollingExampleMap:PersistentLevel' has LevelScriptBlueprint '/Game/RollingCPP/Maps/RollingExampleMap.RollingExampleMap:PersistentLevel.RollingExampleMap' with GeneratedClass '/Game/RollingCPP/Maps/RollingExampleMap.RollingExampleMap_C' with ClassGeneratedBy '/Game/RollingCPP/Maps/RollingExampleMap.RollingExampleMap:PersistentLevel.RollingExampleMap'
[2021.12.26-16.21.36:095][364]LogSlate: Updating window title bar state: overlay mode, drag disabled, window buttons hidden, title bar hidden
[2021.12.26-16.21.36:095][364]LogWorld: BeginTearingDown for /Game/RollingCPP/Maps/UEDPIE_0_RollingExampleMap
[2021.12.26-16.21.36:095][364]LogAudioMixer: Display: No commands were queued while flushing the source manager.
[2021.12.26-16.21.36:096][364]LogWorld: UWorld::CleanupWorld for RollingExampleMap, bSessionEnded=true, bCleanupResources=true
[2021.12.26-16.21.36:096][364]LogSlate: InvalidateAllWidgets triggered.  All widgets were invalidated
[2021.12.26-16.21.36:131][364]LogPlayLevel: Display: Shutting down PIE online subsystems
[2021.12.26-16.21.36:132][364]LogBlueprintUserMessages: Late EndPlayMap Detection: Level '/Game/RollingCPP/Maps/RollingExampleMap.RollingExampleMap:PersistentLevel' has LevelScriptBlueprint '/Game/RollingCPP/Maps/RollingExampleMap.RollingExampleMap:PersistentLevel.RollingExampleMap' with GeneratedClass '/Game/RollingCPP/Maps/RollingExampleMap.RollingExampleMap_C' with ClassGeneratedBy '/Game/RollingCPP/Maps/RollingExampleMap.RollingExampleMap:PersistentLevel.RollingExampleMap'
[2021.12.26-16.21.36:134][364]LogSlate: InvalidateAllWidgets triggered.  All widgets were invalidated
[2021.12.26-16.21.36:154][364]LogAudioMixer: Display: No commands were queued while flushing the source manager.
[2021.12.26-16.21.36:157][364]LogSlate: Updating window title bar state: overlay mode, drag disabled, window buttons hidden, title bar hidden
[2021.12.26-16.21.36:159][364]LogUObjectHash: Compacting FUObjectHashTables data took   1.24ms
[2021.12.26-16.21.36:169][365]LogPlayLevel: Display: Destroying online subsystem :Context_6
[2021.12.26-16.21.40:046][817]LogEditorViewport: Clicking on Actor (LMB): MyAsistivnaBall_C (MyAsistivnaBall)
[2021.12.26-16.21.45:261][418]LogTemp: Repeating last play command: Selected Viewport
[2021.12.26-16.21.45:265][418]LogBlueprintUserMessages: Early PlayInEditor Detection: Level '/Game/RollingCPP/Maps/RollingExampleMap.RollingExampleMap:PersistentLevel' has LevelScriptBlueprint '/Game/RollingCPP/Maps/RollingExampleMap.RollingExampleMap:PersistentLevel.RollingExampleMap' with GeneratedClass '/Game/RollingCPP/Maps/RollingExampleMap.RollingExampleMap_C' with ClassGeneratedBy '/Game/RollingCPP/Maps/RollingExampleMap.RollingExampleMap:PersistentLevel.RollingExampleMap'
[2021.12.26-16.21.45:265][418]LogPlayLevel: PlayLevel: No blueprints needed recompiling
[2021.12.26-16.21.45:265][418]PIE: New page: PIE session: RollingExampleMap (Dec 26, 2021, 6:21:45 PM)
[2021.12.26-16.21.45:265][418]LogPlayLevel: Creating play world package: /Game/RollingCPP/Maps/UEDPIE_0_RollingExampleMap
[2021.12.26-16.21.45:277][418]LogPlayLevel: PIE: StaticDuplicateObject took: (0.011870s)
[2021.12.26-16.21.45:278][418]LogAIModule: Creating AISystem for world RollingExampleMap
[2021.12.26-16.21.45:278][418]LogPlayLevel: PIE: World Init took: (0.000700s)
[2021.12.26-16.21.45:278][418]LogPlayLevel: PIE: Created PIE world by copying editor world from /Game/RollingCPP/Maps/RollingExampleMap.RollingExampleMap to /Game/RollingCPP/Maps/UEDPIE_0_RollingExampleMap.RollingExampleMap (0.012762s)
[2021.12.26-16.21.45:299][418]LogUObjectHash: Compacting FUObjectHashTables data took   1.24ms
[2021.12.26-16.21.45:301][418]LogAudioMixer: Display: Audio Mixer Platform Settings:
[2021.12.26-16.21.45:301][418]LogAudioMixer: Display: 	Sample Rate:						  48000
[2021.12.26-16.21.45:301][418]LogAudioMixer: Display: 	Callback Buffer Frame Size Requested: 1024
[2021.12.26-16.21.45:301][418]LogAudioMixer: Display: 	Callback Buffer Frame Size To Use:	  1024
[2021.12.26-16.21.45:301][418]LogAudioMixer: Display: 	Number of buffers to queue:			  2
[2021.12.26-16.21.45:301][418]LogAudioMixer: Display: 	Max Channels (voices):				  32
[2021.12.26-16.21.45:301][418]LogAudioMixer: Display: 	Number of Async Source Workers:		  0
[2021.12.26-16.21.45:301][418]LogAudio: Display: AudioDevice MaxSources: 32
[2021.12.26-16.21.45:301][418]LogAudio: Display: Using built-in audio occlusion.
[2021.12.26-16.21.45:301][418]LogAudioMixer: Display: Initializing audio mixer.
[2021.12.26-16.21.45:308][418]LogAudioMixer: Display: Audio Device Output Speaker Info:
[2021.12.26-16.21.45:308][418]LogAudioMixer: Display: Name: Speakers (Realtek(R) Audio)
[2021.12.26-16.21.45:308][418]LogAudioMixer: Display: Is Default: Yes
[2021.12.26-16.21.45:308][418]LogAudioMixer: Display: Sample Rate: 48000
[2021.12.26-16.21.45:308][418]LogAudioMixer: Display: Channel Count Used: 2
[2021.12.26-16.21.45:308][418]LogAudioMixer: Display: Device Channel Count: 2
[2021.12.26-16.21.45:308][418]LogAudioMixer: Display: Channel Order:
[2021.12.26-16.21.45:308][418]LogAudioMixer: Display: 0: FrontLeft
[2021.12.26-16.21.45:308][418]LogAudioMixer: Display: 1: FrontRight
[2021.12.26-16.21.45:318][418]LogAudioMixer: Display: Using Audio Device Speakers (Realtek(R) Audio)
[2021.12.26-16.21.45:320][418]LogInit: FAudioDevice initialized.
[2021.12.26-16.21.45:342][418]LogLoad: Game class is 'MyAsistivnaGameMode_C'
[2021.12.26-16.21.45:344][418]LogWorld: Bringing World /Game/RollingCPP/Maps/UEDPIE_0_RollingExampleMap.RollingExampleMap up for play (max tick rate 0) at 2021.12.26-17.21.45
[2021.12.26-16.21.45:344][418]LogWorld: Bringing up level for play took: 0.001742
[2021.12.26-16.21.45:344][418]LogOnline: OSS: Creating online subsystem instance for: :Context_7
[2021.12.26-16.21.45:346][418]PIE: Play in editor start time for /Game/RollingCPP/Maps/UEDPIE_0_RollingExampleMap -0.083
[2021.12.26-16.21.45:346][418]LogBlueprintUserMessages: Late PlayInEditor Detection: Level '/Game/RollingCPP/Maps/RollingExampleMap.RollingExampleMap:PersistentLevel' has LevelScriptBlueprint '/Game/RollingCPP/Maps/RollingExampleMap.RollingExampleMap:PersistentLevel.RollingExampleMap' with GeneratedClass '/Game/RollingCPP/Maps/RollingExampleMap.RollingExampleMap_C' with ClassGeneratedBy '/Game/RollingCPP/Maps/RollingExampleMap.RollingExampleMap:PersistentLevel.RollingExampleMap'
