Log file open, 01/06/22 17:46:33
LogWindows: Failed to load 'aqProf.dll' (GetLastError=126)
LogWindows: File 'aqProf.dll' does not exist
LogWindows: Failed to load 'VtuneApi.dll' (GetLastError=126)
LogWindows: File 'VtuneApi.dll' does not exist
LogWindows: Failed to load 'VtuneApi32e.dll' (GetLastError=126)
LogWindows: File 'VtuneApi32e.dll' does not exist
LogConsoleResponse: Display: Failed to find resolution value strings in scalability ini. Falling back to default.
LogInit: Display: Running engine for game: Asistivna
LogPlatformFile: Not using cached read wrapper
LogTaskGraph: Started task graph with 5 named threads and 23 total threads with 3 sets of task threads.
LogStats: Stats thread started at 0.112771
LogD3D11RHI: Loaded GFSDK_Aftermath_Lib.x64.dll
LogICUInternationalization: ICU TimeZone Detection - Raw Offset: +1:00, Platform Override: ''
LogPluginManager: Mounting plugin Paper2D
LogPluginManager: Mounting plugin AISupport
LogPluginManager: Mounting plugin LightPropagationVolume
LogPluginManager: Mounting plugin ActorLayerUtilities
LogPluginManager: Mounting plugin AnimationSharing
LogPluginManager: Mounting plugin CLionSourceCodeAccess
LogPluginManager: Mounting plugin CodeLiteSourceCodeAccess
LogPluginManager: Mounting plugin GitSourceControl
LogPluginManager: Mounting plugin KDevelopSourceCodeAccess
LogPluginManager: Mounting plugin NullSourceCodeAccess
LogPluginManager: Mounting plugin PerforceSourceControl
LogPluginManager: Mounting plugin PlasticSourceControl
LogPluginManager: Mounting plugin SubversionSourceControl
LogPluginManager: Mounting plugin UObjectPlugin
LogPluginManager: Mounting plugin VisualStudioCodeSourceCodeAccess
LogPluginManager: Mounting plugin VisualStudioSourceCodeAccess
LogPluginManager: Mounting plugin XCodeSourceCodeAccess
LogPluginManager: Mounting plugin AssetManagerEditor
LogPluginManager: Mounting plugin CryptoKeys
LogPluginManager: Mounting plugin CurveEditorTools
LogPluginManager: Mounting plugin DataValidation
LogPluginManager: Mounting plugin FacialAnimation
LogPluginManager: Mounting plugin GameplayTagsEditor
LogPluginManager: Mounting plugin MacGraphicsSwitching
LogPluginManager: Mounting plugin MaterialAnalyzer
LogPluginManager: Mounting plugin MobileLauncherProfileWizard
LogPluginManager: Mounting plugin PluginBrowser
LogPluginManager: Mounting plugin SpeedTreeImporter
LogPluginManager: Mounting plugin DatasmithContent
LogPluginManager: Mounting plugin VariantManagerContent
LogPluginManager: Mounting plugin AlembicImporter
LogPluginManager: Mounting plugin AutomationUtils
LogPluginManager: Mounting plugin BackChannel
LogPluginManager: Mounting plugin CharacterAI
LogPluginManager: Mounting plugin GeometryCache
LogPluginManager: Mounting plugin PlatformCrypto
LogPluginManager: Mounting plugin ProxyLODPlugin
LogPluginManager: Mounting plugin SkeletalReduction
LogPluginManager: Mounting plugin MagicLeap
LogPluginManager: Mounting plugin MagicLeapMedia
LogPluginManager: Mounting plugin MLSDK
LogPluginManager: Mounting plugin AndroidMedia
LogPluginManager: Mounting plugin AvfMedia
LogPluginManager: Mounting plugin ImgMedia
LogPluginManager: Mounting plugin MediaCompositing
LogPluginManager: Mounting plugin MediaPlayerEditor
LogPluginManager: Mounting plugin WebMMedia
LogPluginManager: Mounting plugin WmfMedia
LogPluginManager: Mounting plugin TcpMessaging
LogPluginManager: Mounting plugin UdpMessaging
LogPluginManager: Mounting plugin ActorSequence
LogPluginManager: Mounting plugin LevelSequenceEditor
LogPluginManager: Mounting plugin MatineeToLevelSequence
LogPluginManager: Mounting plugin NetcodeUnitTest
LogPluginManager: Mounting plugin NUTUnrealEngine4
LogPluginManager: Mounting plugin OnlineSubsystemGooglePlay
LogPluginManager: Mounting plugin OnlineSubsystemIOS
LogPluginManager: Mounting plugin OnlineSubsystem
LogPluginManager: Mounting plugin OnlineSubsystemNull
LogPluginManager: Mounting plugin OnlineSubsystemUtils
LogPluginManager: Mounting plugin LauncherChunkInstaller
LogPluginManager: Mounting plugin AndroidDeviceProfileSelector
LogPluginManager: Mounting plugin AndroidMoviePlayer
LogPluginManager: Mounting plugin AndroidPermission
LogPluginManager: Mounting plugin AppleImageUtils
LogPluginManager: Mounting plugin AppleMoviePlayer
LogPluginManager: Mounting plugin ArchVisCharacter
LogPluginManager: Mounting plugin AssetTags
LogPluginManager: Mounting plugin AudioCapture
LogPluginManager: Mounting plugin CableComponent
LogPluginManager: Mounting plugin CustomMeshComponent
LogPluginManager: Mounting plugin EditableMesh
LogPluginManager: Mounting plugin ExampleDeviceProfileSelector
LogPluginManager: Mounting plugin GoogleCloudMessaging
LogPluginManager: Mounting plugin IOSDeviceProfileSelector
LogPluginManager: Mounting plugin LinuxDeviceProfileSelector
LogPluginManager: Mounting plugin LocationServicesBPLibrary
LogPluginManager: Mounting plugin MobilePatchingUtils
LogPluginManager: Mounting plugin OculusVR
LogPluginManager: Mounting plugin PhysXVehicles
LogPluginManager: Mounting plugin PostSplashScreen
LogPluginManager: Mounting plugin ProceduralMeshComponent
LogPluginManager: Mounting plugin RuntimePhysXCooking
LogPluginManager: Mounting plugin SignificanceManager
LogPluginManager: Mounting plugin SteamVR
LogPluginManager: Mounting plugin WebMMoviePlayer
LogPluginManager: Mounting plugin WindowsMoviePlayer
LogPluginManager: Mounting plugin ScreenshotTools
LogInit: Using libcurl 7.55.1-DEV
LogInit:  - built for x86_64-pc-win32
LogInit:  - supports SSL with OpenSSL/1.1.1
LogInit:  - supports HTTP deflate (compression) using libz 1.2.8
LogInit:  - other features:
LogInit:      CURL_VERSION_SSL
LogInit:      CURL_VERSION_LIBZ
LogInit:      CURL_VERSION_IPV6
LogInit:      CURL_VERSION_ASYNCHDNS
LogInit:      CURL_VERSION_LARGEFILE
LogInit:      CURL_VERSION_IDN
LogInit:  CurlRequestOptions (configurable via config and command line):
LogInit:  - bVerifyPeer = true  - Libcurl will verify peer certificate
LogInit:  - bUseHttpProxy = false  - Libcurl will NOT use HTTP proxy
LogInit:  - bDontReuseConnections = false  - Libcurl will reuse connections
LogInit:  - MaxHostConnections = 16  - Libcurl will limit the number of connections to a host
LogInit:  - LocalHostAddr = Default
LogInit:  - BufferSize = 65536
LogOnline: OSS: Creating online subsystem instance for: NULL
LogInit: WinSock: version 1.1 (2.2), MaxSocks=32767, MaxUdp=65467
LogOnline: OSS: TryLoadSubsystemAndSetDefault: Loaded subsystem for module [NULL]
LogInit: Build: ++UE4+Release-4.24-CL-11590370
LogInit: Engine Version: 4.24.3-11590370+++UE4+Release-4.24
LogInit: Compatible Engine Version: 4.24.0-10570792+++UE4+Release-4.24
LogInit: Net CL: 10570792
LogInit: OS: Windows 10 (Release 2009) (), CPU: Intel(R) Core(TM) i7-6700HQ CPU @ 2.60GHz, GPU: Intel(R) HD Graphics 530
LogInit: Compiled (64-bit): Feb 24 2020 15:39:18
LogInit: Compiled with Visual C++: 19.16.27032.01
LogInit: Build Configuration: Development
LogInit: Branch Name: ++UE4+Release-4.24
LogInit: Command Line: 
LogInit: Base Directory: D:/Games/EpicGames/Games/Anno/UE_4.24/Engine/Binaries/Win64/
LogInit: Installed Engine Build: 1
LogDevObjectVersion: Number of dev versions registered: 25
LogDevObjectVersion:   Dev-Blueprints (B0D832E4-1F89-4F0D-ACCF-7EB736FD4AA2): 10
LogDevObjectVersion:   Dev-Build (E1C64328-A22C-4D53-A36C-8E866417BD8C): 0
LogDevObjectVersion:   Dev-Core (375EC13C-06E4-48FB-B500-84F0262A717E): 3
LogDevObjectVersion:   Dev-Editor (E4B068ED-F494-42E9-A231-DA0B2E46BB41): 37
LogDevObjectVersion:   Dev-Framework (CFFC743F-43B0-4480-9391-14DF171D2073): 36
LogDevObjectVersion:   Dev-Mobile (B02B49B5-BB20-44E9-A304-32B752E40360): 2
LogDevObjectVersion:   Dev-Networking (A4E4105C-59A1-49B5-A7C5-40C4547EDFEE): 0
LogDevObjectVersion:   Dev-Online (39C831C9-5AE6-47DC-9A44-9C173E1C8E7C): 0
LogDevObjectVersion:   Dev-Physics (78F01B33-EBEA-4F98-B9B4-84EACCB95AA2): 2
LogDevObjectVersion:   Dev-Platform (6631380F-2D4D-43E0-8009-CF276956A95A): 0
LogDevObjectVersion:   Dev-Rendering (12F88B9F-8875-4AFC-A67C-D90C383ABD29): 36
LogDevObjectVersion:   Dev-Sequencer (7B5AE74C-D270-4C10-A958-57980B212A5A): 11
LogDevObjectVersion:   Dev-VR (D7296918-1DD6-4BDD-9DE2-64A83CC13884): 2
LogDevObjectVersion:   Dev-LoadTimes (C2A15278-BFE7-4AFE-6C17-90FF531DF755): 1
LogDevObjectVersion:   Private-Geometry (6EACA3D4-40EC-4CC1-B786-8BED09428FC5): 3
LogDevObjectVersion:   Dev-AnimPhys (29E575DD-E0A3-4627-9D10-D276232CDCEA): 17
LogDevObjectVersion:   Dev-Anim (AF43A65D-7FD3-4947-9873-3E8ED9C1BB05): 2
LogDevObjectVersion:   Dev-ReflectionCapture (6B266CEC-1EC7-4B8F-A30B-E4D90942FC07): 1
LogDevObjectVersion:   Dev-Automation (0DF73D61-A23F-47EA-B727-89E90C41499A): 1
LogDevObjectVersion:   FortniteMain (601D1886-AC64-4F84-AA16-D3DE0DEAC7D6): 31
LogDevObjectVersion:   Dev-Enterprise (9DFFBCD6-494F-0158-E221-12823C92A888): 8
LogDevObjectVersion:   Dev-Niagara (F2AED0AC-9AFE-416F-8664-AA7FFA26D6FC): 1
LogDevObjectVersion:   Dev-Destruction (174F1F0B-B4C6-45A5-B13F-2EE8D0FB917D): 9
LogDevObjectVersion:   Dev-Physics-Ext (35F94A83-E258-406C-A318-09F59610247C): 8
LogDevObjectVersion:   Dev-CineCamera (B2E18506-4273-CFC2-A54E-F4BB758BBA07): 1
LogInit: Presizing for max 25165824 objects, including 0 objects not considered by GC, pre-allocating 0 bytes for permanent pool.
LogInit: Object subsystem initialized
LogConfig: Setting CVar [[con.DebugEarlyDefault:1]]
LogConfig: Setting CVar [[r.setres:1280x720]]
[2022.01.06-16.46.35:185][  0]LogConfig: Setting CVar [[r.VSync:0]]
[2022.01.06-16.46.35:185][  0]LogConfig: Setting CVar [[r.RHICmdBypass:0]]
[2022.01.06-16.46.35:185][  0]LogConfig: Applying CVar settings from Section [/Script/Engine.RendererSettings] File [D:/Programiranje/Faks/Asistivna/asistivna/Asistivna/Saved/Config/Windows/Engine.ini]
[2022.01.06-16.46.35:185][  0]LogConfig: Setting CVar [[r.GPUCrashDebugging:0]]
[2022.01.06-16.46.35:185][  0]LogConfig: Applying CVar settings from Section [/Script/Engine.RendererOverrideSettings] File [D:/Programiranje/Faks/Asistivna/asistivna/Asistivna/Saved/Config/Windows/Engine.ini]
[2022.01.06-16.46.35:186][  0]LogConfig: Applying CVar settings from Section [/Script/Engine.StreamingSettings] File [D:/Programiranje/Faks/Asistivna/asistivna/Asistivna/Saved/Config/Windows/Engine.ini]
[2022.01.06-16.46.35:186][  0]LogConfig: Setting CVar [[s.MinBulkDataSizeForAsyncLoading:131072]]
[2022.01.06-16.46.35:186][  0]LogConfig: Setting CVar [[s.AsyncLoadingThreadEnabled:0]]
[2022.01.06-16.46.35:186][  0]LogConfig: Setting CVar [[s.EventDrivenLoaderEnabled:1]]
[2022.01.06-16.46.35:186][  0]LogConfig: Setting CVar [[s.WarnIfTimeLimitExceeded:0]]
[2022.01.06-16.46.35:186][  0]LogConfig: Setting CVar [[s.TimeLimitExceededMultiplier:1.5]]
[2022.01.06-16.46.35:186][  0]LogConfig: Setting CVar [[s.TimeLimitExceededMinTime:0.005]]
[2022.01.06-16.46.35:186][  0]LogConfig: Setting CVar [[s.UseBackgroundLevelStreaming:1]]
[2022.01.06-16.46.35:186][  0]LogConfig: Setting CVar [[s.PriorityAsyncLoadingExtraTime:15.0]]
[2022.01.06-16.46.35:186][  0]LogConfig: Setting CVar [[s.LevelStreamingActorsUpdateTimeLimit:5.0]]
[2022.01.06-16.46.35:186][  0]LogConfig: Setting CVar [[s.PriorityLevelStreamingActorsUpdateExtraTime:5.0]]
[2022.01.06-16.46.35:186][  0]LogConfig: Setting CVar [[s.LevelStreamingComponentsRegistrationGranularity:10]]
[2022.01.06-16.46.35:186][  0]LogConfig: Setting CVar [[s.UnregisterComponentsTimeLimit:1.0]]
[2022.01.06-16.46.35:186][  0]LogConfig: Setting CVar [[s.LevelStreamingComponentsUnregistrationGranularity:5]]
[2022.01.06-16.46.35:186][  0]LogConfig: Setting CVar [[s.FlushStreamingOnExit:1]]
[2022.01.06-16.46.35:186][  0]LogConfig: Applying CVar settings from Section [/Script/Engine.GarbageCollectionSettings] File [D:/Programiranje/Faks/Asistivna/asistivna/Asistivna/Saved/Config/Windows/Engine.ini]
[2022.01.06-16.46.35:186][  0]LogConfig: Setting CVar [[gc.MaxObjectsNotConsideredByGC:1]]
[2022.01.06-16.46.35:186][  0]LogConfig: Setting CVar [[gc.SizeOfPermanentObjectPool:0]]
[2022.01.06-16.46.35:186][  0]LogConfig: Setting CVar [[gc.FlushStreamingOnGC:0]]
[2022.01.06-16.46.35:186][  0]LogConfig: Setting CVar [[gc.NumRetriesBeforeForcingGC:10]]
[2022.01.06-16.46.35:186][  0]LogConfig: Setting CVar [[gc.AllowParallelGC:1]]
[2022.01.06-16.46.35:186][  0]LogConfig: Setting CVar [[gc.TimeBetweenPurgingPendingKillObjects:61.1]]
[2022.01.06-16.46.35:186][  0]LogConfig: Setting CVar [[gc.MaxObjectsInEditor:25165824]]
[2022.01.06-16.46.35:186][  0]LogConfig: Setting CVar [[gc.IncrementalBeginDestroyEnabled:1]]
[2022.01.06-16.46.35:186][  0]LogConfig: Setting CVar [[gc.CreateGCClusters:1]]
[2022.01.06-16.46.35:186][  0]LogConfig: Setting CVar [[gc.MinGCClusterSize:5]]
[2022.01.06-16.46.35:186][  0]LogConfig: Setting CVar [[gc.ActorClusteringEnabled:0]]
[2022.01.06-16.46.35:187][  0]LogConfig: Setting CVar [[gc.BlueprintClusteringEnabled:0]]
[2022.01.06-16.46.35:187][  0]LogConfig: Setting CVar [[gc.UseDisregardForGCOnDedicatedServers:0]]
[2022.01.06-16.46.35:187][  0]LogConfig: Applying CVar settings from Section [/Script/Engine.NetworkSettings] File [D:/Programiranje/Faks/Asistivna/asistivna/Asistivna/Saved/Config/Windows/Engine.ini]
[2022.01.06-16.46.35:187][  0]LogConfig: Applying CVar settings from Section [/Script/UnrealEd.CookerSettings] File [D:/Programiranje/Faks/Asistivna/asistivna/Asistivna/Saved/Config/Windows/Engine.ini]
[2022.01.06-16.46.35:197][  0]LogConfig: Applying CVar settings from Section [ViewDistanceQuality@3] File [D:/Programiranje/Faks/Asistivna/asistivna/Asistivna/Saved/Config/Windows/Scalability.ini]
[2022.01.06-16.46.35:197][  0]LogConfig: Setting CVar [[r.SkeletalMeshLODBias:0]]
[2022.01.06-16.46.35:197][  0]LogConfig: Setting CVar [[r.ViewDistanceScale:1.0]]
[2022.01.06-16.46.35:197][  0]LogConfig: Applying CVar settings from Section [AntiAliasingQuality@3] File [D:/Programiranje/Faks/Asistivna/asistivna/Asistivna/Saved/Config/Windows/Scalability.ini]
[2022.01.06-16.46.35:197][  0]LogConfig: Setting CVar [[r.PostProcessAAQuality:4]]
[2022.01.06-16.46.35:197][  0]LogConfig: Applying CVar settings from Section [ShadowQuality@3] File [D:/Programiranje/Faks/Asistivna/asistivna/Asistivna/Saved/Config/Windows/Scalability.ini]
[2022.01.06-16.46.35:197][  0]LogConfig: Setting CVar [[r.LightFunctionQuality:1]]
[2022.01.06-16.46.35:197][  0]LogConfig: Setting CVar [[r.ShadowQuality:5]]
[2022.01.06-16.46.35:197][  0]LogConfig: Setting CVar [[r.Shadow.CSM.MaxCascades:10]]
[2022.01.06-16.46.35:197][  0]LogConfig: Setting CVar [[r.Shadow.MaxResolution:2048]]
[2022.01.06-16.46.35:197][  0]LogConfig: Setting CVar [[r.Shadow.MaxCSMResolution:2048]]
[2022.01.06-16.46.35:198][  0]LogConfig: Setting CVar [[r.Shadow.RadiusThreshold:0.01]]
[2022.01.06-16.46.35:198][  0]LogConfig: Setting CVar [[r.Shadow.DistanceScale:1.0]]
[2022.01.06-16.46.35:198][  0]LogConfig: Setting CVar [[r.Shadow.CSM.TransitionScale:1.0]]
[2022.01.06-16.46.35:198][  0]LogConfig: Setting CVar [[r.Shadow.PreShadowResolutionFactor:1.0]]
[2022.01.06-16.46.35:198][  0]LogConfig: Setting CVar [[r.DistanceFieldShadowing:1]]
[2022.01.06-16.46.35:198][  0]LogConfig: Setting CVar [[r.DistanceFieldAO:1]]
[2022.01.06-16.46.35:198][  0]LogConfig: Setting CVar [[r.AOQuality:2]]
[2022.01.06-16.46.35:198][  0]LogConfig: Setting CVar [[r.VolumetricFog:1]]
[2022.01.06-16.46.35:198][  0]LogConfig: Setting CVar [[r.VolumetricFog.GridPixelSize:8]]
[2022.01.06-16.46.35:198][  0]LogConfig: Setting CVar [[r.VolumetricFog.GridSizeZ:128]]
[2022.01.06-16.46.35:198][  0]LogConfig: Setting CVar [[r.VolumetricFog.HistoryMissSupersampleCount:4]]
[2022.01.06-16.46.35:198][  0]LogConfig: Setting CVar [[r.LightMaxDrawDistanceScale:1]]
[2022.01.06-16.46.35:198][  0]LogConfig: Setting CVar [[r.CapsuleShadows:1]]
[2022.01.06-16.46.35:198][  0]LogConfig: Applying CVar settings from Section [PostProcessQuality@3] File [D:/Programiranje/Faks/Asistivna/asistivna/Asistivna/Saved/Config/Windows/Scalability.ini]
[2022.01.06-16.46.35:198][  0]LogConfig: Setting CVar [[r.MotionBlurQuality:4]]
[2022.01.06-16.46.35:198][  0]LogConfig: Setting CVar [[r.AmbientOcclusionMipLevelFactor:0.4]]
[2022.01.06-16.46.35:198][  0]LogConfig: Setting CVar [[r.AmbientOcclusionMaxQuality:100]]
[2022.01.06-16.46.35:198][  0]LogConfig: Setting CVar [[r.AmbientOcclusionLevels:-1]]
[2022.01.06-16.46.35:198][  0]LogConfig: Setting CVar [[r.AmbientOcclusionRadiusScale:1.0]]
[2022.01.06-16.46.35:198][  0]LogConfig: Setting CVar [[r.DepthOfFieldQuality:2]]
[2022.01.06-16.46.35:198][  0]LogConfig: Setting CVar [[r.RenderTargetPoolMin:400]]
[2022.01.06-16.46.35:198][  0]LogConfig: Setting CVar [[r.LensFlareQuality:2]]
[2022.01.06-16.46.35:198][  0]LogConfig: Setting CVar [[r.SceneColorFringeQuality:1]]
[2022.01.06-16.46.35:198][  0]LogConfig: Setting CVar [[r.EyeAdaptationQuality:2]]
[2022.01.06-16.46.35:198][  0]LogConfig: Setting CVar [[r.BloomQuality:5]]
[2022.01.06-16.46.35:198][  0]LogConfig: Setting CVar [[r.FastBlurThreshold:100]]
[2022.01.06-16.46.35:199][  0]LogConfig: Setting CVar [[r.Upscale.Quality:3]]
[2022.01.06-16.46.35:199][  0]LogConfig: Setting CVar [[r.Tonemapper.GrainQuantization:1]]
[2022.01.06-16.46.35:199][  0]LogConfig: Setting CVar [[r.LightShaftQuality:1]]
[2022.01.06-16.46.35:199][  0]LogConfig: Setting CVar [[r.Filter.SizeScale:1]]
[2022.01.06-16.46.35:199][  0]LogConfig: Setting CVar [[r.Tonemapper.Quality:5]]
[2022.01.06-16.46.35:199][  0]LogConfig: Setting CVar [[r.DOF.Gather.AccumulatorQuality:1        ; higher gathering accumulator quality]]
[2022.01.06-16.46.35:199][  0]LogConfig: Setting CVar [[r.DOF.Gather.PostfilterMethod:1          ; Median3x3 postfilering method]]
[2022.01.06-16.46.35:199][  0]LogConfig: Setting CVar [[r.DOF.Gather.EnableBokehSettings:0       ; no bokeh simulation when gathering]]
[2022.01.06-16.46.35:199][  0]LogConfig: Setting CVar [[r.DOF.Gather.RingCount:4                 ; medium number of samples when gathering]]
[2022.01.06-16.46.35:199][  0]LogConfig: Setting CVar [[r.DOF.Scatter.ForegroundCompositing:1    ; additive foreground scattering]]
[2022.01.06-16.46.35:199][  0]LogConfig: Setting CVar [[r.DOF.Scatter.BackgroundCompositing:2    ; additive background scattering]]
[2022.01.06-16.46.35:199][  0]LogConfig: Setting CVar [[r.DOF.Scatter.EnableBokehSettings:1      ; bokeh simulation when scattering]]
[2022.01.06-16.46.35:199][  0]LogConfig: Setting CVar [[r.DOF.Scatter.MaxSpriteRatio:0.1         ; only a maximum of 10% of scattered bokeh]]
[2022.01.06-16.46.35:199][  0]LogConfig: Setting CVar [[r.DOF.Recombine.Quality:1                ; cheap slight out of focus]]
[2022.01.06-16.46.35:199][  0]LogConfig: Setting CVar [[r.DOF.Recombine.EnableBokehSettings:0    ; no bokeh simulation on slight out of focus]]
[2022.01.06-16.46.35:199][  0]LogConfig: Setting CVar [[r.DOF.TemporalAAQuality:1                ; more stable temporal accumulation]]
[2022.01.06-16.46.35:199][  0]LogConfig: Setting CVar [[r.DOF.Kernel.MaxForegroundRadius:0.025]]
[2022.01.06-16.46.35:199][  0]LogConfig: Setting CVar [[r.DOF.Kernel.MaxBackgroundRadius:0.025]]
[2022.01.06-16.46.35:199][  0]LogConfig: Applying CVar settings from Section [TextureQuality@3] File [D:/Programiranje/Faks/Asistivna/asistivna/Asistivna/Saved/Config/Windows/Scalability.ini]
[2022.01.06-16.46.35:199][  0]LogConfig: Setting CVar [[r.Streaming.MipBias:0]]
[2022.01.06-16.46.35:199][  0]LogConfig: Setting CVar [[r.Streaming.AmortizeCPUToGPUCopy:0]]
[2022.01.06-16.46.35:199][  0]LogConfig: Setting CVar [[r.Streaming.MaxNumTexturesToStreamPerFrame:0]]
[2022.01.06-16.46.35:199][  0]LogConfig: Setting CVar [[r.Streaming.Boost:1]]
[2022.01.06-16.46.35:199][  0]LogConfig: Setting CVar [[r.MaxAnisotropy:8]]
[2022.01.06-16.46.35:199][  0]LogConfig: Setting CVar [[r.VT.MaxAnisotropy:8]]
[2022.01.06-16.46.35:199][  0]LogConfig: Setting CVar [[r.Streaming.LimitPoolSizeToVRAM:0]]
[2022.01.06-16.46.35:199][  0]LogConfig: Setting CVar [[r.Streaming.PoolSize:1000]]
[2022.01.06-16.46.35:199][  0]LogConfig: Setting CVar [[r.Streaming.MaxEffectiveScreenSize:0]]
[2022.01.06-16.46.35:199][  0]LogConfig: Applying CVar settings from Section [EffectsQuality@3] File [D:/Programiranje/Faks/Asistivna/asistivna/Asistivna/Saved/Config/Windows/Scalability.ini]
[2022.01.06-16.46.35:199][  0]LogConfig: Setting CVar [[r.TranslucencyLightingVolumeDim:64]]
[2022.01.06-16.46.35:199][  0]LogConfig: Setting CVar [[r.RefractionQuality:2]]
[2022.01.06-16.46.35:199][  0]LogConfig: Setting CVar [[r.SSR.Quality:3]]
[2022.01.06-16.46.35:199][  0]LogConfig: Setting CVar [[r.SSR.HalfResSceneColor:0]]
[2022.01.06-16.46.35:199][  0]LogConfig: Setting CVar [[r.SceneColorFormat:4]]
[2022.01.06-16.46.35:199][  0]LogConfig: Setting CVar [[r.DetailMode:2]]
[2022.01.06-16.46.35:199][  0]LogConfig: Setting CVar [[r.TranslucencyVolumeBlur:1]]
[2022.01.06-16.46.35:199][  0]LogConfig: Setting CVar [[r.MaterialQualityLevel:1 ; High quality]]
[2022.01.06-16.46.35:199][  0]LogConfig: Setting CVar [[r.SSS.Scale:1]]
[2022.01.06-16.46.35:200][  0]LogConfig: Setting CVar [[r.SSS.SampleSet:2]]
[2022.01.06-16.46.35:200][  0]LogConfig: Setting CVar [[r.SSS.Quality:1]]
[2022.01.06-16.46.35:200][  0]LogConfig: Setting CVar [[r.SSS.HalfRes:1]]
[2022.01.06-16.46.35:200][  0]LogConfig: Setting CVar [[r.SSGI.Quality:3]]
[2022.01.06-16.46.35:200][  0]LogConfig: Setting CVar [[r.EmitterSpawnRateScale:1.0]]
[2022.01.06-16.46.35:200][  0]LogConfig: Setting CVar [[r.ParticleLightQuality:2]]
[2022.01.06-16.46.35:200][  0]LogConfig: Setting CVar [[r.SkyAtmosphere.AerialPerspectiveLUT.FastApplyOnOpaque:1 ; Always have FastSkyLUT 1 in this case to avoid wrong sky]]
[2022.01.06-16.46.35:200][  0]LogConfig: Setting CVar [[r.SkyAtmosphere.AerialPerspectiveLUT.SampleCountPerSlice:1]]
[2022.01.06-16.46.35:200][  0]LogConfig: Setting CVar [[r.SkyAtmosphere.AerialPerspectiveLUT.DepthResolution:16.0]]
[2022.01.06-16.46.35:200][  0]LogConfig: Setting CVar [[r.SkyAtmosphere.FastSkyLUT:1]]
[2022.01.06-16.46.35:200][  0]LogConfig: Setting CVar [[r.SkyAtmosphere.FastSkyLUT.SampleCountMin:4.0]]
[2022.01.06-16.46.35:200][  0]LogConfig: Setting CVar [[r.SkyAtmosphere.FastSkyLUT.SampleCountMax:32.0]]
[2022.01.06-16.46.35:200][  0]LogConfig: Setting CVar [[r.SkyAtmosphere.SampleCountMin:4.0]]
[2022.01.06-16.46.35:200][  0]LogConfig: Setting CVar [[r.SkyAtmosphere.SampleCountMax:32.0]]
[2022.01.06-16.46.35:200][  0]LogConfig: Setting CVar [[r.SkyAtmosphere.TransmittanceLUT.UseSmallFormat:0]]
[2022.01.06-16.46.35:200][  0]LogConfig: Setting CVar [[r.SkyAtmosphere.TransmittanceLUT.SampleCount:10.0]]
[2022.01.06-16.46.35:200][  0]LogConfig: Setting CVar [[r.SkyAtmosphere.MultiScatteringLUT.SampleCount:15.0]]
[2022.01.06-16.46.35:200][  0]LogConfig: Applying CVar settings from Section [FoliageQuality@3] File [D:/Programiranje/Faks/Asistivna/asistivna/Asistivna/Saved/Config/Windows/Scalability.ini]
[2022.01.06-16.46.35:200][  0]LogConfig: Setting CVar [[foliage.DensityScale:1.0]]
[2022.01.06-16.46.35:200][  0]LogConfig: Setting CVar [[grass.DensityScale:1.0]]
[2022.01.06-16.46.35:200][  0]LogConfig: Applying CVar settings from Section [ShadingQuality@3] File [D:/Programiranje/Faks/Asistivna/asistivna/Asistivna/Saved/Config/Windows/Scalability.ini]
[2022.01.06-16.46.35:200][  0]LogConfig: Setting CVar [[r.HairStrands.SkyLighting.SampleCount:16]]
[2022.01.06-16.46.35:200][  0]LogConfig: Setting CVar [[r.HairStrands.SkyLighting.JitterIntegration:0]]
[2022.01.06-16.46.35:200][  0]LogConfig: Setting CVar [[r.HairStrands.SkyAO.SampleCount:16]]
[2022.01.06-16.46.35:200][  0]LogInit: Selected Device Profile: [Windows]
[2022.01.06-16.46.35:200][  0]LogInit: Applying CVar settings loaded from the selected device profile: [Windows]
[2022.01.06-16.46.35:204][  0]LogHAL: Display: Platform has ~ 16 GB [17073315840 / 17179869184 / 16], which maps to Larger [LargestMinGB=32, LargerMinGB=12, DefaultMinGB=8, SmallerMinGB=6, SmallestMinGB=0)
[2022.01.06-16.46.35:204][  0]LogInit: Going up to parent DeviceProfile []
[2022.01.06-16.46.35:204][  0]LogConfig: Applying CVar settings from Section [ViewDistanceQuality@3] File [D:/Programiranje/Faks/Asistivna/asistivna/Asistivna/Saved/Config/Windows/Scalability.ini]
[2022.01.06-16.46.35:204][  0]LogConfig: Setting CVar [[r.SkeletalMeshLODBias:0]]
[2022.01.06-16.46.35:204][  0]LogConfig: Setting CVar [[r.ViewDistanceScale:1.0]]
[2022.01.06-16.46.35:204][  0]LogConfig: Applying CVar settings from Section [AntiAliasingQuality@3] File [D:/Programiranje/Faks/Asistivna/asistivna/Asistivna/Saved/Config/Windows/Scalability.ini]
[2022.01.06-16.46.35:204][  0]LogConfig: Setting CVar [[r.PostProcessAAQuality:4]]
[2022.01.06-16.46.35:204][  0]LogConfig: Applying CVar settings from Section [ShadowQuality@3] File [D:/Programiranje/Faks/Asistivna/asistivna/Asistivna/Saved/Config/Windows/Scalability.ini]
[2022.01.06-16.46.35:204][  0]LogConfig: Setting CVar [[r.LightFunctionQuality:1]]
[2022.01.06-16.46.35:204][  0]LogConfig: Setting CVar [[r.ShadowQuality:5]]
[2022.01.06-16.46.35:204][  0]LogConfig: Setting CVar [[r.Shadow.CSM.MaxCascades:10]]
[2022.01.06-16.46.35:204][  0]LogConfig: Setting CVar [[r.Shadow.MaxResolution:2048]]
[2022.01.06-16.46.35:204][  0]LogConfig: Setting CVar [[r.Shadow.MaxCSMResolution:2048]]
[2022.01.06-16.46.35:204][  0]LogConfig: Setting CVar [[r.Shadow.RadiusThreshold:0.01]]
[2022.01.06-16.46.35:204][  0]LogConfig: Setting CVar [[r.Shadow.DistanceScale:1.0]]
[2022.01.06-16.46.35:204][  0]LogConfig: Setting CVar [[r.Shadow.CSM.TransitionScale:1.0]]
[2022.01.06-16.46.35:204][  0]LogConfig: Setting CVar [[r.Shadow.PreShadowResolutionFactor:1.0]]
[2022.01.06-16.46.35:204][  0]LogConfig: Setting CVar [[r.DistanceFieldShadowing:1]]
[2022.01.06-16.46.35:204][  0]LogConfig: Setting CVar [[r.DistanceFieldAO:1]]
[2022.01.06-16.46.35:205][  0]LogConfig: Setting CVar [[r.AOQuality:2]]
[2022.01.06-16.46.35:205][  0]LogConfig: Setting CVar [[r.VolumetricFog:1]]
[2022.01.06-16.46.35:205][  0]LogConfig: Setting CVar [[r.VolumetricFog.GridPixelSize:8]]
[2022.01.06-16.46.35:205][  0]LogConfig: Setting CVar [[r.VolumetricFog.GridSizeZ:128]]
[2022.01.06-16.46.35:205][  0]LogConfig: Setting CVar [[r.VolumetricFog.HistoryMissSupersampleCount:4]]
[2022.01.06-16.46.35:205][  0]LogConfig: Setting CVar [[r.LightMaxDrawDistanceScale:1]]
[2022.01.06-16.46.35:205][  0]LogConfig: Setting CVar [[r.CapsuleShadows:1]]
[2022.01.06-16.46.35:205][  0]LogConfig: Applying CVar settings from Section [PostProcessQuality@3] File [D:/Programiranje/Faks/Asistivna/asistivna/Asistivna/Saved/Config/Windows/Scalability.ini]
[2022.01.06-16.46.35:205][  0]LogConfig: Setting CVar [[r.MotionBlurQuality:4]]
[2022.01.06-16.46.35:205][  0]LogConfig: Setting CVar [[r.AmbientOcclusionMipLevelFactor:0.4]]
[2022.01.06-16.46.35:205][  0]LogConfig: Setting CVar [[r.AmbientOcclusionMaxQuality:100]]
[2022.01.06-16.46.35:205][  0]LogConfig: Setting CVar [[r.AmbientOcclusionLevels:-1]]
[2022.01.06-16.46.35:205][  0]LogConfig: Setting CVar [[r.AmbientOcclusionRadiusScale:1.0]]
[2022.01.06-16.46.35:205][  0]LogConfig: Setting CVar [[r.DepthOfFieldQuality:2]]
[2022.01.06-16.46.35:205][  0]LogConfig: Setting CVar [[r.RenderTargetPoolMin:400]]
[2022.01.06-16.46.35:205][  0]LogConfig: Setting CVar [[r.LensFlareQuality:2]]
[2022.01.06-16.46.35:205][  0]LogConfig: Setting CVar [[r.SceneColorFringeQuality:1]]
[2022.01.06-16.46.35:205][  0]LogConfig: Setting CVar [[r.EyeAdaptationQuality:2]]
[2022.01.06-16.46.35:205][  0]LogConfig: Setting CVar [[r.BloomQuality:5]]
[2022.01.06-16.46.35:205][  0]LogConfig: Setting CVar [[r.FastBlurThreshold:100]]
[2022.01.06-16.46.35:205][  0]LogConfig: Setting CVar [[r.Upscale.Quality:3]]
[2022.01.06-16.46.35:205][  0]LogConfig: Setting CVar [[r.Tonemapper.GrainQuantization:1]]
[2022.01.06-16.46.35:205][  0]LogConfig: Setting CVar [[r.LightShaftQuality:1]]
[2022.01.06-16.46.35:205][  0]LogConfig: Setting CVar [[r.Filter.SizeScale:1]]
[2022.01.06-16.46.35:205][  0]LogConfig: Setting CVar [[r.Tonemapper.Quality:5]]
[2022.01.06-16.46.35:205][  0]LogConfig: Setting CVar [[r.DOF.Gather.AccumulatorQuality:1        ; higher gathering accumulator quality]]
[2022.01.06-16.46.35:205][  0]LogConfig: Setting CVar [[r.DOF.Gather.PostfilterMethod:1          ; Median3x3 postfilering method]]
[2022.01.06-16.46.35:205][  0]LogConfig: Setting CVar [[r.DOF.Gather.EnableBokehSettings:0       ; no bokeh simulation when gathering]]
[2022.01.06-16.46.35:205][  0]LogConfig: Setting CVar [[r.DOF.Gather.RingCount:4                 ; medium number of samples when gathering]]
[2022.01.06-16.46.35:205][  0]LogConfig: Setting CVar [[r.DOF.Scatter.ForegroundCompositing:1    ; additive foreground scattering]]
[2022.01.06-16.46.35:205][  0]LogConfig: Setting CVar [[r.DOF.Scatter.BackgroundCompositing:2    ; additive background scattering]]
[2022.01.06-16.46.35:205][  0]LogConfig: Setting CVar [[r.DOF.Scatter.EnableBokehSettings:1      ; bokeh simulation when scattering]]
[2022.01.06-16.46.35:205][  0]LogConfig: Setting CVar [[r.DOF.Scatter.MaxSpriteRatio:0.1         ; only a maximum of 10% of scattered bokeh]]
[2022.01.06-16.46.35:205][  0]LogConfig: Setting CVar [[r.DOF.Recombine.Quality:1                ; cheap slight out of focus]]
[2022.01.06-16.46.35:205][  0]LogConfig: Setting CVar [[r.DOF.Recombine.EnableBokehSettings:0    ; no bokeh simulation on slight out of focus]]
[2022.01.06-16.46.35:205][  0]LogConfig: Setting CVar [[r.DOF.TemporalAAQuality:1                ; more stable temporal accumulation]]
[2022.01.06-16.46.35:205][  0]LogConfig: Setting CVar [[r.DOF.Kernel.MaxForegroundRadius:0.025]]
[2022.01.06-16.46.35:205][  0]LogConfig: Setting CVar [[r.DOF.Kernel.MaxBackgroundRadius:0.025]]
[2022.01.06-16.46.35:205][  0]LogConfig: Applying CVar settings from Section [TextureQuality@3] File [D:/Programiranje/Faks/Asistivna/asistivna/Asistivna/Saved/Config/Windows/Scalability.ini]
[2022.01.06-16.46.35:205][  0]LogConfig: Setting CVar [[r.Streaming.MipBias:0]]
[2022.01.06-16.46.35:205][  0]LogConfig: Setting CVar [[r.Streaming.AmortizeCPUToGPUCopy:0]]
[2022.01.06-16.46.35:206][  0]LogConfig: Setting CVar [[r.Streaming.MaxNumTexturesToStreamPerFrame:0]]
[2022.01.06-16.46.35:206][  0]LogConfig: Setting CVar [[r.Streaming.Boost:1]]
[2022.01.06-16.46.35:206][  0]LogConfig: Setting CVar [[r.MaxAnisotropy:8]]
[2022.01.06-16.46.35:206][  0]LogConfig: Setting CVar [[r.VT.MaxAnisotropy:8]]
[2022.01.06-16.46.35:206][  0]LogConfig: Setting CVar [[r.Streaming.LimitPoolSizeToVRAM:0]]
[2022.01.06-16.46.35:206][  0]LogConfig: Setting CVar [[r.Streaming.PoolSize:1000]]
[2022.01.06-16.46.35:206][  0]LogConfig: Setting CVar [[r.Streaming.MaxEffectiveScreenSize:0]]
[2022.01.06-16.46.35:206][  0]LogConfig: Applying CVar settings from Section [EffectsQuality@3] File [D:/Programiranje/Faks/Asistivna/asistivna/Asistivna/Saved/Config/Windows/Scalability.ini]
[2022.01.06-16.46.35:206][  0]LogConfig: Setting CVar [[r.TranslucencyLightingVolumeDim:64]]
[2022.01.06-16.46.35:206][  0]LogConfig: Setting CVar [[r.RefractionQuality:2]]
[2022.01.06-16.46.35:206][  0]LogConfig: Setting CVar [[r.SSR.Quality:3]]
[2022.01.06-16.46.35:206][  0]LogConfig: Setting CVar [[r.SSR.HalfResSceneColor:0]]
[2022.01.06-16.46.35:206][  0]LogConfig: Setting CVar [[r.SceneColorFormat:4]]
[2022.01.06-16.46.35:206][  0]LogConfig: Setting CVar [[r.DetailMode:2]]
[2022.01.06-16.46.35:206][  0]LogConfig: Setting CVar [[r.TranslucencyVolumeBlur:1]]
[2022.01.06-16.46.35:206][  0]LogConfig: Setting CVar [[r.MaterialQualityLevel:1 ; High quality]]
[2022.01.06-16.46.35:206][  0]LogConfig: Setting CVar [[r.SSS.Scale:1]]
[2022.01.06-16.46.35:206][  0]LogConfig: Setting CVar [[r.SSS.SampleSet:2]]
[2022.01.06-16.46.35:206][  0]LogConfig: Setting CVar [[r.SSS.Quality:1]]
[2022.01.06-16.46.35:206][  0]LogConfig: Setting CVar [[r.SSS.HalfRes:1]]
[2022.01.06-16.46.35:206][  0]LogConfig: Setting CVar [[r.SSGI.Quality:3]]
[2022.01.06-16.46.35:206][  0]LogConfig: Setting CVar [[r.EmitterSpawnRateScale:1.0]]
[2022.01.06-16.46.35:206][  0]LogConfig: Setting CVar [[r.ParticleLightQuality:2]]
[2022.01.06-16.46.35:206][  0]LogConfig: Setting CVar [[r.SkyAtmosphere.AerialPerspectiveLUT.FastApplyOnOpaque:1 ; Always have FastSkyLUT 1 in this case to avoid wrong sky]]
[2022.01.06-16.46.35:206][  0]LogConfig: Setting CVar [[r.SkyAtmosphere.AerialPerspectiveLUT.SampleCountPerSlice:1]]
[2022.01.06-16.46.35:206][  0]LogConfig: Setting CVar [[r.SkyAtmosphere.AerialPerspectiveLUT.DepthResolution:16.0]]
[2022.01.06-16.46.35:206][  0]LogConfig: Setting CVar [[r.SkyAtmosphere.FastSkyLUT:1]]
[2022.01.06-16.46.35:206][  0]LogConfig: Setting CVar [[r.SkyAtmosphere.FastSkyLUT.SampleCountMin:4.0]]
[2022.01.06-16.46.35:206][  0]LogConfig: Setting CVar [[r.SkyAtmosphere.FastSkyLUT.SampleCountMax:32.0]]
[2022.01.06-16.46.35:206][  0]LogConfig: Setting CVar [[r.SkyAtmosphere.SampleCountMin:4.0]]
[2022.01.06-16.46.35:206][  0]LogConfig: Setting CVar [[r.SkyAtmosphere.SampleCountMax:32.0]]
[2022.01.06-16.46.35:206][  0]LogConfig: Setting CVar [[r.SkyAtmosphere.TransmittanceLUT.UseSmallFormat:0]]
[2022.01.06-16.46.35:206][  0]LogConfig: Setting CVar [[r.SkyAtmosphere.TransmittanceLUT.SampleCount:10.0]]
[2022.01.06-16.46.35:207][  0]LogConfig: Setting CVar [[r.SkyAtmosphere.MultiScatteringLUT.SampleCount:15.0]]
[2022.01.06-16.46.35:207][  0]LogConfig: Applying CVar settings from Section [FoliageQuality@3] File [D:/Programiranje/Faks/Asistivna/asistivna/Asistivna/Saved/Config/Windows/Scalability.ini]
[2022.01.06-16.46.35:207][  0]LogConfig: Setting CVar [[foliage.DensityScale:1.0]]
[2022.01.06-16.46.35:207][  0]LogConfig: Setting CVar [[grass.DensityScale:1.0]]
[2022.01.06-16.46.35:207][  0]LogConfig: Applying CVar settings from Section [ShadingQuality@3] File [D:/Programiranje/Faks/Asistivna/asistivna/Asistivna/Saved/Config/Windows/Scalability.ini]
[2022.01.06-16.46.35:207][  0]LogConfig: Setting CVar [[r.HairStrands.SkyLighting.SampleCount:16]]
[2022.01.06-16.46.35:207][  0]LogConfig: Setting CVar [[r.HairStrands.SkyLighting.JitterIntegration:0]]
[2022.01.06-16.46.35:207][  0]LogConfig: Setting CVar [[r.HairStrands.SkyAO.SampleCount:16]]
[2022.01.06-16.46.35:207][  0]LogConfig: Applying CVar settings from Section [Startup] File [../../../Engine/Config/ConsoleVariables.ini]
[2022.01.06-16.46.35:207][  0]LogConfig: Setting CVar [[net.UseAdaptiveNetUpdateFrequency:0]]
[2022.01.06-16.46.35:207][  0]LogConfig: Setting CVar [[p.chaos.AllowCreatePhysxBodies:1]]
[2022.01.06-16.46.35:207][  0]LogConfig: Applying CVar settings from Section [ConsoleVariables] File [D:/Programiranje/Faks/Asistivna/asistivna/Asistivna/Saved/Config/Windows/Engine.ini]
[2022.01.06-16.46.35:207][  0]LogInit: Computer: DESKTOP-E12DJCI
[2022.01.06-16.46.35:208][  0]LogInit: User: Anton
[2022.01.06-16.46.35:208][  0]LogInit: CPU Page size=4096, Cores=4
[2022.01.06-16.46.35:208][  0]LogInit: High frequency timer resolution =10.000000 MHz
[2022.01.06-16.46.35:208][  0]LogMemory: Memory total: Physical=15.9GB (16GB approx)
[2022.01.06-16.46.35:208][  0]LogMemory: Platform Memory Stats for Windows
[2022.01.06-16.46.35:208][  0]LogMemory: Process Physical Memory: 107.36 MB used, 107.36 MB peak
[2022.01.06-16.46.35:208][  0]LogMemory: Process Virtual Memory: 101.07 MB used, 101.07 MB peak
[2022.01.06-16.46.35:208][  0]LogMemory: Physical Memory: 8600.63 MB used,  7681.76 MB free, 16282.38 MB total
[2022.01.06-16.46.35:208][  0]LogMemory: Virtual Memory: 5139.63 MB used,  134212592.00 MB free, 134217728.00 MB total
[2022.01.06-16.46.35:213][  0]LogWindows: WindowsPlatformFeatures enabled
[2022.01.06-16.46.35:281][  0]LogInit: Using OS detected language (en-US).
[2022.01.06-16.46.35:282][  0]LogInit: Using OS detected locale (hr-HR).
[2022.01.06-16.46.35:283][  0]LogTextLocalizationManager: No specific localization for 'en-US' exists, so the 'en' localization will be used.
[2022.01.06-16.46.35:569][  0]LogInit: Setting process to per monitor DPI aware
[2022.01.06-16.46.35:654][  0]LogSlate: New Slate User Created.  User Index 0, Is Virtual User: 0
[2022.01.06-16.46.35:654][  0]LogSlate: Slate User Registered.  User Index 0, Is Virtual User: 0
[2022.01.06-16.46.36:012][  0]LogHMD: Failed to initialize OpenVR with code 110
[2022.01.06-16.46.36:013][  0]LogD3D11RHI: D3D11 min allowed feature level: 11_0
[2022.01.06-16.46.36:013][  0]LogD3D11RHI: D3D11 max allowed feature level: 11_0
[2022.01.06-16.46.36:013][  0]LogD3D11RHI: D3D11 adapters:
[2022.01.06-16.46.36:697][  0]LogD3D11RHI:    0. 'NVIDIA GeForce GTX 960M' (Feature Level 11_0)
[2022.01.06-16.46.36:697][  0]LogD3D11RHI:       4055/0/8141 MB DedicatedVideo/DedicatedSystem/SharedSystem, Outputs:2, VendorId:0x10de
[2022.01.06-16.46.36:724][  0]LogD3D11RHI:    1. 'Intel(R) HD Graphics 530' (Feature Level 11_0)
[2022.01.06-16.46.36:724][  0]LogD3D11RHI:       128/0/8141 MB DedicatedVideo/DedicatedSystem/SharedSystem, Outputs:0, VendorId:0x8086
[2022.01.06-16.46.36:727][  0]LogD3D11RHI:    2. 'Microsoft Basic Render Driver' (Feature Level 11_0)
[2022.01.06-16.46.36:728][  0]LogD3D11RHI:       0/0/8141 MB DedicatedVideo/DedicatedSystem/SharedSystem, Outputs:0, VendorId:0x1414
[2022.01.06-16.46.36:728][  0]LogD3D11RHI: Chosen D3D11 Adapter: 0
[2022.01.06-16.46.36:736][  0]LogD3D11RHI: Creating new Direct3DDevice
[2022.01.06-16.46.36:736][  0]LogD3D11RHI:     GPU DeviceId: 0x139b (for the marketing name, search the web for "GPU Device Id")
[2022.01.06-16.46.36:736][  0]LogWindows: EnumDisplayDevices:
[2022.01.06-16.46.36:737][  0]LogWindows:    0. 'Intel(R) HD Graphics 530' (P:0 D:1)
[2022.01.06-16.46.36:737][  0]LogWindows:    1. 'Intel(R) HD Graphics 530' (P:1 D:1)
[2022.01.06-16.46.36:737][  0]LogWindows:    2. 'Intel(R) HD Graphics 530' (P:0 D:0)
[2022.01.06-16.46.36:738][  0]LogWindows: DebugString: PrimaryIsNotTheChoosenAdapter PrimaryIsNotTheChoosenAdapter PrimaryIsNotTheChoosenAdapter FoundDriverCount:0 
[2022.01.06-16.46.36:738][  0]LogD3D11RHI:     Adapter Name: NVIDIA GeForce GTX 960M
[2022.01.06-16.46.36:738][  0]LogD3D11RHI:   Driver Version: Unknown (internal:Unknown, unified:Unknown)
[2022.01.06-16.46.36:738][  0]LogD3D11RHI:      Driver Date: Unknown
[2022.01.06-16.46.36:738][  0]LogRHI: Texture pool is 2839 MB (70% of 4055 MB)
[2022.01.06-16.46.36:845][  0]LogD3D11RHI: RHI has support for 64 bit atomics
[2022.01.06-16.46.36:845][  0]LogD3D11RHI: Async texture creation enabled
[2022.01.06-16.46.36:864][  0]LogD3D11RHI: GPU Timing Frequency: 1000.000000 (Debug: 2 1)
[2022.01.06-16.46.37:313][  0]LogTargetPlatformManager: Display: Loaded TargetPlatform 'AllDesktop'
[2022.01.06-16.46.37:363][  0]LogTargetPlatformManager: Display: Loaded TargetPlatform 'Android'
[2022.01.06-16.46.37:363][  0]LogTargetPlatformManager: Display: Loaded TargetPlatform 'Android_ASTC'
[2022.01.06-16.46.37:363][  0]LogTargetPlatformManager: Display: Loaded TargetPlatform 'Android_ATC'
[2022.01.06-16.46.37:363][  0]LogTargetPlatformManager: Display: Loaded TargetPlatform 'Android_DXT'
[2022.01.06-16.46.37:363][  0]LogTargetPlatformManager: Display: Loaded TargetPlatform 'Android_ETC1'
[2022.01.06-16.46.37:363][  0]LogTargetPlatformManager: Display: Loaded TargetPlatform 'Android_ETC1a'
[2022.01.06-16.46.37:363][  0]LogTargetPlatformManager: Display: Loaded TargetPlatform 'Android_ETC2'
[2022.01.06-16.46.37:363][  0]LogTargetPlatformManager: Display: Loaded TargetPlatform 'Android_PVRTC'
[2022.01.06-16.46.37:363][  0]LogTargetPlatformManager: Display: Loaded TargetPlatform 'AndroidClient'
[2022.01.06-16.46.37:363][  0]LogTargetPlatformManager: Display: Loaded TargetPlatform 'Android_ASTCClient'
[2022.01.06-16.46.37:363][  0]LogTargetPlatformManager: Display: Loaded TargetPlatform 'Android_ATCClient'
[2022.01.06-16.46.37:363][  0]LogTargetPlatformManager: Display: Loaded TargetPlatform 'Android_DXTClient'
[2022.01.06-16.46.37:363][  0]LogTargetPlatformManager: Display: Loaded TargetPlatform 'Android_ETC1Client'
[2022.01.06-16.46.37:363][  0]LogTargetPlatformManager: Display: Loaded TargetPlatform 'Android_ETC1aClient'
[2022.01.06-16.46.37:363][  0]LogTargetPlatformManager: Display: Loaded TargetPlatform 'Android_ETC2Client'
[2022.01.06-16.46.37:363][  0]LogTargetPlatformManager: Display: Loaded TargetPlatform 'Android_PVRTCClient'
[2022.01.06-16.46.37:363][  0]LogTargetPlatformManager: Display: Loaded TargetPlatform 'Android_Multi'
[2022.01.06-16.46.37:363][  0]LogTargetPlatformManager: Display: Loaded TargetPlatform 'Android_MultiClient'
[2022.01.06-16.46.37:387][  0]LogTargetPlatformManager: Display: Loaded TargetPlatform 'IOSClient'
[2022.01.06-16.46.37:387][  0]LogTargetPlatformManager: Display: Loaded TargetPlatform 'IOS'
[2022.01.06-16.46.37:397][  0]LogTargetPlatformManager: Display: Loaded TargetPlatform 'LinuxNoEditor'
[2022.01.06-16.46.37:407][  0]LogTargetPlatformManager: Display: Loaded TargetPlatform 'LinuxClient'
[2022.01.06-16.46.37:422][  0]LogTargetPlatformManager: Display: Loaded TargetPlatform 'LinuxServer'
[2022.01.06-16.46.37:435][  0]LogTargetPlatformManager: Display: Loaded TargetPlatform 'LinuxAArch64NoEditor'
[2022.01.06-16.46.37:444][  0]LogTargetPlatformManager: Display: Loaded TargetPlatform 'LinuxAArch64Client'
[2022.01.06-16.46.37:453][  0]LogTargetPlatformManager: Display: Loaded TargetPlatform 'LinuxAArch64Server'
[2022.01.06-16.46.37:483][  0]LogTargetPlatformManager: Display: Loaded TargetPlatform 'Lumin'
[2022.01.06-16.46.37:483][  0]LogTargetPlatformManager: Display: Loaded TargetPlatform 'LuminClient'
[2022.01.06-16.46.37:500][  0]LogTargetPlatformManager: Display: Loaded TargetPlatform 'TVOSClient'
[2022.01.06-16.46.37:500][  0]LogTargetPlatformManager: Display: Loaded TargetPlatform 'TVOS'
[2022.01.06-16.46.37:508][  0]LogTargetPlatformManager: Display: Loaded TargetPlatform 'WindowsNoEditor'
[2022.01.06-16.46.37:518][  0]LogTargetPlatformManager: Display: Loaded TargetPlatform 'Windows'
[2022.01.06-16.46.37:526][  0]LogTargetPlatformManager: Display: Loaded TargetPlatform 'WindowsClient'
[2022.01.06-16.46.37:536][  0]LogTargetPlatformManager: Display: Loaded TargetPlatform 'WindowsServer'
[2022.01.06-16.46.37:536][  0]LogTargetPlatformManager: Display: Building Assets For Windows
[2022.01.06-16.46.37:539][  0]LogAudioDebug: Display: Lib vorbis DLL was dynamically loaded.
[2022.01.06-16.46.37:567][  0]LogShaderCompilers: Guid format shader working directory is -26 characters bigger than the processId version (../../../../../../../../Programiranje/Faks/Asistivna/asistivna/Asistivna/Intermediate/Shaders/WorkingDirectory/3460/).
[2022.01.06-16.46.37:567][  0]LogShaderCompilers: Cleaned the shader compiler working directory 'C:/Users/Anton/AppData/Local/Temp/UnrealShaderWorkingDir/2E562C4E405E9154A2689FAD4DA1D41A/'.
[2022.01.06-16.46.37:568][  0]LogXGEController: Cleaning working directory: C:/Users/Anton/AppData/Local/Temp/UnrealXGEWorkingDir/
[2022.01.06-16.46.37:568][  0]LogXGEController: Cannot use XGE Controller as Incredibuild is not installed on this machine.
[2022.01.06-16.46.37:568][  0]LogShaderCompilers: Cannot use XGE Shader Compiler as Incredibuild is not installed on this machine.
[2022.01.06-16.46.37:568][  0]LogShaderCompilers: Display: Using Local Shader Compiler.
[2022.01.06-16.46.38:406][  0]LogDerivedDataCache: Display: Max Cache Size: 512 MB
[2022.01.06-16.46.38:474][  0]LogDerivedDataCache: Loaded boot cache 0.07s 78MB C:/Users/Anton/AppData/Local/UnrealEngine/4.24/DerivedDataCache/Boot.ddc.
[2022.01.06-16.46.38:474][  0]LogDerivedDataCache: Display: Loaded Boot cache: C:/Users/Anton/AppData/Local/UnrealEngine/4.24/DerivedDataCache/Boot.ddc
[2022.01.06-16.46.38:474][  0]LogDerivedDataCache: FDerivedDataBackendGraph:  Pak pak cache file ../../../../../../../../Programiranje/Faks/Asistivna/asistivna/Asistivna/DerivedDataCache/DDC.ddp not found, will not use a pak cache.
[2022.01.06-16.46.38:474][  0]LogDerivedDataCache: Unable to find inner node Pak for hierarchical cache Hierarchy.
[2022.01.06-16.46.38:474][  0]LogDerivedDataCache: FDerivedDataBackendGraph:  CompressedPak pak cache file ../../../../../../../../Programiranje/Faks/Asistivna/asistivna/Asistivna/DerivedDataCache/Compressed.ddp not found, will not use a pak cache.
[2022.01.06-16.46.38:474][  0]LogDerivedDataCache: Unable to find inner node CompressedPak for hierarchical cache Hierarchy.
[2022.01.06-16.46.38:486][  0]LogDerivedDataCache: Display: Pak cache opened for reading ../../../Engine/DerivedDataCache/Compressed.ddp.
[2022.01.06-16.46.38:486][  0]LogDerivedDataCache: FDerivedDataBackendGraph:  EnterprisePak pak cache file ../../../Enterprise/DerivedDataCache/Compressed.ddp not found, will not use a pak cache.
[2022.01.06-16.46.38:486][  0]LogDerivedDataCache: Unable to find inner node EnterprisePak for hierarchical cache Hierarchy.
[2022.01.06-16.46.38:487][  0]LogDerivedDataCache: Using Local data cache path C:/Users/Anton/AppData/Local/UnrealEngine/Common/DerivedDataCache: Writable
[2022.01.06-16.46.38:487][  0]LogDerivedDataCache: Shared data cache path not found in *engine.ini, will not use an Shared cache.
[2022.01.06-16.46.38:487][  0]LogDerivedDataCache: Unable to find inner node Shared for hierarchical cache Hierarchy.
[2022.01.06-16.46.38:536][  0]LogMaterial: Verifying Global Shaders for PCD3D_SM5
[2022.01.06-16.46.38:539][  0]LogSlate: Using FreeType 2.10.0
[2022.01.06-16.46.38:540][  0]LogSlate: SlateFontServices - WITH_FREETYPE: 1, WITH_HARFBUZZ: 1
[2022.01.06-16.46.38:611][  0]LogAssetRegistry: FAssetRegistry took 0.0034 seconds to start up
[2022.01.06-16.46.38:971][  0]LogInit: Selected Device Profile: [Windows]
[2022.01.06-16.46.39:138][  0]LogMeshReduction: Using QuadricMeshReduction for automatic static mesh reduction
[2022.01.06-16.46.39:138][  0]LogMeshReduction: Using SimplygonMeshReduction for automatic skeletal mesh reduction
[2022.01.06-16.46.39:138][  0]LogMeshReduction: Using ProxyLODMeshReduction for automatic mesh merging
[2022.01.06-16.46.39:138][  0]LogMeshReduction: No distributed automatic mesh merging module available
[2022.01.06-16.46.39:138][  0]LogMeshMerging: No distributed automatic mesh merging module available
[2022.01.06-16.46.39:159][  0]LogNetVersion: Asistivna 1.0.0, NetCL: 10570792, EngineNetVer: 13, GameNetVer: 0 (Checksum: 2527849711)
[2022.01.06-16.46.40:515][  0]LogPackageLocalizationCache: Processed 10 localized package path(s) for 1 prioritized culture(s) in 0.038693 seconds
[2022.01.06-16.46.40:525][  0]LogUObjectArray: 46750 objects as part of root set at end of initial load.
[2022.01.06-16.46.40:525][  0]LogUObjectAllocator: 8137160 out of 0 bytes used by permanent object pool.
[2022.01.06-16.46.40:525][  0]LogUObjectArray: CloseDisregardForGC: 0/0 objects in disregard for GC pool
[2022.01.06-16.46.41:197][  0]LogTcpMessaging: Initializing TcpMessaging bridge
[2022.01.06-16.46.41:200][  0]LogUdpMessaging: Initializing bridge on interface 0.0.0.0:0 to multicast group 230.0.0.1:6666.
[2022.01.06-16.46.41:423][  0]SourceControl: Source control is disabled
[2022.01.06-16.46.41:423][  0]SourceControl: Source control is disabled
[2022.01.06-16.46.41:424][  0]SourceControl: Source control is disabled
[2022.01.06-16.46.41:425][  0]SourceControl: Source control is disabled
[2022.01.06-16.46.41:426][  0]SourceControl: Source control is disabled
[2022.01.06-16.46.41:523][  0]LogAndroidPermission: UAndroidPermissionCallbackProxy::GetInstance
[2022.01.06-16.46.41:537][  0]LogAudioCaptureCore: Display: No Audio Capture implementations found. Audio input will be silent.
[2022.01.06-16.46.41:537][  0]LogAudioCaptureCore: Display: No Audio Capture implementations found. Audio input will be silent.
[2022.01.06-16.46.41:727][  0]LogOcInput: OculusInput pre-init called
[2022.01.06-16.46.41:736][  0]LogWindows: Failed to load 'OVRPlugin.dll' (GetLastError=126)
[2022.01.06-16.46.41:736][  0]LogWindows: File 'OVRPlugin.dll' does not exist
[2022.01.06-16.46.41:825][  0]LogEngine: Initializing Engine...
[2022.01.06-16.46.41:826][  0]LogHMD: Failed to initialize OpenVR with code 110
[2022.01.06-16.46.41:827][  0]LogStats: UGameplayTagsManager::InitializeManager -  0.000 s
[2022.01.06-16.46.42:238][  0]LogInit: Initializing FReadOnlyCVARCache
[2022.01.06-16.46.42:245][  0]LogAIModule: Creating AISystem for world Untitled
[2022.01.06-16.46.42:277][  0]LogAudioMixer: Display: Audio Mixer Platform Settings:
[2022.01.06-16.46.42:278][  0]LogAudioMixer: Display: 	Sample Rate:						  48000
[2022.01.06-16.46.42:278][  0]LogAudioMixer: Display: 	Callback Buffer Frame Size Requested: 1024
[2022.01.06-16.46.42:278][  0]LogAudioMixer: Display: 	Callback Buffer Frame Size To Use:	  1024
[2022.01.06-16.46.42:278][  0]LogAudioMixer: Display: 	Number of buffers to queue:			  2
[2022.01.06-16.46.42:278][  0]LogAudioMixer: Display: 	Max Channels (voices):				  32
[2022.01.06-16.46.42:278][  0]LogAudioMixer: Display: 	Number of Async Source Workers:		  0
[2022.01.06-16.46.42:278][  0]LogAudio: Display: AudioDevice MaxSources: 32
[2022.01.06-16.46.42:279][  0]LogAudio: Display: Using built-in audio occlusion.
[2022.01.06-16.46.42:279][  0]LogAudioMixer: Display: Initializing audio mixer.
[2022.01.06-16.46.42:378][  0]LogAudioMixer: Display: Audio Device Output Speaker Info:
[2022.01.06-16.46.42:378][  0]LogAudioMixer: Display: Name: Headphones (PT-810 Stereo)
[2022.01.06-16.46.42:378][  0]LogAudioMixer: Display: Is Default: Yes
[2022.01.06-16.46.42:378][  0]LogAudioMixer: Display: Sample Rate: 44100
[2022.01.06-16.46.42:378][  0]LogAudioMixer: Display: Channel Count Used: 2
[2022.01.06-16.46.42:378][  0]LogAudioMixer: Display: Device Channel Count: 2
[2022.01.06-16.46.42:378][  0]LogAudioMixer: Display: Channel Order:
[2022.01.06-16.46.42:378][  0]LogAudioMixer: Display: 0: FrontLeft
[2022.01.06-16.46.42:378][  0]LogAudioMixer: Display: 1: FrontRight
[2022.01.06-16.46.42:467][  0]LogAudioMixer: Display: Using Audio Device Headphones (PT-810 Stereo)
[2022.01.06-16.46.42:476][  0]LogInit: FAudioDevice initialized.
[2022.01.06-16.46.42:476][  0]LogNetVersion: Set ProjectVersion to 1.0.0.0. Version Checksum will be recalculated on next use.
[2022.01.06-16.46.43:025][  0]LogDerivedDataCache: Saved boot cache 0.55s 78MB C:/Users/Anton/AppData/Local/UnrealEngine/4.24/DerivedDataCache/Boot.ddc.
[2022.01.06-16.46.43:031][  0]LogInit: Texture streaming: Enabled
[2022.01.06-16.46.43:047][  0]LogEngineSessionManager: EngineSessionManager initialized
[2022.01.06-16.46.43:047][  0]LogEditorSessionSummary: Verbose: Initializing EditorSessionSummaryWriter for editor session tracking
[2022.01.06-16.46.43:059][  0]LogEditorSessionSummary: EditorSessionSummaryWriter initialized
[2022.01.06-16.46.43:221][  0]LogInit: Transaction tracking system initialized
[2022.01.06-16.46.43:231][  0]BlueprintLog: New page: Editor Load
[2022.01.06-16.46.43:261][  0]LocalizationService: Localization service is disabled
[2022.01.06-16.46.44:107][  0]LogFileCache: Scanning file cache for directory 'D:/Programiranje/Faks/Asistivna/asistivna/Asistivna/Content/' took 0.00s
[2022.01.06-16.46.44:107][  0]LogCook: Display: Max memory allowance for cook 16384mb min free memory 0mb
[2022.01.06-16.46.44:108][  0]LogCook: Display: Mobile HDR setting 1
[2022.01.06-16.46.45:387][  0]SourceControl: Source control is disabled
[2022.01.06-16.46.45:387][  0]Cmd: MAP LOAD FILE="../../../../../../../../Programiranje/Faks/Asistivna/asistivna/Asistivna/Content/RollingCPP/Maps/MainMenuMap.umap" TEMPLATE=0 SHOWPROGRESS=1 FEATURELEVEL=3
[2022.01.06-16.46.45:387][  0]LightingResults: New page: Lighting Build
[2022.01.06-16.46.45:388][  0]LogWorld: UWorld::CleanupWorld for Untitled, bSessionEnded=true, bCleanupResources=true
[2022.01.06-16.46.45:388][  0]LogSlate: InvalidateAllWidgets triggered.  All widgets were invalidated
[2022.01.06-16.46.45:388][  0]MapCheck: New page: Map Check
[2022.01.06-16.46.45:388][  0]LightingResults: New page: Lighting Build
[2022.01.06-16.46.45:420][  0]LogUObjectHash: Compacting FUObjectHashTables data took   2.45ms
[2022.01.06-16.46.45:425][  0]LogAIModule: Creating AISystem for world MainMenuMap
[2022.01.06-16.46.45:426][  0]LogEditorServer: Finished looking for orphan Actors (0.000 secs)
[2022.01.06-16.46.45:456][  0]LogUObjectHash: Compacting FUObjectHashTables data took   1.31ms
[2022.01.06-16.46.45:456][  0]Cmd: MAP CHECKDEP NOCLEARLOG
[2022.01.06-16.46.45:456][  0]MapCheck: Map check complete: 0 Error(s), 0 Warning(s), took 0,127ms to complete.
[2022.01.06-16.46.45:456][  0]LogFileHelpers: Loading map 'MainMenuMap' took 0.070
[2022.01.06-16.46.45:831][  0]LogSlate: Updating window title bar state: overlay mode, drag disabled, window buttons hidden, title bar hidden
[2022.01.06-16.46.45:840][  0]LogSlate: Updating window title bar state: overlay mode, drag disabled, window buttons hidden, title bar hidden
[2022.01.06-16.46.45:851][  0]LogSlate: Updating window title bar state: overlay mode, drag disabled, window buttons hidden, title bar hidden
[2022.01.06-16.46.45:859][  0]LogSlate: Updating window title bar state: overlay mode, drag disabled, window buttons hidden, title bar hidden
[2022.01.06-16.46.45:870][  0]LogCollectionManager: Loaded 0 collections in 0.001112 seconds
[2022.01.06-16.46.45:888][  0]LogFileCache: Scanning file cache for directory 'D:/Programiranje/Faks/Asistivna/asistivna/Asistivna/Saved/Collections/' took 0.00s
[2022.01.06-16.46.45:888][  0]LogFileCache: Scanning file cache for directory 'D:/Programiranje/Faks/Asistivna/asistivna/Asistivna/Content/Developers/Anton/Collections/' took 0.00s
[2022.01.06-16.46.45:888][  0]LogFileCache: Scanning file cache for directory 'D:/Programiranje/Faks/Asistivna/asistivna/Asistivna/Content/Collections/' took 0.00s
[2022.01.06-16.46.45:888][  0]LogContentBrowser: Native class hierarchy populated in 0.0110 seconds. Added 3020 classes and 719 folders.
[2022.01.06-16.46.45:891][  0]LogContentBrowser: Native class hierarchy updated for 'WidgetCarousel' in 0.0004 seconds. Added 0 classes and 0 folders.
[2022.01.06-16.46.46:043][  0]LogContentBrowser: Native class hierarchy updated for 'AddContentDialog' in 0.0003 seconds. Added 0 classes and 0 folders.
[2022.01.06-16.46.46:047][  0]LogContentBrowser: Native class hierarchy updated for 'SceneOutliner' in 0.0004 seconds. Added 2 classes and 3 folders.
[2022.01.06-16.46.46:132][  0]LogSlate: Took 0.000313 seconds to synchronously load lazily loaded font '../../../Engine/Content/Slate/Fonts/Roboto-Regular.ttf' (155K)
[2022.01.06-16.46.46:136][  0]LogSlate: Took 0.000416 seconds to synchronously load lazily loaded font '../../../Engine/Content/Slate/Fonts/Roboto-Bold.ttf' (160K)
[2022.01.06-16.46.46:147][  0]LogSlate: Took 0.000301 seconds to synchronously load lazily loaded font '../../../Engine/Content/Editor/Slate/Fonts/FontAwesome.ttf' (139K)
[2022.01.06-16.46.46:276][  0]LogRenderer: Reallocating scene render targets to support 1616x812 Format 10 NumSamples 1 (Frame:1).
[2022.01.06-16.46.46:447][  0]LogContentBrowser: Native class hierarchy updated for 'HierarchicalLODOutliner' in 0.0006 seconds. Added 0 classes and 0 folders.
[2022.01.06-16.46.46:447][  0]LogLoad: (Engine Initialization) Total time: 15.65 seconds
[2022.01.06-16.46.46:447][  0]LogLoad: (Engine Initialization) Total Blueprint compile time: 0.00 seconds
[2022.01.06-16.46.46:510][  0]LogAssetRegistry: Asset discovery search completed in 7.9004 seconds
[2022.01.06-16.46.46:514][  0]LogCollectionManager: Fixed up redirectors for 0 collections in 0.000010 seconds (updated 0 objects)
[2022.01.06-16.46.46:515][  0]LogContentStreaming: Texture pool size now 1000 MB
[2022.01.06-16.49.43:872][722]LogUObjectHash: Compacting FUObjectHashTables data took   1.60ms
[2022.01.06-16.49.44:043][722]LogSlate: Window 'Asistivna - Unreal Editor' being destroyed
[2022.01.06-16.49.44:436][723]Cmd: QUIT_EDITOR
[2022.01.06-16.49.44:436][723]LogCore: Engine exit requested (reason: UUnrealEdEngine::CloseEditor())
[2022.01.06-16.49.44:478][723]LogCore: Engine exit requested (reason: EngineExit() was called; note: exit was already requested)
[2022.01.06-16.49.44:478][723]LogAudioMixer: Display: No commands were queued while flushing the source manager.
[2022.01.06-16.49.44:504][723]LogWindowsTextInputMethodSystem: Display: IME system now deactivated.
[2022.01.06-16.49.44:556][723]LogExit: Preparing to exit.
[2022.01.06-16.49.45:476][723]LogDemo: Cleaned up 0 splitscreen connections with owner deletion
[2022.01.06-16.49.45:523][723]LogExit: Editor shut down
[2022.01.06-16.49.45:523][723]LogExit: Transaction tracking system shut down
[2022.01.06-16.49.46:034][723]LogExit: Object subsystem successfully closed.
[2022.01.06-16.49.46:060][723]LogShaderCompilers: Display: Shaders left to compile 0
[2022.01.06-16.49.46:083][723]LogModuleManager: Shutting down and abandoning module HierarchicalLODOutliner (698)
[2022.01.06-16.49.46:083][723]LogModuleManager: Shutting down and abandoning module SceneOutliner (696)
[2022.01.06-16.49.46:083][723]LogModuleManager: Shutting down and abandoning module AddContentDialog (694)
[2022.01.06-16.49.46:084][723]LogModuleManager: Shutting down and abandoning module WidgetCarousel (693)
[2022.01.06-16.49.46:084][723]LogModuleManager: Shutting down and abandoning module EditorWidgets (690)
[2022.01.06-16.49.46:084][723]LogModuleManager: Shutting down and abandoning module CollectionManager (688)
[2022.01.06-16.49.46:084][723]LogModuleManager: Shutting down and abandoning module StatsViewer (686)
[2022.01.06-16.49.46:084][723]LogModuleManager: Shutting down and abandoning module VirtualTexturingEditor (684)
[2022.01.06-16.49.46:085][723]LogModuleManager: Shutting down and abandoning module FoliageEdit (682)
[2022.01.06-16.49.46:085][723]LogModuleManager: Shutting down and abandoning module LandscapeEditor (680)
[2022.01.06-16.49.46:085][723]LogModuleManager: Shutting down and abandoning module MeshPaintMode (678)
[2022.01.06-16.49.46:085][723]LogModuleManager: Shutting down and abandoning module SceneDepthPickerMode (676)
[2022.01.06-16.49.46:085][723]LogModuleManager: Shutting down and abandoning module ActorPickerMode (674)
[2022.01.06-16.49.46:085][723]LogModuleManager: Shutting down and abandoning module GeometryMode (672)
[2022.01.06-16.49.46:085][723]LogModuleManager: Shutting down and abandoning module TextureAlignMode (670)
[2022.01.06-16.49.46:085][723]LogModuleManager: Shutting down and abandoning module BspMode (668)
[2022.01.06-16.49.46:085][723]LogModuleManager: Shutting down and abandoning module PIEPreviewDeviceProfileSelector (666)
[2022.01.06-16.49.46:085][723]LogModuleManager: Shutting down and abandoning module SequenceRecorderSections (664)
[2022.01.06-16.49.46:085][723]LogModuleManager: Shutting down and abandoning module AutomationWorker (662)
[2022.01.06-16.49.46:085][723]LogModuleManager: Shutting down and abandoning module SteamVREditor (660)
[2022.01.06-16.49.46:086][723]LogModuleManager: Shutting down and abandoning module OculusMR (658)
[2022.01.06-16.49.46:086][723]LogModuleManager: Shutting down and abandoning module AudioCaptureEditor (656)
[2022.01.06-16.49.46:086][723]LogModuleManager: Shutting down and abandoning module MatineeToLevelSequence (654)
[2022.01.06-16.49.46:086][723]LogModuleManager: Shutting down and abandoning module LevelSequenceEditor (652)
[2022.01.06-16.49.46:086][723]LogModuleManager: Shutting down and abandoning module PlacementMode (651)
[2022.01.06-16.49.46:087][723]LogModuleManager: Shutting down and abandoning module MaterialEditor (650)
[2022.01.06-16.49.46:087][723]LogModuleManager: Shutting down and abandoning module ActorSequenceEditor (646)
[2022.01.06-16.49.46:087][723]LogModuleManager: Shutting down and abandoning module WmfMediaFactory (644)
[2022.01.06-16.49.46:088][723]LogModuleManager: Shutting down and abandoning module WmfMediaEditor (642)
[2022.01.06-16.49.46:088][723]LogModuleManager: Shutting down and abandoning module WebMMediaFactory (640)
[2022.01.06-16.49.46:088][723]LogModuleManager: Shutting down and abandoning module WebMMediaEditor (638)
[2022.01.06-16.49.46:088][723]LogModuleManager: Shutting down and abandoning module WebMMedia (636)
[2022.01.06-16.49.46:088][723]LogModuleManager: Shutting down and abandoning module MediaPlayerEditor (634)
[2022.01.06-16.49.46:088][723]LogModuleManager: Shutting down and abandoning module MediaCompositingEditor (632)
[2022.01.06-16.49.46:088][723]LogModuleManager: Shutting down and abandoning module SequenceRecorder (631)
[2022.01.06-16.49.46:088][723]LogModuleManager: Shutting down and abandoning module OpenExrWrapper (628)
[2022.01.06-16.49.46:088][723]LogModuleManager: Shutting down and abandoning module ImgMediaFactory (626)
[2022.01.06-16.49.46:088][723]LogModuleManager: Shutting down and abandoning module ImgMediaEditor (624)
[2022.01.06-16.49.46:088][723]LogModuleManager: Shutting down and abandoning module AvfMediaFactory (622)
[2022.01.06-16.49.46:088][723]LogModuleManager: Shutting down and abandoning module AvfMediaEditor (620)
[2022.01.06-16.49.46:088][723]LogModuleManager: Shutting down and abandoning module AndroidMediaFactory (618)
[2022.01.06-16.49.46:089][723]LogModuleManager: Shutting down and abandoning module AndroidMediaEditor (616)
[2022.01.06-16.49.46:089][723]LogModuleManager: Shutting down and abandoning module MagicLeapMediaCodecFactory (614)
[2022.01.06-16.49.46:089][723]LogModuleManager: Shutting down and abandoning module MagicLeapMediaFactory (612)
[2022.01.06-16.49.46:089][723]LogModuleManager: Shutting down and abandoning module MagicLeapMediaEditor (610)
[2022.01.06-16.49.46:089][723]LogModuleManager: Shutting down and abandoning module CharacterAI (608)
[2022.01.06-16.49.46:089][723]LogModuleManager: Shutting down and abandoning module SmartSnapping (606)
[2022.01.06-16.49.46:089][723]LogModuleManager: Shutting down and abandoning module SessionServices (604)
[2022.01.06-16.49.46:089][723]LogModuleManager: Shutting down and abandoning module MeshPaint (602)
[2022.01.06-16.49.46:089][723]LogModuleManager: Shutting down and abandoning module ViewportSnapping (600)
[2022.01.06-16.49.46:089][723]LogModuleManager: Shutting down and abandoning module ViewportInteraction (598)
[2022.01.06-16.49.46:089][723]LogModuleManager: Shutting down and abandoning module ClothPainter (596)
[2022.01.06-16.49.46:089][723]LogModuleManager: Shutting down and abandoning module SkeletalMeshEditor (595)
[2022.01.06-16.49.46:089][723]LogModuleManager: Shutting down and abandoning module LogVisualizer (592)
[2022.01.06-16.49.46:089][723]LogModuleManager: Shutting down and abandoning module IntroTutorials (590)
[2022.01.06-16.49.46:089][723]LogModuleManager: Shutting down and abandoning module GameProjectGeneration (589)
[2022.01.06-16.49.46:089][723]LogModuleManager: Shutting down and abandoning module LuminPlatformEditor (586)
[2022.01.06-16.49.46:089][723]LogModuleManager: Shutting down and abandoning module IOSPlatformEditor (584)
[2022.01.06-16.49.46:090][723]LogModuleManager: Shutting down and abandoning module AndroidPlatformEditor (582)
[2022.01.06-16.49.46:090][723]LogModuleManager: Shutting down and abandoning module AndroidDeviceDetection (581)
[2022.01.06-16.49.46:396][723]LogModuleManager: Shutting down and abandoning module WindowsPlatformEditor (578)
[2022.01.06-16.49.46:396][723]LogModuleManager: Shutting down and abandoning module LuminRuntimeSettings (576)
[2022.01.06-16.49.46:396][723]LogModuleManager: Shutting down and abandoning module IOSRuntimeSettings (574)
[2022.01.06-16.49.46:396][723]LogModuleManager: Shutting down and abandoning module AndroidRuntimeSettings (572)
[2022.01.06-16.49.46:396][723]LogModuleManager: Shutting down and abandoning module EditorInteractiveToolsFramework (570)
[2022.01.06-16.49.46:396][723]LogModuleManager: Shutting down and abandoning module TimeManagementEditor (568)
[2022.01.06-16.49.46:396][723]LogModuleManager: Shutting down and abandoning module InputBindingEditor (566)
[2022.01.06-16.49.46:396][723]LogModuleManager: Shutting down and abandoning module MergeActors (564)
[2022.01.06-16.49.46:397][723]LogModuleManager: Shutting down and abandoning module LocalizationDashboard (562)
[2022.01.06-16.49.46:397][723]LogModuleManager: Shutting down and abandoning module LocalizationService (561)
[2022.01.06-16.49.46:397][723]LogModuleManager: Shutting down and abandoning module HardwareTargeting (558)
[2022.01.06-16.49.46:397][723]LogModuleManager: Shutting down and abandoning module DeviceProfileEditor (556)
[2022.01.06-16.49.46:397][723]LogModuleManager: Shutting down and abandoning module UndoHistory (554)
[2022.01.06-16.49.46:397][723]LogModuleManager: Shutting down and abandoning module XmlParser (552)
[2022.01.06-16.49.46:397][723]LogModuleManager: Shutting down and abandoning module Blutility (550)
[2022.01.06-16.49.46:397][723]LogModuleManager: Shutting down and abandoning module ProjectSettingsViewer (548)
[2022.01.06-16.49.46:397][723]LogModuleManager: Shutting down and abandoning module ProjectTargetPlatformEditor (547)
[2022.01.06-16.49.46:397][723]LogModuleManager: Shutting down and abandoning module EditorSettingsViewer (544)
[2022.01.06-16.49.46:397][723]LogModuleManager: Shutting down and abandoning module SettingsEditor (542)
[2022.01.06-16.49.46:397][723]LogModuleManager: Shutting down and abandoning module ProjectLauncher (540)
[2022.01.06-16.49.46:397][723]LogModuleManager: Shutting down and abandoning module SessionFrontend (538)
[2022.01.06-16.49.46:397][723]LogModuleManager: Shutting down and abandoning module ProfilerClient (536)
[2022.01.06-16.49.46:397][723]LogModuleManager: Shutting down and abandoning module DeviceManager (534)
[2022.01.06-16.49.46:397][723]LogModuleManager: Shutting down and abandoning module TargetDeviceServices (533)
[2022.01.06-16.49.46:430][723]LogModuleManager: Shutting down and abandoning module AutomationController (530)
[2022.01.06-16.49.46:430][723]LogModuleManager: Shutting down and abandoning module AutomationWindow (528)
[2022.01.06-16.49.46:430][723]LogModuleManager: Shutting down and abandoning module Layers (526)
[2022.01.06-16.49.46:430][723]LogModuleManager: Shutting down and abandoning module ComponentVisualizers (524)
[2022.01.06-16.49.46:430][723]LogModuleManager: Shutting down and abandoning module DetailCustomizations (522)
[2022.01.06-16.49.46:430][723]LogModuleManager: Shutting down and abandoning module PackagesDialog (520)
[2022.01.06-16.49.46:430][723]LogModuleManager: Shutting down and abandoning module AnimationBlueprintEditor (518)
[2022.01.06-16.49.46:430][723]LogModuleManager: Shutting down and abandoning module Persona (516)
[2022.01.06-16.49.46:430][723]LogModuleManager: Shutting down and abandoning module AdvancedPreviewScene (515)
[2022.01.06-16.49.46:430][723]LogModuleManager: Shutting down and abandoning module AnimGraph (513)
[2022.01.06-16.49.46:430][723]LogModuleManager: Shutting down and abandoning module Kismet (510)
[2022.01.06-16.49.46:430][723]LogModuleManager: Shutting down and abandoning module KismetWidgets (509)
[2022.01.06-16.49.46:430][723]LogModuleManager: Shutting down and abandoning module GraphEditor (506)
[2022.01.06-16.49.46:431][723]LogModuleManager: Shutting down and abandoning module StructViewer (504)
[2022.01.06-16.49.46:431][723]LogModuleManager: Shutting down and abandoning module ClassViewer (502)
[2022.01.06-16.49.46:431][723]LogModuleManager: Shutting down and abandoning module Toolbox (500)
[2022.01.06-16.49.46:431][723]LogModuleManager: Shutting down and abandoning module ModuleUI (498)
[2022.01.06-16.49.46:431][723]LogModuleManager: Shutting down and abandoning module OutputLog (496)
[2022.01.06-16.49.46:431][723]LogModuleManager: Shutting down and abandoning module GammaUI (494)
[2022.01.06-16.49.46:431][723]LogModuleManager: Shutting down and abandoning module Documentation (492)
[2022.01.06-16.49.46:431][723]LogModuleManager: Shutting down and abandoning module ToolMenus (490)
[2022.01.06-16.49.46:432][723]LogModuleManager: Shutting down and abandoning module LiveCoding (488)
[2022.01.06-16.49.46:432][723]LogModuleManager: Shutting down and abandoning module LevelSequence (486)
[2022.01.06-16.49.46:432][723]LogModuleManager: Shutting down and abandoning module MovieSceneTracks (484)
[2022.01.06-16.49.46:432][723]LogModuleManager: Shutting down and abandoning module MovieScene (482)
[2022.01.06-16.49.46:432][723]LogModuleManager: Shutting down and abandoning module StreamingPauseRendering (480)
[2022.01.06-16.49.46:432][723]LogModuleManager: Shutting down and abandoning module LauncherPlatform (478)
[2022.01.06-16.49.46:432][723]LogModuleManager: Shutting down and abandoning module AnalyticsET (476)
[2022.01.06-16.49.46:432][723]LogModuleManager: Shutting down and abandoning module PortalServices (474)
[2022.01.06-16.49.46:432][723]LogModuleManager: Shutting down and abandoning module PortalRpc (472)
[2022.01.06-16.49.46:432][723]LogModuleManager: Shutting down and abandoning module MessagingRpc (470)
[2022.01.06-16.49.46:432][723]LogModuleManager: Shutting down and abandoning module AudioMixerXAudio2 (468)
[2022.01.06-16.49.46:432][723]LogModuleManager: Shutting down and abandoning module AIModule (466)
[2022.01.06-16.49.46:432][723]LogModuleManager: Shutting down and abandoning module GameplayDebugger (465)
[2022.01.06-16.49.46:432][723]LogModuleManager: Shutting down and abandoning module AITestSuite (463)
[2022.01.06-16.49.46:432][723]LogModuleManager: Shutting down and abandoning module NavigationSystem (461)
[2022.01.06-16.49.46:432][723]LogModuleManager: Shutting down and abandoning module ImageWriteQueue (458)
[2022.01.06-16.49.46:439][723]LogModuleManager: Shutting down and abandoning module ProfilerService (456)
[2022.01.06-16.49.46:647][723]LogModuleManager: Shutting down and abandoning module TaskGraph (454)
[2022.01.06-16.49.46:647][723]LogModuleManager: Shutting down and abandoning module ScreenshotTools (452)
[2022.01.06-16.49.46:647][723]LogModuleManager: Shutting down and abandoning module ProceduralMeshComponentEditor (450)
[2022.01.06-16.49.46:647][723]LogModuleManager: Shutting down and abandoning module ProceduralMeshComponent (448)
[2022.01.06-16.49.46:647][723]LogModuleManager: Shutting down and abandoning module OculusEditor (446)
[2022.01.06-16.49.46:647][723]LogModuleManager: Shutting down and abandoning module OculusInput (444)
[2022.01.06-16.49.46:647][723]LogModuleManager: Shutting down and abandoning module MobilePatchingUtils (442)
[2022.01.06-16.49.46:647][723]LogModuleManager: Shutting down and abandoning module EditableMesh (440)
[2022.01.06-16.49.46:647][723]LogModuleManager: Shutting down and abandoning module CustomMeshComponent (438)
[2022.01.06-16.49.46:647][723]LogModuleManager: Shutting down and abandoning module CableComponent (436)
[2022.01.06-16.49.46:647][723]LogModuleManager: Shutting down and abandoning module AudioCapture (434)
[2022.01.06-16.49.46:647][723]LogModuleManager: Shutting down and abandoning module AudioCaptureRtAudio (433)
[2022.01.06-16.49.46:647][723]LogModuleManager: Shutting down and abandoning module AssetTags (430)
[2022.01.06-16.49.46:647][723]LogModuleManager: Shutting down and abandoning module ArchVisCharacter (428)
[2022.01.06-16.49.46:647][723]LogModuleManager: Shutting down and abandoning module AppleImageUtilsBlueprintSupport (426)
[2022.01.06-16.49.46:647][723]LogModuleManager: Shutting down and abandoning module AppleImageUtils (424)
[2022.01.06-16.49.46:647][723]LogModuleManager: Shutting down and abandoning module AndroidPermission (422)
[2022.01.06-16.49.46:647][723]LogModuleManager: Shutting down and abandoning module NUTUnrealEngine4 (420)
[2022.01.06-16.49.46:647][723]LogModuleManager: Shutting down and abandoning module NetcodeUnitTest (418)
[2022.01.06-16.49.46:647][723]LogModuleManager: Shutting down and abandoning module MediaCompositing (416)
[2022.01.06-16.49.46:647][723]LogModuleManager: Shutting down and abandoning module ImgMedia (414)
[2022.01.06-16.49.46:647][723]LogModuleManager: Shutting down and abandoning module MagicLeapHelperVulkan (412)
[2022.01.06-16.49.46:647][723]LogModuleManager: Shutting down and abandoning module MagicLeapHelperOpenGL (410)
[2022.01.06-16.49.46:647][723]LogModuleManager: Shutting down and abandoning module MagicLeapAudio (408)
[2022.01.06-16.49.46:647][723]LogModuleManager: Shutting down and abandoning module GeometryCacheTracks (406)
[2022.01.06-16.49.46:647][723]LogModuleManager: Shutting down and abandoning module GeometryCacheSequencer (404)
[2022.01.06-16.49.46:648][723]LogModuleManager: Shutting down and abandoning module BackChannel (402)
[2022.01.06-16.49.46:648][723]LogModuleManager: Shutting down and abandoning module AutomationUtilsEditor (400)
[2022.01.06-16.49.46:648][723]LogModuleManager: Shutting down and abandoning module AutomationUtils (398)
[2022.01.06-16.49.46:648][723]LogModuleManager: Shutting down and abandoning module AlembicImporter (396)
[2022.01.06-16.49.46:648][723]LogModuleManager: Shutting down and abandoning module AlembicLibrary (395)
[2022.01.06-16.49.46:648][723]LogModuleManager: Shutting down and abandoning module GeometryCache (394)
[2022.01.06-16.49.46:648][723]LogModuleManager: Shutting down and abandoning module GeometryCacheEd (393)
[2022.01.06-16.49.46:648][723]LogModuleManager: Shutting down and abandoning module VariantManagerContentEditor (388)
[2022.01.06-16.49.46:648][723]LogModuleManager: Shutting down and abandoning module DatasmithContentEditor (386)
[2022.01.06-16.49.46:648][723]LogModuleManager: Shutting down and abandoning module SpeedTreeImporter (384)
[2022.01.06-16.49.46:648][723]LogModuleManager: Shutting down and abandoning module PluginBrowser (382)
[2022.01.06-16.49.46:648][723]LogModuleManager: Shutting down and abandoning module MobileLauncherProfileWizard (380)
[2022.01.06-16.49.46:648][723]LogModuleManager: Shutting down and abandoning module MaterialAnalyzer (378)
[2022.01.06-16.49.46:648][723]LogModuleManager: Shutting down and abandoning module CurveEditorTools (376)
[2022.01.06-16.49.46:648][723]LogModuleManager: Shutting down and abandoning module CryptoKeysOpenSSL (374)
[2022.01.06-16.49.46:648][723]LogModuleManager: Shutting down and abandoning module CryptoKeys (372)
[2022.01.06-16.49.46:648][723]LogModuleManager: Shutting down and abandoning module VisualStudioSourceCodeAccess (370)
[2022.01.06-16.49.46:648][723]LogModuleManager: Shutting down and abandoning module VisualStudioCodeSourceCodeAccess (368)
[2022.01.06-16.49.46:648][723]LogModuleManager: Shutting down and abandoning module UObjectPlugin (366)
[2022.01.06-16.49.46:648][723]LogModuleManager: Shutting down and abandoning module SubversionSourceControl (364)
[2022.01.06-16.49.46:648][723]LogModuleManager: Shutting down and abandoning module PlasticSourceControl (362)
[2022.01.06-16.49.46:648][723]LogModuleManager: Shutting down and abandoning module PerforceSourceControl (360)
[2022.01.06-16.49.46:649][723]LogModuleManager: Shutting down and abandoning module GitSourceControl (358)
[2022.01.06-16.49.46:649][723]LogModuleManager: Shutting down and abandoning module SourceControl (357)
[2022.01.06-16.49.46:649][723]LogModuleManager: Shutting down and abandoning module CLionSourceCodeAccess (354)
[2022.01.06-16.49.46:649][723]LogModuleManager: Shutting down and abandoning module AnimationSharingEd (352)
[2022.01.06-16.49.46:649][723]LogModuleManager: Shutting down and abandoning module ActorLayerUtilitiesEditor (350)
[2022.01.06-16.49.46:649][723]LogModuleManager: Shutting down and abandoning module ActorLayerUtilities (348)
[2022.01.06-16.49.46:649][723]LogModuleManager: Shutting down and abandoning module LightPropagationVolumeEditor (346)
[2022.01.06-16.49.46:649][723]LogModuleManager: Shutting down and abandoning module PaperTiledImporter (344)
[2022.01.06-16.49.46:649][723]LogModuleManager: Shutting down and abandoning module PaperSpriteSheetImporter (342)
[2022.01.06-16.49.46:649][723]LogModuleManager: Shutting down and abandoning module Paper2DEditor (340)
[2022.01.06-16.49.46:650][723]LogModuleManager: Shutting down and abandoning module Asistivna (338)
[2022.01.06-16.49.46:650][723]LogModuleManager: Shutting down and abandoning module SignificanceManager (336)
[2022.01.06-16.49.46:650][723]LogModuleManager: Shutting down and abandoning module RuntimePhysXCooking (334)
[2022.01.06-16.49.46:650][723]LogModuleManager: Shutting down and abandoning module PhysXVehiclesEditor (332)
[2022.01.06-16.49.46:650][723]LogModuleManager: Shutting down and abandoning module LocationServicesBPLibrary (328)
[2022.01.06-16.49.46:650][723]LogModuleManager: Shutting down and abandoning module ActorSequence (326)
[2022.01.06-16.49.46:650][723]LogModuleManager: Shutting down and abandoning module UdpMessaging (324)
[2022.01.06-16.49.46:751][723]LogModuleManager: Shutting down and abandoning module TcpMessaging (322)
[2022.01.06-16.49.46:852][723]LogModuleManager: Shutting down and abandoning module MagicLeapPrivileges (320)
[2022.01.06-16.49.46:852][723]LogModuleManager: Shutting down and abandoning module MagicLeapPlanes (318)
[2022.01.06-16.49.46:852][723]LogMagicLeapPlanes: Planes tracker already destroyed.
[2022.01.06-16.49.46:852][723]LogModuleManager: Shutting down and abandoning module MagicLeapIdentity (316)
[2022.01.06-16.49.46:852][723]LogModuleManager: Shutting down and abandoning module MagicLeapSecureStorage (314)
[2022.01.06-16.49.46:852][723]LogModuleManager: Shutting down and abandoning module MagicLeapImageTracker (312)
[2022.01.06-16.49.46:852][723]LogModuleManager: Shutting down and abandoning module MagicLeapHandTracking (310)
[2022.01.06-16.49.46:852][723]LogModuleManager: Shutting down and abandoning module MagicLeapHandMeshing (308)
[2022.01.06-16.49.46:852][723]LogModuleManager: Shutting down and abandoning module MagicLeapEyeTracker (306)
[2022.01.06-16.49.46:852][723]LogModuleManager: Shutting down and abandoning module MagicLeapController (304)
[2022.01.06-16.49.46:852][723]LogSlate: Slate User Destroyed.  User Index 0, Is Virtual User: 0
[2022.01.06-16.49.46:852][723]LogModuleManager: Shutting down and abandoning module MagicLeapARPin (302)
[2022.01.06-16.49.46:852][723]LogModuleManager: Shutting down and abandoning module MagicLeapAR (300)
[2022.01.06-16.49.46:852][723]LogModuleManager: Shutting down and abandoning module AugmentedReality (299)
[2022.01.06-16.49.46:852][723]LogModuleManager: Shutting down and abandoning module GameplayTagsEditor (296)
[2022.01.06-16.49.46:852][723]LogModuleManager: Shutting down and abandoning module FacialAnimationEditor (294)
[2022.01.06-16.49.46:852][723]LogModuleManager: Shutting down and abandoning module FacialAnimation (292)
[2022.01.06-16.49.46:853][723]LogModuleManager: Shutting down and abandoning module DataValidation (290)
[2022.01.06-16.49.46:853][723]LogModuleManager: Shutting down and abandoning module AssetManagerEditor (288)
[2022.01.06-16.49.46:853][723]LogModuleManager: Shutting down and abandoning module LevelEditor (287)
[2022.01.06-16.49.46:854][723]LogModuleManager: Shutting down and abandoning module PixelInspectorModule (286)
[2022.01.06-16.49.46:854][723]LogModuleManager: Shutting down and abandoning module CommonMenuExtensions (284)
[2022.01.06-16.49.46:854][723]LogModuleManager: Shutting down and abandoning module MainFrame (282)
[2022.01.06-16.49.46:854][723]LogModuleManager: Shutting down and abandoning module HotReload (281)
[2022.01.06-16.49.46:856][723]LogModuleManager: Shutting down and abandoning module ContentBrowser (277)
[2022.01.06-16.49.46:858][723]LogModuleManager: Shutting down and abandoning module TreeMap (275)
[2022.01.06-16.49.46:858][723]LogModuleManager: Shutting down and abandoning module AnimationSharing (272)
[2022.01.06-16.49.46:858][723]LogModuleManager: Shutting down and abandoning module LightPropagationVolumeRuntime (270)
[2022.01.06-16.49.46:858][723]LogModuleManager: Shutting down and abandoning module Paper2D (268)
[2022.01.06-16.49.46:858][723]LogModuleManager: Shutting down and abandoning module WindowsMoviePlayer (266)
[2022.01.06-16.49.46:860][723]LogModuleManager: Shutting down and abandoning module WebMMoviePlayer (264)
[2022.01.06-16.49.46:860][723]LogModuleManager: Shutting down and abandoning module NetworkReplayStreaming (262)
[2022.01.06-16.49.46:860][723]LogModuleManager: Shutting down and abandoning module PacketHandler (260)
[2022.01.06-16.49.46:860][723]LogModuleManager: Shutting down and abandoning module ClothingSystemEditor (258)
[2022.01.06-16.49.46:860][723]LogModuleManager: Shutting down and abandoning module ClothingSystemRuntimeNv (256)
[2022.01.06-16.49.46:860][723]LogModuleManager: Shutting down and abandoning module MediaAssets (254)
[2022.01.06-16.49.46:860][723]LogModuleManager: Shutting down and abandoning module Overlay (252)
[2022.01.06-16.49.46:860][723]LogModuleManager: Shutting down and abandoning module OverlayEditor (251)
[2022.01.06-16.49.46:860][723]LogModuleManager: Shutting down and abandoning module VREditor (248)
[2022.01.06-16.49.46:860][723]LogModuleManager: Shutting down and abandoning module StringTableEditor (246)
[2022.01.06-16.49.46:860][723]LogModuleManager: Shutting down and abandoning module GameplayTasksEditor (244)
[2022.01.06-16.49.46:860][723]LogModuleManager: Shutting down and abandoning module BehaviorTreeEditor (242)
[2022.01.06-16.49.46:860][723]LogModuleManager: Shutting down and abandoning module FunctionalTesting (240)
[2022.01.06-16.49.46:860][723]LogModuleManager: Shutting down and abandoning module CollisionAnalyzer (238)
[2022.01.06-16.49.46:861][723]LogModuleManager: Shutting down and abandoning module WorkspaceMenuStructure (237)
[2022.01.06-16.49.46:861][723]LogModuleManager: Shutting down and abandoning module UMG (234)
[2022.01.06-16.49.46:861][723]LogModuleManager: Shutting down and abandoning module UMGEditor (233)
[2022.01.06-16.49.46:861][723]LogModuleManager: Shutting down and abandoning module MessageLog (231)
[2022.01.06-16.49.46:861][723]LogModuleManager: Shutting down and abandoning module SlateReflector (226)
[2022.01.06-16.49.46:861][723]LogModuleManager: Shutting down and abandoning module Slate (224)
[2022.01.06-16.49.46:861][723]LogModuleManager: Shutting down and abandoning module SlateCore (222)
[2022.01.06-16.49.46:861][723]LogModuleManager: Shutting down and abandoning module LandscapeEditorUtilities (220)
[2022.01.06-16.49.46:861][723]LogModuleManager: Shutting down and abandoning module UnrealEd (218)
[2022.01.06-16.49.46:861][723]LogModuleManager: Shutting down and abandoning module MRMesh (216)
[2022.01.06-16.49.46:861][723]LogModuleManager: Shutting down and abandoning module SourceCodeAccess (214)
[2022.01.06-16.49.46:861][723]LogModuleManager: Shutting down and abandoning module HeadMountedDisplay (212)
[2022.01.06-16.49.46:861][723]LogModuleManager: Shutting down and abandoning module XAudio2 (210)
[2022.01.06-16.49.46:861][723]LogModuleManager: Shutting down and abandoning module Networking (208)
[2022.01.06-16.49.46:861][723]LogModuleManager: Shutting down and abandoning module Core (206)
[2022.01.06-16.49.46:861][723]LogModuleManager: Shutting down and abandoning module MovieSceneTools (204)
[2022.01.06-16.49.46:861][723]LogModuleManager: Shutting down and abandoning module CurveEditor (203)
[2022.01.06-16.49.46:861][723]LogModuleManager: Shutting down and abandoning module Sequencer (201)
[2022.01.06-16.49.46:861][723]LogModuleManager: Shutting down and abandoning module EditorStyle (200)
[2022.01.06-16.49.46:863][723]LogModuleManager: Shutting down and abandoning module KismetCompiler (196)
[2022.01.06-16.49.46:863][723]LogModuleManager: Shutting down and abandoning module MeshUtilities (194)
[2022.01.06-16.49.46:863][723]LogModuleManager: Shutting down and abandoning module MeshMergeUtilities (193)
[2022.01.06-16.49.46:863][723]LogModuleManager: Shutting down and abandoning module MeshReductionInterface (192)
[2022.01.06-16.49.46:863][723]LogModuleManager: Shutting down and abandoning module MeshBoneReduction (191)
[2022.01.06-16.49.46:863][723]LogModuleManager: Shutting down and abandoning module SkeletalMeshReduction (189)
[2022.01.06-16.49.46:863][723]LogModuleManager: Shutting down and abandoning module ProxyLODMeshReduction (187)
[2022.01.06-16.49.46:863][723]LogModuleManager: Shutting down and abandoning module QuadricMeshReduction (185)
[2022.01.06-16.49.46:863][723]LogModuleManager: Shutting down and abandoning module MaterialBaking (181)
[2022.01.06-16.49.46:863][723]LogModuleManager: Shutting down and abandoning module NullInstallBundleManager (176)
[2022.01.06-16.49.46:863][723]LogModuleManager: Shutting down and abandoning module DerivedDataCache (174)
[2022.01.06-16.49.46:863][723]LogDerivedDataCache: Shutdown
[2022.01.06-16.49.46:863][723]LogModuleManager: Shutting down and abandoning module XGEController (172)
[2022.01.06-16.49.46:863][723]LogXGEController: Cleaning working directory: C:/Users/Anton/AppData/Local/Temp/UnrealXGEWorkingDir/
[2022.01.06-16.49.46:864][723]LogModuleManager: Shutting down and abandoning module TargetPlatform (170)
[2022.01.06-16.49.46:864][723]LogModuleManager: Shutting down and abandoning module VulkanShaderFormat (169)
[2022.01.06-16.49.46:864][723]LogModuleManager: Shutting down and abandoning module ShaderFormatVectorVM (167)
[2022.01.06-16.49.46:864][723]LogModuleManager: Shutting down and abandoning module ShaderFormatOpenGL (165)
[2022.01.06-16.49.46:864][723]LogModuleManager: Shutting down and abandoning module ShaderFormatD3D (163)
[2022.01.06-16.49.46:864][723]LogModuleManager: Shutting down and abandoning module MetalShaderFormat (161)
[2022.01.06-16.49.46:864][723]LogModuleManager: Shutting down and abandoning module TextureFormatUncompressed (159)
[2022.01.06-16.49.46:864][723]LogModuleManager: Shutting down and abandoning module TextureFormatPVR (157)
[2022.01.06-16.49.46:864][723]LogModuleManager: Shutting down and abandoning module TextureFormatDXT (155)
[2022.01.06-16.49.46:864][723]LogModuleManager: Shutting down and abandoning module TextureFormatIntelISPCTexComp (153)
[2022.01.06-16.49.46:864][723]LogModuleManager: Shutting down and abandoning module TextureFormatASTC (151)
[2022.01.06-16.49.46:864][723]LogModuleManager: Shutting down and abandoning module ImageWrapper (150)
[2022.01.06-16.49.46:864][723]LogModuleManager: Shutting down and abandoning module TextureFormatAndroid (147)
[2022.01.06-16.49.46:864][723]LogModuleManager: Shutting down and abandoning module AudioFormatOpus (145)
[2022.01.06-16.49.46:864][723]LogModuleManager: Shutting down and abandoning module AudioFormatOgg (143)
[2022.01.06-16.49.46:864][723]LogModuleManager: Shutting down and abandoning module AudioFormatADPCM (141)
[2022.01.06-16.49.46:864][723]LogModuleManager: Shutting down and abandoning module WindowsServerTargetPlatform (139)
[2022.01.06-16.49.46:864][723]LogModuleManager: Shutting down and abandoning module WindowsClientTargetPlatform (137)
[2022.01.06-16.49.46:864][723]LogModuleManager: Shutting down and abandoning module WindowsTargetPlatform (135)
[2022.01.06-16.49.46:864][723]LogModuleManager: Shutting down and abandoning module WindowsNoEditorTargetPlatform (133)
[2022.01.06-16.49.46:864][723]LogModuleManager: Shutting down and abandoning module TVOSTargetPlatform (131)
[2022.01.06-16.49.46:865][723]LogModuleManager: Shutting down and abandoning module LuminTargetPlatform (129)
[2022.01.06-16.49.46:866][723]LogModuleManager: Shutting down and abandoning module LinuxAArch64ServerTargetPlatform (127)
[2022.01.06-16.49.46:866][723]LogModuleManager: Shutting down and abandoning module LinuxAArch64ClientTargetPlatform (125)
[2022.01.06-16.49.46:866][723]LogModuleManager: Shutting down and abandoning module LinuxAArch64NoEditorTargetPlatform (123)
[2022.01.06-16.49.46:866][723]LogModuleManager: Shutting down and abandoning module LinuxServerTargetPlatform (121)
[2022.01.06-16.49.46:866][723]LogModuleManager: Shutting down and abandoning module LinuxClientTargetPlatform (119)
[2022.01.06-16.49.46:866][723]LogModuleManager: Shutting down and abandoning module LinuxNoEditorTargetPlatform (117)
[2022.01.06-16.49.46:866][723]LogModuleManager: Shutting down and abandoning module Messaging (115)
[2022.01.06-16.49.46:866][723]LogModuleManager: Shutting down and abandoning module IOSTargetPlatform (113)
[2022.01.06-16.49.46:867][723]LogModuleManager: Shutting down and abandoning module AndroidTargetPlatform (111)
[2022.01.06-16.49.46:878][723]LogModuleManager: Shutting down and abandoning module AllDesktopTargetPlatform (109)
[2022.01.06-16.49.46:878][723]LogModuleManager: Shutting down and abandoning module InputCore (106)
[2022.01.06-16.49.46:878][723]LogModuleManager: Shutting down and abandoning module Settings (104)
[2022.01.06-16.49.46:878][723]LogModuleManager: Shutting down and abandoning module DirectoryWatcher (102)
[2022.01.06-16.49.46:878][723]LogModuleManager: Shutting down and abandoning module PhysXCooking (100)
[2022.01.06-16.49.46:878][723]LogModuleManager: Shutting down and abandoning module ChaosSolvers (98)
[2022.01.06-16.49.46:878][723]LogModuleManager: Shutting down and abandoning module FieldSystemEngine (97)
[2022.01.06-16.49.46:878][723]LogModuleManager: Shutting down and abandoning module Chaos (94)
[2022.01.06-16.49.46:878][723]LogModuleManager: Shutting down and abandoning module WindowsPlatformFeatures (92)
[2022.01.06-16.49.46:879][723]LogModuleManager: Shutting down and abandoning module GameplayMediaEncoder (91)
[2022.01.06-16.49.46:879][723]LogModuleManager: Shutting down and abandoning module SteamVRInputDevice (88)
[2022.01.06-16.49.46:879][723]LogModuleManager: Shutting down and abandoning module SteamVRInput (86)
[2022.01.06-16.49.46:879][723]LogModuleManager: Shutting down and abandoning module SteamVR (84)
[2022.01.06-16.49.46:879][723]LogHMD: Freeing OpenVRDLLHandle.
[2022.01.06-16.49.46:879][723]LogModuleManager: Shutting down and abandoning module OculusHMD (82)
[2022.01.06-16.49.46:879][723]LogModuleManager: Shutting down and abandoning module ExampleDeviceProfileSelector (80)
[2022.01.06-16.49.46:879][723]LogModuleManager: Shutting down and abandoning module LauncherChunkInstaller (78)
[2022.01.06-16.49.46:879][723]LogModuleManager: Shutting down and abandoning module OnlineBlueprintSupport (76)
[2022.01.06-16.49.46:879][723]LogModuleManager: Shutting down and abandoning module OnlineSubsystem (72)
[2022.01.06-16.49.46:880][723]LogModuleManager: Shutting down and abandoning module XMPP (67)
[2022.01.06-16.49.46:880][723]LogModuleManager: Shutting down and abandoning module WebSockets (66)
[2022.01.06-16.49.46:914][723]LogModuleManager: Shutting down and abandoning module HTTP (63)
[2022.01.06-16.49.46:915][723]LogHttp: Display: Http module shutting down, but needs to wait on 1 outstanding Http requests:
[2022.01.06-16.49.46:915][723]LogHttp: Display: 	verb=[POST] url=[https://datarouter.ol.epicgames.com/datarouter/api/v1/public/data?SessionID=%7B55C5530F-47E4-E1DF-7128-1CAC6FAF79AB%7D&AppID=UEEditor.Rocket.Release&AppVersion=4.24.3-11590370%2B%2B%2BUE4%2BRelease-4.24&UserID=2f6a99fd4a07abee2ba08d9fb2e0b561%7C6ae57b69c04a473badc24f252e5b8c5c%7Ce548a840-8c31-4429-97fe-76846036c27e&AppEnvironment=datacollector-binary&UploadType=eteventstream] refs=[1] status=Processing
[2022.01.06-16.49.46:919][723]LogModuleManager: Shutting down and abandoning module SSL (62)
[2022.01.06-16.49.46:922][723]LogModuleManager: Shutting down and abandoning module WmfMedia (58)
[2022.01.06-16.49.46:924][723]LogModuleManager: Shutting down and abandoning module Media (57)
[2022.01.06-16.49.46:926][723]LogModuleManager: Shutting down and abandoning module MagicLeap (54)
[2022.01.06-16.49.46:926][723]LogModuleManager: Shutting down and abandoning module VariantManagerContent (52)
[2022.01.06-16.49.46:926][723]LogModuleManager: Shutting down and abandoning module DatasmithContent (50)
[2022.01.06-16.49.46:926][723]LogModuleManager: Shutting down and abandoning module AISupportModule (48)
[2022.01.06-16.49.46:926][723]LogModuleManager: Shutting down and abandoning module DesktopPlatform (46)
[2022.01.06-16.49.46:926][723]LogModuleManager: Shutting down and abandoning module PlatformCryptoOpenSSL (44)
[2022.01.06-16.49.46:926][723]LogModuleManager: Shutting down and abandoning module PlatformCryptoTypes (42)
[2022.01.06-16.49.46:926][723]LogModuleManager: Shutting down and abandoning module PlatformCrypto (40)
[2022.01.06-16.49.46:926][723]LogModuleManager: Shutting down and abandoning module AnimationModifiers (38)
[2022.01.06-16.49.46:926][723]LogModuleManager: Shutting down and abandoning module PropertyEditor (37)
[2022.01.06-16.49.46:926][723]LogModuleManager: Shutting down and abandoning module AudioEditor (34)
[2022.01.06-16.49.46:927][723]LogModuleManager: Shutting down and abandoning module TextureCompressor (32)
[2022.01.06-16.49.46:927][723]LogModuleManager: Shutting down and abandoning module RenderCore (30)
[2022.01.06-16.49.46:927][723]LogModuleManager: Shutting down and abandoning module Landscape (28)
[2022.01.06-16.49.46:927][723]LogModuleManager: Shutting down and abandoning module SlateRHIRenderer (26)
[2022.01.06-16.49.46:929][723]LogModuleManager: Shutting down and abandoning module OpenGLDrv (24)
[2022.01.06-16.49.46:929][723]LogModuleManager: Shutting down and abandoning module D3D11RHI (22)
[2022.01.06-16.49.46:929][723]LogModuleManager: Shutting down and abandoning module AnimGraphRuntime (20)
[2022.01.06-16.49.46:929][723]LogModuleManager: Shutting down and abandoning module Renderer (18)
[2022.01.06-16.49.46:929][723]LogModuleManager: Shutting down and abandoning module Engine (16)
[2022.01.06-16.49.46:929][723]LogModuleManager: Shutting down and abandoning module CoreUObject (14)
[2022.01.06-16.49.46:929][723]LogModuleManager: Shutting down and abandoning module NetworkFile (12)
[2022.01.06-16.49.46:929][723]LogModuleManager: Shutting down and abandoning module CookedIterativeFile (10)
[2022.01.06-16.49.46:929][723]LogModuleManager: Shutting down and abandoning module StreamingFile (8)
[2022.01.06-16.49.46:929][723]LogModuleManager: Shutting down and abandoning module SandboxFile (6)
[2022.01.06-16.49.46:929][723]LogModuleManager: Shutting down and abandoning module PakFile (4)
[2022.01.06-16.49.46:929][723]LogModuleManager: Shutting down and abandoning module RSA (3)
[2022.01.06-16.49.46:930][723]LogD3D11RHI: Shutdown
[2022.01.06-16.49.46:930][723]LogD3D11RHI: CleanupD3DDevice
[2022.01.06-16.49.46:944][723]LogExit: Exiting.
[2022.01.06-16.49.46:947][723]Log file closed, 01/06/22 17:49:46
