Log file open, 01/03/22 16:44:48
LogWindows: Failed to load 'aqProf.dll' (GetLastError=126)
LogWindows: File 'aqProf.dll' does not exist
LogWindows: Failed to load 'VtuneApi.dll' (GetLastError=126)
LogWindows: File 'VtuneApi.dll' does not exist
LogWindows: Failed to load 'VtuneApi32e.dll' (GetLastError=126)
LogWindows: File 'VtuneApi32e.dll' does not exist
LogConsoleResponse: Display: Failed to find resolution value strings in scalability ini. Falling back to default.
LogInit: Display: Running engine for game: Asistivna
LogPlatformFile: Not using cached read wrapper
LogTaskGraph: Started task graph with 5 named threads and 23 total threads with 3 sets of task threads.
LogStats: Stats thread started at 0.469276
LogD3D11RHI: Loaded GFSDK_Aftermath_Lib.x64.dll
LogICUInternationalization: ICU TimeZone Detection - Raw Offset: +1:00, Platform Override: ''
LogPluginManager: Mounting plugin Paper2D
LogPluginManager: Mounting plugin AISupport
LogPluginManager: Mounting plugin LightPropagationVolume
LogPluginManager: Mounting plugin ActorLayerUtilities
LogPluginManager: Mounting plugin AnimationSharing
LogPluginManager: Mounting plugin CLionSourceCodeAccess
LogPluginManager: Mounting plugin CodeLiteSourceCodeAccess
LogPluginManager: Mounting plugin GitSourceControl
LogPluginManager: Mounting plugin KDevelopSourceCodeAccess
LogPluginManager: Mounting plugin NullSourceCodeAccess
LogPluginManager: Mounting plugin PerforceSourceControl
LogPluginManager: Mounting plugin PlasticSourceControl
LogPluginManager: Mounting plugin SubversionSourceControl
LogPluginManager: Mounting plugin UObjectPlugin
LogPluginManager: Mounting plugin VisualStudioCodeSourceCodeAccess
LogPluginManager: Mounting plugin VisualStudioSourceCodeAccess
LogPluginManager: Mounting plugin XCodeSourceCodeAccess
LogPluginManager: Mounting plugin AssetManagerEditor
LogPluginManager: Mounting plugin CryptoKeys
LogPluginManager: Mounting plugin CurveEditorTools
LogPluginManager: Mounting plugin DataValidation
LogPluginManager: Mounting plugin FacialAnimation
LogPluginManager: Mounting plugin GameplayTagsEditor
LogPluginManager: Mounting plugin MacGraphicsSwitching
LogPluginManager: Mounting plugin MaterialAnalyzer
LogPluginManager: Mounting plugin MobileLauncherProfileWizard
LogPluginManager: Mounting plugin PluginBrowser
LogPluginManager: Mounting plugin SpeedTreeImporter
LogPluginManager: Mounting plugin DatasmithContent
LogPluginManager: Mounting plugin VariantManagerContent
LogPluginManager: Mounting plugin AlembicImporter
LogPluginManager: Mounting plugin AutomationUtils
LogPluginManager: Mounting plugin BackChannel
LogPluginManager: Mounting plugin CharacterAI
LogPluginManager: Mounting plugin GeometryCache
LogPluginManager: Mounting plugin PlatformCrypto
LogPluginManager: Mounting plugin ProxyLODPlugin
LogPluginManager: Mounting plugin SkeletalReduction
LogPluginManager: Mounting plugin MagicLeap
LogPluginManager: Mounting plugin MagicLeapMedia
LogPluginManager: Mounting plugin MLSDK
LogPluginManager: Mounting plugin AndroidMedia
LogPluginManager: Mounting plugin AvfMedia
LogPluginManager: Mounting plugin ImgMedia
LogPluginManager: Mounting plugin MediaCompositing
LogPluginManager: Mounting plugin MediaPlayerEditor
LogPluginManager: Mounting plugin WebMMedia
LogPluginManager: Mounting plugin WmfMedia
LogPluginManager: Mounting plugin TcpMessaging
LogPluginManager: Mounting plugin UdpMessaging
LogPluginManager: Mounting plugin ActorSequence
LogPluginManager: Mounting plugin LevelSequenceEditor
LogPluginManager: Mounting plugin MatineeToLevelSequence
LogPluginManager: Mounting plugin NetcodeUnitTest
LogPluginManager: Mounting plugin NUTUnrealEngine4
LogPluginManager: Mounting plugin OnlineSubsystemGooglePlay
LogPluginManager: Mounting plugin OnlineSubsystemIOS
LogPluginManager: Mounting plugin OnlineSubsystem
LogPluginManager: Mounting plugin OnlineSubsystemNull
LogPluginManager: Mounting plugin OnlineSubsystemUtils
LogPluginManager: Mounting plugin LauncherChunkInstaller
LogPluginManager: Mounting plugin AndroidDeviceProfileSelector
LogPluginManager: Mounting plugin AndroidMoviePlayer
LogPluginManager: Mounting plugin AndroidPermission
LogPluginManager: Mounting plugin AppleImageUtils
LogPluginManager: Mounting plugin AppleMoviePlayer
LogPluginManager: Mounting plugin ArchVisCharacter
LogPluginManager: Mounting plugin AssetTags
LogPluginManager: Mounting plugin AudioCapture
LogPluginManager: Mounting plugin CableComponent
LogPluginManager: Mounting plugin CustomMeshComponent
LogPluginManager: Mounting plugin EditableMesh
LogPluginManager: Mounting plugin ExampleDeviceProfileSelector
LogPluginManager: Mounting plugin GoogleCloudMessaging
LogPluginManager: Mounting plugin IOSDeviceProfileSelector
LogPluginManager: Mounting plugin LinuxDeviceProfileSelector
LogPluginManager: Mounting plugin LocationServicesBPLibrary
LogPluginManager: Mounting plugin MobilePatchingUtils
LogPluginManager: Mounting plugin OculusVR
LogPluginManager: Mounting plugin PhysXVehicles
LogPluginManager: Mounting plugin PostSplashScreen
LogPluginManager: Mounting plugin ProceduralMeshComponent
LogPluginManager: Mounting plugin RuntimePhysXCooking
LogPluginManager: Mounting plugin SignificanceManager
LogPluginManager: Mounting plugin SteamVR
LogPluginManager: Mounting plugin WebMMoviePlayer
LogPluginManager: Mounting plugin WindowsMoviePlayer
LogPluginManager: Mounting plugin ScreenshotTools
LogInit: Using libcurl 7.55.1-DEV
LogInit:  - built for x86_64-pc-win32
LogInit:  - supports SSL with OpenSSL/1.1.1
LogInit:  - supports HTTP deflate (compression) using libz 1.2.8
LogInit:  - other features:
LogInit:      CURL_VERSION_SSL
LogInit:      CURL_VERSION_LIBZ
LogInit:      CURL_VERSION_IPV6
LogInit:      CURL_VERSION_ASYNCHDNS
LogInit:      CURL_VERSION_LARGEFILE
LogInit:      CURL_VERSION_IDN
LogInit:  CurlRequestOptions (configurable via config and command line):
LogInit:  - bVerifyPeer = true  - Libcurl will verify peer certificate
LogInit:  - bUseHttpProxy = false  - Libcurl will NOT use HTTP proxy
LogInit:  - bDontReuseConnections = false  - Libcurl will reuse connections
LogInit:  - MaxHostConnections = 16  - Libcurl will limit the number of connections to a host
LogInit:  - LocalHostAddr = Default
LogInit:  - BufferSize = 65536
LogOnline: OSS: Creating online subsystem instance for: NULL
LogInit: WinSock: version 1.1 (2.2), MaxSocks=32767, MaxUdp=65467
LogOnline: OSS: TryLoadSubsystemAndSetDefault: Loaded subsystem for module [NULL]
LogInit: Build: ++UE4+Release-4.24-CL-11590370
LogInit: Engine Version: 4.24.3-11590370+++UE4+Release-4.24
LogInit: Compatible Engine Version: 4.24.0-10570792+++UE4+Release-4.24
LogInit: Net CL: 10570792
LogInit: OS: Windows 10 (Release 2009) (), CPU: Intel(R) Core(TM) i7-6700HQ CPU @ 2.60GHz, GPU: Intel(R) HD Graphics 530
LogInit: Compiled (64-bit): Feb 24 2020 15:39:18
LogInit: Compiled with Visual C++: 19.16.27032.01
LogInit: Build Configuration: Development
LogInit: Branch Name: ++UE4+Release-4.24
LogInit: Command Line:  /Game/RollingCPP/Maps/MainMenuMap -game -PIEVIACONSOLE -ResX=1280 -ResY=720 -Multiprocess -messaging -SessionName="Play in Standalone Game" -windowed
LogInit: Base Directory: D:/Games/EpicGames/Games/Anno/UE_4.24/Engine/Binaries/Win64/
LogInit: Installed Engine Build: 1
LogDevObjectVersion: Number of dev versions registered: 25
LogDevObjectVersion:   Dev-Blueprints (B0D832E4-1F89-4F0D-ACCF-7EB736FD4AA2): 10
LogDevObjectVersion:   Dev-Build (E1C64328-A22C-4D53-A36C-8E866417BD8C): 0
LogDevObjectVersion:   Dev-Core (375EC13C-06E4-48FB-B500-84F0262A717E): 3
LogDevObjectVersion:   Dev-Editor (E4B068ED-F494-42E9-A231-DA0B2E46BB41): 37
LogDevObjectVersion:   Dev-Framework (CFFC743F-43B0-4480-9391-14DF171D2073): 36
LogDevObjectVersion:   Dev-Mobile (B02B49B5-BB20-44E9-A304-32B752E40360): 2
LogDevObjectVersion:   Dev-Networking (A4E4105C-59A1-49B5-A7C5-40C4547EDFEE): 0
LogDevObjectVersion:   Dev-Online (39C831C9-5AE6-47DC-9A44-9C173E1C8E7C): 0
LogDevObjectVersion:   Dev-Physics (78F01B33-EBEA-4F98-B9B4-84EACCB95AA2): 2
LogDevObjectVersion:   Dev-Platform (6631380F-2D4D-43E0-8009-CF276956A95A): 0
LogDevObjectVersion:   Dev-Rendering (12F88B9F-8875-4AFC-A67C-D90C383ABD29): 36
LogDevObjectVersion:   Dev-Sequencer (7B5AE74C-D270-4C10-A958-57980B212A5A): 11
LogDevObjectVersion:   Dev-VR (D7296918-1DD6-4BDD-9DE2-64A83CC13884): 2
LogDevObjectVersion:   Dev-LoadTimes (C2A15278-BFE7-4AFE-6C17-90FF531DF755): 1
LogDevObjectVersion:   Private-Geometry (6EACA3D4-40EC-4CC1-B786-8BED09428FC5): 3
LogDevObjectVersion:   Dev-AnimPhys (29E575DD-E0A3-4627-9D10-D276232CDCEA): 17
LogDevObjectVersion:   Dev-Anim (AF43A65D-7FD3-4947-9873-3E8ED9C1BB05): 2
LogDevObjectVersion:   Dev-ReflectionCapture (6B266CEC-1EC7-4B8F-A30B-E4D90942FC07): 1
LogDevObjectVersion:   Dev-Automation (0DF73D61-A23F-47EA-B727-89E90C41499A): 1
LogDevObjectVersion:   FortniteMain (601D1886-AC64-4F84-AA16-D3DE0DEAC7D6): 31
LogDevObjectVersion:   Dev-Enterprise (9DFFBCD6-494F-0158-E221-12823C92A888): 8
LogDevObjectVersion:   Dev-Niagara (F2AED0AC-9AFE-416F-8664-AA7FFA26D6FC): 1
LogDevObjectVersion:   Dev-Destruction (174F1F0B-B4C6-45A5-B13F-2EE8D0FB917D): 9
LogDevObjectVersion:   Dev-Physics-Ext (35F94A83-E258-406C-A318-09F59610247C): 8
LogDevObjectVersion:   Dev-CineCamera (B2E18506-4273-CFC2-A54E-F4BB758BBA07): 1
LogInit: Presizing for max 25165824 objects, including 0 objects not considered by GC, pre-allocating 0 bytes for permanent pool.
LogInit: Object subsystem initialized
LogConfig: Setting CVar [[con.DebugEarlyDefault:1]]
LogConfig: Setting CVar [[r.setres:1280x720]]
[2022.01.03-15.44.49:191][  0]LogConfig: Setting CVar [[con.DebugEarlyDefault:1]]
[2022.01.03-15.44.49:192][  0]LogConfig: Setting CVar [[r.setres:1280x720]]
[2022.01.03-15.44.49:192][  0]LogConfig: Applying CVar settings from Section [/Script/Engine.RendererSettings] File [D:/Programiranje/Faks/Asistivna/asistivna/Asistivna/Saved/Config/Windows/Engine.ini]
[2022.01.03-15.44.49:192][  0]LogConfig: Setting CVar [[r.GPUCrashDebugging:0]]
[2022.01.03-15.44.49:192][  0]LogConfig: Applying CVar settings from Section [/Script/Engine.RendererOverrideSettings] File [D:/Programiranje/Faks/Asistivna/asistivna/Asistivna/Saved/Config/Windows/Engine.ini]
[2022.01.03-15.44.49:192][  0]LogConfig: Applying CVar settings from Section [/Script/Engine.StreamingSettings] File [D:/Programiranje/Faks/Asistivna/asistivna/Asistivna/Saved/Config/Windows/Engine.ini]
[2022.01.03-15.44.49:192][  0]LogConfig: Setting CVar [[s.MinBulkDataSizeForAsyncLoading:131072]]
[2022.01.03-15.44.49:192][  0]LogConfig: Setting CVar [[s.AsyncLoadingThreadEnabled:0]]
[2022.01.03-15.44.49:192][  0]LogConfig: Setting CVar [[s.EventDrivenLoaderEnabled:1]]
[2022.01.03-15.44.49:192][  0]LogConfig: Setting CVar [[s.WarnIfTimeLimitExceeded:0]]
[2022.01.03-15.44.49:192][  0]LogConfig: Setting CVar [[s.TimeLimitExceededMultiplier:1.5]]
[2022.01.03-15.44.49:192][  0]LogConfig: Setting CVar [[s.TimeLimitExceededMinTime:0.005]]
[2022.01.03-15.44.49:193][  0]LogConfig: Setting CVar [[s.UseBackgroundLevelStreaming:1]]
[2022.01.03-15.44.49:193][  0]LogConfig: Setting CVar [[s.PriorityAsyncLoadingExtraTime:15.0]]
[2022.01.03-15.44.49:193][  0]LogConfig: Setting CVar [[s.LevelStreamingActorsUpdateTimeLimit:5.0]]
[2022.01.03-15.44.49:193][  0]LogConfig: Setting CVar [[s.PriorityLevelStreamingActorsUpdateExtraTime:5.0]]
[2022.01.03-15.44.49:193][  0]LogConfig: Setting CVar [[s.LevelStreamingComponentsRegistrationGranularity:10]]
[2022.01.03-15.44.49:193][  0]LogConfig: Setting CVar [[s.UnregisterComponentsTimeLimit:1.0]]
[2022.01.03-15.44.49:193][  0]LogConfig: Setting CVar [[s.LevelStreamingComponentsUnregistrationGranularity:5]]
[2022.01.03-15.44.49:193][  0]LogConfig: Setting CVar [[s.FlushStreamingOnExit:1]]
[2022.01.03-15.44.49:193][  0]LogConfig: Applying CVar settings from Section [/Script/Engine.GarbageCollectionSettings] File [D:/Programiranje/Faks/Asistivna/asistivna/Asistivna/Saved/Config/Windows/Engine.ini]
[2022.01.03-15.44.49:193][  0]LogConfig: Setting CVar [[gc.MaxObjectsNotConsideredByGC:1]]
[2022.01.03-15.44.49:193][  0]LogConfig: Setting CVar [[gc.SizeOfPermanentObjectPool:0]]
[2022.01.03-15.44.49:193][  0]LogConfig: Setting CVar [[gc.FlushStreamingOnGC:0]]
[2022.01.03-15.44.49:193][  0]LogConfig: Setting CVar [[gc.NumRetriesBeforeForcingGC:10]]
[2022.01.03-15.44.49:193][  0]LogConfig: Setting CVar [[gc.AllowParallelGC:1]]
[2022.01.03-15.44.49:193][  0]LogConfig: Setting CVar [[gc.TimeBetweenPurgingPendingKillObjects:61.1]]
[2022.01.03-15.44.49:193][  0]LogConfig: Setting CVar [[gc.MaxObjectsInEditor:25165824]]
[2022.01.03-15.44.49:193][  0]LogConfig: Setting CVar [[gc.IncrementalBeginDestroyEnabled:1]]
[2022.01.03-15.44.49:193][  0]LogConfig: Setting CVar [[gc.CreateGCClusters:1]]
[2022.01.03-15.44.49:193][  0]LogConfig: Setting CVar [[gc.MinGCClusterSize:5]]
[2022.01.03-15.44.49:193][  0]LogConfig: Setting CVar [[gc.ActorClusteringEnabled:0]]
[2022.01.03-15.44.49:193][  0]LogConfig: Setting CVar [[gc.BlueprintClusteringEnabled:0]]
[2022.01.03-15.44.49:193][  0]LogConfig: Setting CVar [[gc.UseDisregardForGCOnDedicatedServers:0]]
[2022.01.03-15.44.49:194][  0]LogConfig: Applying CVar settings from Section [/Script/Engine.NetworkSettings] File [D:/Programiranje/Faks/Asistivna/asistivna/Asistivna/Saved/Config/Windows/Engine.ini]
[2022.01.03-15.44.49:194][  0]LogConfig: Applying CVar settings from Section [/Script/UnrealEd.CookerSettings] File [D:/Programiranje/Faks/Asistivna/asistivna/Asistivna/Saved/Config/Windows/Engine.ini]
[2022.01.03-15.44.49:220][  0]LogConfig: Applying CVar settings from Section [ViewDistanceQuality@3] File [D:/Programiranje/Faks/Asistivna/asistivna/Asistivna/Saved/Config/Windows/Scalability.ini]
[2022.01.03-15.44.49:220][  0]LogConfig: Setting CVar [[r.SkeletalMeshLODBias:0]]
[2022.01.03-15.44.49:221][  0]LogConfig: Setting CVar [[r.ViewDistanceScale:1.0]]
[2022.01.03-15.44.49:221][  0]LogConfig: Applying CVar settings from Section [AntiAliasingQuality@3] File [D:/Programiranje/Faks/Asistivna/asistivna/Asistivna/Saved/Config/Windows/Scalability.ini]
[2022.01.03-15.44.49:221][  0]LogConfig: Setting CVar [[r.PostProcessAAQuality:4]]
[2022.01.03-15.44.49:221][  0]LogConfig: Applying CVar settings from Section [ShadowQuality@3] File [D:/Programiranje/Faks/Asistivna/asistivna/Asistivna/Saved/Config/Windows/Scalability.ini]
[2022.01.03-15.44.49:221][  0]LogConfig: Setting CVar [[r.LightFunctionQuality:1]]
[2022.01.03-15.44.49:221][  0]LogConfig: Setting CVar [[r.ShadowQuality:5]]
[2022.01.03-15.44.49:221][  0]LogConfig: Setting CVar [[r.Shadow.CSM.MaxCascades:10]]
[2022.01.03-15.44.49:221][  0]LogConfig: Setting CVar [[r.Shadow.MaxResolution:2048]]
[2022.01.03-15.44.49:221][  0]LogConfig: Setting CVar [[r.Shadow.MaxCSMResolution:2048]]
[2022.01.03-15.44.49:221][  0]LogConfig: Setting CVar [[r.Shadow.RadiusThreshold:0.01]]
[2022.01.03-15.44.49:221][  0]LogConfig: Setting CVar [[r.Shadow.DistanceScale:1.0]]
[2022.01.03-15.44.49:221][  0]LogConfig: Setting CVar [[r.Shadow.CSM.TransitionScale:1.0]]
[2022.01.03-15.44.49:221][  0]LogConfig: Setting CVar [[r.Shadow.PreShadowResolutionFactor:1.0]]
[2022.01.03-15.44.49:221][  0]LogConfig: Setting CVar [[r.DistanceFieldShadowing:1]]
[2022.01.03-15.44.49:222][  0]LogConfig: Setting CVar [[r.DistanceFieldAO:1]]
[2022.01.03-15.44.49:222][  0]LogConfig: Setting CVar [[r.AOQuality:2]]
[2022.01.03-15.44.49:222][  0]LogConfig: Setting CVar [[r.VolumetricFog:1]]
[2022.01.03-15.44.49:222][  0]LogConfig: Setting CVar [[r.VolumetricFog.GridPixelSize:8]]
[2022.01.03-15.44.49:222][  0]LogConfig: Setting CVar [[r.VolumetricFog.GridSizeZ:128]]
[2022.01.03-15.44.49:222][  0]LogConfig: Setting CVar [[r.VolumetricFog.HistoryMissSupersampleCount:4]]
[2022.01.03-15.44.49:223][  0]LogConfig: Setting CVar [[r.LightMaxDrawDistanceScale:1]]
[2022.01.03-15.44.49:224][  0]LogConfig: Setting CVar [[r.CapsuleShadows:1]]
[2022.01.03-15.44.49:224][  0]LogConfig: Applying CVar settings from Section [PostProcessQuality@3] File [D:/Programiranje/Faks/Asistivna/asistivna/Asistivna/Saved/Config/Windows/Scalability.ini]
[2022.01.03-15.44.49:224][  0]LogConfig: Setting CVar [[r.MotionBlurQuality:4]]
[2022.01.03-15.44.49:224][  0]LogConfig: Setting CVar [[r.AmbientOcclusionMipLevelFactor:0.4]]
[2022.01.03-15.44.49:224][  0]LogConfig: Setting CVar [[r.AmbientOcclusionMaxQuality:100]]
[2022.01.03-15.44.49:224][  0]LogConfig: Setting CVar [[r.AmbientOcclusionLevels:-1]]
[2022.01.03-15.44.49:225][  0]LogConfig: Setting CVar [[r.AmbientOcclusionRadiusScale:1.0]]
[2022.01.03-15.44.49:225][  0]LogConfig: Setting CVar [[r.DepthOfFieldQuality:2]]
[2022.01.03-15.44.49:226][  0]LogConfig: Setting CVar [[r.RenderTargetPoolMin:400]]
[2022.01.03-15.44.49:226][  0]LogConfig: Setting CVar [[r.LensFlareQuality:2]]
[2022.01.03-15.44.49:226][  0]LogConfig: Setting CVar [[r.SceneColorFringeQuality:1]]
[2022.01.03-15.44.49:226][  0]LogConfig: Setting CVar [[r.EyeAdaptationQuality:2]]
[2022.01.03-15.44.49:226][  0]LogConfig: Setting CVar [[r.BloomQuality:5]]
[2022.01.03-15.44.49:226][  0]LogConfig: Setting CVar [[r.FastBlurThreshold:100]]
[2022.01.03-15.44.49:226][  0]LogConfig: Setting CVar [[r.Upscale.Quality:3]]
[2022.01.03-15.44.49:226][  0]LogConfig: Setting CVar [[r.Tonemapper.GrainQuantization:1]]
[2022.01.03-15.44.49:226][  0]LogConfig: Setting CVar [[r.LightShaftQuality:1]]
[2022.01.03-15.44.49:226][  0]LogConfig: Setting CVar [[r.Filter.SizeScale:1]]
[2022.01.03-15.44.49:226][  0]LogConfig: Setting CVar [[r.Tonemapper.Quality:5]]
[2022.01.03-15.44.49:226][  0]LogConfig: Setting CVar [[r.DOF.Gather.AccumulatorQuality:1        ; higher gathering accumulator quality]]
[2022.01.03-15.44.49:226][  0]LogConfig: Setting CVar [[r.DOF.Gather.PostfilterMethod:1          ; Median3x3 postfilering method]]
[2022.01.03-15.44.49:227][  0]LogConfig: Setting CVar [[r.DOF.Gather.EnableBokehSettings:0       ; no bokeh simulation when gathering]]
[2022.01.03-15.44.49:227][  0]LogConfig: Setting CVar [[r.DOF.Gather.RingCount:4                 ; medium number of samples when gathering]]
[2022.01.03-15.44.49:227][  0]LogConfig: Setting CVar [[r.DOF.Scatter.ForegroundCompositing:1    ; additive foreground scattering]]
[2022.01.03-15.44.49:227][  0]LogConfig: Setting CVar [[r.DOF.Scatter.BackgroundCompositing:2    ; additive background scattering]]
[2022.01.03-15.44.49:227][  0]LogConfig: Setting CVar [[r.DOF.Scatter.EnableBokehSettings:1      ; bokeh simulation when scattering]]
[2022.01.03-15.44.49:227][  0]LogConfig: Setting CVar [[r.DOF.Scatter.MaxSpriteRatio:0.1         ; only a maximum of 10% of scattered bokeh]]
[2022.01.03-15.44.49:227][  0]LogConfig: Setting CVar [[r.DOF.Recombine.Quality:1                ; cheap slight out of focus]]
[2022.01.03-15.44.49:227][  0]LogConfig: Setting CVar [[r.DOF.Recombine.EnableBokehSettings:0    ; no bokeh simulation on slight out of focus]]
[2022.01.03-15.44.49:227][  0]LogConfig: Setting CVar [[r.DOF.TemporalAAQuality:1                ; more stable temporal accumulation]]
[2022.01.03-15.44.49:227][  0]LogConfig: Setting CVar [[r.DOF.Kernel.MaxForegroundRadius:0.025]]
[2022.01.03-15.44.49:227][  0]LogConfig: Setting CVar [[r.DOF.Kernel.MaxBackgroundRadius:0.025]]
[2022.01.03-15.44.49:227][  0]LogConfig: Applying CVar settings from Section [TextureQuality@3] File [D:/Programiranje/Faks/Asistivna/asistivna/Asistivna/Saved/Config/Windows/Scalability.ini]
[2022.01.03-15.44.49:228][  0]LogConfig: Setting CVar [[r.Streaming.MipBias:0]]
[2022.01.03-15.44.49:228][  0]LogConfig: Setting CVar [[r.Streaming.AmortizeCPUToGPUCopy:0]]
[2022.01.03-15.44.49:228][  0]LogConfig: Setting CVar [[r.Streaming.MaxNumTexturesToStreamPerFrame:0]]
[2022.01.03-15.44.49:228][  0]LogConfig: Setting CVar [[r.Streaming.Boost:1]]
[2022.01.03-15.44.49:228][  0]LogConfig: Setting CVar [[r.MaxAnisotropy:8]]
[2022.01.03-15.44.49:228][  0]LogConfig: Setting CVar [[r.VT.MaxAnisotropy:8]]
[2022.01.03-15.44.49:228][  0]LogConfig: Setting CVar [[r.Streaming.LimitPoolSizeToVRAM:0]]
[2022.01.03-15.44.49:228][  0]LogConfig: Setting CVar [[r.Streaming.PoolSize:1000]]
[2022.01.03-15.44.49:228][  0]LogConfig: Setting CVar [[r.Streaming.MaxEffectiveScreenSize:0]]
[2022.01.03-15.44.49:229][  0]LogConfig: Applying CVar settings from Section [EffectsQuality@3] File [D:/Programiranje/Faks/Asistivna/asistivna/Asistivna/Saved/Config/Windows/Scalability.ini]
[2022.01.03-15.44.49:229][  0]LogConfig: Setting CVar [[r.TranslucencyLightingVolumeDim:64]]
[2022.01.03-15.44.49:229][  0]LogConfig: Setting CVar [[r.RefractionQuality:2]]
[2022.01.03-15.44.49:229][  0]LogConfig: Setting CVar [[r.SSR.Quality:3]]
[2022.01.03-15.44.49:229][  0]LogConfig: Setting CVar [[r.SSR.HalfResSceneColor:0]]
[2022.01.03-15.44.49:229][  0]LogConfig: Setting CVar [[r.SceneColorFormat:4]]
[2022.01.03-15.44.49:229][  0]LogConfig: Setting CVar [[r.DetailMode:2]]
[2022.01.03-15.44.49:229][  0]LogConfig: Setting CVar [[r.TranslucencyVolumeBlur:1]]
[2022.01.03-15.44.49:229][  0]LogConfig: Setting CVar [[r.MaterialQualityLevel:1 ; High quality]]
[2022.01.03-15.44.49:229][  0]LogConfig: Setting CVar [[r.SSS.Scale:1]]
[2022.01.03-15.44.49:229][  0]LogConfig: Setting CVar [[r.SSS.SampleSet:2]]
[2022.01.03-15.44.49:229][  0]LogConfig: Setting CVar [[r.SSS.Quality:1]]
[2022.01.03-15.44.49:229][  0]LogConfig: Setting CVar [[r.SSS.HalfRes:1]]
[2022.01.03-15.44.49:229][  0]LogConfig: Setting CVar [[r.SSGI.Quality:3]]
[2022.01.03-15.44.49:229][  0]LogConfig: Setting CVar [[r.EmitterSpawnRateScale:1.0]]
[2022.01.03-15.44.49:230][  0]LogConfig: Setting CVar [[r.ParticleLightQuality:2]]
[2022.01.03-15.44.49:230][  0]LogConfig: Setting CVar [[r.SkyAtmosphere.AerialPerspectiveLUT.FastApplyOnOpaque:1 ; Always have FastSkyLUT 1 in this case to avoid wrong sky]]
[2022.01.03-15.44.49:230][  0]LogConfig: Setting CVar [[r.SkyAtmosphere.AerialPerspectiveLUT.SampleCountPerSlice:1]]
[2022.01.03-15.44.49:230][  0]LogConfig: Setting CVar [[r.SkyAtmosphere.AerialPerspectiveLUT.DepthResolution:16.0]]
[2022.01.03-15.44.49:230][  0]LogConfig: Setting CVar [[r.SkyAtmosphere.FastSkyLUT:1]]
[2022.01.03-15.44.49:230][  0]LogConfig: Setting CVar [[r.SkyAtmosphere.FastSkyLUT.SampleCountMin:4.0]]
[2022.01.03-15.44.49:230][  0]LogConfig: Setting CVar [[r.SkyAtmosphere.FastSkyLUT.SampleCountMax:32.0]]
[2022.01.03-15.44.49:230][  0]LogConfig: Setting CVar [[r.SkyAtmosphere.SampleCountMin:4.0]]
[2022.01.03-15.44.49:230][  0]LogConfig: Setting CVar [[r.SkyAtmosphere.SampleCountMax:32.0]]
[2022.01.03-15.44.49:230][  0]LogConfig: Setting CVar [[r.SkyAtmosphere.TransmittanceLUT.UseSmallFormat:0]]
[2022.01.03-15.44.49:230][  0]LogConfig: Setting CVar [[r.SkyAtmosphere.TransmittanceLUT.SampleCount:10.0]]
[2022.01.03-15.44.49:230][  0]LogConfig: Setting CVar [[r.SkyAtmosphere.MultiScatteringLUT.SampleCount:15.0]]
[2022.01.03-15.44.49:230][  0]LogConfig: Applying CVar settings from Section [FoliageQuality@3] File [D:/Programiranje/Faks/Asistivna/asistivna/Asistivna/Saved/Config/Windows/Scalability.ini]
[2022.01.03-15.44.49:230][  0]LogConfig: Setting CVar [[foliage.DensityScale:1.0]]
[2022.01.03-15.44.49:230][  0]LogConfig: Setting CVar [[grass.DensityScale:1.0]]
[2022.01.03-15.44.49:230][  0]LogConfig: Applying CVar settings from Section [ShadingQuality@3] File [D:/Programiranje/Faks/Asistivna/asistivna/Asistivna/Saved/Config/Windows/Scalability.ini]
[2022.01.03-15.44.49:230][  0]LogConfig: Setting CVar [[r.HairStrands.SkyLighting.SampleCount:16]]
[2022.01.03-15.44.49:231][  0]LogConfig: Setting CVar [[r.HairStrands.SkyLighting.JitterIntegration:0]]
[2022.01.03-15.44.49:231][  0]LogConfig: Setting CVar [[r.HairStrands.SkyAO.SampleCount:16]]
[2022.01.03-15.44.49:231][  0]LogInit: Selected Device Profile: [Windows]
[2022.01.03-15.44.49:231][  0]LogInit: Applying CVar settings loaded from the selected device profile: [Windows]
[2022.01.03-15.44.49:239][  0]LogHAL: Display: Platform has ~ 16 GB [17073315840 / 17179869184 / 16], which maps to Larger [LargestMinGB=32, LargerMinGB=12, DefaultMinGB=8, SmallerMinGB=6, SmallestMinGB=0)
[2022.01.03-15.44.49:239][  0]LogInit: Going up to parent DeviceProfile []
[2022.01.03-15.44.49:240][  0]LogConfig: Applying CVar settings from Section [ViewDistanceQuality@3] File [D:/Programiranje/Faks/Asistivna/asistivna/Asistivna/Saved/Config/Windows/Scalability.ini]
[2022.01.03-15.44.49:240][  0]LogConfig: Setting CVar [[r.SkeletalMeshLODBias:0]]
[2022.01.03-15.44.49:240][  0]LogConfig: Setting CVar [[r.ViewDistanceScale:1.0]]
[2022.01.03-15.44.49:240][  0]LogConfig: Applying CVar settings from Section [AntiAliasingQuality@3] File [D:/Programiranje/Faks/Asistivna/asistivna/Asistivna/Saved/Config/Windows/Scalability.ini]
[2022.01.03-15.44.49:241][  0]LogConfig: Setting CVar [[r.PostProcessAAQuality:4]]
[2022.01.03-15.44.49:241][  0]LogConfig: Applying CVar settings from Section [ShadowQuality@3] File [D:/Programiranje/Faks/Asistivna/asistivna/Asistivna/Saved/Config/Windows/Scalability.ini]
[2022.01.03-15.44.49:241][  0]LogConfig: Setting CVar [[r.LightFunctionQuality:1]]
[2022.01.03-15.44.49:241][  0]LogConfig: Setting CVar [[r.ShadowQuality:5]]
[2022.01.03-15.44.49:241][  0]LogConfig: Setting CVar [[r.Shadow.CSM.MaxCascades:10]]
[2022.01.03-15.44.49:241][  0]LogConfig: Setting CVar [[r.Shadow.MaxResolution:2048]]
[2022.01.03-15.44.49:242][  0]LogConfig: Setting CVar [[r.Shadow.MaxCSMResolution:2048]]
[2022.01.03-15.44.49:242][  0]LogConfig: Setting CVar [[r.Shadow.RadiusThreshold:0.01]]
[2022.01.03-15.44.49:242][  0]LogConfig: Setting CVar [[r.Shadow.DistanceScale:1.0]]
[2022.01.03-15.44.49:243][  0]LogConfig: Setting CVar [[r.Shadow.CSM.TransitionScale:1.0]]
[2022.01.03-15.44.49:243][  0]LogConfig: Setting CVar [[r.Shadow.PreShadowResolutionFactor:1.0]]
[2022.01.03-15.44.49:243][  0]LogConfig: Setting CVar [[r.DistanceFieldShadowing:1]]
[2022.01.03-15.44.49:243][  0]LogConfig: Setting CVar [[r.DistanceFieldAO:1]]
[2022.01.03-15.44.49:243][  0]LogConfig: Setting CVar [[r.AOQuality:2]]
[2022.01.03-15.44.49:244][  0]LogConfig: Setting CVar [[r.VolumetricFog:1]]
[2022.01.03-15.44.49:244][  0]LogConfig: Setting CVar [[r.VolumetricFog.GridPixelSize:8]]
[2022.01.03-15.44.49:244][  0]LogConfig: Setting CVar [[r.VolumetricFog.GridSizeZ:128]]
[2022.01.03-15.44.49:244][  0]LogConfig: Setting CVar [[r.VolumetricFog.HistoryMissSupersampleCount:4]]
[2022.01.03-15.44.49:245][  0]LogConfig: Setting CVar [[r.LightMaxDrawDistanceScale:1]]
[2022.01.03-15.44.49:245][  0]LogConfig: Setting CVar [[r.CapsuleShadows:1]]
[2022.01.03-15.44.49:245][  0]LogConfig: Applying CVar settings from Section [PostProcessQuality@3] File [D:/Programiranje/Faks/Asistivna/asistivna/Asistivna/Saved/Config/Windows/Scalability.ini]
[2022.01.03-15.44.49:245][  0]LogConfig: Setting CVar [[r.MotionBlurQuality:4]]
[2022.01.03-15.44.49:245][  0]LogConfig: Setting CVar [[r.AmbientOcclusionMipLevelFactor:0.4]]
[2022.01.03-15.44.49:245][  0]LogConfig: Setting CVar [[r.AmbientOcclusionMaxQuality:100]]
[2022.01.03-15.44.49:245][  0]LogConfig: Setting CVar [[r.AmbientOcclusionLevels:-1]]
[2022.01.03-15.44.49:245][  0]LogConfig: Setting CVar [[r.AmbientOcclusionRadiusScale:1.0]]
[2022.01.03-15.44.49:245][  0]LogConfig: Setting CVar [[r.DepthOfFieldQuality:2]]
[2022.01.03-15.44.49:245][  0]LogConfig: Setting CVar [[r.RenderTargetPoolMin:400]]
[2022.01.03-15.44.49:245][  0]LogConfig: Setting CVar [[r.LensFlareQuality:2]]
[2022.01.03-15.44.49:245][  0]LogConfig: Setting CVar [[r.SceneColorFringeQuality:1]]
[2022.01.03-15.44.49:245][  0]LogConfig: Setting CVar [[r.EyeAdaptationQuality:2]]
[2022.01.03-15.44.49:245][  0]LogConfig: Setting CVar [[r.BloomQuality:5]]
[2022.01.03-15.44.49:246][  0]LogConfig: Setting CVar [[r.FastBlurThreshold:100]]
[2022.01.03-15.44.49:246][  0]LogConfig: Setting CVar [[r.Upscale.Quality:3]]
[2022.01.03-15.44.49:246][  0]LogConfig: Setting CVar [[r.Tonemapper.GrainQuantization:1]]
[2022.01.03-15.44.49:246][  0]LogConfig: Setting CVar [[r.LightShaftQuality:1]]
[2022.01.03-15.44.49:246][  0]LogConfig: Setting CVar [[r.Filter.SizeScale:1]]
[2022.01.03-15.44.49:246][  0]LogConfig: Setting CVar [[r.Tonemapper.Quality:5]]
[2022.01.03-15.44.49:246][  0]LogConfig: Setting CVar [[r.DOF.Gather.AccumulatorQuality:1        ; higher gathering accumulator quality]]
[2022.01.03-15.44.49:246][  0]LogConfig: Setting CVar [[r.DOF.Gather.PostfilterMethod:1          ; Median3x3 postfilering method]]
[2022.01.03-15.44.49:246][  0]LogConfig: Setting CVar [[r.DOF.Gather.EnableBokehSettings:0       ; no bokeh simulation when gathering]]
[2022.01.03-15.44.49:246][  0]LogConfig: Setting CVar [[r.DOF.Gather.RingCount:4                 ; medium number of samples when gathering]]
[2022.01.03-15.44.49:246][  0]LogConfig: Setting CVar [[r.DOF.Scatter.ForegroundCompositing:1    ; additive foreground scattering]]
[2022.01.03-15.44.49:247][  0]LogConfig: Setting CVar [[r.DOF.Scatter.BackgroundCompositing:2    ; additive background scattering]]
[2022.01.03-15.44.49:247][  0]LogConfig: Setting CVar [[r.DOF.Scatter.EnableBokehSettings:1      ; bokeh simulation when scattering]]
[2022.01.03-15.44.49:247][  0]LogConfig: Setting CVar [[r.DOF.Scatter.MaxSpriteRatio:0.1         ; only a maximum of 10% of scattered bokeh]]
[2022.01.03-15.44.49:247][  0]LogConfig: Setting CVar [[r.DOF.Recombine.Quality:1                ; cheap slight out of focus]]
[2022.01.03-15.44.49:247][  0]LogConfig: Setting CVar [[r.DOF.Recombine.EnableBokehSettings:0    ; no bokeh simulation on slight out of focus]]
[2022.01.03-15.44.49:247][  0]LogConfig: Setting CVar [[r.DOF.TemporalAAQuality:1                ; more stable temporal accumulation]]
[2022.01.03-15.44.49:247][  0]LogConfig: Setting CVar [[r.DOF.Kernel.MaxForegroundRadius:0.025]]
[2022.01.03-15.44.49:247][  0]LogConfig: Setting CVar [[r.DOF.Kernel.MaxBackgroundRadius:0.025]]
[2022.01.03-15.44.49:247][  0]LogConfig: Applying CVar settings from Section [TextureQuality@3] File [D:/Programiranje/Faks/Asistivna/asistivna/Asistivna/Saved/Config/Windows/Scalability.ini]
[2022.01.03-15.44.49:247][  0]LogConfig: Setting CVar [[r.Streaming.MipBias:0]]
[2022.01.03-15.44.49:247][  0]LogConfig: Setting CVar [[r.Streaming.AmortizeCPUToGPUCopy:0]]
[2022.01.03-15.44.49:248][  0]LogConfig: Setting CVar [[r.Streaming.MaxNumTexturesToStreamPerFrame:0]]
[2022.01.03-15.44.49:248][  0]LogConfig: Setting CVar [[r.Streaming.Boost:1]]
[2022.01.03-15.44.49:248][  0]LogConfig: Setting CVar [[r.MaxAnisotropy:8]]
[2022.01.03-15.44.49:248][  0]LogConfig: Setting CVar [[r.VT.MaxAnisotropy:8]]
[2022.01.03-15.44.49:248][  0]LogConfig: Setting CVar [[r.Streaming.LimitPoolSizeToVRAM:0]]
[2022.01.03-15.44.49:248][  0]LogConfig: Setting CVar [[r.Streaming.PoolSize:1000]]
[2022.01.03-15.44.49:248][  0]LogConfig: Setting CVar [[r.Streaming.MaxEffectiveScreenSize:0]]
[2022.01.03-15.44.49:248][  0]LogConfig: Applying CVar settings from Section [EffectsQuality@3] File [D:/Programiranje/Faks/Asistivna/asistivna/Asistivna/Saved/Config/Windows/Scalability.ini]
[2022.01.03-15.44.49:248][  0]LogConfig: Setting CVar [[r.TranslucencyLightingVolumeDim:64]]
[2022.01.03-15.44.49:248][  0]LogConfig: Setting CVar [[r.RefractionQuality:2]]
[2022.01.03-15.44.49:248][  0]LogConfig: Setting CVar [[r.SSR.Quality:3]]
[2022.01.03-15.44.49:248][  0]LogConfig: Setting CVar [[r.SSR.HalfResSceneColor:0]]
[2022.01.03-15.44.49:248][  0]LogConfig: Setting CVar [[r.SceneColorFormat:4]]
[2022.01.03-15.44.49:249][  0]LogConfig: Setting CVar [[r.DetailMode:2]]
[2022.01.03-15.44.49:249][  0]LogConfig: Setting CVar [[r.TranslucencyVolumeBlur:1]]
[2022.01.03-15.44.49:249][  0]LogConfig: Setting CVar [[r.MaterialQualityLevel:1 ; High quality]]
[2022.01.03-15.44.49:249][  0]LogConfig: Setting CVar [[r.SSS.Scale:1]]
[2022.01.03-15.44.49:249][  0]LogConfig: Setting CVar [[r.SSS.SampleSet:2]]
[2022.01.03-15.44.49:249][  0]LogConfig: Setting CVar [[r.SSS.Quality:1]]
[2022.01.03-15.44.49:249][  0]LogConfig: Setting CVar [[r.SSS.HalfRes:1]]
[2022.01.03-15.44.49:250][  0]LogConfig: Setting CVar [[r.SSGI.Quality:3]]
[2022.01.03-15.44.49:250][  0]LogConfig: Setting CVar [[r.EmitterSpawnRateScale:1.0]]
[2022.01.03-15.44.49:250][  0]LogConfig: Setting CVar [[r.ParticleLightQuality:2]]
[2022.01.03-15.44.49:250][  0]LogConfig: Setting CVar [[r.SkyAtmosphere.AerialPerspectiveLUT.FastApplyOnOpaque:1 ; Always have FastSkyLUT 1 in this case to avoid wrong sky]]
[2022.01.03-15.44.49:250][  0]LogConfig: Setting CVar [[r.SkyAtmosphere.AerialPerspectiveLUT.SampleCountPerSlice:1]]
[2022.01.03-15.44.49:250][  0]LogConfig: Setting CVar [[r.SkyAtmosphere.AerialPerspectiveLUT.DepthResolution:16.0]]
[2022.01.03-15.44.49:250][  0]LogConfig: Setting CVar [[r.SkyAtmosphere.FastSkyLUT:1]]
[2022.01.03-15.44.49:250][  0]LogConfig: Setting CVar [[r.SkyAtmosphere.FastSkyLUT.SampleCountMin:4.0]]
[2022.01.03-15.44.49:250][  0]LogConfig: Setting CVar [[r.SkyAtmosphere.FastSkyLUT.SampleCountMax:32.0]]
[2022.01.03-15.44.49:250][  0]LogConfig: Setting CVar [[r.SkyAtmosphere.SampleCountMin:4.0]]
[2022.01.03-15.44.49:250][  0]LogConfig: Setting CVar [[r.SkyAtmosphere.SampleCountMax:32.0]]
[2022.01.03-15.44.49:250][  0]LogConfig: Setting CVar [[r.SkyAtmosphere.TransmittanceLUT.UseSmallFormat:0]]
[2022.01.03-15.44.49:250][  0]LogConfig: Setting CVar [[r.SkyAtmosphere.TransmittanceLUT.SampleCount:10.0]]
[2022.01.03-15.44.49:250][  0]LogConfig: Setting CVar [[r.SkyAtmosphere.MultiScatteringLUT.SampleCount:15.0]]
[2022.01.03-15.44.49:251][  0]LogConfig: Applying CVar settings from Section [FoliageQuality@3] File [D:/Programiranje/Faks/Asistivna/asistivna/Asistivna/Saved/Config/Windows/Scalability.ini]
[2022.01.03-15.44.49:251][  0]LogConfig: Setting CVar [[foliage.DensityScale:1.0]]
[2022.01.03-15.44.49:251][  0]LogConfig: Setting CVar [[grass.DensityScale:1.0]]
[2022.01.03-15.44.49:251][  0]LogConfig: Applying CVar settings from Section [ShadingQuality@3] File [D:/Programiranje/Faks/Asistivna/asistivna/Asistivna/Saved/Config/Windows/Scalability.ini]
[2022.01.03-15.44.49:251][  0]LogConfig: Setting CVar [[r.HairStrands.SkyLighting.SampleCount:16]]
[2022.01.03-15.44.49:251][  0]LogConfig: Setting CVar [[r.HairStrands.SkyLighting.JitterIntegration:0]]
[2022.01.03-15.44.49:251][  0]LogConfig: Setting CVar [[r.HairStrands.SkyAO.SampleCount:16]]
[2022.01.03-15.44.49:251][  0]LogConfig: Applying CVar settings from Section [Startup] File [../../../Engine/Config/ConsoleVariables.ini]
[2022.01.03-15.44.49:253][  0]LogConfig: Setting CVar [[net.UseAdaptiveNetUpdateFrequency:0]]
[2022.01.03-15.44.49:253][  0]LogConfig: Setting CVar [[p.chaos.AllowCreatePhysxBodies:1]]
[2022.01.03-15.44.49:253][  0]LogConfig: Applying CVar settings from Section [ConsoleVariables] File [D:/Programiranje/Faks/Asistivna/asistivna/Asistivna/Saved/Config/Windows/Engine.ini]
[2022.01.03-15.44.49:253][  0]LogInit: Computer: DESKTOP-E12DJCI
[2022.01.03-15.44.49:254][  0]LogInit: User: Anton
[2022.01.03-15.44.49:254][  0]LogInit: CPU Page size=4096, Cores=4
[2022.01.03-15.44.49:254][  0]LogInit: High frequency timer resolution =10.000000 MHz
[2022.01.03-15.44.49:255][  0]LogMemory: Memory total: Physical=15.9GB (16GB approx)
[2022.01.03-15.44.49:255][  0]LogMemory: Platform Memory Stats for Windows
[2022.01.03-15.44.49:255][  0]LogMemory: Process Physical Memory: 106.76 MB used, 106.77 MB peak
[2022.01.03-15.44.49:256][  0]LogMemory: Process Virtual Memory: 100.65 MB used, 100.65 MB peak
[2022.01.03-15.44.49:256][  0]LogMemory: Physical Memory: 11369.45 MB used,  4912.94 MB free, 16282.38 MB total
[2022.01.03-15.44.49:256][  0]LogMemory: Virtual Memory: 5139.63 MB used,  134212592.00 MB free, 134217728.00 MB total
[2022.01.03-15.44.49:270][  0]LogWindows: WindowsPlatformFeatures enabled
[2022.01.03-15.44.49:466][  0]LogInit: Using OS detected language (en-US).
[2022.01.03-15.44.49:466][  0]LogInit: Using OS detected locale (hr-HR).
[2022.01.03-15.44.49:468][  0]LogTextLocalizationManager: No specific localization for 'en-US' exists, so the 'en' localization will be used.
[2022.01.03-15.44.49:470][  0]LogTextLocalizationManager: No localization for 'hr-HR' exists, so 'en' will be used for the locale.
[2022.01.03-15.44.50:462][  0]LogSlate: New Slate User Created.  User Index 0, Is Virtual User: 0
[2022.01.03-15.44.50:462][  0]LogSlate: Slate User Registered.  User Index 0, Is Virtual User: 0
[2022.01.03-15.44.50:619][  0]LogHMD: Failed to initialize OpenVR with code 110
[2022.01.03-15.44.50:619][  0]LogD3D11RHI: D3D11 min allowed feature level: 11_0
[2022.01.03-15.44.50:619][  0]LogD3D11RHI: D3D11 max allowed feature level: 11_0
[2022.01.03-15.44.50:619][  0]LogD3D11RHI: D3D11 adapters:
[2022.01.03-15.44.50:809][  0]LogD3D11RHI:    0. 'NVIDIA GeForce GTX 960M' (Feature Level 11_0)
[2022.01.03-15.44.50:809][  0]LogD3D11RHI:       4055/0/8141 MB DedicatedVideo/DedicatedSystem/SharedSystem, Outputs:2, VendorId:0x10de
[2022.01.03-15.44.50:842][  0]LogD3D11RHI:    1. 'Intel(R) HD Graphics 530' (Feature Level 11_0)
[2022.01.03-15.44.50:842][  0]LogD3D11RHI:       128/0/8141 MB DedicatedVideo/DedicatedSystem/SharedSystem, Outputs:0, VendorId:0x8086
[2022.01.03-15.44.50:846][  0]LogD3D11RHI:    2. 'Microsoft Basic Render Driver' (Feature Level 11_0)
[2022.01.03-15.44.50:846][  0]LogD3D11RHI:       0/0/8141 MB DedicatedVideo/DedicatedSystem/SharedSystem, Outputs:0, VendorId:0x1414
[2022.01.03-15.44.50:846][  0]LogD3D11RHI: Chosen D3D11 Adapter: 0
[2022.01.03-15.44.50:857][  0]LogD3D11RHI: Creating new Direct3DDevice
[2022.01.03-15.44.50:857][  0]LogD3D11RHI:     GPU DeviceId: 0x139b (for the marketing name, search the web for "GPU Device Id")
[2022.01.03-15.44.50:857][  0]LogWindows: EnumDisplayDevices:
[2022.01.03-15.44.50:857][  0]LogWindows:    0. 'Intel(R) HD Graphics 530' (P:0 D:1)
[2022.01.03-15.44.50:858][  0]LogWindows:    1. 'Intel(R) HD Graphics 530' (P:1 D:1)
[2022.01.03-15.44.50:858][  0]LogWindows:    2. 'Intel(R) HD Graphics 530' (P:0 D:0)
[2022.01.03-15.44.50:858][  0]LogWindows: DebugString: PrimaryIsNotTheChoosenAdapter PrimaryIsNotTheChoosenAdapter PrimaryIsNotTheChoosenAdapter FoundDriverCount:0 
[2022.01.03-15.44.50:858][  0]LogD3D11RHI:     Adapter Name: NVIDIA GeForce GTX 960M
[2022.01.03-15.44.50:859][  0]LogD3D11RHI:   Driver Version: Unknown (internal:Unknown, unified:Unknown)
[2022.01.03-15.44.50:859][  0]LogD3D11RHI:      Driver Date: Unknown
[2022.01.03-15.44.50:859][  0]LogRHI: Texture pool is 2839 MB (70% of 4055 MB)
[2022.01.03-15.44.50:973][  0]LogD3D11RHI: RHI has support for 64 bit atomics
[2022.01.03-15.44.50:974][  0]LogD3D11RHI: Async texture creation enabled
[2022.01.03-15.44.51:000][  0]LogD3D11RHI: GPU Timing Frequency: 1000.000000 (Debug: 2 1)
[2022.01.03-15.44.51:572][  0]LogTargetPlatformManager: Display: Loaded TargetPlatform 'WindowsNoEditor'
[2022.01.03-15.44.51:577][  0]LogTargetPlatformManager: Display: Loaded TargetPlatform 'Windows'
[2022.01.03-15.44.51:589][  0]LogTargetPlatformManager: Display: Loaded TargetPlatform 'WindowsClient'
[2022.01.03-15.44.51:600][  0]LogTargetPlatformManager: Display: Loaded TargetPlatform 'WindowsServer'
[2022.01.03-15.44.51:600][  0]LogTargetPlatformManager: Display: Building Assets For Windows
[2022.01.03-15.44.51:604][  0]LogAudioDebug: Display: Lib vorbis DLL was dynamically loaded.
[2022.01.03-15.44.51:635][  0]LogShaderCompilers: Guid format shader working directory is -27 characters bigger than the processId version (../../../../../../../../Programiranje/Faks/Asistivna/asistivna/Asistivna/Intermediate/Shaders/WorkingDirectory/17204/).
[2022.01.03-15.44.51:636][  0]LogShaderCompilers: Cleaned the shader compiler working directory 'C:/Users/Anton/AppData/Local/Temp/UnrealShaderWorkingDir/5691C15A4C6E995FE92AE58794652498/'.
[2022.01.03-15.44.51:636][  0]LogXGEController: Cannot use XGE Controller as Incredibuild is not installed on this machine.
[2022.01.03-15.44.51:637][  0]LogShaderCompilers: Cannot use XGE Shader Compiler as Incredibuild is not installed on this machine.
[2022.01.03-15.44.51:637][  0]LogShaderCompilers: Display: Using Local Shader Compiler.
[2022.01.03-15.44.52:706][  0]LogDerivedDataCache: Display: Max Cache Size: 512 MB
[2022.01.03-15.44.52:817][  0]LogDerivedDataCache: Loaded boot cache 0.11s 78MB C:/Users/Anton/AppData/Local/UnrealEngine/4.24/DerivedDataCache/Boot.ddc.
[2022.01.03-15.44.52:817][  0]LogDerivedDataCache: Display: Loaded Boot cache: C:/Users/Anton/AppData/Local/UnrealEngine/4.24/DerivedDataCache/Boot.ddc
[2022.01.03-15.44.52:817][  0]LogDerivedDataCache: FDerivedDataBackendGraph:  Pak pak cache file ../../../../../../../../Programiranje/Faks/Asistivna/asistivna/Asistivna/DerivedDataCache/DDC.ddp not found, will not use a pak cache.
[2022.01.03-15.44.52:817][  0]LogDerivedDataCache: Unable to find inner node Pak for hierarchical cache Hierarchy.
[2022.01.03-15.44.52:817][  0]LogDerivedDataCache: FDerivedDataBackendGraph:  CompressedPak pak cache file ../../../../../../../../Programiranje/Faks/Asistivna/asistivna/Asistivna/DerivedDataCache/Compressed.ddp not found, will not use a pak cache.
[2022.01.03-15.44.52:817][  0]LogDerivedDataCache: Unable to find inner node CompressedPak for hierarchical cache Hierarchy.
[2022.01.03-15.44.52:833][  0]LogDerivedDataCache: Display: Pak cache opened for reading ../../../Engine/DerivedDataCache/Compressed.ddp.
[2022.01.03-15.44.52:833][  0]LogDerivedDataCache: FDerivedDataBackendGraph:  EnterprisePak pak cache file ../../../Enterprise/DerivedDataCache/Compressed.ddp not found, will not use a pak cache.
[2022.01.03-15.44.52:833][  0]LogDerivedDataCache: Unable to find inner node EnterprisePak for hierarchical cache Hierarchy.
[2022.01.03-15.44.52:835][  0]LogDerivedDataCache: Using Local data cache path C:/Users/Anton/AppData/Local/UnrealEngine/Common/DerivedDataCache: Writable
[2022.01.03-15.44.52:835][  0]LogDerivedDataCache: Shared data cache path not found in *engine.ini, will not use an Shared cache.
[2022.01.03-15.44.52:835][  0]LogDerivedDataCache: Unable to find inner node Shared for hierarchical cache Hierarchy.
[2022.01.03-15.44.52:872][  0]LogMaterial: Verifying Global Shaders for PCD3D_SM5
[2022.01.03-15.44.52:875][  0]LogSlate: Using FreeType 2.10.0
[2022.01.03-15.44.52:876][  0]LogSlate: SlateFontServices - WITH_FREETYPE: 1, WITH_HARFBUZZ: 1
[2022.01.03-15.44.53:111][  0]LogInit: Using OS detected language (en-US).
[2022.01.03-15.44.53:111][  0]LogInit: Using OS detected locale (hr-HR).
[2022.01.03-15.44.53:111][  0]LogTextLocalizationManager: No localization for 'en-US' exists, so 'en' will be used for the language.
[2022.01.03-15.44.53:112][  0]LogTextLocalizationManager: No localization for 'hr-HR' exists, so 'en' will be used for the locale.
[2022.01.03-15.44.53:115][  0]LogTextLocalizationManager: Compacting localization data took   0.01ms
[2022.01.03-15.44.53:126][  0]LogAssetRegistry: FAssetRegistry took 0.0079 seconds to start up
[2022.01.03-15.44.53:776][  0]LogPackageLocalizationCache: Processed 10 localized package path(s) for 1 prioritized culture(s) in 0.001766 seconds
[2022.01.03-15.44.53:899][  0]LogInit: Selected Device Profile: [Windows]
[2022.01.03-15.44.54:147][  0]LogMeshReduction: Using QuadricMeshReduction for automatic static mesh reduction
[2022.01.03-15.44.54:147][  0]LogMeshReduction: Using SimplygonMeshReduction for automatic skeletal mesh reduction
[2022.01.03-15.44.54:147][  0]LogMeshReduction: Using ProxyLODMeshReduction for automatic mesh merging
[2022.01.03-15.44.54:147][  0]LogMeshReduction: No distributed automatic mesh merging module available
[2022.01.03-15.44.54:148][  0]LogMeshMerging: No distributed automatic mesh merging module available
[2022.01.03-15.44.54:176][  0]LogNetVersion: Asistivna 1.0.0, NetCL: 10570792, EngineNetVer: 13, GameNetVer: 0 (Checksum: 2527849711)
[2022.01.03-15.44.54:955][  0]LogMoviePlayer: Initializing movie player
[2022.01.03-15.44.55:098][  0]LogTcpMessaging: Initializing TcpMessaging bridge
[2022.01.03-15.44.55:107][  0]LogUdpMessaging: Initializing bridge on interface 0.0.0.0:0 to multicast group 230.0.0.1:6666.
[2022.01.03-15.44.55:288][  0]SourceControl: Source control is disabled
[2022.01.03-15.44.55:288][  0]SourceControl: Source control is disabled
[2022.01.03-15.44.55:291][  0]SourceControl: Source control is disabled
[2022.01.03-15.44.55:327][  0]LogAndroidPermission: UAndroidPermissionCallbackProxy::GetInstance
[2022.01.03-15.44.55:333][  0]LogAudioCaptureCore: Display: No Audio Capture implementations found. Audio input will be silent.
[2022.01.03-15.44.55:333][  0]LogAudioCaptureCore: Display: No Audio Capture implementations found. Audio input will be silent.
[2022.01.03-15.44.55:404][  0]LogOcInput: OculusInput pre-init called
[2022.01.03-15.44.55:420][  0]LogUObjectArray: 54137 objects as part of root set at end of initial load.
[2022.01.03-15.44.55:420][  0]LogUObjectAllocator: 9904600 out of 0 bytes used by permanent object pool.
[2022.01.03-15.44.55:420][  0]LogUObjectArray: CloseDisregardForGC: 0/0 objects in disregard for GC pool
[2022.01.03-15.44.55:510][  0]LogEngine: Initializing Engine...
[2022.01.03-15.44.55:512][  0]LogHMD: Failed to initialize OpenVR with code 110
[2022.01.03-15.44.55:514][  0]LogStats: UGameplayTagsManager::InitializeManager -  0.000 s
[2022.01.03-15.44.55:818][  0]LogInit: Initializing FReadOnlyCVARCache
[2022.01.03-15.44.55:820][  0]LogAudioMixer: Display: Audio Mixer Platform Settings:
[2022.01.03-15.44.55:820][  0]LogAudioMixer: Display: 	Sample Rate:						  48000
[2022.01.03-15.44.55:820][  0]LogAudioMixer: Display: 	Callback Buffer Frame Size Requested: 1024
[2022.01.03-15.44.55:820][  0]LogAudioMixer: Display: 	Callback Buffer Frame Size To Use:	  1024
[2022.01.03-15.44.55:820][  0]LogAudioMixer: Display: 	Number of buffers to queue:			  2
[2022.01.03-15.44.55:820][  0]LogAudioMixer: Display: 	Max Channels (voices):				  32
[2022.01.03-15.44.55:820][  0]LogAudioMixer: Display: 	Number of Async Source Workers:		  0
[2022.01.03-15.44.55:820][  0]LogAudio: Display: AudioDevice MaxSources: 32
[2022.01.03-15.44.55:821][  0]LogAudio: Display: Using built-in audio occlusion.
[2022.01.03-15.44.55:821][  0]LogAudioMixer: Display: Initializing audio mixer.
[2022.01.03-15.44.55:958][  0]LogAudioMixer: Display: Audio Device Output Speaker Info:
[2022.01.03-15.44.55:958][  0]LogAudioMixer: Display: Name: Speakers (2- GAMDIAS USB Audio Device)
[2022.01.03-15.44.55:958][  0]LogAudioMixer: Display: Is Default: Yes
[2022.01.03-15.44.55:958][  0]LogAudioMixer: Display: Sample Rate: 44100
[2022.01.03-15.44.55:958][  0]LogAudioMixer: Display: Channel Count Used: 2
[2022.01.03-15.44.55:958][  0]LogAudioMixer: Display: Device Channel Count: 2
[2022.01.03-15.44.55:958][  0]LogAudioMixer: Display: Channel Order:
[2022.01.03-15.44.55:958][  0]LogAudioMixer: Display: 0: FrontLeft
[2022.01.03-15.44.55:958][  0]LogAudioMixer: Display: 1: FrontRight
[2022.01.03-15.44.55:990][  0]LogAudioMixer: Display: Using Audio Device Speakers (2- GAMDIAS USB Audio Device)
[2022.01.03-15.44.56:000][  0]LogInit: FAudioDevice initialized.
[2022.01.03-15.44.56:002][  0]LogNetVersion: Set ProjectVersion to 1.0.0.0. Version Checksum will be recalculated on next use.
[2022.01.03-15.44.56:002][  0]LogInit: Texture streaming: Enabled
[2022.01.03-15.44.56:190][  0]LogSlate: Updating window title bar state: overlay mode, drag disabled, window buttons hidden, title bar hidden
[2022.01.03-15.44.56:191][  0]LogInit: Display: Game Engine Initialized.
[2022.01.03-15.44.56:207][  0]LogInit: Display: Starting Game.
[2022.01.03-15.44.56:207][  0]LogNet: Browse: /Game/RollingCPP/Maps/MainMenuMap?Name=Player
[2022.01.03-15.44.56:207][  0]LogLoad: LoadMap: /Game/RollingCPP/Maps/MainMenuMap?Name=Player
[2022.01.03-15.44.56:207][  0]LogWorld: BeginTearingDown for /Temp/Untitled_0
[2022.01.03-15.44.56:209][  0]LogWorld: UWorld::CleanupWorld for Untitled, bSessionEnded=true, bCleanupResources=true
[2022.01.03-15.44.56:210][  0]LogSlate: InvalidateAllWidgets triggered.  All widgets were invalidated
[2022.01.03-15.44.56:246][  0]LogAudioMixer: Display: No commands were queued while flushing the source manager.
[2022.01.03-15.44.56:250][  0]LogUObjectHash: Compacting FUObjectHashTables data took   3.32ms
[2022.01.03-15.44.56:282][  0]LogAIModule: Creating AISystem for world MainMenuMap
[2022.01.03-15.44.56:283][  0]LogLoad: Game class is 'MyAsistivnaGameMode_C'
[2022.01.03-15.44.56:285][  0]LogWorld: Bringing World /Game/RollingCPP/Maps/MainMenuMap.MainMenuMap up for play (max tick rate 0) at 2022.01.03-16.44.56
[2022.01.03-15.44.56:285][  0]LogWorld: Bringing up level for play took: 0.000772
[2022.01.03-15.44.56:286][  0]LogGameMode: FindPlayerStart: PATHS NOT DEFINED or NO PLAYERSTART with positive rating
[2022.01.03-15.44.56:467][  0]PIE: Error: CreateWidget called with a null class.
[2022.01.03-15.44.56:468][  0]LogLoad: Took 0.261045 seconds to LoadMap(/Game/RollingCPP/Maps/MainMenuMap)
[2022.01.03-15.44.56:552][  0]LogRenderer: Reallocating scene render targets to support 1280x720 Format 10 NumSamples 1 (Frame:1).
[2022.01.03-15.44.56:552][  0]LogLoad: (Engine Initialization) Total time: 11.86 seconds
[2022.01.03-15.44.56:552][  0]LogLoad: (Engine Initialization) Total Blueprint compile time: 0.00 seconds
[2022.01.03-15.44.56:579][  0]LogContentStreaming: Texture pool size now 1000 MB
[2022.01.03-15.45.03:387][  8]LogBlueprintUserMessages: [MainMenuWidget_C_1] Start
[2022.01.03-15.45.03:388][  8]LogSlate: Took 0.000334 seconds to synchronously load lazily loaded font '../../../Engine/Content/Slate/Fonts/Roboto-Regular.ttf' (155K)
[2022.01.03-15.45.03:559][ 31]LogBlueprintUserMessages: [MainMenuWidget_C_1] Start
[2022.01.03-15.45.03:766][ 62]LogBlueprintUserMessages: [MainMenuWidget_C_1] Start
[2022.01.03-15.45.03:940][ 87]LogBlueprintUserMessages: [MainMenuWidget_C_1] Start
[2022.01.03-15.45.04:105][112]LogBlueprintUserMessages: [MainMenuWidget_C_1] Start
[2022.01.03-15.45.10:546][ 40]Closing by request
[2022.01.03-15.45.10:546][ 40]LogWindows: FPlatformMisc::RequestExit(0)
[2022.01.03-15.45.10:546][ 40]LogCore: Engine exit requested (reason: Win RequestExit)
[2022.01.03-15.45.10:553][ 41]LogCore: Engine exit requested (reason: EngineExit() was called; note: exit was already requested)
[2022.01.03-15.45.10:572][ 41]LogAudioMixer: Display: Flush succeeded in the source manager command queue (1).
[2022.01.03-15.45.10:593][ 41]LogAudioMixer: Display: Flush succeeded the source manager command queue (2).
[2022.01.03-15.45.10:599][ 41]LogInit: Display: PreExit Game.
[2022.01.03-15.45.10:599][ 41]LogWorld: BeginTearingDown for /Game/RollingCPP/Maps/MainMenuMap
[2022.01.03-15.45.10:599][ 41]LogWorld: UWorld::CleanupWorld for MainMenuMap, bSessionEnded=true, bCleanupResources=true
[2022.01.03-15.45.10:599][ 41]LogSlate: InvalidateAllWidgets triggered.  All widgets were invalidated
[2022.01.03-15.45.11:529][ 41]LogSlate: Window 'Asistivna (64-bit Development PCD3D_SM5) ' being destroyed
[2022.01.03-15.45.11:530][ 41]LogWindowsTextInputMethodSystem: Display: IME system now deactivated.
[2022.01.03-15.45.11:550][ 41]LogWindowsTextInputMethodSystem: Display: IME system now deactivated.
[2022.01.03-15.45.11:573][ 41]LogExit: Preparing to exit.
[2022.01.03-15.45.12:123][ 41]LogMoviePlayer: Shutting down movie player
[2022.01.03-15.45.12:318][ 41]LogSlate: Updating window title bar state: overlay mode, drag disabled, window buttons hidden, title bar hidden
[2022.01.03-15.45.12:319][ 41]LogDemo: Cleaned up 0 splitscreen connections with owner deletion
[2022.01.03-15.45.12:328][ 41]LogExit: Game engine shut down
[2022.01.03-15.45.12:417][ 41]LogExit: Object subsystem successfully closed.
[2022.01.03-15.45.12:436][ 41]LogShaderCompilers: Display: Shaders left to compile 0
[2022.01.03-15.45.12:448][ 41]LogModuleManager: Shutting down and abandoning module SequenceRecorderSections (436)
[2022.01.03-15.45.12:448][ 41]LogModuleManager: Shutting down and abandoning module SequenceRecorder (434)
[2022.01.03-15.45.12:449][ 41]LogModuleManager: Shutting down and abandoning module AutomationController (432)
[2022.01.03-15.45.12:449][ 41]LogModuleManager: Shutting down and abandoning module AutomationWorker (430)
[2022.01.03-15.45.12:449][ 41]LogModuleManager: Shutting down and abandoning module Voice (428)
[2022.01.03-15.45.12:449][ 41]LogModuleManager: Shutting down and abandoning module AIModule (426)
[2022.01.03-15.45.12:449][ 41]LogModuleManager: Shutting down and abandoning module GameplayDebugger (425)
[2022.01.03-15.45.12:449][ 41]LogModuleManager: Shutting down and abandoning module AITestSuite (423)
[2022.01.03-15.45.12:449][ 41]LogModuleManager: Shutting down and abandoning module NavigationSystem (421)
[2022.01.03-15.45.12:449][ 41]LogModuleManager: Shutting down and abandoning module OculusMR (418)
[2022.01.03-15.45.12:449][ 41]LogModuleManager: Shutting down and abandoning module WmfMediaFactory (416)
[2022.01.03-15.45.12:449][ 41]LogModuleManager: Shutting down and abandoning module WebMMediaFactory (414)
[2022.01.03-15.45.12:449][ 41]LogModuleManager: Shutting down and abandoning module WebMMedia (412)
[2022.01.03-15.45.12:449][ 41]LogModuleManager: Shutting down and abandoning module OpenExrWrapper (410)
[2022.01.03-15.45.12:449][ 41]LogModuleManager: Shutting down and abandoning module ImgMediaFactory (408)
[2022.01.03-15.45.12:449][ 41]LogModuleManager: Shutting down and abandoning module AvfMediaFactory (406)
[2022.01.03-15.45.12:449][ 41]LogModuleManager: Shutting down and abandoning module MagicLeapMediaCodecFactory (404)
[2022.01.03-15.45.12:449][ 41]LogModuleManager: Shutting down and abandoning module MagicLeapMediaFactory (402)
[2022.01.03-15.45.12:449][ 41]LogModuleManager: Shutting down and abandoning module CharacterAI (400)
[2022.01.03-15.45.12:449][ 41]LogModuleManager: Shutting down and abandoning module SessionServices (398)
[2022.01.03-15.45.12:449][ 41]LogModuleManager: Shutting down and abandoning module MovieSceneCapture (396)
[2022.01.03-15.45.12:449][ 41]LogModuleManager: Shutting down and abandoning module LiveCoding (394)
[2022.01.03-15.45.12:449][ 41]LogModuleManager: Shutting down and abandoning module LevelSequence (392)
[2022.01.03-15.45.12:449][ 41]LogModuleManager: Shutting down and abandoning module MovieSceneTracks (390)
[2022.01.03-15.45.12:449][ 41]LogModuleManager: Shutting down and abandoning module MovieScene (388)
[2022.01.03-15.45.12:449][ 41]LogModuleManager: Shutting down and abandoning module StreamingPauseRendering (386)
[2022.01.03-15.45.12:449][ 41]LogModuleManager: Shutting down and abandoning module PortalServices (384)
[2022.01.03-15.45.12:449][ 41]LogModuleManager: Shutting down and abandoning module PortalRpc (382)
[2022.01.03-15.45.12:449][ 41]LogModuleManager: Shutting down and abandoning module MessagingRpc (380)
[2022.01.03-15.45.12:449][ 41]LogModuleManager: Shutting down and abandoning module AudioMixerXAudio2 (378)
[2022.01.03-15.45.12:449][ 41]LogModuleManager: Shutting down and abandoning module ImageWriteQueue (376)
[2022.01.03-15.45.12:452][ 41]LogModuleManager: Shutting down and abandoning module ProfilerService (374)
[2022.01.03-15.45.12:472][ 41]LogModuleManager: Shutting down and abandoning module TaskGraph (372)
[2022.01.03-15.45.12:472][ 41]LogModuleManager: Shutting down and abandoning module ProceduralMeshComponent (370)
[2022.01.03-15.45.12:472][ 41]LogModuleManager: Shutting down and abandoning module OculusInput (368)
[2022.01.03-15.45.12:472][ 41]LogModuleManager: Shutting down and abandoning module MobilePatchingUtils (366)
[2022.01.03-15.45.12:472][ 41]LogModuleManager: Shutting down and abandoning module EditableMesh (364)
[2022.01.03-15.45.12:472][ 41]LogModuleManager: Shutting down and abandoning module CustomMeshComponent (362)
[2022.01.03-15.45.12:472][ 41]LogModuleManager: Shutting down and abandoning module CableComponent (360)
[2022.01.03-15.45.12:472][ 41]LogModuleManager: Shutting down and abandoning module AudioCapture (358)
[2022.01.03-15.45.12:472][ 41]LogModuleManager: Shutting down and abandoning module AudioCaptureRtAudio (357)
[2022.01.03-15.45.12:472][ 41]LogModuleManager: Shutting down and abandoning module AssetTags (354)
[2022.01.03-15.45.12:472][ 41]LogModuleManager: Shutting down and abandoning module ArchVisCharacter (352)
[2022.01.03-15.45.12:472][ 41]LogModuleManager: Shutting down and abandoning module AppleImageUtilsBlueprintSupport (350)
[2022.01.03-15.45.12:473][ 41]LogModuleManager: Shutting down and abandoning module AppleImageUtils (348)
[2022.01.03-15.45.12:473][ 41]LogModuleManager: Shutting down and abandoning module AndroidPermission (346)
[2022.01.03-15.45.12:473][ 41]LogModuleManager: Shutting down and abandoning module NUTUnrealEngine4 (344)
[2022.01.03-15.45.12:473][ 41]LogModuleManager: Shutting down and abandoning module NetcodeUnitTest (342)
[2022.01.03-15.45.12:473][ 41]LogModuleManager: Shutting down and abandoning module MediaCompositing (340)
[2022.01.03-15.45.12:473][ 41]LogModuleManager: Shutting down and abandoning module ImgMedia (338)
[2022.01.03-15.45.12:473][ 41]LogModuleManager: Shutting down and abandoning module MagicLeapHelperVulkan (336)
[2022.01.03-15.45.12:473][ 41]LogModuleManager: Shutting down and abandoning module MagicLeapHelperOpenGL (334)
[2022.01.03-15.45.12:473][ 41]LogModuleManager: Shutting down and abandoning module MagicLeapAudio (332)
[2022.01.03-15.45.12:473][ 41]LogModuleManager: Shutting down and abandoning module GeometryCacheTracks (330)
[2022.01.03-15.45.12:473][ 41]LogModuleManager: Shutting down and abandoning module GeometryCacheSequencer (329)
[2022.01.03-15.45.12:473][ 41]LogModuleManager: Shutting down and abandoning module GeometryCache (326)
[2022.01.03-15.45.12:473][ 41]LogModuleManager: Shutting down and abandoning module GeometryCacheEd (325)
[2022.01.03-15.45.12:473][ 41]LogModuleManager: Shutting down and abandoning module BackChannel (322)
[2022.01.03-15.45.12:473][ 41]LogModuleManager: Shutting down and abandoning module AutomationUtils (320)
[2022.01.03-15.45.12:473][ 41]LogModuleManager: Shutting down and abandoning module VisualStudioSourceCodeAccess (318)
[2022.01.03-15.45.12:473][ 41]LogModuleManager: Shutting down and abandoning module HotReload (317)
[2022.01.03-15.45.12:473][ 41]LogModuleManager: Shutting down and abandoning module DirectoryWatcher (316)
[2022.01.03-15.45.12:473][ 41]LogModuleManager: Shutting down and abandoning module VisualStudioCodeSourceCodeAccess (312)
[2022.01.03-15.45.12:473][ 41]LogModuleManager: Shutting down and abandoning module UObjectPlugin (310)
[2022.01.03-15.45.12:473][ 41]LogModuleManager: Shutting down and abandoning module SubversionSourceControl (308)
[2022.01.03-15.45.12:473][ 41]LogModuleManager: Shutting down and abandoning module PerforceSourceControl (306)
[2022.01.03-15.45.12:473][ 41]LogModuleManager: Shutting down and abandoning module SourceControl (305)
[2022.01.03-15.45.12:473][ 41]LogModuleManager: Shutting down and abandoning module CLionSourceCodeAccess (302)
[2022.01.03-15.45.12:473][ 41]LogModuleManager: Shutting down and abandoning module ActorLayerUtilities (300)
[2022.01.03-15.45.12:474][ 41]LogModuleManager: Shutting down and abandoning module Asistivna (298)
[2022.01.03-15.45.12:474][ 41]LogModuleManager: Shutting down and abandoning module SignificanceManager (296)
[2022.01.03-15.45.12:474][ 41]LogModuleManager: Shutting down and abandoning module RuntimePhysXCooking (294)
[2022.01.03-15.45.12:474][ 41]LogModuleManager: Shutting down and abandoning module PhysXVehiclesEditor (292)
[2022.01.03-15.45.12:474][ 41]LogModuleManager: Shutting down and abandoning module LocationServicesBPLibrary (288)
[2022.01.03-15.45.12:474][ 41]LogModuleManager: Shutting down and abandoning module ActorSequence (286)
[2022.01.03-15.45.12:474][ 41]LogModuleManager: Shutting down and abandoning module UdpMessaging (284)
[2022.01.03-15.45.12:575][ 41]LogModuleManager: Shutting down and abandoning module TcpMessaging (282)
[2022.01.03-15.45.13:114][ 41]LogModuleManager: Shutting down and abandoning module MagicLeapPrivileges (280)
[2022.01.03-15.45.13:114][ 41]LogModuleManager: Shutting down and abandoning module MagicLeapPlanes (278)
[2022.01.03-15.45.13:115][ 41]LogMagicLeapPlanes: Planes tracker already destroyed.
[2022.01.03-15.45.13:115][ 41]LogModuleManager: Shutting down and abandoning module MagicLeapIdentity (276)
[2022.01.03-15.45.13:115][ 41]LogModuleManager: Shutting down and abandoning module MagicLeapSecureStorage (274)
[2022.01.03-15.45.13:115][ 41]LogModuleManager: Shutting down and abandoning module MagicLeapImageTracker (272)
[2022.01.03-15.45.13:115][ 41]LogModuleManager: Shutting down and abandoning module MagicLeapHandTracking (270)
[2022.01.03-15.45.13:115][ 41]LogModuleManager: Shutting down and abandoning module MagicLeapHandMeshing (268)
[2022.01.03-15.45.13:115][ 41]LogModuleManager: Shutting down and abandoning module MagicLeapEyeTracker (266)
[2022.01.03-15.45.13:115][ 41]LogModuleManager: Shutting down and abandoning module MagicLeapController (264)
[2022.01.03-15.45.13:115][ 41]LogSlate: Slate User Destroyed.  User Index 0, Is Virtual User: 0
[2022.01.03-15.45.13:115][ 41]LogModuleManager: Shutting down and abandoning module MagicLeapARPin (262)
[2022.01.03-15.45.13:115][ 41]LogModuleManager: Shutting down and abandoning module MagicLeapAR (260)
[2022.01.03-15.45.13:115][ 41]LogModuleManager: Shutting down and abandoning module AugmentedReality (259)
[2022.01.03-15.45.13:115][ 41]LogModuleManager: Shutting down and abandoning module GameplayTagsEditor (256)
[2022.01.03-15.45.13:115][ 41]LogModuleManager: Shutting down and abandoning module FacialAnimation (254)
[2022.01.03-15.45.13:115][ 41]LogModuleManager: Shutting down and abandoning module AssetManagerEditor (252)
[2022.01.03-15.45.13:115][ 41]LogModuleManager: Shutting down and abandoning module TreeMap (251)
[2022.01.03-15.45.13:115][ 41]LogModuleManager: Shutting down and abandoning module AnimationSharing (248)
[2022.01.03-15.45.13:115][ 41]LogModuleManager: Shutting down and abandoning module LightPropagationVolumeRuntime (246)
[2022.01.03-15.45.13:115][ 41]LogModuleManager: Shutting down and abandoning module Paper2D (244)
[2022.01.03-15.45.13:115][ 41]LogModuleManager: Shutting down and abandoning module WindowsMoviePlayer (242)
[2022.01.03-15.45.13:118][ 41]LogModuleManager: Shutting down and abandoning module WebMMoviePlayer (240)
[2022.01.03-15.45.13:118][ 41]LogModuleManager: Shutting down and abandoning module NetworkReplayStreaming (238)
[2022.01.03-15.45.13:118][ 41]LogModuleManager: Shutting down and abandoning module PacketHandler (236)
[2022.01.03-15.45.13:118][ 41]LogModuleManager: Shutting down and abandoning module ClothingSystemEditor (234)
[2022.01.03-15.45.13:118][ 41]LogModuleManager: Shutting down and abandoning module ClothingSystemRuntimeNv (232)
[2022.01.03-15.45.13:118][ 41]LogModuleManager: Shutting down and abandoning module MediaAssets (230)
[2022.01.03-15.45.13:118][ 41]LogModuleManager: Shutting down and abandoning module Overlay (228)
[2022.01.03-15.45.13:118][ 41]LogModuleManager: Shutting down and abandoning module OverlayEditor (227)
[2022.01.03-15.45.13:118][ 41]LogModuleManager: Shutting down and abandoning module VREditor (224)
[2022.01.03-15.45.13:118][ 41]LogModuleManager: Shutting down and abandoning module StringTableEditor (222)
[2022.01.03-15.45.13:119][ 41]LogModuleManager: Shutting down and abandoning module GameplayTasksEditor (220)
[2022.01.03-15.45.13:119][ 41]LogModuleManager: Shutting down and abandoning module BehaviorTreeEditor (218)
[2022.01.03-15.45.13:119][ 41]LogModuleManager: Shutting down and abandoning module FunctionalTesting (216)
[2022.01.03-15.45.13:119][ 41]LogModuleManager: Shutting down and abandoning module CollisionAnalyzer (214)
[2022.01.03-15.45.13:119][ 41]LogModuleManager: Shutting down and abandoning module WorkspaceMenuStructure (213)
[2022.01.03-15.45.13:119][ 41]LogModuleManager: Shutting down and abandoning module UMG (210)
[2022.01.03-15.45.13:119][ 41]LogModuleManager: Shutting down and abandoning module UMGEditor (209)
[2022.01.03-15.45.13:119][ 41]LogModuleManager: Shutting down and abandoning module Sequencer (208)
[2022.01.03-15.45.13:119][ 41]LogModuleManager: Shutting down and abandoning module MessageLog (205)
[2022.01.03-15.45.13:119][ 41]LogModuleManager: Shutting down and abandoning module SlateReflector (200)
[2022.01.03-15.45.13:119][ 41]LogModuleManager: Shutting down and abandoning module Slate (198)
[2022.01.03-15.45.13:119][ 41]LogModuleManager: Shutting down and abandoning module SlateCore (196)
[2022.01.03-15.45.13:120][ 41]LogModuleManager: Shutting down and abandoning module LandscapeEditorUtilities (194)
[2022.01.03-15.45.13:120][ 41]LogModuleManager: Shutting down and abandoning module EditorStyle (192)
[2022.01.03-15.45.13:121][ 41]LogModuleManager: Shutting down and abandoning module UnrealEd (190)
[2022.01.03-15.45.13:121][ 41]LogModuleManager: Shutting down and abandoning module MRMesh (188)
[2022.01.03-15.45.13:121][ 41]LogModuleManager: Shutting down and abandoning module Messaging (186)
[2022.01.03-15.45.13:121][ 41]LogModuleManager: Shutting down and abandoning module SourceCodeAccess (184)
[2022.01.03-15.45.13:121][ 41]LogModuleManager: Shutting down and abandoning module HeadMountedDisplay (182)
[2022.01.03-15.45.13:121][ 41]LogModuleManager: Shutting down and abandoning module XAudio2 (180)
[2022.01.03-15.45.13:121][ 41]LogModuleManager: Shutting down and abandoning module Networking (178)
[2022.01.03-15.45.13:121][ 41]LogModuleManager: Shutting down and abandoning module Core (176)
[2022.01.03-15.45.13:121][ 41]LogModuleManager: Shutting down and abandoning module MovieSceneTools (174)
[2022.01.03-15.45.13:122][ 41]LogModuleManager: Shutting down and abandoning module KismetCompiler (172)
[2022.01.03-15.45.13:122][ 41]LogModuleManager: Shutting down and abandoning module MeshUtilities (170)
[2022.01.03-15.45.13:122][ 41]LogModuleManager: Shutting down and abandoning module MeshMergeUtilities (169)
[2022.01.03-15.45.13:122][ 41]LogModuleManager: Shutting down and abandoning module MeshReductionInterface (168)
[2022.01.03-15.45.13:122][ 41]LogModuleManager: Shutting down and abandoning module MeshBoneReduction (167)
[2022.01.03-15.45.13:122][ 41]LogModuleManager: Shutting down and abandoning module SkeletalMeshReduction (165)
[2022.01.03-15.45.13:122][ 41]LogModuleManager: Shutting down and abandoning module ProxyLODMeshReduction (163)
[2022.01.03-15.45.13:122][ 41]LogModuleManager: Shutting down and abandoning module QuadricMeshReduction (161)
[2022.01.03-15.45.13:122][ 41]LogModuleManager: Shutting down and abandoning module MaterialBaking (157)
[2022.01.03-15.45.13:122][ 41]LogModuleManager: Shutting down and abandoning module NullInstallBundleManager (152)
[2022.01.03-15.45.13:122][ 41]LogModuleManager: Shutting down and abandoning module PIEPreviewDeviceProfileSelector (150)
[2022.01.03-15.45.13:122][ 41]LogModuleManager: Shutting down and abandoning module DerivedDataCache (148)
[2022.01.03-15.45.13:122][ 41]LogDerivedDataCache: Shutdown
[2022.01.03-15.45.13:122][ 41]LogModuleManager: Shutting down and abandoning module XGEController (146)
[2022.01.03-15.45.13:122][ 41]LogModuleManager: Shutting down and abandoning module TargetPlatform (144)
[2022.01.03-15.45.13:123][ 41]LogModuleManager: Shutting down and abandoning module VulkanShaderFormat (143)
[2022.01.03-15.45.13:123][ 41]LogModuleManager: Shutting down and abandoning module ShaderFormatVectorVM (141)
[2022.01.03-15.45.13:123][ 41]LogModuleManager: Shutting down and abandoning module ShaderFormatOpenGL (139)
[2022.01.03-15.45.13:123][ 41]LogModuleManager: Shutting down and abandoning module ShaderFormatD3D (137)
[2022.01.03-15.45.13:123][ 41]LogModuleManager: Shutting down and abandoning module MetalShaderFormat (135)
[2022.01.03-15.45.13:123][ 41]LogModuleManager: Shutting down and abandoning module TextureFormatUncompressed (133)
[2022.01.03-15.45.13:123][ 41]LogModuleManager: Shutting down and abandoning module TextureFormatPVR (131)
[2022.01.03-15.45.13:123][ 41]LogModuleManager: Shutting down and abandoning module TextureFormatDXT (129)
[2022.01.03-15.45.13:123][ 41]LogModuleManager: Shutting down and abandoning module TextureFormatIntelISPCTexComp (127)
[2022.01.03-15.45.13:124][ 41]LogModuleManager: Shutting down and abandoning module TextureFormatASTC (125)
[2022.01.03-15.45.13:124][ 41]LogModuleManager: Shutting down and abandoning module ImageWrapper (124)
[2022.01.03-15.45.13:124][ 41]LogModuleManager: Shutting down and abandoning module TextureFormatAndroid (121)
[2022.01.03-15.45.13:124][ 41]LogModuleManager: Shutting down and abandoning module AudioFormatOpus (119)
[2022.01.03-15.45.13:124][ 41]LogModuleManager: Shutting down and abandoning module AudioFormatOgg (117)
[2022.01.03-15.45.13:124][ 41]LogModuleManager: Shutting down and abandoning module AudioFormatADPCM (115)
[2022.01.03-15.45.13:124][ 41]LogModuleManager: Shutting down and abandoning module WindowsServerTargetPlatform (113)
[2022.01.03-15.45.13:124][ 41]LogModuleManager: Shutting down and abandoning module WindowsClientTargetPlatform (111)
[2022.01.03-15.45.13:124][ 41]LogModuleManager: Shutting down and abandoning module WindowsTargetPlatform (109)
[2022.01.03-15.45.13:124][ 41]LogModuleManager: Shutting down and abandoning module WindowsNoEditorTargetPlatform (107)
[2022.01.03-15.45.13:124][ 41]LogModuleManager: Shutting down and abandoning module InputCore (104)
[2022.01.03-15.45.13:124][ 41]LogModuleManager: Shutting down and abandoning module Settings (102)
[2022.01.03-15.45.13:125][ 41]LogModuleManager: Shutting down and abandoning module PhysXCooking (100)
[2022.01.03-15.45.13:125][ 41]LogModuleManager: Shutting down and abandoning module ChaosSolvers (98)
[2022.01.03-15.45.13:125][ 41]LogModuleManager: Shutting down and abandoning module FieldSystemEngine (97)
[2022.01.03-15.45.13:125][ 41]LogModuleManager: Shutting down and abandoning module Chaos (94)
[2022.01.03-15.45.13:125][ 41]LogModuleManager: Shutting down and abandoning module WindowsPlatformFeatures (92)
[2022.01.03-15.45.13:125][ 41]LogModuleManager: Shutting down and abandoning module GameplayMediaEncoder (91)
[2022.01.03-15.45.13:126][ 41]LogModuleManager: Shutting down and abandoning module SteamVRInputDevice (88)
[2022.01.03-15.45.13:126][ 41]LogModuleManager: Shutting down and abandoning module SteamVRInput (86)
[2022.01.03-15.45.13:126][ 41]LogModuleManager: Shutting down and abandoning module SteamVR (84)
[2022.01.03-15.45.13:126][ 41]LogHMD: Freeing OpenVRDLLHandle.
[2022.01.03-15.45.13:126][ 41]LogModuleManager: Shutting down and abandoning module OculusHMD (82)
[2022.01.03-15.45.13:126][ 41]LogModuleManager: Shutting down and abandoning module ExampleDeviceProfileSelector (80)
[2022.01.03-15.45.13:126][ 41]LogModuleManager: Shutting down and abandoning module LauncherChunkInstaller (78)
[2022.01.03-15.45.13:126][ 41]LogModuleManager: Shutting down and abandoning module OnlineBlueprintSupport (76)
[2022.01.03-15.45.13:126][ 41]LogModuleManager: Shutting down and abandoning module OnlineSubsystem (72)
[2022.01.03-15.45.13:129][ 41]LogModuleManager: Shutting down and abandoning module XMPP (67)
[2022.01.03-15.45.13:129][ 41]LogModuleManager: Shutting down and abandoning module WebSockets (66)
[2022.01.03-15.45.13:142][ 41]LogModuleManager: Shutting down and abandoning module HTTP (63)
[2022.01.03-15.45.13:175][ 41]LogModuleManager: Shutting down and abandoning module SSL (62)
[2022.01.03-15.45.13:177][ 41]LogModuleManager: Shutting down and abandoning module WmfMedia (58)
[2022.01.03-15.45.13:181][ 41]LogModuleManager: Shutting down and abandoning module Media (57)
[2022.01.03-15.45.13:184][ 41]LogModuleManager: Shutting down and abandoning module MagicLeap (54)
[2022.01.03-15.45.13:184][ 41]LogModuleManager: Shutting down and abandoning module VariantManagerContent (52)
[2022.01.03-15.45.13:184][ 41]LogModuleManager: Shutting down and abandoning module DatasmithContent (50)
[2022.01.03-15.45.13:185][ 41]LogModuleManager: Shutting down and abandoning module AISupportModule (48)
[2022.01.03-15.45.13:185][ 41]LogModuleManager: Shutting down and abandoning module DesktopPlatform (46)
[2022.01.03-15.45.13:186][ 41]LogModuleManager: Shutting down and abandoning module PlatformCryptoOpenSSL (44)
[2022.01.03-15.45.13:186][ 41]LogModuleManager: Shutting down and abandoning module PlatformCryptoTypes (42)
[2022.01.03-15.45.13:186][ 41]LogModuleManager: Shutting down and abandoning module PlatformCrypto (40)
[2022.01.03-15.45.13:186][ 41]LogModuleManager: Shutting down and abandoning module AnimationModifiers (38)
[2022.01.03-15.45.13:186][ 41]LogModuleManager: Shutting down and abandoning module PropertyEditor (37)
[2022.01.03-15.45.13:186][ 41]LogModuleManager: Shutting down and abandoning module AudioEditor (34)
[2022.01.03-15.45.13:187][ 41]LogModuleManager: Shutting down and abandoning module TextureCompressor (32)
[2022.01.03-15.45.13:187][ 41]LogModuleManager: Shutting down and abandoning module RenderCore (30)
[2022.01.03-15.45.13:187][ 41]LogModuleManager: Shutting down and abandoning module Landscape (28)
[2022.01.03-15.45.13:187][ 41]LogModuleManager: Shutting down and abandoning module SlateRHIRenderer (26)
[2022.01.03-15.45.13:189][ 41]LogModuleManager: Shutting down and abandoning module OpenGLDrv (24)
[2022.01.03-15.45.13:189][ 41]LogModuleManager: Shutting down and abandoning module D3D11RHI (22)
[2022.01.03-15.45.13:189][ 41]LogModuleManager: Shutting down and abandoning module AnimGraphRuntime (20)
[2022.01.03-15.45.13:189][ 41]LogModuleManager: Shutting down and abandoning module Renderer (18)
[2022.01.03-15.45.13:189][ 41]LogModuleManager: Shutting down and abandoning module Engine (16)
[2022.01.03-15.45.13:189][ 41]LogModuleManager: Shutting down and abandoning module CoreUObject (14)
[2022.01.03-15.45.13:189][ 41]LogModuleManager: Shutting down and abandoning module NetworkFile (12)
[2022.01.03-15.45.13:189][ 41]LogModuleManager: Shutting down and abandoning module CookedIterativeFile (10)
[2022.01.03-15.45.13:190][ 41]LogModuleManager: Shutting down and abandoning module StreamingFile (8)
[2022.01.03-15.45.13:190][ 41]LogModuleManager: Shutting down and abandoning module SandboxFile (6)
[2022.01.03-15.45.13:190][ 41]LogModuleManager: Shutting down and abandoning module PakFile (4)
[2022.01.03-15.45.13:190][ 41]LogModuleManager: Shutting down and abandoning module RSA (3)
[2022.01.03-15.45.13:193][ 41]LogD3D11RHI: Shutdown
[2022.01.03-15.45.13:193][ 41]LogD3D11RHI: CleanupD3DDevice
[2022.01.03-15.45.13:234][ 41]LogExit: Exiting.
[2022.01.03-15.45.13:421][ 41]Log file closed, 01/03/22 16:45:13
