  Cleaning AsistivnaEditor and UnrealHeaderTool binaries...
  Using 'git status' to determine working set for adaptive non-unity build (D:\Programiranje\Faks\Asistivna\asistivna).
  Creating makefile for AsistivnaEditor (no existing makefile)
  Parsing headers for AsistivnaEditor
    Running UnrealHeaderTool "D:\Programiranje\Faks\Asistivna\asistivna\Asistivna\Asistivna.uproject" "D:\Programiranje\Faks\Asistivna\asistivna\Asistivna\Intermediate\Build\Win64\AsistivnaEditor\Development\AsistivnaEditor.uhtmanifest" -LogCmds="loginit warning, logexit warning, logdatabase error" -Unattended -WarningsAsErrors -installed
  Reflection code generated for AsistivnaEditor in 10,0943828 seconds
  Building AsistivnaEditor...
  Using Visual Studio 2019 14.29.30136 toolchain (C:\Program Files (x86)\Microsoft Visual Studio\2019\BuildTools\VC\Tools\MSVC\14.29.30133) and Windows 10.0.19041.0 SDK (D:\Windows Kits\10).
  Building 15 actions with 8 processes...
    [1/15] Default.rc2
    [2/15] SharedPCH.Engine.ShadowErrors.cpp
    [3/15] Ball.cpp
    [4/15] Bullin.cpp
    [5/15] Bullin.gen.cpp
    [6/15] Asistivna.init.gen.cpp
    [7/15] AsistivnaGameMode.gen.cpp
    [8/15] Ball.gen.cpp
    [9/15] AsistivnaBall.gen.cpp
    [10/15] Asistivna.cpp
    [11/15] AsistivnaBall.cpp
    [12/15] AsistivnaGameMode.cpp
    [13/15] UE4Editor-Asistivna.lib
       Creating library D:\Programiranje\Faks\Asistivna\asistivna\Asistivna\Intermediate\Build\Win64\UE4Editor\Development\Asistivna\UE4Editor-Asistivna.lib and object D:\Programiranje\Faks\Asistivna\asistivna\Asistivna\Intermediate\Build\Win64\UE4Editor\Development\Asistivna\UE4Editor-Asistivna.exp
    [14/15] UE4Editor-Asistivna.dll
       Creating library D:\Programiranje\Faks\Asistivna\asistivna\Asistivna\Intermediate\Build\Win64\UE4Editor\Development\Asistivna\UE4Editor-Asistivna.suppressed.lib and object D:\Programiranje\Faks\Asistivna\asistivna\Asistivna\Intermediate\Build\Win64\UE4Editor\Development\Asistivna\UE4Editor-Asistivna.suppressed.exp
    [15/15] AsistivnaEditor.target
  Total time in Parallel executor: 46,68 seconds
  Total execution time: 61,00 seconds
